--------- beginning of main
--------- beginning of system
03-26 18:10:46.145  4956  4956 W System.err: java.io.FileNotFoundException: /jacoco.exec (Read-only file system)
03-26 18:10:46.145  4956  4956 W System.err: 	at java.io.FileOutputStream.open(Native Method)
03-26 18:10:46.145  4956  4956 W System.err: 	at java.io.FileOutputStream.<init>(FileOutputStream.java:221)
03-26 18:10:46.145  4956  4956 W System.err: 	at org.jacoco.agent.rt.internal_8ff85ea.output.FileOutput.openFile(FileOutput.java:67)
03-26 18:10:46.145  4956  4956 W System.err: 	at org.jacoco.agent.rt.internal_8ff85ea.output.FileOutput.startup(FileOutput.java:49)
03-26 18:10:46.145  4956  4956 W System.err: 	at org.jacoco.agent.rt.internal_8ff85ea.Agent.startup(Agent.java:122)
03-26 18:10:46.145  4956  4956 W System.err: 	at org.jacoco.agent.rt.internal_8ff85ea.Agent.getInstance(Agent.java:50)
03-26 18:10:46.145  4956  4956 W System.err: 	at org.jacoco.agent.rt.internal_8ff85ea.Offline.<clinit>(Offline.java:31)
03-26 18:10:46.145  4956  4956 W System.err: 	at org.jacoco.agent.rt.internal_8ff85ea.Offline.getProbes(Offline.java:51)
03-26 18:10:46.145  4956  4956 W System.err: 	at de.k3b.android.androFotoFinder.AndroFotoFinderApp.$jacocoInit(AndroFotoFinderApp.java)
03-26 18:10:46.145  4956  4956 W System.err: 	at de.k3b.android.androFotoFinder.AndroFotoFinderApp.<init>(AndroFotoFinderApp.java)
03-26 18:10:46.145  4956  4956 W System.err: 	at java.lang.Class.newInstance(Native Method)
03-26 18:10:46.145  4956  4956 W System.err: 	at android.app.Instrumentation.newApplication(Instrumentation.java:1007)
03-26 18:10:46.145  4956  4956 W System.err: 	at android.app.Instrumentation.newApplication(Instrumentation.java:992)
03-26 18:10:46.145  4956  4956 W System.err: 	at android.app.LoadedApk.makeApplication(LoadedApk.java:796)
03-26 18:10:46.145  4956  4956 W System.err: 	at android.app.ActivityThread.handleBindApplication(ActivityThread.java:5377)
03-26 18:10:46.145  4956  4956 W System.err: 	at android.app.ActivityThread.-wrap2(ActivityThread.java)
03-26 18:10:46.145  4956  4956 W System.err: 	at android.app.ActivityThread$H.handleMessage(ActivityThread.java:1545)
03-26 18:10:46.145  4956  4956 W System.err: 	at android.os.Handler.dispatchMessage(Handler.java:102)
03-26 18:10:46.145  4956  4956 W System.err: 	at android.os.Looper.loop(Looper.java:154)
03-26 18:10:46.145  4956  4956 W System.err: 	at android.app.ActivityThread.main(ActivityThread.java:6119)
03-26 18:10:46.145  4956  4956 W System.err: 	at java.lang.reflect.Method.invoke(Native Method)
03-26 18:10:46.145  4956  4956 W System.err: 	at com.android.internal.os.ZygoteInit$MethodAndArgsCaller.run(ZygoteInit.java:886)
03-26 18:10:46.145  4956  4956 W System.err: 	at com.android.internal.os.ZygoteInit.main(ZygoteInit.java:776)
--------- beginning of crash
03-26 18:11:16.417  4956  4956 E AndroidRuntime: FATAL EXCEPTION: main
03-26 18:11:16.417  4956  4956 E AndroidRuntime: Process: de.k3b.android.androFotoFinder, PID: 4956
03-26 18:11:16.417  4956  4956 E AndroidRuntime: java.lang.RuntimeException: Unable to start activity ComponentInfo{de.k3b.android.androFotoFinder/de.k3b.android.androFotoFinder.SettingsActivity}: android.view.InflateException: Binary XML file line #49: Error inflating class de.k3b.android.widgets.EditTextPreferenceWithSummary
03-26 18:11:16.417  4956  4956 E AndroidRuntime: 	at android.app.ActivityThread.performLaunchActivity(ActivityThread.java:2665)
03-26 18:11:16.417  4956  4956 E AndroidRuntime: 	at android.app.ActivityThread.handleLaunchActivity(ActivityThread.java:2726)
03-26 18:11:16.417  4956  4956 E AndroidRuntime: 	at android.app.ActivityThread.-wrap12(ActivityThread.java)
03-26 18:11:16.417  4956  4956 E AndroidRuntime: 	at android.app.ActivityThread$H.handleMessage(ActivityThread.java:1477)
03-26 18:11:16.417  4956  4956 E AndroidRuntime: 	at android.os.Handler.dispatchMessage(Handler.java:102)
03-26 18:11:16.417  4956  4956 E AndroidRuntime: 	at android.os.Looper.loop(Looper.java:154)
03-26 18:11:16.417  4956  4956 E AndroidRuntime: 	at android.app.ActivityThread.main(ActivityThread.java:6119)
03-26 18:11:16.417  4956  4956 E AndroidRuntime: 	at java.lang.reflect.Method.invoke(Native Method)
03-26 18:11:16.417  4956  4956 E AndroidRuntime: 	at com.android.internal.os.ZygoteInit$MethodAndArgsCaller.run(ZygoteInit.java:886)
03-26 18:11:16.417  4956  4956 E AndroidRuntime: 	at com.android.internal.os.ZygoteInit.main(ZygoteInit.java:776)
03-26 18:11:16.417  4956  4956 E AndroidRuntime: Caused by: android.view.InflateException: Binary XML file line #49: Error inflating class de.k3b.android.widgets.EditTextPreferenceWithSummary
03-26 18:11:16.417  4956  4956 E AndroidRuntime: 	at android.preference.GenericInflater.createItemFromTag(GenericInflater.java:443)
03-26 18:11:16.417  4956  4956 E AndroidRuntime: 	at android.preference.GenericInflater.rInflate(GenericInflater.java:483)
03-26 18:11:16.417  4956  4956 E AndroidRuntime: 	at android.preference.GenericInflater.rInflate(GenericInflater.java:495)
03-26 18:11:16.417  4956  4956 E AndroidRuntime: 	at android.preference.GenericInflater.inflate(GenericInflater.java:327)
03-26 18:11:16.417  4956  4956 E AndroidRuntime: 	at android.preference.GenericInflater.inflate(GenericInflater.java:264)
03-26 18:11:16.417  4956  4956 E AndroidRuntime: 	at android.preference.PreferenceManager.inflateFromResource(PreferenceManager.java:280)
03-26 18:11:16.417  4956  4956 E AndroidRuntime: 	at android.preference.PreferenceActivity.addPreferencesFromResource(PreferenceActivity.java:1521)
03-26 18:11:16.417  4956  4956 E AndroidRuntime: 	at de.k3b.android.androFotoFinder.SettingsActivity.onCreate(SettingsActivity.java:78)
03-26 18:11:16.417  4956  4956 E AndroidRuntime: 	at android.app.Activity.performCreate(Activity.java:6679)
03-26 18:11:16.417  4956  4956 E AndroidRuntime: 	at android.app.Instrumentation.callActivityOnCreate(Instrumentation.java:1118)
03-26 18:11:16.417  4956  4956 E AndroidRuntime: 	at android.app.ActivityThread.performLaunchActivity(ActivityThread.java:2618)
03-26 18:11:16.417  4956  4956 E AndroidRuntime: 	... 9 more
03-26 18:11:16.417  4956  4956 E AndroidRuntime: Caused by: java.lang.ClassNotFoundException: Didn't find class "de.k3b.android.widgets.EditTextPreferenceWithSummary" on path: DexPathList[[zip file "/data/app/de.k3b.android.androFotoFinder-1/base.apk"],nativeLibraryDirectories=[/data/app/de.k3b.android.androFotoFinder-1/lib/x86, /system/lib, /vendor/lib]]
03-26 18:11:16.417  4956  4956 E AndroidRuntime: 	at dalvik.system.BaseDexClassLoader.findClass(BaseDexClassLoader.java:56)
03-26 18:11:16.417  4956  4956 E AndroidRuntime: 	at java.lang.ClassLoader.loadClass(ClassLoader.java:380)
03-26 18:11:16.417  4956  4956 E AndroidRuntime: 	at java.lang.ClassLoader.loadClass(ClassLoader.java:312)
03-26 18:11:16.417  4956  4956 E AndroidRuntime: 	at android.preference.GenericInflater.createItem(GenericInflater.java:376)
03-26 18:11:16.417  4956  4956 E AndroidRuntime: 	at android.preference.GenericInflater.createItemFromTag(GenericInflater.java:432)
03-26 18:11:16.417  4956  4956 E AndroidRuntime: 	... 19 more
03-26 18:11:50.851  5609  5609 W System.err: java.io.FileNotFoundException: /jacoco.exec (Read-only file system)
03-26 18:11:50.851  5609  5609 W System.err: 	at java.io.FileOutputStream.open(Native Method)
03-26 18:11:50.851  5609  5609 W System.err: 	at java.io.FileOutputStream.<init>(FileOutputStream.java:221)
03-26 18:11:50.851  5609  5609 W System.err: 	at org.jacoco.agent.rt.internal_8ff85ea.output.FileOutput.openFile(FileOutput.java:67)
03-26 18:11:50.852  5609  5609 W System.err: 	at org.jacoco.agent.rt.internal_8ff85ea.output.FileOutput.startup(FileOutput.java:49)
03-26 18:11:50.852  5609  5609 W System.err: 	at org.jacoco.agent.rt.internal_8ff85ea.Agent.startup(Agent.java:122)
03-26 18:11:50.852  5609  5609 W System.err: 	at org.jacoco.agent.rt.internal_8ff85ea.Agent.getInstance(Agent.java:50)
03-26 18:11:50.853  5609  5609 W System.err: 	at org.jacoco.agent.rt.internal_8ff85ea.Offline.<clinit>(Offline.java:31)
03-26 18:11:50.853  5609  5609 W System.err: 	at org.jacoco.agent.rt.internal_8ff85ea.Offline.getProbes(Offline.java:51)
03-26 18:11:50.853  5609  5609 W System.err: 	at de.k3b.android.androFotoFinder.AndroFotoFinderApp.$jacocoInit(AndroFotoFinderApp.java)
03-26 18:11:50.853  5609  5609 W System.err: 	at de.k3b.android.androFotoFinder.AndroFotoFinderApp.<init>(AndroFotoFinderApp.java)
03-26 18:11:50.853  5609  5609 W System.err: 	at java.lang.Class.newInstance(Native Method)
03-26 18:11:50.853  5609  5609 W System.err: 	at android.app.Instrumentation.newApplication(Instrumentation.java:1007)
03-26 18:11:50.853  5609  5609 W System.err: 	at android.app.Instrumentation.newApplication(Instrumentation.java:992)
03-26 18:11:50.853  5609  5609 W System.err: 	at android.app.LoadedApk.makeApplication(LoadedApk.java:796)
03-26 18:11:50.853  5609  5609 W System.err: 	at android.app.ActivityThread.handleBindApplication(ActivityThread.java:5377)
03-26 18:11:50.853  5609  5609 W System.err: 	at android.app.ActivityThread.-wrap2(ActivityThread.java)
03-26 18:11:50.854  5609  5609 W System.err: 	at android.app.ActivityThread$H.handleMessage(ActivityThread.java:1545)
03-26 18:11:50.854  5609  5609 W System.err: 	at android.os.Handler.dispatchMessage(Handler.java:102)
03-26 18:11:50.854  5609  5609 W System.err: 	at android.os.Looper.loop(Looper.java:154)
03-26 18:11:50.854  5609  5609 W System.err: 	at android.app.ActivityThread.main(ActivityThread.java:6119)
03-26 18:11:50.854  5609  5609 W System.err: 	at java.lang.reflect.Method.invoke(Native Method)
03-26 18:11:50.854  5609  5609 W System.err: 	at com.android.internal.os.ZygoteInit$MethodAndArgsCaller.run(ZygoteInit.java:886)
03-26 18:11:50.854  5609  5609 W System.err: 	at com.android.internal.os.ZygoteInit.main(ZygoteInit.java:776)
03-26 18:12:07.031  5609  5609 E AndroidRuntime: FATAL EXCEPTION: main
03-26 18:12:07.031  5609  5609 E AndroidRuntime: Process: de.k3b.android.androFotoFinder, PID: 5609
03-26 18:12:07.031  5609  5609 E AndroidRuntime: java.lang.RuntimeException: Unable to start activity ComponentInfo{de.k3b.android.androFotoFinder/de.k3b.android.androFotoFinder.SettingsActivity}: android.view.InflateException: Binary XML file line #49: Error inflating class de.k3b.android.widgets.EditTextPreferenceWithSummary
03-26 18:12:07.031  5609  5609 E AndroidRuntime: 	at android.app.ActivityThread.performLaunchActivity(ActivityThread.java:2665)
03-26 18:12:07.031  5609  5609 E AndroidRuntime: 	at android.app.ActivityThread.handleLaunchActivity(ActivityThread.java:2726)
03-26 18:12:07.031  5609  5609 E AndroidRuntime: 	at android.app.ActivityThread.-wrap12(ActivityThread.java)
03-26 18:12:07.031  5609  5609 E AndroidRuntime: 	at android.app.ActivityThread$H.handleMessage(ActivityThread.java:1477)
03-26 18:12:07.031  5609  5609 E AndroidRuntime: 	at android.os.Handler.dispatchMessage(Handler.java:102)
03-26 18:12:07.031  5609  5609 E AndroidRuntime: 	at android.os.Looper.loop(Looper.java:154)
03-26 18:12:07.031  5609  5609 E AndroidRuntime: 	at android.app.ActivityThread.main(ActivityThread.java:6119)
03-26 18:12:07.031  5609  5609 E AndroidRuntime: 	at java.lang.reflect.Method.invoke(Native Method)
03-26 18:12:07.031  5609  5609 E AndroidRuntime: 	at com.android.internal.os.ZygoteInit$MethodAndArgsCaller.run(ZygoteInit.java:886)
03-26 18:12:07.031  5609  5609 E AndroidRuntime: 	at com.android.internal.os.ZygoteInit.main(ZygoteInit.java:776)
03-26 18:12:07.031  5609  5609 E AndroidRuntime: Caused by: android.view.InflateException: Binary XML file line #49: Error inflating class de.k3b.android.widgets.EditTextPreferenceWithSummary
03-26 18:12:07.031  5609  5609 E AndroidRuntime: 	at android.preference.GenericInflater.createItemFromTag(GenericInflater.java:443)
03-26 18:12:07.031  5609  5609 E AndroidRuntime: 	at android.preference.GenericInflater.rInflate(GenericInflater.java:483)
03-26 18:12:07.031  5609  5609 E AndroidRuntime: 	at android.preference.GenericInflater.rInflate(GenericInflater.java:495)
03-26 18:12:07.031  5609  5609 E AndroidRuntime: 	at android.preference.GenericInflater.inflate(GenericInflater.java:327)
03-26 18:12:07.031  5609  5609 E AndroidRuntime: 	at android.preference.GenericInflater.inflate(GenericInflater.java:264)
03-26 18:12:07.031  5609  5609 E AndroidRuntime: 	at android.preference.PreferenceManager.inflateFromResource(PreferenceManager.java:280)
03-26 18:12:07.031  5609  5609 E AndroidRuntime: 	at android.preference.PreferenceActivity.addPreferencesFromResource(PreferenceActivity.java:1521)
03-26 18:12:07.031  5609  5609 E AndroidRuntime: 	at de.k3b.android.androFotoFinder.SettingsActivity.onCreate(SettingsActivity.java:78)
03-26 18:12:07.031  5609  5609 E AndroidRuntime: 	at android.app.Activity.performCreate(Activity.java:6679)
03-26 18:12:07.031  5609  5609 E AndroidRuntime: 	at android.app.Instrumentation.callActivityOnCreate(Instrumentation.java:1118)
03-26 18:12:07.031  5609  5609 E AndroidRuntime: 	at android.app.ActivityThread.performLaunchActivity(ActivityThread.java:2618)
03-26 18:12:07.031  5609  5609 E AndroidRuntime: 	... 9 more
03-26 18:12:07.031  5609  5609 E AndroidRuntime: Caused by: java.lang.ClassNotFoundException: Didn't find class "de.k3b.android.widgets.EditTextPreferenceWithSummary" on path: DexPathList[[zip file "/data/app/de.k3b.android.androFotoFinder-1/base.apk"],nativeLibraryDirectories=[/data/app/de.k3b.android.androFotoFinder-1/lib/x86, /system/lib, /vendor/lib]]
03-26 18:12:07.031  5609  5609 E AndroidRuntime: 	at dalvik.system.BaseDexClassLoader.findClass(BaseDexClassLoader.java:56)
03-26 18:12:07.031  5609  5609 E AndroidRuntime: 	at java.lang.ClassLoader.loadClass(ClassLoader.java:380)
03-26 18:12:07.031  5609  5609 E AndroidRuntime: 	at java.lang.ClassLoader.loadClass(ClassLoader.java:312)
03-26 18:12:07.031  5609  5609 E AndroidRuntime: 	at android.preference.GenericInflater.createItem(GenericInflater.java:376)
03-26 18:12:07.031  5609  5609 E AndroidRuntime: 	at android.preference.GenericInflater.createItemFromTag(GenericInflater.java:432)
03-26 18:12:07.031  5609  5609 E AndroidRuntime: 	... 19 more
03-26 18:12:40.866  6245  6245 W System.err: java.io.FileNotFoundException: /jacoco.exec (Read-only file system)
03-26 18:12:40.866  6245  6245 W System.err: 	at java.io.FileOutputStream.open(Native Method)
03-26 18:12:40.866  6245  6245 W System.err: 	at java.io.FileOutputStream.<init>(FileOutputStream.java:221)
03-26 18:12:40.866  6245  6245 W System.err: 	at org.jacoco.agent.rt.internal_8ff85ea.output.FileOutput.openFile(FileOutput.java:67)
03-26 18:12:40.866  6245  6245 W System.err: 	at org.jacoco.agent.rt.internal_8ff85ea.output.FileOutput.startup(FileOutput.java:49)
03-26 18:12:40.866  6245  6245 W System.err: 	at org.jacoco.agent.rt.internal_8ff85ea.Agent.startup(Agent.java:122)
03-26 18:12:40.866  6245  6245 W System.err: 	at org.jacoco.agent.rt.internal_8ff85ea.Agent.getInstance(Agent.java:50)
03-26 18:12:40.866  6245  6245 W System.err: 	at org.jacoco.agent.rt.internal_8ff85ea.Offline.<clinit>(Offline.java:31)
03-26 18:12:40.867  6245  6245 W System.err: 	at org.jacoco.agent.rt.internal_8ff85ea.Offline.getProbes(Offline.java:51)
03-26 18:12:40.867  6245  6245 W System.err: 	at de.k3b.android.androFotoFinder.AndroFotoFinderApp.$jacocoInit(AndroFotoFinderApp.java)
03-26 18:12:40.867  6245  6245 W System.err: 	at de.k3b.android.androFotoFinder.AndroFotoFinderApp.<init>(AndroFotoFinderApp.java)
03-26 18:12:40.867  6245  6245 W System.err: 	at java.lang.Class.newInstance(Native Method)
03-26 18:12:40.867  6245  6245 W System.err: 	at android.app.Instrumentation.newApplication(Instrumentation.java:1007)
03-26 18:12:40.867  6245  6245 W System.err: 	at android.app.Instrumentation.newApplication(Instrumentation.java:992)
03-26 18:12:40.867  6245  6245 W System.err: 	at android.app.LoadedApk.makeApplication(LoadedApk.java:796)
03-26 18:12:40.867  6245  6245 W System.err: 	at android.app.ActivityThread.handleBindApplication(ActivityThread.java:5377)
03-26 18:12:40.867  6245  6245 W System.err: 	at android.app.ActivityThread.-wrap2(ActivityThread.java)
03-26 18:12:40.867  6245  6245 W System.err: 	at android.app.ActivityThread$H.handleMessage(ActivityThread.java:1545)
03-26 18:12:40.867  6245  6245 W System.err: 	at android.os.Handler.dispatchMessage(Handler.java:102)
03-26 18:12:40.867  6245  6245 W System.err: 	at android.os.Looper.loop(Looper.java:154)
03-26 18:12:40.867  6245  6245 W System.err: 	at android.app.ActivityThread.main(ActivityThread.java:6119)
03-26 18:12:40.867  6245  6245 W System.err: 	at java.lang.reflect.Method.invoke(Native Method)
03-26 18:12:40.867  6245  6245 W System.err: 	at com.android.internal.os.ZygoteInit$MethodAndArgsCaller.run(ZygoteInit.java:886)
03-26 18:12:40.867  6245  6245 W System.err: 	at com.android.internal.os.ZygoteInit.main(ZygoteInit.java:776)
03-26 18:12:48.490  6245  6245 E AndroidRuntime: FATAL EXCEPTION: main
03-26 18:12:48.490  6245  6245 E AndroidRuntime: Process: de.k3b.android.androFotoFinder, PID: 6245
03-26 18:12:48.490  6245  6245 E AndroidRuntime: java.lang.RuntimeException: Unable to start activity ComponentInfo{de.k3b.android.androFotoFinder/de.k3b.android.androFotoFinder.SettingsActivity}: android.view.InflateException: Binary XML file line #49: Error inflating class de.k3b.android.widgets.EditTextPreferenceWithSummary
03-26 18:12:48.490  6245  6245 E AndroidRuntime: 	at android.app.ActivityThread.performLaunchActivity(ActivityThread.java:2665)
03-26 18:12:48.490  6245  6245 E AndroidRuntime: 	at android.app.ActivityThread.handleLaunchActivity(ActivityThread.java:2726)
03-26 18:12:48.490  6245  6245 E AndroidRuntime: 	at android.app.ActivityThread.-wrap12(ActivityThread.java)
03-26 18:12:48.490  6245  6245 E AndroidRuntime: 	at android.app.ActivityThread$H.handleMessage(ActivityThread.java:1477)
03-26 18:12:48.490  6245  6245 E AndroidRuntime: 	at android.os.Handler.dispatchMessage(Handler.java:102)
03-26 18:12:48.490  6245  6245 E AndroidRuntime: 	at android.os.Looper.loop(Looper.java:154)
03-26 18:12:48.490  6245  6245 E AndroidRuntime: 	at android.app.ActivityThread.main(ActivityThread.java:6119)
03-26 18:12:48.490  6245  6245 E AndroidRuntime: 	at java.lang.reflect.Method.invoke(Native Method)
03-26 18:12:48.490  6245  6245 E AndroidRuntime: 	at com.android.internal.os.ZygoteInit$MethodAndArgsCaller.run(ZygoteInit.java:886)
03-26 18:12:48.490  6245  6245 E AndroidRuntime: 	at com.android.internal.os.ZygoteInit.main(ZygoteInit.java:776)
03-26 18:12:48.490  6245  6245 E AndroidRuntime: Caused by: android.view.InflateException: Binary XML file line #49: Error inflating class de.k3b.android.widgets.EditTextPreferenceWithSummary
03-26 18:12:48.490  6245  6245 E AndroidRuntime: 	at android.preference.GenericInflater.createItemFromTag(GenericInflater.java:443)
03-26 18:12:48.490  6245  6245 E AndroidRuntime: 	at android.preference.GenericInflater.rInflate(GenericInflater.java:483)
03-26 18:12:48.490  6245  6245 E AndroidRuntime: 	at android.preference.GenericInflater.rInflate(GenericInflater.java:495)
03-26 18:12:48.490  6245  6245 E AndroidRuntime: 	at android.preference.GenericInflater.inflate(GenericInflater.java:327)
03-26 18:12:48.490  6245  6245 E AndroidRuntime: 	at android.preference.GenericInflater.inflate(GenericInflater.java:264)
03-26 18:12:48.490  6245  6245 E AndroidRuntime: 	at android.preference.PreferenceManager.inflateFromResource(PreferenceManager.java:280)
03-26 18:12:48.490  6245  6245 E AndroidRuntime: 	at android.preference.PreferenceActivity.addPreferencesFromResource(PreferenceActivity.java:1521)
03-26 18:12:48.490  6245  6245 E AndroidRuntime: 	at de.k3b.android.androFotoFinder.SettingsActivity.onCreate(SettingsActivity.java:78)
03-26 18:12:48.490  6245  6245 E AndroidRuntime: 	at android.app.Activity.performCreate(Activity.java:6679)
03-26 18:12:48.490  6245  6245 E AndroidRuntime: 	at android.app.Instrumentation.callActivityOnCreate(Instrumentation.java:1118)
03-26 18:12:48.490  6245  6245 E AndroidRuntime: 	at android.app.ActivityThread.performLaunchActivity(ActivityThread.java:2618)
03-26 18:12:48.490  6245  6245 E AndroidRuntime: 	... 9 more
03-26 18:12:48.490  6245  6245 E AndroidRuntime: Caused by: java.lang.ClassNotFoundException: Didn't find class "de.k3b.android.widgets.EditTextPreferenceWithSummary" on path: DexPathList[[zip file "/data/app/de.k3b.android.androFotoFinder-1/base.apk"],nativeLibraryDirectories=[/data/app/de.k3b.android.androFotoFinder-1/lib/x86, /system/lib, /vendor/lib]]
03-26 18:12:48.490  6245  6245 E AndroidRuntime: 	at dalvik.system.BaseDexClassLoader.findClass(BaseDexClassLoader.java:56)
03-26 18:12:48.490  6245  6245 E AndroidRuntime: 	at java.lang.ClassLoader.loadClass(ClassLoader.java:380)
03-26 18:12:48.490  6245  6245 E AndroidRuntime: 	at java.lang.ClassLoader.loadClass(ClassLoader.java:312)
03-26 18:12:48.490  6245  6245 E AndroidRuntime: 	at android.preference.GenericInflater.createItem(GenericInflater.java:376)
03-26 18:12:48.490  6245  6245 E AndroidRuntime: 	at android.preference.GenericInflater.createItemFromTag(GenericInflater.java:432)
03-26 18:12:48.490  6245  6245 E AndroidRuntime: 	... 19 more
03-26 18:13:10.188  6888  6888 W System.err: java.io.FileNotFoundException: /jacoco.exec (Read-only file system)
03-26 18:13:10.188  6888  6888 W System.err: 	at java.io.FileOutputStream.open(Native Method)
03-26 18:13:10.188  6888  6888 W System.err: 	at java.io.FileOutputStream.<init>(FileOutputStream.java:221)
03-26 18:13:10.188  6888  6888 W System.err: 	at org.jacoco.agent.rt.internal_8ff85ea.output.FileOutput.openFile(FileOutput.java:67)
03-26 18:13:10.188  6888  6888 W System.err: 	at org.jacoco.agent.rt.internal_8ff85ea.output.FileOutput.startup(FileOutput.java:49)
03-26 18:13:10.188  6888  6888 W System.err: 	at org.jacoco.agent.rt.internal_8ff85ea.Agent.startup(Agent.java:122)
03-26 18:13:10.188  6888  6888 W System.err: 	at org.jacoco.agent.rt.internal_8ff85ea.Agent.getInstance(Agent.java:50)
03-26 18:13:10.188  6888  6888 W System.err: 	at org.jacoco.agent.rt.internal_8ff85ea.Offline.<clinit>(Offline.java:31)
03-26 18:13:10.189  6888  6888 W System.err: 	at org.jacoco.agent.rt.internal_8ff85ea.Offline.getProbes(Offline.java:51)
03-26 18:13:10.189  6888  6888 W System.err: 	at de.k3b.android.androFotoFinder.AndroFotoFinderApp.$jacocoInit(AndroFotoFinderApp.java)
03-26 18:13:10.189  6888  6888 W System.err: 	at de.k3b.android.androFotoFinder.AndroFotoFinderApp.<init>(AndroFotoFinderApp.java)
03-26 18:13:10.189  6888  6888 W System.err: 	at java.lang.Class.newInstance(Native Method)
03-26 18:13:10.189  6888  6888 W System.err: 	at android.app.Instrumentation.newApplication(Instrumentation.java:1007)
03-26 18:13:10.189  6888  6888 W System.err: 	at android.app.Instrumentation.newApplication(Instrumentation.java:992)
03-26 18:13:10.189  6888  6888 W System.err: 	at android.app.LoadedApk.makeApplication(LoadedApk.java:796)
03-26 18:13:10.189  6888  6888 W System.err: 	at android.app.ActivityThread.handleBindApplication(ActivityThread.java:5377)
03-26 18:13:10.189  6888  6888 W System.err: 	at android.app.ActivityThread.-wrap2(ActivityThread.java)
03-26 18:13:10.189  6888  6888 W System.err: 	at android.app.ActivityThread$H.handleMessage(ActivityThread.java:1545)
03-26 18:13:10.189  6888  6888 W System.err: 	at android.os.Handler.dispatchMessage(Handler.java:102)
03-26 18:13:10.189  6888  6888 W System.err: 	at android.os.Looper.loop(Looper.java:154)
03-26 18:13:10.189  6888  6888 W System.err: 	at android.app.ActivityThread.main(ActivityThread.java:6119)
03-26 18:13:10.189  6888  6888 W System.err: 	at java.lang.reflect.Method.invoke(Native Method)
03-26 18:13:10.189  6888  6888 W System.err: 	at com.android.internal.os.ZygoteInit$MethodAndArgsCaller.run(ZygoteInit.java:886)
03-26 18:13:10.189  6888  6888 W System.err: 	at com.android.internal.os.ZygoteInit.main(ZygoteInit.java:776)
03-26 18:18:31.190  6888  6888 E AndroidRuntime: FATAL EXCEPTION: main
03-26 18:18:31.190  6888  6888 E AndroidRuntime: Process: de.k3b.android.androFotoFinder, PID: 6888
03-26 18:18:31.190  6888  6888 E AndroidRuntime: java.lang.RuntimeException: Unable to start activity ComponentInfo{de.k3b.android.androFotoFinder/de.k3b.android.androFotoFinder.SettingsActivity}: android.view.InflateException: Binary XML file line #49: Error inflating class de.k3b.android.widgets.EditTextPreferenceWithSummary
03-26 18:18:31.190  6888  6888 E AndroidRuntime: 	at android.app.ActivityThread.performLaunchActivity(ActivityThread.java:2665)
03-26 18:18:31.190  6888  6888 E AndroidRuntime: 	at android.app.ActivityThread.handleLaunchActivity(ActivityThread.java:2726)
03-26 18:18:31.190  6888  6888 E AndroidRuntime: 	at android.app.ActivityThread.-wrap12(ActivityThread.java)
03-26 18:18:31.190  6888  6888 E AndroidRuntime: 	at android.app.ActivityThread$H.handleMessage(ActivityThread.java:1477)
03-26 18:18:31.190  6888  6888 E AndroidRuntime: 	at android.os.Handler.dispatchMessage(Handler.java:102)
03-26 18:18:31.190  6888  6888 E AndroidRuntime: 	at android.os.Looper.loop(Looper.java:154)
03-26 18:18:31.190  6888  6888 E AndroidRuntime: 	at android.app.ActivityThread.main(ActivityThread.java:6119)
03-26 18:18:31.190  6888  6888 E AndroidRuntime: 	at java.lang.reflect.Method.invoke(Native Method)
03-26 18:18:31.190  6888  6888 E AndroidRuntime: 	at com.android.internal.os.ZygoteInit$MethodAndArgsCaller.run(ZygoteInit.java:886)
03-26 18:18:31.190  6888  6888 E AndroidRuntime: 	at com.android.internal.os.ZygoteInit.main(ZygoteInit.java:776)
03-26 18:18:31.190  6888  6888 E AndroidRuntime: Caused by: android.view.InflateException: Binary XML file line #49: Error inflating class de.k3b.android.widgets.EditTextPreferenceWithSummary
03-26 18:18:31.190  6888  6888 E AndroidRuntime: 	at android.preference.GenericInflater.createItemFromTag(GenericInflater.java:443)
03-26 18:18:31.190  6888  6888 E AndroidRuntime: 	at android.preference.GenericInflater.rInflate(GenericInflater.java:483)
03-26 18:18:31.190  6888  6888 E AndroidRuntime: 	at android.preference.GenericInflater.rInflate(GenericInflater.java:495)
03-26 18:18:31.190  6888  6888 E AndroidRuntime: 	at android.preference.GenericInflater.inflate(GenericInflater.java:327)
03-26 18:18:31.190  6888  6888 E AndroidRuntime: 	at android.preference.GenericInflater.inflate(GenericInflater.java:264)
03-26 18:18:31.190  6888  6888 E AndroidRuntime: 	at android.preference.PreferenceManager.inflateFromResource(PreferenceManager.java:280)
03-26 18:18:31.190  6888  6888 E AndroidRuntime: 	at android.preference.PreferenceActivity.addPreferencesFromResource(PreferenceActivity.java:1521)
03-26 18:18:31.190  6888  6888 E AndroidRuntime: 	at de.k3b.android.androFotoFinder.SettingsActivity.onCreate(SettingsActivity.java:78)
03-26 18:18:31.190  6888  6888 E AndroidRuntime: 	at android.app.Activity.performCreate(Activity.java:6679)
03-26 18:18:31.190  6888  6888 E AndroidRuntime: 	at android.app.Instrumentation.callActivityOnCreate(Instrumentation.java:1118)
03-26 18:18:31.190  6888  6888 E AndroidRuntime: 	at android.app.ActivityThread.performLaunchActivity(ActivityThread.java:2618)
03-26 18:18:31.190  6888  6888 E AndroidRuntime: 	... 9 more
03-26 18:18:31.190  6888  6888 E AndroidRuntime: Caused by: java.lang.ClassNotFoundException: Didn't find class "de.k3b.android.widgets.EditTextPreferenceWithSummary" on path: DexPathList[[zip file "/data/app/de.k3b.android.androFotoFinder-1/base.apk"],nativeLibraryDirectories=[/data/app/de.k3b.android.androFotoFinder-1/lib/x86, /system/lib, /vendor/lib]]
03-26 18:18:31.190  6888  6888 E AndroidRuntime: 	at dalvik.system.BaseDexClassLoader.findClass(BaseDexClassLoader.java:56)
03-26 18:18:31.190  6888  6888 E AndroidRuntime: 	at java.lang.ClassLoader.loadClass(ClassLoader.java:380)
03-26 18:18:31.190  6888  6888 E AndroidRuntime: 	at java.lang.ClassLoader.loadClass(ClassLoader.java:312)
03-26 18:18:31.190  6888  6888 E AndroidRuntime: 	at android.preference.GenericInflater.createItem(GenericInflater.java:376)
03-26 18:18:31.190  6888  6888 E AndroidRuntime: 	at android.preference.GenericInflater.createItemFromTag(GenericInflater.java:432)
03-26 18:18:31.190  6888  6888 E AndroidRuntime: 	... 19 more
03-26 18:19:03.683  7772  7772 W System.err: java.io.FileNotFoundException: /jacoco.exec (Read-only file system)
03-26 18:19:03.683  7772  7772 W System.err: 	at java.io.FileOutputStream.open(Native Method)
03-26 18:19:03.683  7772  7772 W System.err: 	at java.io.FileOutputStream.<init>(FileOutputStream.java:221)
03-26 18:19:03.683  7772  7772 W System.err: 	at org.jacoco.agent.rt.internal_8ff85ea.output.FileOutput.openFile(FileOutput.java:67)
03-26 18:19:03.683  7772  7772 W System.err: 	at org.jacoco.agent.rt.internal_8ff85ea.output.FileOutput.startup(FileOutput.java:49)
03-26 18:19:03.683  7772  7772 W System.err: 	at org.jacoco.agent.rt.internal_8ff85ea.Agent.startup(Agent.java:122)
03-26 18:19:03.683  7772  7772 W System.err: 	at org.jacoco.agent.rt.internal_8ff85ea.Agent.getInstance(Agent.java:50)
03-26 18:19:03.683  7772  7772 W System.err: 	at org.jacoco.agent.rt.internal_8ff85ea.Offline.<clinit>(Offline.java:31)
03-26 18:19:03.683  7772  7772 W System.err: 	at org.jacoco.agent.rt.internal_8ff85ea.Offline.getProbes(Offline.java:51)
03-26 18:19:03.684  7772  7772 W System.err: 	at de.k3b.android.androFotoFinder.AndroFotoFinderApp.$jacocoInit(AndroFotoFinderApp.java)
03-26 18:19:03.684  7772  7772 W System.err: 	at de.k3b.android.androFotoFinder.AndroFotoFinderApp.<init>(AndroFotoFinderApp.java)
03-26 18:19:03.684  7772  7772 W System.err: 	at java.lang.Class.newInstance(Native Method)
03-26 18:19:03.684  7772  7772 W System.err: 	at android.app.Instrumentation.newApplication(Instrumentation.java:1007)
03-26 18:19:03.684  7772  7772 W System.err: 	at android.app.Instrumentation.newApplication(Instrumentation.java:992)
03-26 18:19:03.684  7772  7772 W System.err: 	at android.app.LoadedApk.makeApplication(LoadedApk.java:796)
03-26 18:19:03.684  7772  7772 W System.err: 	at android.app.ActivityThread.handleBindApplication(ActivityThread.java:5377)
03-26 18:19:03.684  7772  7772 W System.err: 	at android.app.ActivityThread.-wrap2(ActivityThread.java)
03-26 18:19:03.684  7772  7772 W System.err: 	at android.app.ActivityThread$H.handleMessage(ActivityThread.java:1545)
03-26 18:19:03.684  7772  7772 W System.err: 	at android.os.Handler.dispatchMessage(Handler.java:102)
03-26 18:19:03.684  7772  7772 W System.err: 	at android.os.Looper.loop(Looper.java:154)
03-26 18:19:03.684  7772  7772 W System.err: 	at android.app.ActivityThread.main(ActivityThread.java:6119)
03-26 18:19:03.684  7772  7772 W System.err: 	at java.lang.reflect.Method.invoke(Native Method)
03-26 18:19:03.684  7772  7772 W System.err: 	at com.android.internal.os.ZygoteInit$MethodAndArgsCaller.run(ZygoteInit.java:886)
03-26 18:19:03.684  7772  7772 W System.err: 	at com.android.internal.os.ZygoteInit.main(ZygoteInit.java:776)
03-26 18:19:22.135  7772  7772 E AndroidRuntime: FATAL EXCEPTION: main
03-26 18:19:22.135  7772  7772 E AndroidRuntime: Process: de.k3b.android.androFotoFinder, PID: 7772
03-26 18:19:22.135  7772  7772 E AndroidRuntime: java.lang.RuntimeException: Unable to start activity ComponentInfo{de.k3b.android.androFotoFinder/de.k3b.android.androFotoFinder.SettingsActivity}: android.view.InflateException: Binary XML file line #49: Error inflating class de.k3b.android.widgets.EditTextPreferenceWithSummary
03-26 18:19:22.135  7772  7772 E AndroidRuntime: 	at android.app.ActivityThread.performLaunchActivity(ActivityThread.java:2665)
03-26 18:19:22.135  7772  7772 E AndroidRuntime: 	at android.app.ActivityThread.handleLaunchActivity(ActivityThread.java:2726)
03-26 18:19:22.135  7772  7772 E AndroidRuntime: 	at android.app.ActivityThread.-wrap12(ActivityThread.java)
03-26 18:19:22.135  7772  7772 E AndroidRuntime: 	at android.app.ActivityThread$H.handleMessage(ActivityThread.java:1477)
03-26 18:19:22.135  7772  7772 E AndroidRuntime: 	at android.os.Handler.dispatchMessage(Handler.java:102)
03-26 18:19:22.135  7772  7772 E AndroidRuntime: 	at android.os.Looper.loop(Looper.java:154)
03-26 18:19:22.135  7772  7772 E AndroidRuntime: 	at android.app.ActivityThread.main(ActivityThread.java:6119)
03-26 18:19:22.135  7772  7772 E AndroidRuntime: 	at java.lang.reflect.Method.invoke(Native Method)
03-26 18:19:22.135  7772  7772 E AndroidRuntime: 	at com.android.internal.os.ZygoteInit$MethodAndArgsCaller.run(ZygoteInit.java:886)
03-26 18:19:22.135  7772  7772 E AndroidRuntime: 	at com.android.internal.os.ZygoteInit.main(ZygoteInit.java:776)
03-26 18:19:22.135  7772  7772 E AndroidRuntime: Caused by: android.view.InflateException: Binary XML file line #49: Error inflating class de.k3b.android.widgets.EditTextPreferenceWithSummary
03-26 18:19:22.135  7772  7772 E AndroidRuntime: 	at android.preference.GenericInflater.createItemFromTag(GenericInflater.java:443)
03-26 18:19:22.135  7772  7772 E AndroidRuntime: 	at android.preference.GenericInflater.rInflate(GenericInflater.java:483)
03-26 18:19:22.135  7772  7772 E AndroidRuntime: 	at android.preference.GenericInflater.rInflate(GenericInflater.java:495)
03-26 18:19:22.135  7772  7772 E AndroidRuntime: 	at android.preference.GenericInflater.inflate(GenericInflater.java:327)
03-26 18:19:22.135  7772  7772 E AndroidRuntime: 	at android.preference.GenericInflater.inflate(GenericInflater.java:264)
03-26 18:19:22.135  7772  7772 E AndroidRuntime: 	at android.preference.PreferenceManager.inflateFromResource(PreferenceManager.java:280)
03-26 18:19:22.135  7772  7772 E AndroidRuntime: 	at android.preference.PreferenceActivity.addPreferencesFromResource(PreferenceActivity.java:1521)
03-26 18:19:22.135  7772  7772 E AndroidRuntime: 	at de.k3b.android.androFotoFinder.SettingsActivity.onCreate(SettingsActivity.java:78)
03-26 18:19:22.135  7772  7772 E AndroidRuntime: 	at android.app.Activity.performCreate(Activity.java:6679)
03-26 18:19:22.135  7772  7772 E AndroidRuntime: 	at android.app.Instrumentation.callActivityOnCreate(Instrumentation.java:1118)
03-26 18:19:22.135  7772  7772 E AndroidRuntime: 	at android.app.ActivityThread.performLaunchActivity(ActivityThread.java:2618)
03-26 18:19:22.135  7772  7772 E AndroidRuntime: 	... 9 more
03-26 18:19:22.135  7772  7772 E AndroidRuntime: Caused by: java.lang.ClassNotFoundException: Didn't find class "de.k3b.android.widgets.EditTextPreferenceWithSummary" on path: DexPathList[[zip file "/data/app/de.k3b.android.androFotoFinder-1/base.apk"],nativeLibraryDirectories=[/data/app/de.k3b.android.androFotoFinder-1/lib/x86, /system/lib, /vendor/lib]]
03-26 18:19:22.135  7772  7772 E AndroidRuntime: 	at dalvik.system.BaseDexClassLoader.findClass(BaseDexClassLoader.java:56)
03-26 18:19:22.135  7772  7772 E AndroidRuntime: 	at java.lang.ClassLoader.loadClass(ClassLoader.java:380)
03-26 18:19:22.135  7772  7772 E AndroidRuntime: 	at java.lang.ClassLoader.loadClass(ClassLoader.java:312)
03-26 18:19:22.135  7772  7772 E AndroidRuntime: 	at android.preference.GenericInflater.createItem(GenericInflater.java:376)
03-26 18:19:22.135  7772  7772 E AndroidRuntime: 	at android.preference.GenericInflater.createItemFromTag(GenericInflater.java:432)
03-26 18:19:22.135  7772  7772 E AndroidRuntime: 	... 19 more
03-26 18:20:07.573  8348  8348 W System.err: java.io.FileNotFoundException: /jacoco.exec (Read-only file system)
03-26 18:20:07.573  8348  8348 W System.err: 	at java.io.FileOutputStream.open(Native Method)
03-26 18:20:07.573  8348  8348 W System.err: 	at java.io.FileOutputStream.<init>(FileOutputStream.java:221)
03-26 18:20:07.573  8348  8348 W System.err: 	at org.jacoco.agent.rt.internal_8ff85ea.output.FileOutput.openFile(FileOutput.java:67)
03-26 18:20:07.573  8348  8348 W System.err: 	at org.jacoco.agent.rt.internal_8ff85ea.output.FileOutput.startup(FileOutput.java:49)
03-26 18:20:07.573  8348  8348 W System.err: 	at org.jacoco.agent.rt.internal_8ff85ea.Agent.startup(Agent.java:122)
03-26 18:20:07.573  8348  8348 W System.err: 	at org.jacoco.agent.rt.internal_8ff85ea.Agent.getInstance(Agent.java:50)
03-26 18:20:07.573  8348  8348 W System.err: 	at org.jacoco.agent.rt.internal_8ff85ea.Offline.<clinit>(Offline.java:31)
03-26 18:20:07.573  8348  8348 W System.err: 	at org.jacoco.agent.rt.internal_8ff85ea.Offline.getProbes(Offline.java:51)
03-26 18:20:07.574  8348  8348 W System.err: 	at de.k3b.android.androFotoFinder.AndroFotoFinderApp.$jacocoInit(AndroFotoFinderApp.java)
03-26 18:20:07.574  8348  8348 W System.err: 	at de.k3b.android.androFotoFinder.AndroFotoFinderApp.<init>(AndroFotoFinderApp.java)
03-26 18:20:07.574  8348  8348 W System.err: 	at java.lang.Class.newInstance(Native Method)
03-26 18:20:07.574  8348  8348 W System.err: 	at android.app.Instrumentation.newApplication(Instrumentation.java:1007)
03-26 18:20:07.574  8348  8348 W System.err: 	at android.app.Instrumentation.newApplication(Instrumentation.java:992)
03-26 18:20:07.574  8348  8348 W System.err: 	at android.app.LoadedApk.makeApplication(LoadedApk.java:796)
03-26 18:20:07.574  8348  8348 W System.err: 	at android.app.ActivityThread.handleBindApplication(ActivityThread.java:5377)
03-26 18:20:07.574  8348  8348 W System.err: 	at android.app.ActivityThread.-wrap2(ActivityThread.java)
03-26 18:20:07.574  8348  8348 W System.err: 	at android.app.ActivityThread$H.handleMessage(ActivityThread.java:1545)
03-26 18:20:07.574  8348  8348 W System.err: 	at android.os.Handler.dispatchMessage(Handler.java:102)
03-26 18:20:07.574  8348  8348 W System.err: 	at android.os.Looper.loop(Looper.java:154)
03-26 18:20:07.574  8348  8348 W System.err: 	at android.app.ActivityThread.main(ActivityThread.java:6119)
03-26 18:20:07.574  8348  8348 W System.err: 	at java.lang.reflect.Method.invoke(Native Method)
03-26 18:20:07.574  8348  8348 W System.err: 	at com.android.internal.os.ZygoteInit$MethodAndArgsCaller.run(ZygoteInit.java:886)
03-26 18:20:07.574  8348  8348 W System.err: 	at com.android.internal.os.ZygoteInit.main(ZygoteInit.java:776)
03-26 18:20:08.922  8348  8348 E AndroidRuntime: FATAL EXCEPTION: main
03-26 18:20:08.922  8348  8348 E AndroidRuntime: Process: de.k3b.android.androFotoFinder, PID: 8348
03-26 18:20:08.922  8348  8348 E AndroidRuntime: java.lang.RuntimeException: Unable to start activity ComponentInfo{de.k3b.android.androFotoFinder/de.k3b.android.androFotoFinder.SettingsActivity}: android.view.InflateException: Binary XML file line #49: Error inflating class de.k3b.android.widgets.EditTextPreferenceWithSummary
03-26 18:20:08.922  8348  8348 E AndroidRuntime: 	at android.app.ActivityThread.performLaunchActivity(ActivityThread.java:2665)
03-26 18:20:08.922  8348  8348 E AndroidRuntime: 	at android.app.ActivityThread.handleLaunchActivity(ActivityThread.java:2726)
03-26 18:20:08.922  8348  8348 E AndroidRuntime: 	at android.app.ActivityThread.-wrap12(ActivityThread.java)
03-26 18:20:08.922  8348  8348 E AndroidRuntime: 	at android.app.ActivityThread$H.handleMessage(ActivityThread.java:1477)
03-26 18:20:08.922  8348  8348 E AndroidRuntime: 	at android.os.Handler.dispatchMessage(Handler.java:102)
03-26 18:20:08.922  8348  8348 E AndroidRuntime: 	at android.os.Looper.loop(Looper.java:154)
03-26 18:20:08.922  8348  8348 E AndroidRuntime: 	at android.app.ActivityThread.main(ActivityThread.java:6119)
03-26 18:20:08.922  8348  8348 E AndroidRuntime: 	at java.lang.reflect.Method.invoke(Native Method)
03-26 18:20:08.922  8348  8348 E AndroidRuntime: 	at com.android.internal.os.ZygoteInit$MethodAndArgsCaller.run(ZygoteInit.java:886)
03-26 18:20:08.922  8348  8348 E AndroidRuntime: 	at com.android.internal.os.ZygoteInit.main(ZygoteInit.java:776)
03-26 18:20:08.922  8348  8348 E AndroidRuntime: Caused by: android.view.InflateException: Binary XML file line #49: Error inflating class de.k3b.android.widgets.EditTextPreferenceWithSummary
03-26 18:20:08.922  8348  8348 E AndroidRuntime: 	at android.preference.GenericInflater.createItemFromTag(GenericInflater.java:443)
03-26 18:20:08.922  8348  8348 E AndroidRuntime: 	at android.preference.GenericInflater.rInflate(GenericInflater.java:483)
03-26 18:20:08.922  8348  8348 E AndroidRuntime: 	at android.preference.GenericInflater.rInflate(GenericInflater.java:495)
03-26 18:20:08.922  8348  8348 E AndroidRuntime: 	at android.preference.GenericInflater.inflate(GenericInflater.java:327)
03-26 18:20:08.922  8348  8348 E AndroidRuntime: 	at android.preference.GenericInflater.inflate(GenericInflater.java:264)
03-26 18:20:08.922  8348  8348 E AndroidRuntime: 	at android.preference.PreferenceManager.inflateFromResource(PreferenceManager.java:280)
03-26 18:20:08.922  8348  8348 E AndroidRuntime: 	at android.preference.PreferenceActivity.addPreferencesFromResource(PreferenceActivity.java:1521)
03-26 18:20:08.922  8348  8348 E AndroidRuntime: 	at de.k3b.android.androFotoFinder.SettingsActivity.onCreate(SettingsActivity.java:78)
03-26 18:20:08.922  8348  8348 E AndroidRuntime: 	at android.app.Activity.performCreate(Activity.java:6679)
03-26 18:20:08.922  8348  8348 E AndroidRuntime: 	at android.app.Instrumentation.callActivityOnCreate(Instrumentation.java:1118)
03-26 18:20:08.922  8348  8348 E AndroidRuntime: 	at android.app.ActivityThread.performLaunchActivity(ActivityThread.java:2618)
03-26 18:20:08.922  8348  8348 E AndroidRuntime: 	... 9 more
03-26 18:20:08.922  8348  8348 E AndroidRuntime: Caused by: java.lang.ClassNotFoundException: Didn't find class "de.k3b.android.widgets.EditTextPreferenceWithSummary" on path: DexPathList[[zip file "/data/app/de.k3b.android.androFotoFinder-1/base.apk"],nativeLibraryDirectories=[/data/app/de.k3b.android.androFotoFinder-1/lib/x86, /system/lib, /vendor/lib]]
03-26 18:20:08.922  8348  8348 E AndroidRuntime: 	at dalvik.system.BaseDexClassLoader.findClass(BaseDexClassLoader.java:56)
03-26 18:20:08.922  8348  8348 E AndroidRuntime: 	at java.lang.ClassLoader.loadClass(ClassLoader.java:380)
03-26 18:20:08.922  8348  8348 E AndroidRuntime: 	at java.lang.ClassLoader.loadClass(ClassLoader.java:312)
03-26 18:20:08.922  8348  8348 E AndroidRuntime: 	at android.preference.GenericInflater.createItem(GenericInflater.java:376)
03-26 18:20:08.922  8348  8348 E AndroidRuntime: 	at android.preference.GenericInflater.createItemFromTag(GenericInflater.java:432)
03-26 18:20:08.922  8348  8348 E AndroidRuntime: 	... 19 more
03-26 18:20:28.557  9009  9009 W System.err: java.io.FileNotFoundException: /jacoco.exec (Read-only file system)
03-26 18:20:28.557  9009  9009 W System.err: 	at java.io.FileOutputStream.open(Native Method)
03-26 18:20:28.557  9009  9009 W System.err: 	at java.io.FileOutputStream.<init>(FileOutputStream.java:221)
03-26 18:20:28.557  9009  9009 W System.err: 	at org.jacoco.agent.rt.internal_8ff85ea.output.FileOutput.openFile(FileOutput.java:67)
03-26 18:20:28.557  9009  9009 W System.err: 	at org.jacoco.agent.rt.internal_8ff85ea.output.FileOutput.startup(FileOutput.java:49)
03-26 18:20:28.557  9009  9009 W System.err: 	at org.jacoco.agent.rt.internal_8ff85ea.Agent.startup(Agent.java:122)
03-26 18:20:28.557  9009  9009 W System.err: 	at org.jacoco.agent.rt.internal_8ff85ea.Agent.getInstance(Agent.java:50)
03-26 18:20:28.557  9009  9009 W System.err: 	at org.jacoco.agent.rt.internal_8ff85ea.Offline.<clinit>(Offline.java:31)
03-26 18:20:28.557  9009  9009 W System.err: 	at org.jacoco.agent.rt.internal_8ff85ea.Offline.getProbes(Offline.java:51)
03-26 18:20:28.557  9009  9009 W System.err: 	at de.k3b.android.androFotoFinder.AndroFotoFinderApp.$jacocoInit(AndroFotoFinderApp.java)
03-26 18:20:28.557  9009  9009 W System.err: 	at de.k3b.android.androFotoFinder.AndroFotoFinderApp.<init>(AndroFotoFinderApp.java)
03-26 18:20:28.557  9009  9009 W System.err: 	at java.lang.Class.newInstance(Native Method)
03-26 18:20:28.557  9009  9009 W System.err: 	at android.app.Instrumentation.newApplication(Instrumentation.java:1007)
03-26 18:20:28.557  9009  9009 W System.err: 	at android.app.Instrumentation.newApplication(Instrumentation.java:992)
03-26 18:20:28.557  9009  9009 W System.err: 	at android.app.LoadedApk.makeApplication(LoadedApk.java:796)
03-26 18:20:28.557  9009  9009 W System.err: 	at android.app.ActivityThread.handleBindApplication(ActivityThread.java:5377)
03-26 18:20:28.557  9009  9009 W System.err: 	at android.app.ActivityThread.-wrap2(ActivityThread.java)
03-26 18:20:28.557  9009  9009 W System.err: 	at android.app.ActivityThread$H.handleMessage(ActivityThread.java:1545)
03-26 18:20:28.557  9009  9009 W System.err: 	at android.os.Handler.dispatchMessage(Handler.java:102)
03-26 18:20:28.558  9009  9009 W System.err: 	at android.os.Looper.loop(Looper.java:154)
03-26 18:20:28.558  9009  9009 W System.err: 	at android.app.ActivityThread.main(ActivityThread.java:6119)
03-26 18:20:28.558  9009  9009 W System.err: 	at java.lang.reflect.Method.invoke(Native Method)
03-26 18:20:28.558  9009  9009 W System.err: 	at com.android.internal.os.ZygoteInit$MethodAndArgsCaller.run(ZygoteInit.java:886)
03-26 18:20:28.558  9009  9009 W System.err: 	at com.android.internal.os.ZygoteInit.main(ZygoteInit.java:776)
