--------- beginning of system
--------- beginning of main
03-26 18:57:18.763  4631  4631 W System.err: java.io.FileNotFoundException: /jacoco.exec (Read-only file system)
03-26 18:57:18.763  4631  4631 W System.err: 	at java.io.FileOutputStream.open(Native Method)
03-26 18:57:18.763  4631  4631 W System.err: 	at java.io.FileOutputStream.<init>(FileOutputStream.java:221)
03-26 18:57:18.763  4631  4631 W System.err: 	at org.jacoco.agent.rt.internal_8ff85ea.output.FileOutput.openFile(FileOutput.java:67)
03-26 18:57:18.763  4631  4631 W System.err: 	at org.jacoco.agent.rt.internal_8ff85ea.output.FileOutput.startup(FileOutput.java:49)
03-26 18:57:18.763  4631  4631 W System.err: 	at org.jacoco.agent.rt.internal_8ff85ea.Agent.startup(Agent.java:122)
03-26 18:57:18.763  4631  4631 W System.err: 	at org.jacoco.agent.rt.internal_8ff85ea.Agent.getInstance(Agent.java:50)
03-26 18:57:18.763  4631  4631 W System.err: 	at org.jacoco.agent.rt.internal_8ff85ea.Offline.<clinit>(Offline.java:31)
03-26 18:57:18.763  4631  4631 W System.err: 	at org.jacoco.agent.rt.internal_8ff85ea.Offline.getProbes(Offline.java:51)
03-26 18:57:18.763  4631  4631 W System.err: 	at com.amaze.filemanager.utils.application.AppConfig.$jacocoInit(AppConfig.java)
03-26 18:57:18.763  4631  4631 W System.err: 	at com.amaze.filemanager.utils.application.AppConfig.<clinit>(AppConfig.java)
03-26 18:57:18.763  4631  4631 W System.err: 	at java.lang.Class.newInstance(Native Method)
03-26 18:57:18.763  4631  4631 W System.err: 	at android.app.Instrumentation.newApplication(Instrumentation.java:1007)
03-26 18:57:18.763  4631  4631 W System.err: 	at android.app.Instrumentation.newApplication(Instrumentation.java:992)
03-26 18:57:18.763  4631  4631 W System.err: 	at android.app.LoadedApk.makeApplication(LoadedApk.java:796)
03-26 18:57:18.763  4631  4631 W System.err: 	at android.app.ActivityThread.handleBindApplication(ActivityThread.java:5377)
03-26 18:57:18.763  4631  4631 W System.err: 	at android.app.ActivityThread.-wrap2(ActivityThread.java)
03-26 18:57:18.763  4631  4631 W System.err: 	at android.app.ActivityThread$H.handleMessage(ActivityThread.java:1545)
03-26 18:57:18.763  4631  4631 W System.err: 	at android.os.Handler.dispatchMessage(Handler.java:102)
03-26 18:57:18.763  4631  4631 W System.err: 	at android.os.Looper.loop(Looper.java:154)
03-26 18:57:18.763  4631  4631 W System.err: 	at android.app.ActivityThread.main(ActivityThread.java:6119)
03-26 18:57:18.763  4631  4631 W System.err: 	at java.lang.reflect.Method.invoke(Native Method)
03-26 18:57:18.763  4631  4631 W System.err: 	at com.android.internal.os.ZygoteInit$MethodAndArgsCaller.run(ZygoteInit.java:886)
03-26 18:57:18.763  4631  4631 W System.err: 	at com.android.internal.os.ZygoteInit.main(ZygoteInit.java:776)
--------- beginning of crash
03-26 19:01:06.274  4631  4631 E AndroidRuntime: FATAL EXCEPTION: main
03-26 19:01:06.274  4631  4631 E AndroidRuntime: Process: com.amaze.filemanager.debug, PID: 4631
03-26 19:01:06.274  4631  4631 E AndroidRuntime: java.lang.ClassCastException: android.widget.HeaderViewListAdapter cannot be cast to androidx.appcompat.view.menu.MenuAdapter
03-26 19:01:06.274  4631  4631 E AndroidRuntime: 	at androidx.appcompat.widget.MenuPopupWindow$MenuDropDownListView.onKeyDown(MenuPopupWindow.java:181)
03-26 19:01:06.274  4631  4631 E AndroidRuntime: 	at android.view.KeyEvent.dispatch(KeyEvent.java:2688)
03-26 19:01:06.274  4631  4631 E AndroidRuntime: 	at android.view.View.dispatchKeyEvent(View.java:9960)
03-26 19:01:06.274  4631  4631 E AndroidRuntime: 	at android.view.ViewGroup.dispatchKeyEvent(ViewGroup.java:1625)
03-26 19:01:06.274  4631  4631 E AndroidRuntime: 	at android.widget.ListView.dispatchKeyEvent(ListView.java:2249)
03-26 19:01:06.274  4631  4631 E AndroidRuntime: 	at android.view.ViewGroup.dispatchKeyEvent(ViewGroup.java:1630)
03-26 19:01:06.274  4631  4631 E AndroidRuntime: 	at android.view.ViewGroup.dispatchKeyEvent(ViewGroup.java:1630)
03-26 19:01:06.274  4631  4631 E AndroidRuntime: 	at android.widget.PopupWindow$PopupDecorView.dispatchKeyEvent(PopupWindow.java:2266)
03-26 19:01:06.274  4631  4631 E AndroidRuntime: 	at android.view.ViewRootImpl$ViewPostImeInputStage.processKeyEvent(ViewRootImpl.java:4331)
03-26 19:01:06.274  4631  4631 E AndroidRuntime: 	at android.view.ViewRootImpl$ViewPostImeInputStage.onProcess(ViewRootImpl.java:4302)
03-26 19:01:06.274  4631  4631 E AndroidRuntime: 	at android.view.ViewRootImpl$InputStage.deliver(ViewRootImpl.java:3853)
03-26 19:01:06.274  4631  4631 E AndroidRuntime: 	at android.view.ViewRootImpl$InputStage.onDeliverToNext(ViewRootImpl.java:3906)
03-26 19:01:06.274  4631  4631 E AndroidRuntime: 	at android.view.ViewRootImpl$InputStage.forward(ViewRootImpl.java:3872)
03-26 19:01:06.274  4631  4631 E AndroidRuntime: 	at android.view.ViewRootImpl$AsyncInputStage.forward(ViewRootImpl.java:3999)
03-26 19:01:06.274  4631  4631 E AndroidRuntime: 	at android.view.ViewRootImpl$InputStage.apply(ViewRootImpl.java:3880)
03-26 19:01:06.274  4631  4631 E AndroidRuntime: 	at android.view.ViewRootImpl$AsyncInputStage.apply(ViewRootImpl.java:4056)
03-26 19:01:06.274  4631  4631 E AndroidRuntime: 	at android.view.ViewRootImpl$InputStage.deliver(ViewRootImpl.java:3853)
03-26 19:01:06.274  4631  4631 E AndroidRuntime: 	at android.view.ViewRootImpl$InputStage.onDeliverToNext(ViewRootImpl.java:3906)
03-26 19:01:06.274  4631  4631 E AndroidRuntime: 	at android.view.ViewRootImpl$InputStage.forward(ViewRootImpl.java:3872)
03-26 19:01:06.274  4631  4631 E AndroidRuntime: 	at android.view.ViewRootImpl$InputStage.apply(ViewRootImpl.java:3880)
03-26 19:01:06.274  4631  4631 E AndroidRuntime: 	at android.view.ViewRootImpl$InputStage.deliver(ViewRootImpl.java:3853)
03-26 19:01:06.274  4631  4631 E AndroidRuntime: 	at android.view.ViewRootImpl$InputStage.onDeliverToNext(ViewRootImpl.java:3906)
03-26 19:01:06.274  4631  4631 E AndroidRuntime: 	at android.view.ViewRootImpl$InputStage.forward(ViewRootImpl.java:3872)
03-26 19:01:06.274  4631  4631 E AndroidRuntime: 	at android.view.ViewRootImpl$AsyncInputStage.forward(ViewRootImpl.java:3999)
03-26 19:01:06.274  4631  4631 E AndroidRuntime: 	at android.view.ViewRootImpl$InputStage.apply(ViewRootImpl.java:3880)
03-26 19:01:06.274  4631  4631 E AndroidRuntime: 	at android.view.ViewRootImpl$AsyncInputStage.apply(ViewRootImpl.java:4056)
03-26 19:01:06.274  4631  4631 E AndroidRuntime: 	at android.view.ViewRootImpl$InputStage.deliver(ViewRootImpl.java:3853)
03-26 19:01:06.274  4631  4631 E AndroidRuntime: 	at android.view.ViewRootImpl$InputStage.onDeliverToNext(ViewRootImpl.java:3906)
03-26 19:01:06.274  4631  4631 E AndroidRuntime: 	at android.view.ViewRootImpl$InputStage.forward(ViewRootImpl.java:3872)
03-26 19:01:06.274  4631  4631 E AndroidRuntime: 	at android.view.ViewRootImpl$InputStage.apply(ViewRootImpl.java:3880)
03-26 19:01:06.274  4631  4631 E AndroidRuntime: 	at android.view.ViewRootImpl$InputStage.deliver(ViewRootImpl.java:3853)
03-26 19:01:06.274  4631  4631 E AndroidRuntime: 	at android.view.ViewRootImpl$InputStage.onDeliverToNext(ViewRootImpl.java:3906)
03-26 19:01:06.274  4631  4631 E AndroidRuntime: 	at android.view.ViewRootImpl$InputStage.forward(ViewRootImpl.java:3872)
03-26 19:01:06.274  4631  4631 E AndroidRuntime: 	at android.view.ViewRootImpl$AsyncInputStage.forward(ViewRootImpl.java:3999)
03-26 19:01:06.274  4631  4631 E AndroidRuntime: 	at android.view.ViewRootImpl$InputStage.apply(ViewRootImpl.java:3880)
03-26 19:01:06.274  4631  4631 E AndroidRuntime: 	at android.view.ViewRootImpl$AsyncInputStage.apply(ViewRootImpl.java:4056)
03-26 19:01:06.274  4631  4631 E AndroidRuntime: 	at android.view.ViewRootImpl$InputStage.deliver(ViewRootImpl.java:3853)
03-26 19:01:06.274  4631  4631 E AndroidRuntime: 	at android.view.ViewRootImpl.deliverInputEvent(ViewRootImpl.java:6246)
03-26 19:01:06.274  4631  4631 E AndroidRuntime: 	at android.view.ViewRootImpl.doProcessInputEvents(ViewRootImpl.java:6220)
03-26 19:01:06.274  4631  4631 E AndroidRuntime: 	at android.view.ViewRootImpl.enqueueInputEvent(ViewRootImpl.java:6181)
03-26 19:01:06.274  4631  4631 E AndroidRuntime: 	at android.view.ViewRootImpl$WindowInputEventReceiver.onInputEvent(ViewRootImpl.java:6349)
03-26 19:01:06.274  4631  4631 E AndroidRuntime: 	at android.view.InputEventReceiver.dispatchInputEvent(InputEventReceiver.java:185)
03-26 19:01:06.274  4631  4631 E AndroidRuntime: 	at android.os.MessageQueue.nativePollOnce(Native Method)
03-26 19:01:06.274  4631  4631 E AndroidRuntime: 	at android.os.MessageQueue.next(MessageQueue.java:323)
03-26 19:01:06.274  4631  4631 E AndroidRuntime: 	at android.os.Looper.loop(Looper.java:136)
03-26 19:01:06.274  4631  4631 E AndroidRuntime: 	at android.app.ActivityThread.main(ActivityThread.java:6119)
03-26 19:01:06.274  4631  4631 E AndroidRuntime: 	at java.lang.reflect.Method.invoke(Native Method)
03-26 19:01:06.274  4631  4631 E AndroidRuntime: 	at com.android.internal.os.ZygoteInit$MethodAndArgsCaller.run(ZygoteInit.java:886)
03-26 19:01:06.274  4631  4631 E AndroidRuntime: 	at com.android.internal.os.ZygoteInit.main(ZygoteInit.java:776)
03-26 19:01:24.991  5613  5613 W System.err: java.io.FileNotFoundException: /jacoco.exec (Read-only file system)
03-26 19:01:24.991  5613  5613 W System.err: 	at java.io.FileOutputStream.open(Native Method)
03-26 19:01:24.991  5613  5613 W System.err: 	at java.io.FileOutputStream.<init>(FileOutputStream.java:221)
03-26 19:01:24.991  5613  5613 W System.err: 	at org.jacoco.agent.rt.internal_8ff85ea.output.FileOutput.openFile(FileOutput.java:67)
03-26 19:01:24.991  5613  5613 W System.err: 	at org.jacoco.agent.rt.internal_8ff85ea.output.FileOutput.startup(FileOutput.java:49)
03-26 19:01:24.991  5613  5613 W System.err: 	at org.jacoco.agent.rt.internal_8ff85ea.Agent.startup(Agent.java:122)
03-26 19:01:24.991  5613  5613 W System.err: 	at org.jacoco.agent.rt.internal_8ff85ea.Agent.getInstance(Agent.java:50)
03-26 19:01:24.991  5613  5613 W System.err: 	at org.jacoco.agent.rt.internal_8ff85ea.Offline.<clinit>(Offline.java:31)
03-26 19:01:24.991  5613  5613 W System.err: 	at org.jacoco.agent.rt.internal_8ff85ea.Offline.getProbes(Offline.java:51)
03-26 19:01:24.991  5613  5613 W System.err: 	at com.amaze.filemanager.utils.application.AppConfig.$jacocoInit(AppConfig.java)
03-26 19:01:24.991  5613  5613 W System.err: 	at com.amaze.filemanager.utils.application.AppConfig.<clinit>(AppConfig.java)
03-26 19:01:24.991  5613  5613 W System.err: 	at java.lang.Class.newInstance(Native Method)
03-26 19:01:24.991  5613  5613 W System.err: 	at android.app.Instrumentation.newApplication(Instrumentation.java:1007)
03-26 19:01:24.991  5613  5613 W System.err: 	at android.app.Instrumentation.newApplication(Instrumentation.java:992)
03-26 19:01:24.991  5613  5613 W System.err: 	at android.app.LoadedApk.makeApplication(LoadedApk.java:796)
03-26 19:01:24.991  5613  5613 W System.err: 	at android.app.ActivityThread.handleBindApplication(ActivityThread.java:5377)
03-26 19:01:24.991  5613  5613 W System.err: 	at android.app.ActivityThread.-wrap2(ActivityThread.java)
03-26 19:01:24.991  5613  5613 W System.err: 	at android.app.ActivityThread$H.handleMessage(ActivityThread.java:1545)
03-26 19:01:24.991  5613  5613 W System.err: 	at android.os.Handler.dispatchMessage(Handler.java:102)
03-26 19:01:24.992  5613  5613 W System.err: 	at android.os.Looper.loop(Looper.java:154)
03-26 19:01:24.992  5613  5613 W System.err: 	at android.app.ActivityThread.main(ActivityThread.java:6119)
03-26 19:01:24.992  5613  5613 W System.err: 	at java.lang.reflect.Method.invoke(Native Method)
03-26 19:01:24.992  5613  5613 W System.err: 	at com.android.internal.os.ZygoteInit$MethodAndArgsCaller.run(ZygoteInit.java:886)
03-26 19:01:24.992  5613  5613 W System.err: 	at com.android.internal.os.ZygoteInit.main(ZygoteInit.java:776)
