--------- beginning of main
--------- beginning of system
03-26 15:33:39.141  4905  4905 W System.err: java.io.FileNotFoundException: /jacoco.exec (Read-only file system)
03-26 15:33:39.141  4905  4905 W System.err: 	at java.io.FileOutputStream.open(Native Method)
03-26 15:33:39.141  4905  4905 W System.err: 	at java.io.FileOutputStream.<init>(FileOutputStream.java:221)
03-26 15:33:39.141  4905  4905 W System.err: 	at org.jacoco.agent.rt.internal_8ff85ea.output.FileOutput.openFile(FileOutput.java:67)
03-26 15:33:39.141  4905  4905 W System.err: 	at org.jacoco.agent.rt.internal_8ff85ea.output.FileOutput.startup(FileOutput.java:49)
03-26 15:33:39.141  4905  4905 W System.err: 	at org.jacoco.agent.rt.internal_8ff85ea.Agent.startup(Agent.java:122)
03-26 15:33:39.141  4905  4905 W System.err: 	at org.jacoco.agent.rt.internal_8ff85ea.Agent.getInstance(Agent.java:50)
03-26 15:33:39.141  4905  4905 W System.err: 	at org.jacoco.agent.rt.internal_8ff85ea.Offline.<clinit>(Offline.java:31)
03-26 15:33:39.141  4905  4905 W System.err: 	at org.jacoco.agent.rt.internal_8ff85ea.Offline.getProbes(Offline.java:51)
03-26 15:33:39.141  4905  4905 W System.err: 	at de.k3b.android.androFotoFinder.AndroFotoFinderApp.$jacocoInit(AndroFotoFinderApp.java)
03-26 15:33:39.141  4905  4905 W System.err: 	at de.k3b.android.androFotoFinder.AndroFotoFinderApp.<init>(AndroFotoFinderApp.java)
03-26 15:33:39.141  4905  4905 W System.err: 	at java.lang.Class.newInstance(Native Method)
03-26 15:33:39.141  4905  4905 W System.err: 	at android.app.Instrumentation.newApplication(Instrumentation.java:1007)
03-26 15:33:39.141  4905  4905 W System.err: 	at android.app.Instrumentation.newApplication(Instrumentation.java:992)
03-26 15:33:39.141  4905  4905 W System.err: 	at android.app.LoadedApk.makeApplication(LoadedApk.java:796)
03-26 15:33:39.141  4905  4905 W System.err: 	at android.app.ActivityThread.handleBindApplication(ActivityThread.java:5377)
03-26 15:33:39.141  4905  4905 W System.err: 	at android.app.ActivityThread.-wrap2(ActivityThread.java)
03-26 15:33:39.141  4905  4905 W System.err: 	at android.app.ActivityThread$H.handleMessage(ActivityThread.java:1545)
03-26 15:33:39.141  4905  4905 W System.err: 	at android.os.Handler.dispatchMessage(Handler.java:102)
03-26 15:33:39.141  4905  4905 W System.err: 	at android.os.Looper.loop(Looper.java:154)
03-26 15:33:39.141  4905  4905 W System.err: 	at android.app.ActivityThread.main(ActivityThread.java:6119)
03-26 15:33:39.141  4905  4905 W System.err: 	at java.lang.reflect.Method.invoke(Native Method)
03-26 15:33:39.141  4905  4905 W System.err: 	at com.android.internal.os.ZygoteInit$MethodAndArgsCaller.run(ZygoteInit.java:886)
03-26 15:33:39.141  4905  4905 W System.err: 	at com.android.internal.os.ZygoteInit.main(ZygoteInit.java:776)
--------- beginning of crash
03-26 15:34:40.472  4905  4905 E AndroidRuntime: FATAL EXCEPTION: main
03-26 15:34:40.472  4905  4905 E AndroidRuntime: Process: de.k3b.android.androFotoFinder, PID: 4905
03-26 15:34:40.472  4905  4905 E AndroidRuntime: java.lang.ClassCastException: android.widget.HeaderViewListAdapter cannot be cast to com.android.internal.view.menu.MenuAdapter
03-26 15:34:40.472  4905  4905 E AndroidRuntime: 	at android.widget.MenuPopupWindow$MenuDropDownListView.onKeyDown(MenuPopupWindow.java:141)
03-26 15:34:40.472  4905  4905 E AndroidRuntime: 	at android.view.KeyEvent.dispatch(KeyEvent.java:2688)
03-26 15:34:40.472  4905  4905 E AndroidRuntime: 	at android.view.View.dispatchKeyEvent(View.java:9960)
03-26 15:34:40.472  4905  4905 E AndroidRuntime: 	at android.view.ViewGroup.dispatchKeyEvent(ViewGroup.java:1625)
03-26 15:34:40.472  4905  4905 E AndroidRuntime: 	at android.widget.ListView.dispatchKeyEvent(ListView.java:2249)
03-26 15:34:40.472  4905  4905 E AndroidRuntime: 	at android.view.ViewGroup.dispatchKeyEvent(ViewGroup.java:1630)
03-26 15:34:40.472  4905  4905 E AndroidRuntime: 	at android.view.ViewGroup.dispatchKeyEvent(ViewGroup.java:1630)
03-26 15:34:40.472  4905  4905 E AndroidRuntime: 	at android.widget.PopupWindow$PopupDecorView.dispatchKeyEvent(PopupWindow.java:2266)
03-26 15:34:40.472  4905  4905 E AndroidRuntime: 	at android.view.ViewRootImpl$ViewPostImeInputStage.processKeyEvent(ViewRootImpl.java:4331)
03-26 15:34:40.472  4905  4905 E AndroidRuntime: 	at android.view.ViewRootImpl$ViewPostImeInputStage.onProcess(ViewRootImpl.java:4302)
03-26 15:34:40.472  4905  4905 E AndroidRuntime: 	at android.view.ViewRootImpl$InputStage.deliver(ViewRootImpl.java:3853)
03-26 15:34:40.472  4905  4905 E AndroidRuntime: 	at android.view.ViewRootImpl$InputStage.onDeliverToNext(ViewRootImpl.java:3906)
03-26 15:34:40.472  4905  4905 E AndroidRuntime: 	at android.view.ViewRootImpl$InputStage.forward(ViewRootImpl.java:3872)
03-26 15:34:40.472  4905  4905 E AndroidRuntime: 	at android.view.ViewRootImpl$AsyncInputStage.forward(ViewRootImpl.java:3999)
03-26 15:34:40.472  4905  4905 E AndroidRuntime: 	at android.view.ViewRootImpl$InputStage.apply(ViewRootImpl.java:3880)
03-26 15:34:40.472  4905  4905 E AndroidRuntime: 	at android.view.ViewRootImpl$AsyncInputStage.apply(ViewRootImpl.java:4056)
03-26 15:34:40.472  4905  4905 E AndroidRuntime: 	at android.view.ViewRootImpl$InputStage.deliver(ViewRootImpl.java:3853)
03-26 15:34:40.472  4905  4905 E AndroidRuntime: 	at android.view.ViewRootImpl$InputStage.onDeliverToNext(ViewRootImpl.java:3906)
03-26 15:34:40.472  4905  4905 E AndroidRuntime: 	at android.view.ViewRootImpl$InputStage.forward(ViewRootImpl.java:3872)
03-26 15:34:40.472  4905  4905 E AndroidRuntime: 	at android.view.ViewRootImpl$InputStage.apply(ViewRootImpl.java:3880)
03-26 15:34:40.472  4905  4905 E AndroidRuntime: 	at android.view.ViewRootImpl$InputStage.deliver(ViewRootImpl.java:3853)
03-26 15:34:40.472  4905  4905 E AndroidRuntime: 	at android.view.ViewRootImpl$InputStage.onDeliverToNext(ViewRootImpl.java:3906)
03-26 15:34:40.472  4905  4905 E AndroidRuntime: 	at android.view.ViewRootImpl$InputStage.forward(ViewRootImpl.java:3872)
03-26 15:34:40.472  4905  4905 E AndroidRuntime: 	at android.view.ViewRootImpl$AsyncInputStage.forward(ViewRootImpl.java:3999)
03-26 15:34:40.472  4905  4905 E AndroidRuntime: 	at android.view.ViewRootImpl$InputStage.apply(ViewRootImpl.java:3880)
03-26 15:34:40.472  4905  4905 E AndroidRuntime: 	at android.view.ViewRootImpl$AsyncInputStage.apply(ViewRootImpl.java:4056)
03-26 15:34:40.472  4905  4905 E AndroidRuntime: 	at android.view.ViewRootImpl$InputStage.deliver(ViewRootImpl.java:3853)
03-26 15:34:40.472  4905  4905 E AndroidRuntime: 	at android.view.ViewRootImpl$InputStage.onDeliverToNext(ViewRootImpl.java:3906)
03-26 15:34:40.472  4905  4905 E AndroidRuntime: 	at android.view.ViewRootImpl$InputStage.forward(ViewRootImpl.java:3872)
03-26 15:34:40.472  4905  4905 E AndroidRuntime: 	at android.view.ViewRootImpl$InputStage.apply(ViewRootImpl.java:3880)
03-26 15:34:40.472  4905  4905 E AndroidRuntime: 	at android.view.ViewRootImpl$InputStage.deliver(ViewRootImpl.java:3853)
03-26 15:34:40.472  4905  4905 E AndroidRuntime: 	at android.view.ViewRootImpl$InputStage.onDeliverToNext(ViewRootImpl.java:3906)
03-26 15:34:40.472  4905  4905 E AndroidRuntime: 	at android.view.ViewRootImpl$InputStage.forward(ViewRootImpl.java:3872)
03-26 15:34:40.472  4905  4905 E AndroidRuntime: 	at android.view.ViewRootImpl$AsyncInputStage.forward(ViewRootImpl.java:3999)
03-26 15:34:40.472  4905  4905 E AndroidRuntime: 	at android.view.ViewRootImpl$InputStage.apply(ViewRootImpl.java:3880)
03-26 15:34:40.472  4905  4905 E AndroidRuntime: 	at android.view.ViewRootImpl$AsyncInputStage.apply(ViewRootImpl.java:4056)
03-26 15:34:40.472  4905  4905 E AndroidRuntime: 	at android.view.ViewRootImpl$InputStage.deliver(ViewRootImpl.java:3853)
03-26 15:34:40.472  4905  4905 E AndroidRuntime: 	at android.view.ViewRootImpl.deliverInputEvent(ViewRootImpl.java:6246)
03-26 15:34:40.472  4905  4905 E AndroidRuntime: 	at android.view.ViewRootImpl.doProcessInputEvents(ViewRootImpl.java:6220)
03-26 15:34:40.472  4905  4905 E AndroidRuntime: 	at android.view.ViewRootImpl.enqueueInputEvent(ViewRootImpl.java:6181)
03-26 15:34:40.472  4905  4905 E AndroidRuntime: 	at android.view.ViewRootImpl$WindowInputEventReceiver.onInputEvent(ViewRootImpl.java:6349)
03-26 15:34:40.472  4905  4905 E AndroidRuntime: 	at android.view.InputEventReceiver.dispatchInputEvent(InputEventReceiver.java:185)
03-26 15:34:40.472  4905  4905 E AndroidRuntime: 	at android.os.MessageQueue.nativePollOnce(Native Method)
03-26 15:34:40.472  4905  4905 E AndroidRuntime: 	at android.os.MessageQueue.next(MessageQueue.java:323)
03-26 15:34:40.472  4905  4905 E AndroidRuntime: 	at android.os.Looper.loop(Looper.java:136)
03-26 15:34:40.472  4905  4905 E AndroidRuntime: 	at android.app.ActivityThread.main(ActivityThread.java:6119)
03-26 15:34:40.472  4905  4905 E AndroidRuntime: 	at java.lang.reflect.Method.invoke(Native Method)
03-26 15:34:40.472  4905  4905 E AndroidRuntime: 	at com.android.internal.os.ZygoteInit$MethodAndArgsCaller.run(ZygoteInit.java:886)
03-26 15:34:40.472  4905  4905 E AndroidRuntime: 	at com.android.internal.os.ZygoteInit.main(ZygoteInit.java:776)
03-26 15:35:07.777  5692  5692 W System.err: java.io.FileNotFoundException: /jacoco.exec (Read-only file system)
03-26 15:35:07.778  5692  5692 W System.err: 	at java.io.FileOutputStream.open(Native Method)
03-26 15:35:07.778  5692  5692 W System.err: 	at java.io.FileOutputStream.<init>(FileOutputStream.java:221)
03-26 15:35:07.778  5692  5692 W System.err: 	at org.jacoco.agent.rt.internal_8ff85ea.output.FileOutput.openFile(FileOutput.java:67)
03-26 15:35:07.778  5692  5692 W System.err: 	at org.jacoco.agent.rt.internal_8ff85ea.output.FileOutput.startup(FileOutput.java:49)
03-26 15:35:07.778  5692  5692 W System.err: 	at org.jacoco.agent.rt.internal_8ff85ea.Agent.startup(Agent.java:122)
03-26 15:35:07.778  5692  5692 W System.err: 	at org.jacoco.agent.rt.internal_8ff85ea.Agent.getInstance(Agent.java:50)
03-26 15:35:07.778  5692  5692 W System.err: 	at org.jacoco.agent.rt.internal_8ff85ea.Offline.<clinit>(Offline.java:31)
03-26 15:35:07.778  5692  5692 W System.err: 	at org.jacoco.agent.rt.internal_8ff85ea.Offline.getProbes(Offline.java:51)
03-26 15:35:07.778  5692  5692 W System.err: 	at de.k3b.android.androFotoFinder.AndroFotoFinderApp.$jacocoInit(AndroFotoFinderApp.java)
03-26 15:35:07.778  5692  5692 W System.err: 	at de.k3b.android.androFotoFinder.AndroFotoFinderApp.<init>(AndroFotoFinderApp.java)
03-26 15:35:07.778  5692  5692 W System.err: 	at java.lang.Class.newInstance(Native Method)
03-26 15:35:07.778  5692  5692 W System.err: 	at android.app.Instrumentation.newApplication(Instrumentation.java:1007)
03-26 15:35:07.778  5692  5692 W System.err: 	at android.app.Instrumentation.newApplication(Instrumentation.java:992)
03-26 15:35:07.778  5692  5692 W System.err: 	at android.app.LoadedApk.makeApplication(LoadedApk.java:796)
03-26 15:35:07.778  5692  5692 W System.err: 	at android.app.ActivityThread.handleBindApplication(ActivityThread.java:5377)
03-26 15:35:07.778  5692  5692 W System.err: 	at android.app.ActivityThread.-wrap2(ActivityThread.java)
03-26 15:35:07.778  5692  5692 W System.err: 	at android.app.ActivityThread$H.handleMessage(ActivityThread.java:1545)
03-26 15:35:07.778  5692  5692 W System.err: 	at android.os.Handler.dispatchMessage(Handler.java:102)
03-26 15:35:07.778  5692  5692 W System.err: 	at android.os.Looper.loop(Looper.java:154)
03-26 15:35:07.778  5692  5692 W System.err: 	at android.app.ActivityThread.main(ActivityThread.java:6119)
03-26 15:35:07.778  5692  5692 W System.err: 	at java.lang.reflect.Method.invoke(Native Method)
03-26 15:35:07.778  5692  5692 W System.err: 	at com.android.internal.os.ZygoteInit$MethodAndArgsCaller.run(ZygoteInit.java:886)
03-26 15:35:07.778  5692  5692 W System.err: 	at com.android.internal.os.ZygoteInit.main(ZygoteInit.java:776)
03-26 15:35:39.062  5692  5692 E AndroidRuntime: FATAL EXCEPTION: main
03-26 15:35:39.062  5692  5692 E AndroidRuntime: Process: de.k3b.android.androFotoFinder, PID: 5692
03-26 15:35:39.062  5692  5692 E AndroidRuntime: java.lang.NullPointerException: Attempt to invoke interface method 'java.util.Iterator java.util.List.iterator()' on a null object reference
03-26 15:35:39.062  5692  5692 E AndroidRuntime: 	at de.k3b.android.androFotoFinder.locationmap.LocationMapFragment.createHashMap(LocationMapFragment.java:964)
03-26 15:35:39.062  5692  5692 E AndroidRuntime: 	at de.k3b.android.androFotoFinder.locationmap.LocationMapFragment.reloadFotoMarker(LocationMapFragment.java:667)
03-26 15:35:39.062  5692  5692 E AndroidRuntime: 	at de.k3b.android.androFotoFinder.locationmap.LocationMapFragment.reloadFotoMarker(LocationMapFragment.java:641)
03-26 15:35:39.062  5692  5692 E AndroidRuntime: 	at de.k3b.android.androFotoFinder.locationmap.LocationMapFragment.access$000(LocationMapFragment.java:95)
03-26 15:35:39.062  5692  5692 E AndroidRuntime: 	at de.k3b.android.androFotoFinder.locationmap.LocationMapFragment$2.onScroll(LocationMapFragment.java:298)
03-26 15:35:39.062  5692  5692 E AndroidRuntime: 	at org.osmdroid.events.DelayedMapListener$CallbackTask.run(DelayedMapListener.java:88)
03-26 15:35:39.062  5692  5692 E AndroidRuntime: 	at android.os.Handler.handleCallback(Handler.java:751)
03-26 15:35:39.062  5692  5692 E AndroidRuntime: 	at android.os.Handler.dispatchMessage(Handler.java:95)
03-26 15:35:39.062  5692  5692 E AndroidRuntime: 	at android.os.Looper.loop(Looper.java:154)
03-26 15:35:39.062  5692  5692 E AndroidRuntime: 	at android.app.ActivityThread.main(ActivityThread.java:6119)
03-26 15:35:39.062  5692  5692 E AndroidRuntime: 	at java.lang.reflect.Method.invoke(Native Method)
03-26 15:35:39.062  5692  5692 E AndroidRuntime: 	at com.android.internal.os.ZygoteInit$MethodAndArgsCaller.run(ZygoteInit.java:886)
03-26 15:35:39.062  5692  5692 E AndroidRuntime: 	at com.android.internal.os.ZygoteInit.main(ZygoteInit.java:776)
03-26 15:36:06.511  6353  6353 W System.err: java.io.FileNotFoundException: /jacoco.exec (Read-only file system)
03-26 15:36:06.511  6353  6353 W System.err: 	at java.io.FileOutputStream.open(Native Method)
03-26 15:36:06.511  6353  6353 W System.err: 	at java.io.FileOutputStream.<init>(FileOutputStream.java:221)
03-26 15:36:06.511  6353  6353 W System.err: 	at org.jacoco.agent.rt.internal_8ff85ea.output.FileOutput.openFile(FileOutput.java:67)
03-26 15:36:06.511  6353  6353 W System.err: 	at org.jacoco.agent.rt.internal_8ff85ea.output.FileOutput.startup(FileOutput.java:49)
03-26 15:36:06.511  6353  6353 W System.err: 	at org.jacoco.agent.rt.internal_8ff85ea.Agent.startup(Agent.java:122)
03-26 15:36:06.511  6353  6353 W System.err: 	at org.jacoco.agent.rt.internal_8ff85ea.Agent.getInstance(Agent.java:50)
03-26 15:36:06.511  6353  6353 W System.err: 	at org.jacoco.agent.rt.internal_8ff85ea.Offline.<clinit>(Offline.java:31)
03-26 15:36:06.511  6353  6353 W System.err: 	at org.jacoco.agent.rt.internal_8ff85ea.Offline.getProbes(Offline.java:51)
03-26 15:36:06.511  6353  6353 W System.err: 	at de.k3b.android.androFotoFinder.AndroFotoFinderApp.$jacocoInit(AndroFotoFinderApp.java)
03-26 15:36:06.511  6353  6353 W System.err: 	at de.k3b.android.androFotoFinder.AndroFotoFinderApp.<init>(AndroFotoFinderApp.java)
03-26 15:36:06.511  6353  6353 W System.err: 	at java.lang.Class.newInstance(Native Method)
03-26 15:36:06.511  6353  6353 W System.err: 	at android.app.Instrumentation.newApplication(Instrumentation.java:1007)
03-26 15:36:06.511  6353  6353 W System.err: 	at android.app.Instrumentation.newApplication(Instrumentation.java:992)
03-26 15:36:06.511  6353  6353 W System.err: 	at android.app.LoadedApk.makeApplication(LoadedApk.java:796)
03-26 15:36:06.511  6353  6353 W System.err: 	at android.app.ActivityThread.handleBindApplication(ActivityThread.java:5377)
03-26 15:36:06.511  6353  6353 W System.err: 	at android.app.ActivityThread.-wrap2(ActivityThread.java)
03-26 15:36:06.511  6353  6353 W System.err: 	at android.app.ActivityThread$H.handleMessage(ActivityThread.java:1545)
03-26 15:36:06.511  6353  6353 W System.err: 	at android.os.Handler.dispatchMessage(Handler.java:102)
03-26 15:36:06.511  6353  6353 W System.err: 	at android.os.Looper.loop(Looper.java:154)
03-26 15:36:06.511  6353  6353 W System.err: 	at android.app.ActivityThread.main(ActivityThread.java:6119)
03-26 15:36:06.511  6353  6353 W System.err: 	at java.lang.reflect.Method.invoke(Native Method)
03-26 15:36:06.512  6353  6353 W System.err: 	at com.android.internal.os.ZygoteInit$MethodAndArgsCaller.run(ZygoteInit.java:886)
03-26 15:36:06.512  6353  6353 W System.err: 	at com.android.internal.os.ZygoteInit.main(ZygoteInit.java:776)
03-26 15:36:44.575  6353  6353 E AndroidRuntime: FATAL EXCEPTION: main
03-26 15:36:44.575  6353  6353 E AndroidRuntime: Process: de.k3b.android.androFotoFinder, PID: 6353
03-26 15:36:44.575  6353  6353 E AndroidRuntime: java.lang.RuntimeException: Unable to start activity ComponentInfo{de.k3b.android.androFotoFinder/de.k3b.android.androFotoFinder.SettingsActivity}: android.view.InflateException: Binary XML file line #49: Error inflating class de.k3b.android.widgets.EditTextPreferenceWithSummary
03-26 15:36:44.575  6353  6353 E AndroidRuntime: 	at android.app.ActivityThread.performLaunchActivity(ActivityThread.java:2665)
03-26 15:36:44.575  6353  6353 E AndroidRuntime: 	at android.app.ActivityThread.handleLaunchActivity(ActivityThread.java:2726)
03-26 15:36:44.575  6353  6353 E AndroidRuntime: 	at android.app.ActivityThread.-wrap12(ActivityThread.java)
03-26 15:36:44.575  6353  6353 E AndroidRuntime: 	at android.app.ActivityThread$H.handleMessage(ActivityThread.java:1477)
03-26 15:36:44.575  6353  6353 E AndroidRuntime: 	at android.os.Handler.dispatchMessage(Handler.java:102)
03-26 15:36:44.575  6353  6353 E AndroidRuntime: 	at android.os.Looper.loop(Looper.java:154)
03-26 15:36:44.575  6353  6353 E AndroidRuntime: 	at android.app.ActivityThread.main(ActivityThread.java:6119)
03-26 15:36:44.575  6353  6353 E AndroidRuntime: 	at java.lang.reflect.Method.invoke(Native Method)
03-26 15:36:44.575  6353  6353 E AndroidRuntime: 	at com.android.internal.os.ZygoteInit$MethodAndArgsCaller.run(ZygoteInit.java:886)
03-26 15:36:44.575  6353  6353 E AndroidRuntime: 	at com.android.internal.os.ZygoteInit.main(ZygoteInit.java:776)
03-26 15:36:44.575  6353  6353 E AndroidRuntime: Caused by: android.view.InflateException: Binary XML file line #49: Error inflating class de.k3b.android.widgets.EditTextPreferenceWithSummary
03-26 15:36:44.575  6353  6353 E AndroidRuntime: 	at android.preference.GenericInflater.createItemFromTag(GenericInflater.java:443)
03-26 15:36:44.575  6353  6353 E AndroidRuntime: 	at android.preference.GenericInflater.rInflate(GenericInflater.java:483)
03-26 15:36:44.575  6353  6353 E AndroidRuntime: 	at android.preference.GenericInflater.rInflate(GenericInflater.java:495)
03-26 15:36:44.575  6353  6353 E AndroidRuntime: 	at android.preference.GenericInflater.inflate(GenericInflater.java:327)
03-26 15:36:44.575  6353  6353 E AndroidRuntime: 	at android.preference.GenericInflater.inflate(GenericInflater.java:264)
03-26 15:36:44.575  6353  6353 E AndroidRuntime: 	at android.preference.PreferenceManager.inflateFromResource(PreferenceManager.java:280)
03-26 15:36:44.575  6353  6353 E AndroidRuntime: 	at android.preference.PreferenceActivity.addPreferencesFromResource(PreferenceActivity.java:1521)
03-26 15:36:44.575  6353  6353 E AndroidRuntime: 	at de.k3b.android.androFotoFinder.SettingsActivity.onCreate(SettingsActivity.java:78)
03-26 15:36:44.575  6353  6353 E AndroidRuntime: 	at android.app.Activity.performCreate(Activity.java:6679)
03-26 15:36:44.575  6353  6353 E AndroidRuntime: 	at android.app.Instrumentation.callActivityOnCreate(Instrumentation.java:1118)
03-26 15:36:44.575  6353  6353 E AndroidRuntime: 	at android.app.ActivityThread.performLaunchActivity(ActivityThread.java:2618)
03-26 15:36:44.575  6353  6353 E AndroidRuntime: 	... 9 more
03-26 15:36:44.575  6353  6353 E AndroidRuntime: Caused by: java.lang.ClassNotFoundException: Didn't find class "de.k3b.android.widgets.EditTextPreferenceWithSummary" on path: DexPathList[[zip file "/data/app/de.k3b.android.androFotoFinder-1/base.apk"],nativeLibraryDirectories=[/data/app/de.k3b.android.androFotoFinder-1/lib/x86, /system/lib, /vendor/lib]]
03-26 15:36:44.575  6353  6353 E AndroidRuntime: 	at dalvik.system.BaseDexClassLoader.findClass(BaseDexClassLoader.java:56)
03-26 15:36:44.575  6353  6353 E AndroidRuntime: 	at java.lang.ClassLoader.loadClass(ClassLoader.java:380)
03-26 15:36:44.575  6353  6353 E AndroidRuntime: 	at java.lang.ClassLoader.loadClass(ClassLoader.java:312)
03-26 15:36:44.575  6353  6353 E AndroidRuntime: 	at android.preference.GenericInflater.createItem(GenericInflater.java:376)
03-26 15:36:44.575  6353  6353 E AndroidRuntime: 	at android.preference.GenericInflater.createItemFromTag(GenericInflater.java:432)
03-26 15:36:44.575  6353  6353 E AndroidRuntime: 	... 19 more
03-26 15:37:28.984  7102  7102 W System.err: java.io.FileNotFoundException: /jacoco.exec (Read-only file system)
03-26 15:37:28.984  7102  7102 W System.err: 	at java.io.FileOutputStream.open(Native Method)
03-26 15:37:28.984  7102  7102 W System.err: 	at java.io.FileOutputStream.<init>(FileOutputStream.java:221)
03-26 15:37:28.984  7102  7102 W System.err: 	at org.jacoco.agent.rt.internal_8ff85ea.output.FileOutput.openFile(FileOutput.java:67)
03-26 15:37:28.984  7102  7102 W System.err: 	at org.jacoco.agent.rt.internal_8ff85ea.output.FileOutput.startup(FileOutput.java:49)
03-26 15:37:28.984  7102  7102 W System.err: 	at org.jacoco.agent.rt.internal_8ff85ea.Agent.startup(Agent.java:122)
03-26 15:37:28.984  7102  7102 W System.err: 	at org.jacoco.agent.rt.internal_8ff85ea.Agent.getInstance(Agent.java:50)
03-26 15:37:28.984  7102  7102 W System.err: 	at org.jacoco.agent.rt.internal_8ff85ea.Offline.<clinit>(Offline.java:31)
03-26 15:37:28.984  7102  7102 W System.err: 	at org.jacoco.agent.rt.internal_8ff85ea.Offline.getProbes(Offline.java:51)
03-26 15:37:28.984  7102  7102 W System.err: 	at de.k3b.android.androFotoFinder.AndroFotoFinderApp.$jacocoInit(AndroFotoFinderApp.java)
03-26 15:37:28.984  7102  7102 W System.err: 	at de.k3b.android.androFotoFinder.AndroFotoFinderApp.<init>(AndroFotoFinderApp.java)
03-26 15:37:28.984  7102  7102 W System.err: 	at java.lang.Class.newInstance(Native Method)
03-26 15:37:28.984  7102  7102 W System.err: 	at android.app.Instrumentation.newApplication(Instrumentation.java:1007)
03-26 15:37:28.984  7102  7102 W System.err: 	at android.app.Instrumentation.newApplication(Instrumentation.java:992)
03-26 15:37:28.984  7102  7102 W System.err: 	at android.app.LoadedApk.makeApplication(LoadedApk.java:796)
03-26 15:37:28.984  7102  7102 W System.err: 	at android.app.ActivityThread.handleBindApplication(ActivityThread.java:5377)
03-26 15:37:28.984  7102  7102 W System.err: 	at android.app.ActivityThread.-wrap2(ActivityThread.java)
03-26 15:37:28.984  7102  7102 W System.err: 	at android.app.ActivityThread$H.handleMessage(ActivityThread.java:1545)
03-26 15:37:28.984  7102  7102 W System.err: 	at android.os.Handler.dispatchMessage(Handler.java:102)
03-26 15:37:28.984  7102  7102 W System.err: 	at android.os.Looper.loop(Looper.java:154)
03-26 15:37:28.984  7102  7102 W System.err: 	at android.app.ActivityThread.main(ActivityThread.java:6119)
03-26 15:37:28.984  7102  7102 W System.err: 	at java.lang.reflect.Method.invoke(Native Method)
03-26 15:37:28.984  7102  7102 W System.err: 	at com.android.internal.os.ZygoteInit$MethodAndArgsCaller.run(ZygoteInit.java:886)
03-26 15:37:28.984  7102  7102 W System.err: 	at com.android.internal.os.ZygoteInit.main(ZygoteInit.java:776)
03-26 15:38:51.042  7102  7102 E AndroidRuntime: FATAL EXCEPTION: main
03-26 15:38:51.042  7102  7102 E AndroidRuntime: Process: de.k3b.android.androFotoFinder, PID: 7102
03-26 15:38:51.042  7102  7102 E AndroidRuntime: java.lang.RuntimeException: Unable to start activity ComponentInfo{de.k3b.android.androFotoFinder/de.k3b.android.androFotoFinder.SettingsActivity}: android.view.InflateException: Binary XML file line #49: Error inflating class de.k3b.android.widgets.EditTextPreferenceWithSummary
03-26 15:38:51.042  7102  7102 E AndroidRuntime: 	at android.app.ActivityThread.performLaunchActivity(ActivityThread.java:2665)
03-26 15:38:51.042  7102  7102 E AndroidRuntime: 	at android.app.ActivityThread.handleLaunchActivity(ActivityThread.java:2726)
03-26 15:38:51.042  7102  7102 E AndroidRuntime: 	at android.app.ActivityThread.-wrap12(ActivityThread.java)
03-26 15:38:51.042  7102  7102 E AndroidRuntime: 	at android.app.ActivityThread$H.handleMessage(ActivityThread.java:1477)
03-26 15:38:51.042  7102  7102 E AndroidRuntime: 	at android.os.Handler.dispatchMessage(Handler.java:102)
03-26 15:38:51.042  7102  7102 E AndroidRuntime: 	at android.os.Looper.loop(Looper.java:154)
03-26 15:38:51.042  7102  7102 E AndroidRuntime: 	at android.app.ActivityThread.main(ActivityThread.java:6119)
03-26 15:38:51.042  7102  7102 E AndroidRuntime: 	at java.lang.reflect.Method.invoke(Native Method)
03-26 15:38:51.042  7102  7102 E AndroidRuntime: 	at com.android.internal.os.ZygoteInit$MethodAndArgsCaller.run(ZygoteInit.java:886)
03-26 15:38:51.042  7102  7102 E AndroidRuntime: 	at com.android.internal.os.ZygoteInit.main(ZygoteInit.java:776)
03-26 15:38:51.042  7102  7102 E AndroidRuntime: Caused by: android.view.InflateException: Binary XML file line #49: Error inflating class de.k3b.android.widgets.EditTextPreferenceWithSummary
03-26 15:38:51.042  7102  7102 E AndroidRuntime: 	at android.preference.GenericInflater.createItemFromTag(GenericInflater.java:443)
03-26 15:38:51.042  7102  7102 E AndroidRuntime: 	at android.preference.GenericInflater.rInflate(GenericInflater.java:483)
03-26 15:38:51.042  7102  7102 E AndroidRuntime: 	at android.preference.GenericInflater.rInflate(GenericInflater.java:495)
03-26 15:38:51.042  7102  7102 E AndroidRuntime: 	at android.preference.GenericInflater.inflate(GenericInflater.java:327)
03-26 15:38:51.042  7102  7102 E AndroidRuntime: 	at android.preference.GenericInflater.inflate(GenericInflater.java:264)
03-26 15:38:51.042  7102  7102 E AndroidRuntime: 	at android.preference.PreferenceManager.inflateFromResource(PreferenceManager.java:280)
03-26 15:38:51.042  7102  7102 E AndroidRuntime: 	at android.preference.PreferenceActivity.addPreferencesFromResource(PreferenceActivity.java:1521)
03-26 15:38:51.042  7102  7102 E AndroidRuntime: 	at de.k3b.android.androFotoFinder.SettingsActivity.onCreate(SettingsActivity.java:78)
03-26 15:38:51.042  7102  7102 E AndroidRuntime: 	at android.app.Activity.performCreate(Activity.java:6679)
03-26 15:38:51.042  7102  7102 E AndroidRuntime: 	at android.app.Instrumentation.callActivityOnCreate(Instrumentation.java:1118)
03-26 15:38:51.042  7102  7102 E AndroidRuntime: 	at android.app.ActivityThread.performLaunchActivity(ActivityThread.java:2618)
03-26 15:38:51.042  7102  7102 E AndroidRuntime: 	... 9 more
03-26 15:38:51.042  7102  7102 E AndroidRuntime: Caused by: java.lang.ClassNotFoundException: Didn't find class "de.k3b.android.widgets.EditTextPreferenceWithSummary" on path: DexPathList[[zip file "/data/app/de.k3b.android.androFotoFinder-1/base.apk"],nativeLibraryDirectories=[/data/app/de.k3b.android.androFotoFinder-1/lib/x86, /system/lib, /vendor/lib]]
03-26 15:38:51.042  7102  7102 E AndroidRuntime: 	at dalvik.system.BaseDexClassLoader.findClass(BaseDexClassLoader.java:56)
03-26 15:38:51.042  7102  7102 E AndroidRuntime: 	at java.lang.ClassLoader.loadClass(ClassLoader.java:380)
03-26 15:38:51.042  7102  7102 E AndroidRuntime: 	at java.lang.ClassLoader.loadClass(ClassLoader.java:312)
03-26 15:38:51.042  7102  7102 E AndroidRuntime: 	at android.preference.GenericInflater.createItem(GenericInflater.java:376)
03-26 15:38:51.042  7102  7102 E AndroidRuntime: 	at android.preference.GenericInflater.createItemFromTag(GenericInflater.java:432)
03-26 15:38:51.042  7102  7102 E AndroidRuntime: 	... 19 more
03-26 15:39:24.389  7726  7726 W System.err: java.io.FileNotFoundException: /jacoco.exec (Read-only file system)
03-26 15:39:24.389  7726  7726 W System.err: 	at java.io.FileOutputStream.open(Native Method)
03-26 15:39:24.389  7726  7726 W System.err: 	at java.io.FileOutputStream.<init>(FileOutputStream.java:221)
03-26 15:39:24.389  7726  7726 W System.err: 	at org.jacoco.agent.rt.internal_8ff85ea.output.FileOutput.openFile(FileOutput.java:67)
03-26 15:39:24.389  7726  7726 W System.err: 	at org.jacoco.agent.rt.internal_8ff85ea.output.FileOutput.startup(FileOutput.java:49)
03-26 15:39:24.389  7726  7726 W System.err: 	at org.jacoco.agent.rt.internal_8ff85ea.Agent.startup(Agent.java:122)
03-26 15:39:24.389  7726  7726 W System.err: 	at org.jacoco.agent.rt.internal_8ff85ea.Agent.getInstance(Agent.java:50)
03-26 15:39:24.389  7726  7726 W System.err: 	at org.jacoco.agent.rt.internal_8ff85ea.Offline.<clinit>(Offline.java:31)
03-26 15:39:24.389  7726  7726 W System.err: 	at org.jacoco.agent.rt.internal_8ff85ea.Offline.getProbes(Offline.java:51)
03-26 15:39:24.389  7726  7726 W System.err: 	at de.k3b.android.androFotoFinder.AndroFotoFinderApp.$jacocoInit(AndroFotoFinderApp.java)
03-26 15:39:24.389  7726  7726 W System.err: 	at de.k3b.android.androFotoFinder.AndroFotoFinderApp.<init>(AndroFotoFinderApp.java)
03-26 15:39:24.389  7726  7726 W System.err: 	at java.lang.Class.newInstance(Native Method)
03-26 15:39:24.389  7726  7726 W System.err: 	at android.app.Instrumentation.newApplication(Instrumentation.java:1007)
03-26 15:39:24.389  7726  7726 W System.err: 	at android.app.Instrumentation.newApplication(Instrumentation.java:992)
03-26 15:39:24.389  7726  7726 W System.err: 	at android.app.LoadedApk.makeApplication(LoadedApk.java:796)
03-26 15:39:24.389  7726  7726 W System.err: 	at android.app.ActivityThread.handleBindApplication(ActivityThread.java:5377)
03-26 15:39:24.389  7726  7726 W System.err: 	at android.app.ActivityThread.-wrap2(ActivityThread.java)
03-26 15:39:24.389  7726  7726 W System.err: 	at android.app.ActivityThread$H.handleMessage(ActivityThread.java:1545)
03-26 15:39:24.389  7726  7726 W System.err: 	at android.os.Handler.dispatchMessage(Handler.java:102)
03-26 15:39:24.389  7726  7726 W System.err: 	at android.os.Looper.loop(Looper.java:154)
03-26 15:39:24.389  7726  7726 W System.err: 	at android.app.ActivityThread.main(ActivityThread.java:6119)
03-26 15:39:24.389  7726  7726 W System.err: 	at java.lang.reflect.Method.invoke(Native Method)
03-26 15:39:24.389  7726  7726 W System.err: 	at com.android.internal.os.ZygoteInit$MethodAndArgsCaller.run(ZygoteInit.java:886)
03-26 15:39:24.390  7726  7726 W System.err: 	at com.android.internal.os.ZygoteInit.main(ZygoteInit.java:776)
03-26 15:41:29.044  7726  7726 E AndroidRuntime: FATAL EXCEPTION: main
03-26 15:41:29.044  7726  7726 E AndroidRuntime: Process: de.k3b.android.androFotoFinder, PID: 7726
03-26 15:41:29.044  7726  7726 E AndroidRuntime: java.lang.RuntimeException: Unable to start activity ComponentInfo{de.k3b.android.androFotoFinder/de.k3b.android.androFotoFinder.SettingsActivity}: android.view.InflateException: Binary XML file line #49: Error inflating class de.k3b.android.widgets.EditTextPreferenceWithSummary
03-26 15:41:29.044  7726  7726 E AndroidRuntime: 	at android.app.ActivityThread.performLaunchActivity(ActivityThread.java:2665)
03-26 15:41:29.044  7726  7726 E AndroidRuntime: 	at android.app.ActivityThread.handleLaunchActivity(ActivityThread.java:2726)
03-26 15:41:29.044  7726  7726 E AndroidRuntime: 	at android.app.ActivityThread.-wrap12(ActivityThread.java)
03-26 15:41:29.044  7726  7726 E AndroidRuntime: 	at android.app.ActivityThread$H.handleMessage(ActivityThread.java:1477)
03-26 15:41:29.044  7726  7726 E AndroidRuntime: 	at android.os.Handler.dispatchMessage(Handler.java:102)
03-26 15:41:29.044  7726  7726 E AndroidRuntime: 	at android.os.Looper.loop(Looper.java:154)
03-26 15:41:29.044  7726  7726 E AndroidRuntime: 	at android.app.ActivityThread.main(ActivityThread.java:6119)
03-26 15:41:29.044  7726  7726 E AndroidRuntime: 	at java.lang.reflect.Method.invoke(Native Method)
03-26 15:41:29.044  7726  7726 E AndroidRuntime: 	at com.android.internal.os.ZygoteInit$MethodAndArgsCaller.run(ZygoteInit.java:886)
03-26 15:41:29.044  7726  7726 E AndroidRuntime: 	at com.android.internal.os.ZygoteInit.main(ZygoteInit.java:776)
03-26 15:41:29.044  7726  7726 E AndroidRuntime: Caused by: android.view.InflateException: Binary XML file line #49: Error inflating class de.k3b.android.widgets.EditTextPreferenceWithSummary
03-26 15:41:29.044  7726  7726 E AndroidRuntime: 	at android.preference.GenericInflater.createItemFromTag(GenericInflater.java:443)
03-26 15:41:29.044  7726  7726 E AndroidRuntime: 	at android.preference.GenericInflater.rInflate(GenericInflater.java:483)
03-26 15:41:29.044  7726  7726 E AndroidRuntime: 	at android.preference.GenericInflater.rInflate(GenericInflater.java:495)
03-26 15:41:29.044  7726  7726 E AndroidRuntime: 	at android.preference.GenericInflater.inflate(GenericInflater.java:327)
03-26 15:41:29.044  7726  7726 E AndroidRuntime: 	at android.preference.GenericInflater.inflate(GenericInflater.java:264)
03-26 15:41:29.044  7726  7726 E AndroidRuntime: 	at android.preference.PreferenceManager.inflateFromResource(PreferenceManager.java:280)
03-26 15:41:29.044  7726  7726 E AndroidRuntime: 	at android.preference.PreferenceActivity.addPreferencesFromResource(PreferenceActivity.java:1521)
03-26 15:41:29.044  7726  7726 E AndroidRuntime: 	at de.k3b.android.androFotoFinder.SettingsActivity.onCreate(SettingsActivity.java:78)
03-26 15:41:29.044  7726  7726 E AndroidRuntime: 	at android.app.Activity.performCreate(Activity.java:6679)
03-26 15:41:29.044  7726  7726 E AndroidRuntime: 	at android.app.Instrumentation.callActivityOnCreate(Instrumentation.java:1118)
03-26 15:41:29.044  7726  7726 E AndroidRuntime: 	at android.app.ActivityThread.performLaunchActivity(ActivityThread.java:2618)
03-26 15:41:29.044  7726  7726 E AndroidRuntime: 	... 9 more
03-26 15:41:29.044  7726  7726 E AndroidRuntime: Caused by: java.lang.ClassNotFoundException: Didn't find class "de.k3b.android.widgets.EditTextPreferenceWithSummary" on path: DexPathList[[zip file "/data/app/de.k3b.android.androFotoFinder-1/base.apk"],nativeLibraryDirectories=[/data/app/de.k3b.android.androFotoFinder-1/lib/x86, /system/lib, /vendor/lib]]
03-26 15:41:29.044  7726  7726 E AndroidRuntime: 	at dalvik.system.BaseDexClassLoader.findClass(BaseDexClassLoader.java:56)
03-26 15:41:29.044  7726  7726 E AndroidRuntime: 	at java.lang.ClassLoader.loadClass(ClassLoader.java:380)
03-26 15:41:29.044  7726  7726 E AndroidRuntime: 	at java.lang.ClassLoader.loadClass(ClassLoader.java:312)
03-26 15:41:29.044  7726  7726 E AndroidRuntime: 	at android.preference.GenericInflater.createItem(GenericInflater.java:376)
03-26 15:41:29.044  7726  7726 E AndroidRuntime: 	at android.preference.GenericInflater.createItemFromTag(GenericInflater.java:432)
03-26 15:41:29.044  7726  7726 E AndroidRuntime: 	... 19 more
03-26 15:42:08.281  8308  8308 W System.err: java.io.FileNotFoundException: /jacoco.exec (Read-only file system)
03-26 15:42:08.281  8308  8308 W System.err: 	at java.io.FileOutputStream.open(Native Method)
03-26 15:42:08.281  8308  8308 W System.err: 	at java.io.FileOutputStream.<init>(FileOutputStream.java:221)
03-26 15:42:08.281  8308  8308 W System.err: 	at org.jacoco.agent.rt.internal_8ff85ea.output.FileOutput.openFile(FileOutput.java:67)
03-26 15:42:08.281  8308  8308 W System.err: 	at org.jacoco.agent.rt.internal_8ff85ea.output.FileOutput.startup(FileOutput.java:49)
03-26 15:42:08.281  8308  8308 W System.err: 	at org.jacoco.agent.rt.internal_8ff85ea.Agent.startup(Agent.java:122)
03-26 15:42:08.281  8308  8308 W System.err: 	at org.jacoco.agent.rt.internal_8ff85ea.Agent.getInstance(Agent.java:50)
03-26 15:42:08.281  8308  8308 W System.err: 	at org.jacoco.agent.rt.internal_8ff85ea.Offline.<clinit>(Offline.java:31)
03-26 15:42:08.281  8308  8308 W System.err: 	at org.jacoco.agent.rt.internal_8ff85ea.Offline.getProbes(Offline.java:51)
03-26 15:42:08.281  8308  8308 W System.err: 	at de.k3b.android.androFotoFinder.AndroFotoFinderApp.$jacocoInit(AndroFotoFinderApp.java)
03-26 15:42:08.281  8308  8308 W System.err: 	at de.k3b.android.androFotoFinder.AndroFotoFinderApp.<init>(AndroFotoFinderApp.java)
03-26 15:42:08.281  8308  8308 W System.err: 	at java.lang.Class.newInstance(Native Method)
03-26 15:42:08.282  8308  8308 W System.err: 	at android.app.Instrumentation.newApplication(Instrumentation.java:1007)
03-26 15:42:08.282  8308  8308 W System.err: 	at android.app.Instrumentation.newApplication(Instrumentation.java:992)
03-26 15:42:08.282  8308  8308 W System.err: 	at android.app.LoadedApk.makeApplication(LoadedApk.java:796)
03-26 15:42:08.282  8308  8308 W System.err: 	at android.app.ActivityThread.handleBindApplication(ActivityThread.java:5377)
03-26 15:42:08.282  8308  8308 W System.err: 	at android.app.ActivityThread.-wrap2(ActivityThread.java)
03-26 15:42:08.287  8308  8308 W System.err: 	at android.app.ActivityThread$H.handleMessage(ActivityThread.java:1545)
03-26 15:42:08.287  8308  8308 W System.err: 	at android.os.Handler.dispatchMessage(Handler.java:102)
03-26 15:42:08.287  8308  8308 W System.err: 	at android.os.Looper.loop(Looper.java:154)
03-26 15:42:08.287  8308  8308 W System.err: 	at android.app.ActivityThread.main(ActivityThread.java:6119)
03-26 15:42:08.289  8308  8308 W System.err: 	at java.lang.reflect.Method.invoke(Native Method)
03-26 15:42:08.289  8308  8308 W System.err: 	at com.android.internal.os.ZygoteInit$MethodAndArgsCaller.run(ZygoteInit.java:886)
03-26 15:42:08.289  8308  8308 W System.err: 	at com.android.internal.os.ZygoteInit.main(ZygoteInit.java:776)
