--------- beginning of main
--------- beginning of system
03-26 19:38:05.315  4723  4723 W System.err: java.io.FileNotFoundException: /jacoco.exec (Read-only file system)
03-26 19:38:05.315  4723  4723 W System.err: 	at java.io.FileOutputStream.open(Native Method)
03-26 19:38:05.315  4723  4723 W System.err: 	at java.io.FileOutputStream.<init>(FileOutputStream.java:221)
03-26 19:38:05.315  4723  4723 W System.err: 	at org.jacoco.agent.rt.internal_8ff85ea.output.FileOutput.openFile(FileOutput.java:67)
03-26 19:38:05.315  4723  4723 W System.err: 	at org.jacoco.agent.rt.internal_8ff85ea.output.FileOutput.startup(FileOutput.java:49)
03-26 19:38:05.315  4723  4723 W System.err: 	at org.jacoco.agent.rt.internal_8ff85ea.Agent.startup(Agent.java:122)
03-26 19:38:05.316  4723  4723 W System.err: 	at org.jacoco.agent.rt.internal_8ff85ea.Agent.getInstance(Agent.java:50)
03-26 19:38:05.316  4723  4723 W System.err: 	at org.jacoco.agent.rt.internal_8ff85ea.Offline.<clinit>(Offline.java:31)
03-26 19:38:05.316  4723  4723 W System.err: 	at org.jacoco.agent.rt.internal_8ff85ea.Offline.getProbes(Offline.java:51)
03-26 19:38:05.316  4723  4723 W System.err: 	at com.ichi2.anki.AnkiDroidApp.$jacocoInit(AnkiDroidApp.java)
03-26 19:38:05.316  4723  4723 W System.err: 	at com.ichi2.anki.AnkiDroidApp.<clinit>(AnkiDroidApp.java)
03-26 19:38:05.316  4723  4723 W System.err: 	at java.lang.Class.newInstance(Native Method)
03-26 19:38:05.316  4723  4723 W System.err: 	at android.app.Instrumentation.newApplication(Instrumentation.java:1007)
03-26 19:38:05.316  4723  4723 W System.err: 	at android.app.Instrumentation.newApplication(Instrumentation.java:992)
03-26 19:38:05.316  4723  4723 W System.err: 	at android.app.LoadedApk.makeApplication(LoadedApk.java:796)
03-26 19:38:05.316  4723  4723 W System.err: 	at android.app.ActivityThread.handleBindApplication(ActivityThread.java:5377)
03-26 19:38:05.316  4723  4723 W System.err: 	at android.app.ActivityThread.-wrap2(ActivityThread.java)
03-26 19:38:05.316  4723  4723 W System.err: 	at android.app.ActivityThread$H.handleMessage(ActivityThread.java:1545)
03-26 19:38:05.316  4723  4723 W System.err: 	at android.os.Handler.dispatchMessage(Handler.java:102)
03-26 19:38:05.316  4723  4723 W System.err: 	at android.os.Looper.loop(Looper.java:154)
03-26 19:38:05.316  4723  4723 W System.err: 	at android.app.ActivityThread.main(ActivityThread.java:6119)
03-26 19:38:05.316  4723  4723 W System.err: 	at java.lang.reflect.Method.invoke(Native Method)
03-26 19:38:05.316  4723  4723 W System.err: 	at com.android.internal.os.ZygoteInit$MethodAndArgsCaller.run(ZygoteInit.java:886)
03-26 19:38:05.316  4723  4723 W System.err: 	at com.android.internal.os.ZygoteInit.main(ZygoteInit.java:776)
--------- beginning of crash
03-26 19:40:31.927  4723  4723 E AndroidRuntime: FATAL EXCEPTION: main
03-26 19:40:31.927  4723  4723 E AndroidRuntime: Process: com.ichi2.anki, PID: 4723
03-26 19:40:31.927  4723  4723 E AndroidRuntime: java.lang.NullPointerException: Attempt to invoke virtual method 'boolean android.support.v7.widget.SearchView.isIconified()' on a null object reference
03-26 19:40:31.927  4723  4723 E AndroidRuntime: 	at com.ichi2.anki.CardBrowser$20.onPostExecute(CardBrowser.java:1364)
03-26 19:40:31.927  4723  4723 E AndroidRuntime: 	at com.ichi2.async.DeckTask$TaskListener.onPostExecute(DeckTask.java:1521)
03-26 19:40:31.927  4723  4723 E AndroidRuntime: 	at com.ichi2.async.DeckTask.onPostExecute(DeckTask.java:376)
03-26 19:40:31.927  4723  4723 E AndroidRuntime: 	at com.ichi2.async.DeckTask.onPostExecute(DeckTask.java:69)
03-26 19:40:31.927  4723  4723 E AndroidRuntime: 	at android.os.AsyncTask.finish(AsyncTask.java:667)
03-26 19:40:31.927  4723  4723 E AndroidRuntime: 	at android.os.AsyncTask.-wrap1(AsyncTask.java)
03-26 19:40:31.927  4723  4723 E AndroidRuntime: 	at android.os.AsyncTask$InternalHandler.handleMessage(AsyncTask.java:684)
03-26 19:40:31.927  4723  4723 E AndroidRuntime: 	at android.os.Handler.dispatchMessage(Handler.java:102)
03-26 19:40:31.927  4723  4723 E AndroidRuntime: 	at android.os.Looper.loop(Looper.java:154)
03-26 19:40:31.927  4723  4723 E AndroidRuntime: 	at android.app.ActivityThread.main(ActivityThread.java:6119)
03-26 19:40:31.927  4723  4723 E AndroidRuntime: 	at java.lang.reflect.Method.invoke(Native Method)
03-26 19:40:31.927  4723  4723 E AndroidRuntime: 	at com.android.internal.os.ZygoteInit$MethodAndArgsCaller.run(ZygoteInit.java:886)
03-26 19:40:31.927  4723  4723 E AndroidRuntime: 	at com.android.internal.os.ZygoteInit.main(ZygoteInit.java:776)
03-26 19:40:52.619  5722  5722 W System.err: java.io.FileNotFoundException: /jacoco.exec (Read-only file system)
03-26 19:40:52.619  5722  5722 W System.err: 	at java.io.FileOutputStream.open(Native Method)
03-26 19:40:52.619  5722  5722 W System.err: 	at java.io.FileOutputStream.<init>(FileOutputStream.java:221)
03-26 19:40:52.619  5722  5722 W System.err: 	at org.jacoco.agent.rt.internal_8ff85ea.output.FileOutput.openFile(FileOutput.java:67)
03-26 19:40:52.619  5722  5722 W System.err: 	at org.jacoco.agent.rt.internal_8ff85ea.output.FileOutput.startup(FileOutput.java:49)
03-26 19:40:52.619  5722  5722 W System.err: 	at org.jacoco.agent.rt.internal_8ff85ea.Agent.startup(Agent.java:122)
03-26 19:40:52.619  5722  5722 W System.err: 	at org.jacoco.agent.rt.internal_8ff85ea.Agent.getInstance(Agent.java:50)
03-26 19:40:52.619  5722  5722 W System.err: 	at org.jacoco.agent.rt.internal_8ff85ea.Offline.<clinit>(Offline.java:31)
03-26 19:40:52.619  5722  5722 W System.err: 	at org.jacoco.agent.rt.internal_8ff85ea.Offline.getProbes(Offline.java:51)
03-26 19:40:52.619  5722  5722 W System.err: 	at com.ichi2.anki.AnkiDroidApp.$jacocoInit(AnkiDroidApp.java)
03-26 19:40:52.619  5722  5722 W System.err: 	at com.ichi2.anki.AnkiDroidApp.<clinit>(AnkiDroidApp.java)
03-26 19:40:52.619  5722  5722 W System.err: 	at java.lang.Class.newInstance(Native Method)
03-26 19:40:52.619  5722  5722 W System.err: 	at android.app.Instrumentation.newApplication(Instrumentation.java:1007)
03-26 19:40:52.619  5722  5722 W System.err: 	at android.app.Instrumentation.newApplication(Instrumentation.java:992)
03-26 19:40:52.619  5722  5722 W System.err: 	at android.app.LoadedApk.makeApplication(LoadedApk.java:796)
03-26 19:40:52.619  5722  5722 W System.err: 	at android.app.ActivityThread.handleBindApplication(ActivityThread.java:5377)
03-26 19:40:52.619  5722  5722 W System.err: 	at android.app.ActivityThread.-wrap2(ActivityThread.java)
03-26 19:40:52.619  5722  5722 W System.err: 	at android.app.ActivityThread$H.handleMessage(ActivityThread.java:1545)
03-26 19:40:52.619  5722  5722 W System.err: 	at android.os.Handler.dispatchMessage(Handler.java:102)
03-26 19:40:52.620  5722  5722 W System.err: 	at android.os.Looper.loop(Looper.java:154)
03-26 19:40:52.620  5722  5722 W System.err: 	at android.app.ActivityThread.main(ActivityThread.java:6119)
03-26 19:40:52.620  5722  5722 W System.err: 	at java.lang.reflect.Method.invoke(Native Method)
03-26 19:40:52.620  5722  5722 W System.err: 	at com.android.internal.os.ZygoteInit$MethodAndArgsCaller.run(ZygoteInit.java:886)
03-26 19:40:52.620  5722  5722 W System.err: 	at com.android.internal.os.ZygoteInit.main(ZygoteInit.java:776)
03-26 19:41:11.898  5722  5722 E AndroidRuntime: FATAL EXCEPTION: main
03-26 19:41:11.898  5722  5722 E AndroidRuntime: Process: com.ichi2.anki, PID: 5722
03-26 19:41:11.898  5722  5722 E AndroidRuntime: java.lang.NullPointerException: Attempt to invoke virtual method 'boolean android.support.v7.widget.SearchView.isIconified()' on a null object reference
03-26 19:41:11.898  5722  5722 E AndroidRuntime: 	at com.ichi2.anki.CardBrowser$20.onPostExecute(CardBrowser.java:1364)
03-26 19:41:11.898  5722  5722 E AndroidRuntime: 	at com.ichi2.async.DeckTask$TaskListener.onPostExecute(DeckTask.java:1521)
03-26 19:41:11.898  5722  5722 E AndroidRuntime: 	at com.ichi2.async.DeckTask.onPostExecute(DeckTask.java:376)
03-26 19:41:11.898  5722  5722 E AndroidRuntime: 	at com.ichi2.async.DeckTask.onPostExecute(DeckTask.java:69)
03-26 19:41:11.898  5722  5722 E AndroidRuntime: 	at android.os.AsyncTask.finish(AsyncTask.java:667)
03-26 19:41:11.898  5722  5722 E AndroidRuntime: 	at android.os.AsyncTask.-wrap1(AsyncTask.java)
03-26 19:41:11.898  5722  5722 E AndroidRuntime: 	at android.os.AsyncTask$InternalHandler.handleMessage(AsyncTask.java:684)
03-26 19:41:11.898  5722  5722 E AndroidRuntime: 	at android.os.Handler.dispatchMessage(Handler.java:102)
03-26 19:41:11.898  5722  5722 E AndroidRuntime: 	at android.os.Looper.loop(Looper.java:154)
03-26 19:41:11.898  5722  5722 E AndroidRuntime: 	at android.app.ActivityThread.main(ActivityThread.java:6119)
03-26 19:41:11.898  5722  5722 E AndroidRuntime: 	at java.lang.reflect.Method.invoke(Native Method)
03-26 19:41:11.898  5722  5722 E AndroidRuntime: 	at com.android.internal.os.ZygoteInit$MethodAndArgsCaller.run(ZygoteInit.java:886)
03-26 19:41:11.898  5722  5722 E AndroidRuntime: 	at com.android.internal.os.ZygoteInit.main(ZygoteInit.java:776)
03-26 19:41:47.004  6496  6496 W System.err: java.io.FileNotFoundException: /jacoco.exec (Read-only file system)
03-26 19:41:47.005  6496  6496 W System.err: 	at java.io.FileOutputStream.open(Native Method)
03-26 19:41:47.005  6496  6496 W System.err: 	at java.io.FileOutputStream.<init>(FileOutputStream.java:221)
03-26 19:41:47.005  6496  6496 W System.err: 	at org.jacoco.agent.rt.internal_8ff85ea.output.FileOutput.openFile(FileOutput.java:67)
03-26 19:41:47.005  6496  6496 W System.err: 	at org.jacoco.agent.rt.internal_8ff85ea.output.FileOutput.startup(FileOutput.java:49)
03-26 19:41:47.005  6496  6496 W System.err: 	at org.jacoco.agent.rt.internal_8ff85ea.Agent.startup(Agent.java:122)
03-26 19:41:47.005  6496  6496 W System.err: 	at org.jacoco.agent.rt.internal_8ff85ea.Agent.getInstance(Agent.java:50)
03-26 19:41:47.005  6496  6496 W System.err: 	at org.jacoco.agent.rt.internal_8ff85ea.Offline.<clinit>(Offline.java:31)
03-26 19:41:47.005  6496  6496 W System.err: 	at org.jacoco.agent.rt.internal_8ff85ea.Offline.getProbes(Offline.java:51)
03-26 19:41:47.005  6496  6496 W System.err: 	at com.ichi2.anki.AnkiDroidApp.$jacocoInit(AnkiDroidApp.java)
03-26 19:41:47.005  6496  6496 W System.err: 	at com.ichi2.anki.AnkiDroidApp.<clinit>(AnkiDroidApp.java)
03-26 19:41:47.005  6496  6496 W System.err: 	at java.lang.Class.newInstance(Native Method)
03-26 19:41:47.005  6496  6496 W System.err: 	at android.app.Instrumentation.newApplication(Instrumentation.java:1007)
03-26 19:41:47.005  6496  6496 W System.err: 	at android.app.Instrumentation.newApplication(Instrumentation.java:992)
03-26 19:41:47.005  6496  6496 W System.err: 	at android.app.LoadedApk.makeApplication(LoadedApk.java:796)
03-26 19:41:47.005  6496  6496 W System.err: 	at android.app.ActivityThread.handleBindApplication(ActivityThread.java:5377)
03-26 19:41:47.005  6496  6496 W System.err: 	at android.app.ActivityThread.-wrap2(ActivityThread.java)
03-26 19:41:47.005  6496  6496 W System.err: 	at android.app.ActivityThread$H.handleMessage(ActivityThread.java:1545)
03-26 19:41:47.005  6496  6496 W System.err: 	at android.os.Handler.dispatchMessage(Handler.java:102)
03-26 19:41:47.005  6496  6496 W System.err: 	at android.os.Looper.loop(Looper.java:154)
03-26 19:41:47.005  6496  6496 W System.err: 	at android.app.ActivityThread.main(ActivityThread.java:6119)
03-26 19:41:47.005  6496  6496 W System.err: 	at java.lang.reflect.Method.invoke(Native Method)
03-26 19:41:47.005  6496  6496 W System.err: 	at com.android.internal.os.ZygoteInit$MethodAndArgsCaller.run(ZygoteInit.java:886)
03-26 19:41:47.005  6496  6496 W System.err: 	at com.android.internal.os.ZygoteInit.main(ZygoteInit.java:776)
