--------- beginning of main
--------- beginning of system
03-26 18:22:06.826  4953  4953 W System.err: java.io.FileNotFoundException: /jacoco.exec (Read-only file system)
03-26 18:22:06.826  4953  4953 W System.err: 	at java.io.FileOutputStream.open(Native Method)
03-26 18:22:06.826  4953  4953 W System.err: 	at java.io.FileOutputStream.<init>(FileOutputStream.java:221)
03-26 18:22:06.826  4953  4953 W System.err: 	at org.jacoco.agent.rt.internal_8ff85ea.output.FileOutput.openFile(FileOutput.java:67)
03-26 18:22:06.826  4953  4953 W System.err: 	at org.jacoco.agent.rt.internal_8ff85ea.output.FileOutput.startup(FileOutput.java:49)
03-26 18:22:06.826  4953  4953 W System.err: 	at org.jacoco.agent.rt.internal_8ff85ea.Agent.startup(Agent.java:122)
03-26 18:22:06.826  4953  4953 W System.err: 	at org.jacoco.agent.rt.internal_8ff85ea.Agent.getInstance(Agent.java:50)
03-26 18:22:06.826  4953  4953 W System.err: 	at org.jacoco.agent.rt.internal_8ff85ea.Offline.<clinit>(Offline.java:31)
03-26 18:22:06.826  4953  4953 W System.err: 	at org.jacoco.agent.rt.internal_8ff85ea.Offline.getProbes(Offline.java:51)
03-26 18:22:06.826  4953  4953 W System.err: 	at de.k3b.android.androFotoFinder.AndroFotoFinderApp.$jacocoInit(AndroFotoFinderApp.java)
03-26 18:22:06.826  4953  4953 W System.err: 	at de.k3b.android.androFotoFinder.AndroFotoFinderApp.<init>(AndroFotoFinderApp.java)
03-26 18:22:06.826  4953  4953 W System.err: 	at java.lang.Class.newInstance(Native Method)
03-26 18:22:06.826  4953  4953 W System.err: 	at android.app.Instrumentation.newApplication(Instrumentation.java:1007)
03-26 18:22:06.826  4953  4953 W System.err: 	at android.app.Instrumentation.newApplication(Instrumentation.java:992)
03-26 18:22:06.826  4953  4953 W System.err: 	at android.app.LoadedApk.makeApplication(LoadedApk.java:796)
03-26 18:22:06.826  4953  4953 W System.err: 	at android.app.ActivityThread.handleBindApplication(ActivityThread.java:5377)
03-26 18:22:06.826  4953  4953 W System.err: 	at android.app.ActivityThread.-wrap2(ActivityThread.java)
03-26 18:22:06.826  4953  4953 W System.err: 	at android.app.ActivityThread$H.handleMessage(ActivityThread.java:1545)
03-26 18:22:06.826  4953  4953 W System.err: 	at android.os.Handler.dispatchMessage(Handler.java:102)
03-26 18:22:06.826  4953  4953 W System.err: 	at android.os.Looper.loop(Looper.java:154)
03-26 18:22:06.826  4953  4953 W System.err: 	at android.app.ActivityThread.main(ActivityThread.java:6119)
03-26 18:22:06.826  4953  4953 W System.err: 	at java.lang.reflect.Method.invoke(Native Method)
03-26 18:22:06.826  4953  4953 W System.err: 	at com.android.internal.os.ZygoteInit$MethodAndArgsCaller.run(ZygoteInit.java:886)
03-26 18:22:06.826  4953  4953 W System.err: 	at com.android.internal.os.ZygoteInit.main(ZygoteInit.java:776)
--------- beginning of crash
03-26 18:23:09.646  4953  4953 E AndroidRuntime: FATAL EXCEPTION: main
03-26 18:23:09.646  4953  4953 E AndroidRuntime: Process: de.k3b.android.androFotoFinder, PID: 4953
03-26 18:23:09.646  4953  4953 E AndroidRuntime: java.lang.RuntimeException: Unable to start activity ComponentInfo{de.k3b.android.androFotoFinder/de.k3b.android.androFotoFinder.SettingsActivity}: android.view.InflateException: Binary XML file line #49: Error inflating class de.k3b.android.widgets.EditTextPreferenceWithSummary
03-26 18:23:09.646  4953  4953 E AndroidRuntime: 	at android.app.ActivityThread.performLaunchActivity(ActivityThread.java:2665)
03-26 18:23:09.646  4953  4953 E AndroidRuntime: 	at android.app.ActivityThread.handleLaunchActivity(ActivityThread.java:2726)
03-26 18:23:09.646  4953  4953 E AndroidRuntime: 	at android.app.ActivityThread.-wrap12(ActivityThread.java)
03-26 18:23:09.646  4953  4953 E AndroidRuntime: 	at android.app.ActivityThread$H.handleMessage(ActivityThread.java:1477)
03-26 18:23:09.646  4953  4953 E AndroidRuntime: 	at android.os.Handler.dispatchMessage(Handler.java:102)
03-26 18:23:09.646  4953  4953 E AndroidRuntime: 	at android.os.Looper.loop(Looper.java:154)
03-26 18:23:09.646  4953  4953 E AndroidRuntime: 	at android.app.ActivityThread.main(ActivityThread.java:6119)
03-26 18:23:09.646  4953  4953 E AndroidRuntime: 	at java.lang.reflect.Method.invoke(Native Method)
03-26 18:23:09.646  4953  4953 E AndroidRuntime: 	at com.android.internal.os.ZygoteInit$MethodAndArgsCaller.run(ZygoteInit.java:886)
03-26 18:23:09.646  4953  4953 E AndroidRuntime: 	at com.android.internal.os.ZygoteInit.main(ZygoteInit.java:776)
03-26 18:23:09.646  4953  4953 E AndroidRuntime: Caused by: android.view.InflateException: Binary XML file line #49: Error inflating class de.k3b.android.widgets.EditTextPreferenceWithSummary
03-26 18:23:09.646  4953  4953 E AndroidRuntime: 	at android.preference.GenericInflater.createItemFromTag(GenericInflater.java:443)
03-26 18:23:09.646  4953  4953 E AndroidRuntime: 	at android.preference.GenericInflater.rInflate(GenericInflater.java:483)
03-26 18:23:09.646  4953  4953 E AndroidRuntime: 	at android.preference.GenericInflater.rInflate(GenericInflater.java:495)
03-26 18:23:09.646  4953  4953 E AndroidRuntime: 	at android.preference.GenericInflater.inflate(GenericInflater.java:327)
03-26 18:23:09.646  4953  4953 E AndroidRuntime: 	at android.preference.GenericInflater.inflate(GenericInflater.java:264)
03-26 18:23:09.646  4953  4953 E AndroidRuntime: 	at android.preference.PreferenceManager.inflateFromResource(PreferenceManager.java:280)
03-26 18:23:09.646  4953  4953 E AndroidRuntime: 	at android.preference.PreferenceActivity.addPreferencesFromResource(PreferenceActivity.java:1521)
03-26 18:23:09.646  4953  4953 E AndroidRuntime: 	at de.k3b.android.androFotoFinder.SettingsActivity.onCreate(SettingsActivity.java:78)
03-26 18:23:09.646  4953  4953 E AndroidRuntime: 	at android.app.Activity.performCreate(Activity.java:6679)
03-26 18:23:09.646  4953  4953 E AndroidRuntime: 	at android.app.Instrumentation.callActivityOnCreate(Instrumentation.java:1118)
03-26 18:23:09.646  4953  4953 E AndroidRuntime: 	at android.app.ActivityThread.performLaunchActivity(ActivityThread.java:2618)
03-26 18:23:09.646  4953  4953 E AndroidRuntime: 	... 9 more
03-26 18:23:09.646  4953  4953 E AndroidRuntime: Caused by: java.lang.ClassNotFoundException: Didn't find class "de.k3b.android.widgets.EditTextPreferenceWithSummary" on path: DexPathList[[zip file "/data/app/de.k3b.android.androFotoFinder-1/base.apk"],nativeLibraryDirectories=[/data/app/de.k3b.android.androFotoFinder-1/lib/x86, /system/lib, /vendor/lib]]
03-26 18:23:09.646  4953  4953 E AndroidRuntime: 	at dalvik.system.BaseDexClassLoader.findClass(BaseDexClassLoader.java:56)
03-26 18:23:09.646  4953  4953 E AndroidRuntime: 	at java.lang.ClassLoader.loadClass(ClassLoader.java:380)
03-26 18:23:09.646  4953  4953 E AndroidRuntime: 	at java.lang.ClassLoader.loadClass(ClassLoader.java:312)
03-26 18:23:09.646  4953  4953 E AndroidRuntime: 	at android.preference.GenericInflater.createItem(GenericInflater.java:376)
03-26 18:23:09.646  4953  4953 E AndroidRuntime: 	at android.preference.GenericInflater.createItemFromTag(GenericInflater.java:432)
03-26 18:23:09.646  4953  4953 E AndroidRuntime: 	... 19 more
03-26 18:23:41.980  5633  5633 W System.err: java.io.FileNotFoundException: /jacoco.exec (Read-only file system)
03-26 18:23:41.980  5633  5633 W System.err: 	at java.io.FileOutputStream.open(Native Method)
03-26 18:23:41.980  5633  5633 W System.err: 	at java.io.FileOutputStream.<init>(FileOutputStream.java:221)
03-26 18:23:41.980  5633  5633 W System.err: 	at org.jacoco.agent.rt.internal_8ff85ea.output.FileOutput.openFile(FileOutput.java:67)
03-26 18:23:41.980  5633  5633 W System.err: 	at org.jacoco.agent.rt.internal_8ff85ea.output.FileOutput.startup(FileOutput.java:49)
03-26 18:23:41.980  5633  5633 W System.err: 	at org.jacoco.agent.rt.internal_8ff85ea.Agent.startup(Agent.java:122)
03-26 18:23:41.980  5633  5633 W System.err: 	at org.jacoco.agent.rt.internal_8ff85ea.Agent.getInstance(Agent.java:50)
03-26 18:23:41.980  5633  5633 W System.err: 	at org.jacoco.agent.rt.internal_8ff85ea.Offline.<clinit>(Offline.java:31)
03-26 18:23:41.980  5633  5633 W System.err: 	at org.jacoco.agent.rt.internal_8ff85ea.Offline.getProbes(Offline.java:51)
03-26 18:23:41.980  5633  5633 W System.err: 	at de.k3b.android.androFotoFinder.AndroFotoFinderApp.$jacocoInit(AndroFotoFinderApp.java)
03-26 18:23:41.980  5633  5633 W System.err: 	at de.k3b.android.androFotoFinder.AndroFotoFinderApp.<init>(AndroFotoFinderApp.java)
03-26 18:23:41.980  5633  5633 W System.err: 	at java.lang.Class.newInstance(Native Method)
03-26 18:23:41.980  5633  5633 W System.err: 	at android.app.Instrumentation.newApplication(Instrumentation.java:1007)
03-26 18:23:41.980  5633  5633 W System.err: 	at android.app.Instrumentation.newApplication(Instrumentation.java:992)
03-26 18:23:41.980  5633  5633 W System.err: 	at android.app.LoadedApk.makeApplication(LoadedApk.java:796)
03-26 18:23:41.980  5633  5633 W System.err: 	at android.app.ActivityThread.handleBindApplication(ActivityThread.java:5377)
03-26 18:23:41.980  5633  5633 W System.err: 	at android.app.ActivityThread.-wrap2(ActivityThread.java)
03-26 18:23:41.981  5633  5633 W System.err: 	at android.app.ActivityThread$H.handleMessage(ActivityThread.java:1545)
03-26 18:23:41.981  5633  5633 W System.err: 	at android.os.Handler.dispatchMessage(Handler.java:102)
03-26 18:23:41.981  5633  5633 W System.err: 	at android.os.Looper.loop(Looper.java:154)
03-26 18:23:41.981  5633  5633 W System.err: 	at android.app.ActivityThread.main(ActivityThread.java:6119)
03-26 18:23:41.981  5633  5633 W System.err: 	at java.lang.reflect.Method.invoke(Native Method)
03-26 18:23:41.981  5633  5633 W System.err: 	at com.android.internal.os.ZygoteInit$MethodAndArgsCaller.run(ZygoteInit.java:886)
03-26 18:23:41.981  5633  5633 W System.err: 	at com.android.internal.os.ZygoteInit.main(ZygoteInit.java:776)
03-26 18:24:14.080  5633  5633 E AndroidRuntime: FATAL EXCEPTION: main
03-26 18:24:14.080  5633  5633 E AndroidRuntime: Process: de.k3b.android.androFotoFinder, PID: 5633
03-26 18:24:14.080  5633  5633 E AndroidRuntime: java.lang.RuntimeException: Unable to start activity ComponentInfo{de.k3b.android.androFotoFinder/de.k3b.android.androFotoFinder.SettingsActivity}: android.view.InflateException: Binary XML file line #49: Error inflating class de.k3b.android.widgets.EditTextPreferenceWithSummary
03-26 18:24:14.080  5633  5633 E AndroidRuntime: 	at android.app.ActivityThread.performLaunchActivity(ActivityThread.java:2665)
03-26 18:24:14.080  5633  5633 E AndroidRuntime: 	at android.app.ActivityThread.handleLaunchActivity(ActivityThread.java:2726)
03-26 18:24:14.080  5633  5633 E AndroidRuntime: 	at android.app.ActivityThread.-wrap12(ActivityThread.java)
03-26 18:24:14.080  5633  5633 E AndroidRuntime: 	at android.app.ActivityThread$H.handleMessage(ActivityThread.java:1477)
03-26 18:24:14.080  5633  5633 E AndroidRuntime: 	at android.os.Handler.dispatchMessage(Handler.java:102)
03-26 18:24:14.080  5633  5633 E AndroidRuntime: 	at android.os.Looper.loop(Looper.java:154)
03-26 18:24:14.080  5633  5633 E AndroidRuntime: 	at android.app.ActivityThread.main(ActivityThread.java:6119)
03-26 18:24:14.080  5633  5633 E AndroidRuntime: 	at java.lang.reflect.Method.invoke(Native Method)
03-26 18:24:14.080  5633  5633 E AndroidRuntime: 	at com.android.internal.os.ZygoteInit$MethodAndArgsCaller.run(ZygoteInit.java:886)
03-26 18:24:14.080  5633  5633 E AndroidRuntime: 	at com.android.internal.os.ZygoteInit.main(ZygoteInit.java:776)
03-26 18:24:14.080  5633  5633 E AndroidRuntime: Caused by: android.view.InflateException: Binary XML file line #49: Error inflating class de.k3b.android.widgets.EditTextPreferenceWithSummary
03-26 18:24:14.080  5633  5633 E AndroidRuntime: 	at android.preference.GenericInflater.createItemFromTag(GenericInflater.java:443)
03-26 18:24:14.080  5633  5633 E AndroidRuntime: 	at android.preference.GenericInflater.rInflate(GenericInflater.java:483)
03-26 18:24:14.080  5633  5633 E AndroidRuntime: 	at android.preference.GenericInflater.rInflate(GenericInflater.java:495)
03-26 18:24:14.080  5633  5633 E AndroidRuntime: 	at android.preference.GenericInflater.inflate(GenericInflater.java:327)
03-26 18:24:14.080  5633  5633 E AndroidRuntime: 	at android.preference.GenericInflater.inflate(GenericInflater.java:264)
03-26 18:24:14.080  5633  5633 E AndroidRuntime: 	at android.preference.PreferenceManager.inflateFromResource(PreferenceManager.java:280)
03-26 18:24:14.080  5633  5633 E AndroidRuntime: 	at android.preference.PreferenceActivity.addPreferencesFromResource(PreferenceActivity.java:1521)
03-26 18:24:14.080  5633  5633 E AndroidRuntime: 	at de.k3b.android.androFotoFinder.SettingsActivity.onCreate(SettingsActivity.java:78)
03-26 18:24:14.080  5633  5633 E AndroidRuntime: 	at android.app.Activity.performCreate(Activity.java:6679)
03-26 18:24:14.080  5633  5633 E AndroidRuntime: 	at android.app.Instrumentation.callActivityOnCreate(Instrumentation.java:1118)
03-26 18:24:14.080  5633  5633 E AndroidRuntime: 	at android.app.ActivityThread.performLaunchActivity(ActivityThread.java:2618)
03-26 18:24:14.080  5633  5633 E AndroidRuntime: 	... 9 more
03-26 18:24:14.080  5633  5633 E AndroidRuntime: Caused by: java.lang.ClassNotFoundException: Didn't find class "de.k3b.android.widgets.EditTextPreferenceWithSummary" on path: DexPathList[[zip file "/data/app/de.k3b.android.androFotoFinder-1/base.apk"],nativeLibraryDirectories=[/data/app/de.k3b.android.androFotoFinder-1/lib/x86, /system/lib, /vendor/lib]]
03-26 18:24:14.080  5633  5633 E AndroidRuntime: 	at dalvik.system.BaseDexClassLoader.findClass(BaseDexClassLoader.java:56)
03-26 18:24:14.080  5633  5633 E AndroidRuntime: 	at java.lang.ClassLoader.loadClass(ClassLoader.java:380)
03-26 18:24:14.080  5633  5633 E AndroidRuntime: 	at java.lang.ClassLoader.loadClass(ClassLoader.java:312)
03-26 18:24:14.080  5633  5633 E AndroidRuntime: 	at android.preference.GenericInflater.createItem(GenericInflater.java:376)
03-26 18:24:14.080  5633  5633 E AndroidRuntime: 	at android.preference.GenericInflater.createItemFromTag(GenericInflater.java:432)
03-26 18:24:14.080  5633  5633 E AndroidRuntime: 	... 19 more
03-26 18:25:00.342  6324  6324 W System.err: java.io.FileNotFoundException: /jacoco.exec (Read-only file system)
03-26 18:25:00.342  6324  6324 W System.err: 	at java.io.FileOutputStream.open(Native Method)
03-26 18:25:00.342  6324  6324 W System.err: 	at java.io.FileOutputStream.<init>(FileOutputStream.java:221)
03-26 18:25:00.342  6324  6324 W System.err: 	at org.jacoco.agent.rt.internal_8ff85ea.output.FileOutput.openFile(FileOutput.java:67)
03-26 18:25:00.342  6324  6324 W System.err: 	at org.jacoco.agent.rt.internal_8ff85ea.output.FileOutput.startup(FileOutput.java:49)
03-26 18:25:00.342  6324  6324 W System.err: 	at org.jacoco.agent.rt.internal_8ff85ea.Agent.startup(Agent.java:122)
03-26 18:25:00.342  6324  6324 W System.err: 	at org.jacoco.agent.rt.internal_8ff85ea.Agent.getInstance(Agent.java:50)
03-26 18:25:00.342  6324  6324 W System.err: 	at org.jacoco.agent.rt.internal_8ff85ea.Offline.<clinit>(Offline.java:31)
03-26 18:25:00.342  6324  6324 W System.err: 	at org.jacoco.agent.rt.internal_8ff85ea.Offline.getProbes(Offline.java:51)
03-26 18:25:00.342  6324  6324 W System.err: 	at de.k3b.android.androFotoFinder.AndroFotoFinderApp.$jacocoInit(AndroFotoFinderApp.java)
03-26 18:25:00.342  6324  6324 W System.err: 	at de.k3b.android.androFotoFinder.AndroFotoFinderApp.<init>(AndroFotoFinderApp.java)
03-26 18:25:00.342  6324  6324 W System.err: 	at java.lang.Class.newInstance(Native Method)
03-26 18:25:00.342  6324  6324 W System.err: 	at android.app.Instrumentation.newApplication(Instrumentation.java:1007)
03-26 18:25:00.342  6324  6324 W System.err: 	at android.app.Instrumentation.newApplication(Instrumentation.java:992)
03-26 18:25:00.342  6324  6324 W System.err: 	at android.app.LoadedApk.makeApplication(LoadedApk.java:796)
03-26 18:25:00.342  6324  6324 W System.err: 	at android.app.ActivityThread.handleBindApplication(ActivityThread.java:5377)
03-26 18:25:00.342  6324  6324 W System.err: 	at android.app.ActivityThread.-wrap2(ActivityThread.java)
03-26 18:25:00.342  6324  6324 W System.err: 	at android.app.ActivityThread$H.handleMessage(ActivityThread.java:1545)
03-26 18:25:00.342  6324  6324 W System.err: 	at android.os.Handler.dispatchMessage(Handler.java:102)
03-26 18:25:00.342  6324  6324 W System.err: 	at android.os.Looper.loop(Looper.java:154)
03-26 18:25:00.342  6324  6324 W System.err: 	at android.app.ActivityThread.main(ActivityThread.java:6119)
03-26 18:25:00.342  6324  6324 W System.err: 	at java.lang.reflect.Method.invoke(Native Method)
03-26 18:25:00.342  6324  6324 W System.err: 	at com.android.internal.os.ZygoteInit$MethodAndArgsCaller.run(ZygoteInit.java:886)
03-26 18:25:00.342  6324  6324 W System.err: 	at com.android.internal.os.ZygoteInit.main(ZygoteInit.java:776)
03-26 18:25:38.157  6324  6324 E AndroidRuntime: FATAL EXCEPTION: main
03-26 18:25:38.157  6324  6324 E AndroidRuntime: Process: de.k3b.android.androFotoFinder, PID: 6324
03-26 18:25:38.157  6324  6324 E AndroidRuntime: java.lang.RuntimeException: Unable to start activity ComponentInfo{de.k3b.android.androFotoFinder/de.k3b.android.androFotoFinder.SettingsActivity}: android.view.InflateException: Binary XML file line #49: Error inflating class de.k3b.android.widgets.EditTextPreferenceWithSummary
03-26 18:25:38.157  6324  6324 E AndroidRuntime: 	at android.app.ActivityThread.performLaunchActivity(ActivityThread.java:2665)
03-26 18:25:38.157  6324  6324 E AndroidRuntime: 	at android.app.ActivityThread.handleLaunchActivity(ActivityThread.java:2726)
03-26 18:25:38.157  6324  6324 E AndroidRuntime: 	at android.app.ActivityThread.-wrap12(ActivityThread.java)
03-26 18:25:38.157  6324  6324 E AndroidRuntime: 	at android.app.ActivityThread$H.handleMessage(ActivityThread.java:1477)
03-26 18:25:38.157  6324  6324 E AndroidRuntime: 	at android.os.Handler.dispatchMessage(Handler.java:102)
03-26 18:25:38.157  6324  6324 E AndroidRuntime: 	at android.os.Looper.loop(Looper.java:154)
03-26 18:25:38.157  6324  6324 E AndroidRuntime: 	at android.app.ActivityThread.main(ActivityThread.java:6119)
03-26 18:25:38.157  6324  6324 E AndroidRuntime: 	at java.lang.reflect.Method.invoke(Native Method)
03-26 18:25:38.157  6324  6324 E AndroidRuntime: 	at com.android.internal.os.ZygoteInit$MethodAndArgsCaller.run(ZygoteInit.java:886)
03-26 18:25:38.157  6324  6324 E AndroidRuntime: 	at com.android.internal.os.ZygoteInit.main(ZygoteInit.java:776)
03-26 18:25:38.157  6324  6324 E AndroidRuntime: Caused by: android.view.InflateException: Binary XML file line #49: Error inflating class de.k3b.android.widgets.EditTextPreferenceWithSummary
03-26 18:25:38.157  6324  6324 E AndroidRuntime: 	at android.preference.GenericInflater.createItemFromTag(GenericInflater.java:443)
03-26 18:25:38.157  6324  6324 E AndroidRuntime: 	at android.preference.GenericInflater.rInflate(GenericInflater.java:483)
03-26 18:25:38.157  6324  6324 E AndroidRuntime: 	at android.preference.GenericInflater.rInflate(GenericInflater.java:495)
03-26 18:25:38.157  6324  6324 E AndroidRuntime: 	at android.preference.GenericInflater.inflate(GenericInflater.java:327)
03-26 18:25:38.157  6324  6324 E AndroidRuntime: 	at android.preference.GenericInflater.inflate(GenericInflater.java:264)
03-26 18:25:38.157  6324  6324 E AndroidRuntime: 	at android.preference.PreferenceManager.inflateFromResource(PreferenceManager.java:280)
03-26 18:25:38.157  6324  6324 E AndroidRuntime: 	at android.preference.PreferenceActivity.addPreferencesFromResource(PreferenceActivity.java:1521)
03-26 18:25:38.157  6324  6324 E AndroidRuntime: 	at de.k3b.android.androFotoFinder.SettingsActivity.onCreate(SettingsActivity.java:78)
03-26 18:25:38.157  6324  6324 E AndroidRuntime: 	at android.app.Activity.performCreate(Activity.java:6679)
03-26 18:25:38.157  6324  6324 E AndroidRuntime: 	at android.app.Instrumentation.callActivityOnCreate(Instrumentation.java:1118)
03-26 18:25:38.157  6324  6324 E AndroidRuntime: 	at android.app.ActivityThread.performLaunchActivity(ActivityThread.java:2618)
03-26 18:25:38.157  6324  6324 E AndroidRuntime: 	... 9 more
03-26 18:25:38.157  6324  6324 E AndroidRuntime: Caused by: java.lang.ClassNotFoundException: Didn't find class "de.k3b.android.widgets.EditTextPreferenceWithSummary" on path: DexPathList[[zip file "/data/app/de.k3b.android.androFotoFinder-1/base.apk"],nativeLibraryDirectories=[/data/app/de.k3b.android.androFotoFinder-1/lib/x86, /system/lib, /vendor/lib]]
03-26 18:25:38.157  6324  6324 E AndroidRuntime: 	at dalvik.system.BaseDexClassLoader.findClass(BaseDexClassLoader.java:56)
03-26 18:25:38.157  6324  6324 E AndroidRuntime: 	at java.lang.ClassLoader.loadClass(ClassLoader.java:380)
03-26 18:25:38.157  6324  6324 E AndroidRuntime: 	at java.lang.ClassLoader.loadClass(ClassLoader.java:312)
03-26 18:25:38.157  6324  6324 E AndroidRuntime: 	at android.preference.GenericInflater.createItem(GenericInflater.java:376)
03-26 18:25:38.157  6324  6324 E AndroidRuntime: 	at android.preference.GenericInflater.createItemFromTag(GenericInflater.java:432)
03-26 18:25:38.157  6324  6324 E AndroidRuntime: 	... 19 more
03-26 18:26:10.412  6971  6971 W System.err: java.io.FileNotFoundException: /jacoco.exec (Read-only file system)
03-26 18:26:10.412  6971  6971 W System.err: 	at java.io.FileOutputStream.open(Native Method)
03-26 18:26:10.412  6971  6971 W System.err: 	at java.io.FileOutputStream.<init>(FileOutputStream.java:221)
03-26 18:26:10.412  6971  6971 W System.err: 	at org.jacoco.agent.rt.internal_8ff85ea.output.FileOutput.openFile(FileOutput.java:67)
03-26 18:26:10.412  6971  6971 W System.err: 	at org.jacoco.agent.rt.internal_8ff85ea.output.FileOutput.startup(FileOutput.java:49)
03-26 18:26:10.412  6971  6971 W System.err: 	at org.jacoco.agent.rt.internal_8ff85ea.Agent.startup(Agent.java:122)
03-26 18:26:10.412  6971  6971 W System.err: 	at org.jacoco.agent.rt.internal_8ff85ea.Agent.getInstance(Agent.java:50)
03-26 18:26:10.412  6971  6971 W System.err: 	at org.jacoco.agent.rt.internal_8ff85ea.Offline.<clinit>(Offline.java:31)
03-26 18:26:10.412  6971  6971 W System.err: 	at org.jacoco.agent.rt.internal_8ff85ea.Offline.getProbes(Offline.java:51)
03-26 18:26:10.412  6971  6971 W System.err: 	at de.k3b.android.androFotoFinder.AndroFotoFinderApp.$jacocoInit(AndroFotoFinderApp.java)
03-26 18:26:10.412  6971  6971 W System.err: 	at de.k3b.android.androFotoFinder.AndroFotoFinderApp.<init>(AndroFotoFinderApp.java)
03-26 18:26:10.412  6971  6971 W System.err: 	at java.lang.Class.newInstance(Native Method)
03-26 18:26:10.412  6971  6971 W System.err: 	at android.app.Instrumentation.newApplication(Instrumentation.java:1007)
03-26 18:26:10.412  6971  6971 W System.err: 	at android.app.Instrumentation.newApplication(Instrumentation.java:992)
03-26 18:26:10.412  6971  6971 W System.err: 	at android.app.LoadedApk.makeApplication(LoadedApk.java:796)
03-26 18:26:10.412  6971  6971 W System.err: 	at android.app.ActivityThread.handleBindApplication(ActivityThread.java:5377)
03-26 18:26:10.412  6971  6971 W System.err: 	at android.app.ActivityThread.-wrap2(ActivityThread.java)
03-26 18:26:10.412  6971  6971 W System.err: 	at android.app.ActivityThread$H.handleMessage(ActivityThread.java:1545)
03-26 18:26:10.412  6971  6971 W System.err: 	at android.os.Handler.dispatchMessage(Handler.java:102)
03-26 18:26:10.412  6971  6971 W System.err: 	at android.os.Looper.loop(Looper.java:154)
03-26 18:26:10.413  6971  6971 W System.err: 	at android.app.ActivityThread.main(ActivityThread.java:6119)
03-26 18:26:10.413  6971  6971 W System.err: 	at java.lang.reflect.Method.invoke(Native Method)
03-26 18:26:10.413  6971  6971 W System.err: 	at com.android.internal.os.ZygoteInit$MethodAndArgsCaller.run(ZygoteInit.java:886)
03-26 18:26:10.413  6971  6971 W System.err: 	at com.android.internal.os.ZygoteInit.main(ZygoteInit.java:776)
03-26 18:26:36.376  6971  6971 E AndroidRuntime: FATAL EXCEPTION: main
03-26 18:26:36.376  6971  6971 E AndroidRuntime: Process: de.k3b.android.androFotoFinder, PID: 6971
03-26 18:26:36.376  6971  6971 E AndroidRuntime: java.lang.RuntimeException: Unable to start activity ComponentInfo{de.k3b.android.androFotoFinder/de.k3b.android.androFotoFinder.SettingsActivity}: android.view.InflateException: Binary XML file line #49: Error inflating class de.k3b.android.widgets.EditTextPreferenceWithSummary
03-26 18:26:36.376  6971  6971 E AndroidRuntime: 	at android.app.ActivityThread.performLaunchActivity(ActivityThread.java:2665)
03-26 18:26:36.376  6971  6971 E AndroidRuntime: 	at android.app.ActivityThread.handleLaunchActivity(ActivityThread.java:2726)
03-26 18:26:36.376  6971  6971 E AndroidRuntime: 	at android.app.ActivityThread.-wrap12(ActivityThread.java)
03-26 18:26:36.376  6971  6971 E AndroidRuntime: 	at android.app.ActivityThread$H.handleMessage(ActivityThread.java:1477)
03-26 18:26:36.376  6971  6971 E AndroidRuntime: 	at android.os.Handler.dispatchMessage(Handler.java:102)
03-26 18:26:36.376  6971  6971 E AndroidRuntime: 	at android.os.Looper.loop(Looper.java:154)
03-26 18:26:36.376  6971  6971 E AndroidRuntime: 	at android.app.ActivityThread.main(ActivityThread.java:6119)
03-26 18:26:36.376  6971  6971 E AndroidRuntime: 	at java.lang.reflect.Method.invoke(Native Method)
03-26 18:26:36.376  6971  6971 E AndroidRuntime: 	at com.android.internal.os.ZygoteInit$MethodAndArgsCaller.run(ZygoteInit.java:886)
03-26 18:26:36.376  6971  6971 E AndroidRuntime: 	at com.android.internal.os.ZygoteInit.main(ZygoteInit.java:776)
03-26 18:26:36.376  6971  6971 E AndroidRuntime: Caused by: android.view.InflateException: Binary XML file line #49: Error inflating class de.k3b.android.widgets.EditTextPreferenceWithSummary
03-26 18:26:36.376  6971  6971 E AndroidRuntime: 	at android.preference.GenericInflater.createItemFromTag(GenericInflater.java:443)
03-26 18:26:36.376  6971  6971 E AndroidRuntime: 	at android.preference.GenericInflater.rInflate(GenericInflater.java:483)
03-26 18:26:36.376  6971  6971 E AndroidRuntime: 	at android.preference.GenericInflater.rInflate(GenericInflater.java:495)
03-26 18:26:36.376  6971  6971 E AndroidRuntime: 	at android.preference.GenericInflater.inflate(GenericInflater.java:327)
03-26 18:26:36.376  6971  6971 E AndroidRuntime: 	at android.preference.GenericInflater.inflate(GenericInflater.java:264)
03-26 18:26:36.376  6971  6971 E AndroidRuntime: 	at android.preference.PreferenceManager.inflateFromResource(PreferenceManager.java:280)
03-26 18:26:36.376  6971  6971 E AndroidRuntime: 	at android.preference.PreferenceActivity.addPreferencesFromResource(PreferenceActivity.java:1521)
03-26 18:26:36.376  6971  6971 E AndroidRuntime: 	at de.k3b.android.androFotoFinder.SettingsActivity.onCreate(SettingsActivity.java:78)
03-26 18:26:36.376  6971  6971 E AndroidRuntime: 	at android.app.Activity.performCreate(Activity.java:6679)
03-26 18:26:36.376  6971  6971 E AndroidRuntime: 	at android.app.Instrumentation.callActivityOnCreate(Instrumentation.java:1118)
03-26 18:26:36.376  6971  6971 E AndroidRuntime: 	at android.app.ActivityThread.performLaunchActivity(ActivityThread.java:2618)
03-26 18:26:36.376  6971  6971 E AndroidRuntime: 	... 9 more
03-26 18:26:36.376  6971  6971 E AndroidRuntime: Caused by: java.lang.ClassNotFoundException: Didn't find class "de.k3b.android.widgets.EditTextPreferenceWithSummary" on path: DexPathList[[zip file "/data/app/de.k3b.android.androFotoFinder-1/base.apk"],nativeLibraryDirectories=[/data/app/de.k3b.android.androFotoFinder-1/lib/x86, /system/lib, /vendor/lib]]
03-26 18:26:36.376  6971  6971 E AndroidRuntime: 	at dalvik.system.BaseDexClassLoader.findClass(BaseDexClassLoader.java:56)
03-26 18:26:36.376  6971  6971 E AndroidRuntime: 	at java.lang.ClassLoader.loadClass(ClassLoader.java:380)
03-26 18:26:36.376  6971  6971 E AndroidRuntime: 	at java.lang.ClassLoader.loadClass(ClassLoader.java:312)
03-26 18:26:36.376  6971  6971 E AndroidRuntime: 	at android.preference.GenericInflater.createItem(GenericInflater.java:376)
03-26 18:26:36.376  6971  6971 E AndroidRuntime: 	at android.preference.GenericInflater.createItemFromTag(GenericInflater.java:432)
03-26 18:26:36.376  6971  6971 E AndroidRuntime: 	... 19 more
03-26 18:27:38.900  7718  7718 W System.err: java.io.FileNotFoundException: /jacoco.exec (Read-only file system)
03-26 18:27:38.900  7718  7718 W System.err: 	at java.io.FileOutputStream.open(Native Method)
03-26 18:27:38.900  7718  7718 W System.err: 	at java.io.FileOutputStream.<init>(FileOutputStream.java:221)
03-26 18:27:38.901  7718  7718 W System.err: 	at org.jacoco.agent.rt.internal_8ff85ea.output.FileOutput.openFile(FileOutput.java:67)
03-26 18:27:38.901  7718  7718 W System.err: 	at org.jacoco.agent.rt.internal_8ff85ea.output.FileOutput.startup(FileOutput.java:49)
03-26 18:27:38.901  7718  7718 W System.err: 	at org.jacoco.agent.rt.internal_8ff85ea.Agent.startup(Agent.java:122)
03-26 18:27:38.901  7718  7718 W System.err: 	at org.jacoco.agent.rt.internal_8ff85ea.Agent.getInstance(Agent.java:50)
03-26 18:27:38.901  7718  7718 W System.err: 	at org.jacoco.agent.rt.internal_8ff85ea.Offline.<clinit>(Offline.java:31)
03-26 18:27:38.901  7718  7718 W System.err: 	at org.jacoco.agent.rt.internal_8ff85ea.Offline.getProbes(Offline.java:51)
03-26 18:27:38.901  7718  7718 W System.err: 	at de.k3b.android.androFotoFinder.AndroFotoFinderApp.$jacocoInit(AndroFotoFinderApp.java)
03-26 18:27:38.901  7718  7718 W System.err: 	at de.k3b.android.androFotoFinder.AndroFotoFinderApp.<init>(AndroFotoFinderApp.java)
03-26 18:27:38.901  7718  7718 W System.err: 	at java.lang.Class.newInstance(Native Method)
03-26 18:27:38.901  7718  7718 W System.err: 	at android.app.Instrumentation.newApplication(Instrumentation.java:1007)
03-26 18:27:38.901  7718  7718 W System.err: 	at android.app.Instrumentation.newApplication(Instrumentation.java:992)
03-26 18:27:38.901  7718  7718 W System.err: 	at android.app.LoadedApk.makeApplication(LoadedApk.java:796)
03-26 18:27:38.901  7718  7718 W System.err: 	at android.app.ActivityThread.handleBindApplication(ActivityThread.java:5377)
03-26 18:27:38.902  7718  7718 W System.err: 	at android.app.ActivityThread.-wrap2(ActivityThread.java)
03-26 18:27:38.902  7718  7718 W System.err: 	at android.app.ActivityThread$H.handleMessage(ActivityThread.java:1545)
03-26 18:27:38.902  7718  7718 W System.err: 	at android.os.Handler.dispatchMessage(Handler.java:102)
03-26 18:27:38.902  7718  7718 W System.err: 	at android.os.Looper.loop(Looper.java:154)
03-26 18:27:38.902  7718  7718 W System.err: 	at android.app.ActivityThread.main(ActivityThread.java:6119)
03-26 18:27:38.902  7718  7718 W System.err: 	at java.lang.reflect.Method.invoke(Native Method)
03-26 18:27:38.902  7718  7718 W System.err: 	at com.android.internal.os.ZygoteInit$MethodAndArgsCaller.run(ZygoteInit.java:886)
03-26 18:27:38.902  7718  7718 W System.err: 	at com.android.internal.os.ZygoteInit.main(ZygoteInit.java:776)
03-26 18:27:54.985  7718  7718 E AndroidRuntime: FATAL EXCEPTION: main
03-26 18:27:54.985  7718  7718 E AndroidRuntime: Process: de.k3b.android.androFotoFinder, PID: 7718
03-26 18:27:54.985  7718  7718 E AndroidRuntime: java.lang.RuntimeException: Unable to start activity ComponentInfo{de.k3b.android.androFotoFinder/de.k3b.android.androFotoFinder.SettingsActivity}: android.view.InflateException: Binary XML file line #49: Error inflating class de.k3b.android.widgets.EditTextPreferenceWithSummary
03-26 18:27:54.985  7718  7718 E AndroidRuntime: 	at android.app.ActivityThread.performLaunchActivity(ActivityThread.java:2665)
03-26 18:27:54.985  7718  7718 E AndroidRuntime: 	at android.app.ActivityThread.handleLaunchActivity(ActivityThread.java:2726)
03-26 18:27:54.985  7718  7718 E AndroidRuntime: 	at android.app.ActivityThread.-wrap12(ActivityThread.java)
03-26 18:27:54.985  7718  7718 E AndroidRuntime: 	at android.app.ActivityThread$H.handleMessage(ActivityThread.java:1477)
03-26 18:27:54.985  7718  7718 E AndroidRuntime: 	at android.os.Handler.dispatchMessage(Handler.java:102)
03-26 18:27:54.985  7718  7718 E AndroidRuntime: 	at android.os.Looper.loop(Looper.java:154)
03-26 18:27:54.985  7718  7718 E AndroidRuntime: 	at android.app.ActivityThread.main(ActivityThread.java:6119)
03-26 18:27:54.985  7718  7718 E AndroidRuntime: 	at java.lang.reflect.Method.invoke(Native Method)
03-26 18:27:54.985  7718  7718 E AndroidRuntime: 	at com.android.internal.os.ZygoteInit$MethodAndArgsCaller.run(ZygoteInit.java:886)
03-26 18:27:54.985  7718  7718 E AndroidRuntime: 	at com.android.internal.os.ZygoteInit.main(ZygoteInit.java:776)
03-26 18:27:54.985  7718  7718 E AndroidRuntime: Caused by: android.view.InflateException: Binary XML file line #49: Error inflating class de.k3b.android.widgets.EditTextPreferenceWithSummary
03-26 18:27:54.985  7718  7718 E AndroidRuntime: 	at android.preference.GenericInflater.createItemFromTag(GenericInflater.java:443)
03-26 18:27:54.985  7718  7718 E AndroidRuntime: 	at android.preference.GenericInflater.rInflate(GenericInflater.java:483)
03-26 18:27:54.985  7718  7718 E AndroidRuntime: 	at android.preference.GenericInflater.rInflate(GenericInflater.java:495)
03-26 18:27:54.985  7718  7718 E AndroidRuntime: 	at android.preference.GenericInflater.inflate(GenericInflater.java:327)
03-26 18:27:54.985  7718  7718 E AndroidRuntime: 	at android.preference.GenericInflater.inflate(GenericInflater.java:264)
03-26 18:27:54.985  7718  7718 E AndroidRuntime: 	at android.preference.PreferenceManager.inflateFromResource(PreferenceManager.java:280)
03-26 18:27:54.985  7718  7718 E AndroidRuntime: 	at android.preference.PreferenceActivity.addPreferencesFromResource(PreferenceActivity.java:1521)
03-26 18:27:54.985  7718  7718 E AndroidRuntime: 	at de.k3b.android.androFotoFinder.SettingsActivity.onCreate(SettingsActivity.java:78)
03-26 18:27:54.985  7718  7718 E AndroidRuntime: 	at android.app.Activity.performCreate(Activity.java:6679)
03-26 18:27:54.985  7718  7718 E AndroidRuntime: 	at android.app.Instrumentation.callActivityOnCreate(Instrumentation.java:1118)
03-26 18:27:54.985  7718  7718 E AndroidRuntime: 	at android.app.ActivityThread.performLaunchActivity(ActivityThread.java:2618)
03-26 18:27:54.985  7718  7718 E AndroidRuntime: 	... 9 more
03-26 18:27:54.985  7718  7718 E AndroidRuntime: Caused by: java.lang.ClassNotFoundException: Didn't find class "de.k3b.android.widgets.EditTextPreferenceWithSummary" on path: DexPathList[[zip file "/data/app/de.k3b.android.androFotoFinder-1/base.apk"],nativeLibraryDirectories=[/data/app/de.k3b.android.androFotoFinder-1/lib/x86, /system/lib, /vendor/lib]]
03-26 18:27:54.985  7718  7718 E AndroidRuntime: 	at dalvik.system.BaseDexClassLoader.findClass(BaseDexClassLoader.java:56)
03-26 18:27:54.985  7718  7718 E AndroidRuntime: 	at java.lang.ClassLoader.loadClass(ClassLoader.java:380)
03-26 18:27:54.985  7718  7718 E AndroidRuntime: 	at java.lang.ClassLoader.loadClass(ClassLoader.java:312)
03-26 18:27:54.985  7718  7718 E AndroidRuntime: 	at android.preference.GenericInflater.createItem(GenericInflater.java:376)
03-26 18:27:54.985  7718  7718 E AndroidRuntime: 	at android.preference.GenericInflater.createItemFromTag(GenericInflater.java:432)
03-26 18:27:54.985  7718  7718 E AndroidRuntime: 	... 19 more
03-26 18:28:32.857  8338  8338 W System.err: java.io.FileNotFoundException: /jacoco.exec (Read-only file system)
03-26 18:28:32.857  8338  8338 W System.err: 	at java.io.FileOutputStream.open(Native Method)
03-26 18:28:32.857  8338  8338 W System.err: 	at java.io.FileOutputStream.<init>(FileOutputStream.java:221)
03-26 18:28:32.857  8338  8338 W System.err: 	at org.jacoco.agent.rt.internal_8ff85ea.output.FileOutput.openFile(FileOutput.java:67)
03-26 18:28:32.857  8338  8338 W System.err: 	at org.jacoco.agent.rt.internal_8ff85ea.output.FileOutput.startup(FileOutput.java:49)
03-26 18:28:32.857  8338  8338 W System.err: 	at org.jacoco.agent.rt.internal_8ff85ea.Agent.startup(Agent.java:122)
03-26 18:28:32.857  8338  8338 W System.err: 	at org.jacoco.agent.rt.internal_8ff85ea.Agent.getInstance(Agent.java:50)
03-26 18:28:32.857  8338  8338 W System.err: 	at org.jacoco.agent.rt.internal_8ff85ea.Offline.<clinit>(Offline.java:31)
03-26 18:28:32.857  8338  8338 W System.err: 	at org.jacoco.agent.rt.internal_8ff85ea.Offline.getProbes(Offline.java:51)
03-26 18:28:32.857  8338  8338 W System.err: 	at de.k3b.android.androFotoFinder.AndroFotoFinderApp.$jacocoInit(AndroFotoFinderApp.java)
03-26 18:28:32.857  8338  8338 W System.err: 	at de.k3b.android.androFotoFinder.AndroFotoFinderApp.<init>(AndroFotoFinderApp.java)
03-26 18:28:32.857  8338  8338 W System.err: 	at java.lang.Class.newInstance(Native Method)
03-26 18:28:32.857  8338  8338 W System.err: 	at android.app.Instrumentation.newApplication(Instrumentation.java:1007)
03-26 18:28:32.857  8338  8338 W System.err: 	at android.app.Instrumentation.newApplication(Instrumentation.java:992)
03-26 18:28:32.857  8338  8338 W System.err: 	at android.app.LoadedApk.makeApplication(LoadedApk.java:796)
03-26 18:28:32.857  8338  8338 W System.err: 	at android.app.ActivityThread.handleBindApplication(ActivityThread.java:5377)
03-26 18:28:32.858  8338  8338 W System.err: 	at android.app.ActivityThread.-wrap2(ActivityThread.java)
03-26 18:28:32.858  8338  8338 W System.err: 	at android.app.ActivityThread$H.handleMessage(ActivityThread.java:1545)
03-26 18:28:32.858  8338  8338 W System.err: 	at android.os.Handler.dispatchMessage(Handler.java:102)
03-26 18:28:32.858  8338  8338 W System.err: 	at android.os.Looper.loop(Looper.java:154)
03-26 18:28:32.858  8338  8338 W System.err: 	at android.app.ActivityThread.main(ActivityThread.java:6119)
03-26 18:28:32.858  8338  8338 W System.err: 	at java.lang.reflect.Method.invoke(Native Method)
03-26 18:28:32.858  8338  8338 W System.err: 	at com.android.internal.os.ZygoteInit$MethodAndArgsCaller.run(ZygoteInit.java:886)
03-26 18:28:32.858  8338  8338 W System.err: 	at com.android.internal.os.ZygoteInit.main(ZygoteInit.java:776)
03-26 18:29:14.122  8338  8338 E AndroidRuntime: FATAL EXCEPTION: main
03-26 18:29:14.122  8338  8338 E AndroidRuntime: Process: de.k3b.android.androFotoFinder, PID: 8338
03-26 18:29:14.122  8338  8338 E AndroidRuntime: java.lang.RuntimeException: Unable to start activity ComponentInfo{de.k3b.android.androFotoFinder/de.k3b.android.androFotoFinder.SettingsActivity}: android.view.InflateException: Binary XML file line #49: Error inflating class de.k3b.android.widgets.EditTextPreferenceWithSummary
03-26 18:29:14.122  8338  8338 E AndroidRuntime: 	at android.app.ActivityThread.performLaunchActivity(ActivityThread.java:2665)
03-26 18:29:14.122  8338  8338 E AndroidRuntime: 	at android.app.ActivityThread.handleLaunchActivity(ActivityThread.java:2726)
03-26 18:29:14.122  8338  8338 E AndroidRuntime: 	at android.app.ActivityThread.-wrap12(ActivityThread.java)
03-26 18:29:14.122  8338  8338 E AndroidRuntime: 	at android.app.ActivityThread$H.handleMessage(ActivityThread.java:1477)
03-26 18:29:14.122  8338  8338 E AndroidRuntime: 	at android.os.Handler.dispatchMessage(Handler.java:102)
03-26 18:29:14.122  8338  8338 E AndroidRuntime: 	at android.os.Looper.loop(Looper.java:154)
03-26 18:29:14.122  8338  8338 E AndroidRuntime: 	at android.app.ActivityThread.main(ActivityThread.java:6119)
03-26 18:29:14.122  8338  8338 E AndroidRuntime: 	at java.lang.reflect.Method.invoke(Native Method)
03-26 18:29:14.122  8338  8338 E AndroidRuntime: 	at com.android.internal.os.ZygoteInit$MethodAndArgsCaller.run(ZygoteInit.java:886)
03-26 18:29:14.122  8338  8338 E AndroidRuntime: 	at com.android.internal.os.ZygoteInit.main(ZygoteInit.java:776)
03-26 18:29:14.122  8338  8338 E AndroidRuntime: Caused by: android.view.InflateException: Binary XML file line #49: Error inflating class de.k3b.android.widgets.EditTextPreferenceWithSummary
03-26 18:29:14.122  8338  8338 E AndroidRuntime: 	at android.preference.GenericInflater.createItemFromTag(GenericInflater.java:443)
03-26 18:29:14.122  8338  8338 E AndroidRuntime: 	at android.preference.GenericInflater.rInflate(GenericInflater.java:483)
03-26 18:29:14.122  8338  8338 E AndroidRuntime: 	at android.preference.GenericInflater.rInflate(GenericInflater.java:495)
03-26 18:29:14.122  8338  8338 E AndroidRuntime: 	at android.preference.GenericInflater.inflate(GenericInflater.java:327)
03-26 18:29:14.122  8338  8338 E AndroidRuntime: 	at android.preference.GenericInflater.inflate(GenericInflater.java:264)
03-26 18:29:14.122  8338  8338 E AndroidRuntime: 	at android.preference.PreferenceManager.inflateFromResource(PreferenceManager.java:280)
03-26 18:29:14.122  8338  8338 E AndroidRuntime: 	at android.preference.PreferenceActivity.addPreferencesFromResource(PreferenceActivity.java:1521)
03-26 18:29:14.122  8338  8338 E AndroidRuntime: 	at de.k3b.android.androFotoFinder.SettingsActivity.onCreate(SettingsActivity.java:78)
03-26 18:29:14.122  8338  8338 E AndroidRuntime: 	at android.app.Activity.performCreate(Activity.java:6679)
03-26 18:29:14.122  8338  8338 E AndroidRuntime: 	at android.app.Instrumentation.callActivityOnCreate(Instrumentation.java:1118)
03-26 18:29:14.122  8338  8338 E AndroidRuntime: 	at android.app.ActivityThread.performLaunchActivity(ActivityThread.java:2618)
03-26 18:29:14.122  8338  8338 E AndroidRuntime: 	... 9 more
03-26 18:29:14.122  8338  8338 E AndroidRuntime: Caused by: java.lang.ClassNotFoundException: Didn't find class "de.k3b.android.widgets.EditTextPreferenceWithSummary" on path: DexPathList[[zip file "/data/app/de.k3b.android.androFotoFinder-1/base.apk"],nativeLibraryDirectories=[/data/app/de.k3b.android.androFotoFinder-1/lib/x86, /system/lib, /vendor/lib]]
03-26 18:29:14.122  8338  8338 E AndroidRuntime: 	at dalvik.system.BaseDexClassLoader.findClass(BaseDexClassLoader.java:56)
03-26 18:29:14.122  8338  8338 E AndroidRuntime: 	at java.lang.ClassLoader.loadClass(ClassLoader.java:380)
03-26 18:29:14.122  8338  8338 E AndroidRuntime: 	at java.lang.ClassLoader.loadClass(ClassLoader.java:312)
03-26 18:29:14.122  8338  8338 E AndroidRuntime: 	at android.preference.GenericInflater.createItem(GenericInflater.java:376)
03-26 18:29:14.122  8338  8338 E AndroidRuntime: 	at android.preference.GenericInflater.createItemFromTag(GenericInflater.java:432)
03-26 18:29:14.122  8338  8338 E AndroidRuntime: 	... 19 more
03-26 18:29:59.744  8996  8996 W System.err: java.io.FileNotFoundException: /jacoco.exec (Read-only file system)
03-26 18:29:59.744  8996  8996 W System.err: 	at java.io.FileOutputStream.open(Native Method)
03-26 18:29:59.744  8996  8996 W System.err: 	at java.io.FileOutputStream.<init>(FileOutputStream.java:221)
03-26 18:29:59.744  8996  8996 W System.err: 	at org.jacoco.agent.rt.internal_8ff85ea.output.FileOutput.openFile(FileOutput.java:67)
03-26 18:29:59.744  8996  8996 W System.err: 	at org.jacoco.agent.rt.internal_8ff85ea.output.FileOutput.startup(FileOutput.java:49)
03-26 18:29:59.744  8996  8996 W System.err: 	at org.jacoco.agent.rt.internal_8ff85ea.Agent.startup(Agent.java:122)
03-26 18:29:59.744  8996  8996 W System.err: 	at org.jacoco.agent.rt.internal_8ff85ea.Agent.getInstance(Agent.java:50)
03-26 18:29:59.744  8996  8996 W System.err: 	at org.jacoco.agent.rt.internal_8ff85ea.Offline.<clinit>(Offline.java:31)
03-26 18:29:59.744  8996  8996 W System.err: 	at org.jacoco.agent.rt.internal_8ff85ea.Offline.getProbes(Offline.java:51)
03-26 18:29:59.744  8996  8996 W System.err: 	at de.k3b.android.androFotoFinder.AndroFotoFinderApp.$jacocoInit(AndroFotoFinderApp.java)
03-26 18:29:59.744  8996  8996 W System.err: 	at de.k3b.android.androFotoFinder.AndroFotoFinderApp.<init>(AndroFotoFinderApp.java)
03-26 18:29:59.744  8996  8996 W System.err: 	at java.lang.Class.newInstance(Native Method)
03-26 18:29:59.744  8996  8996 W System.err: 	at android.app.Instrumentation.newApplication(Instrumentation.java:1007)
03-26 18:29:59.744  8996  8996 W System.err: 	at android.app.Instrumentation.newApplication(Instrumentation.java:992)
03-26 18:29:59.744  8996  8996 W System.err: 	at android.app.LoadedApk.makeApplication(LoadedApk.java:796)
03-26 18:29:59.744  8996  8996 W System.err: 	at android.app.ActivityThread.handleBindApplication(ActivityThread.java:5377)
03-26 18:29:59.744  8996  8996 W System.err: 	at android.app.ActivityThread.-wrap2(ActivityThread.java)
03-26 18:29:59.744  8996  8996 W System.err: 	at android.app.ActivityThread$H.handleMessage(ActivityThread.java:1545)
03-26 18:29:59.744  8996  8996 W System.err: 	at android.os.Handler.dispatchMessage(Handler.java:102)
03-26 18:29:59.744  8996  8996 W System.err: 	at android.os.Looper.loop(Looper.java:154)
03-26 18:29:59.744  8996  8996 W System.err: 	at android.app.ActivityThread.main(ActivityThread.java:6119)
03-26 18:29:59.744  8996  8996 W System.err: 	at java.lang.reflect.Method.invoke(Native Method)
03-26 18:29:59.744  8996  8996 W System.err: 	at com.android.internal.os.ZygoteInit$MethodAndArgsCaller.run(ZygoteInit.java:886)
03-26 18:29:59.744  8996  8996 W System.err: 	at com.android.internal.os.ZygoteInit.main(ZygoteInit.java:776)
03-26 18:30:11.870  8996  8996 E AndroidRuntime: FATAL EXCEPTION: main
03-26 18:30:11.870  8996  8996 E AndroidRuntime: Process: de.k3b.android.androFotoFinder, PID: 8996
03-26 18:30:11.870  8996  8996 E AndroidRuntime: java.lang.RuntimeException: Unable to start activity ComponentInfo{de.k3b.android.androFotoFinder/de.k3b.android.androFotoFinder.SettingsActivity}: android.view.InflateException: Binary XML file line #49: Error inflating class de.k3b.android.widgets.EditTextPreferenceWithSummary
03-26 18:30:11.870  8996  8996 E AndroidRuntime: 	at android.app.ActivityThread.performLaunchActivity(ActivityThread.java:2665)
03-26 18:30:11.870  8996  8996 E AndroidRuntime: 	at android.app.ActivityThread.handleLaunchActivity(ActivityThread.java:2726)
03-26 18:30:11.870  8996  8996 E AndroidRuntime: 	at android.app.ActivityThread.-wrap12(ActivityThread.java)
03-26 18:30:11.870  8996  8996 E AndroidRuntime: 	at android.app.ActivityThread$H.handleMessage(ActivityThread.java:1477)
03-26 18:30:11.870  8996  8996 E AndroidRuntime: 	at android.os.Handler.dispatchMessage(Handler.java:102)
03-26 18:30:11.870  8996  8996 E AndroidRuntime: 	at android.os.Looper.loop(Looper.java:154)
03-26 18:30:11.870  8996  8996 E AndroidRuntime: 	at android.app.ActivityThread.main(ActivityThread.java:6119)
03-26 18:30:11.870  8996  8996 E AndroidRuntime: 	at java.lang.reflect.Method.invoke(Native Method)
03-26 18:30:11.870  8996  8996 E AndroidRuntime: 	at com.android.internal.os.ZygoteInit$MethodAndArgsCaller.run(ZygoteInit.java:886)
03-26 18:30:11.870  8996  8996 E AndroidRuntime: 	at com.android.internal.os.ZygoteInit.main(ZygoteInit.java:776)
03-26 18:30:11.870  8996  8996 E AndroidRuntime: Caused by: android.view.InflateException: Binary XML file line #49: Error inflating class de.k3b.android.widgets.EditTextPreferenceWithSummary
03-26 18:30:11.870  8996  8996 E AndroidRuntime: 	at android.preference.GenericInflater.createItemFromTag(GenericInflater.java:443)
03-26 18:30:11.870  8996  8996 E AndroidRuntime: 	at android.preference.GenericInflater.rInflate(GenericInflater.java:483)
03-26 18:30:11.870  8996  8996 E AndroidRuntime: 	at android.preference.GenericInflater.rInflate(GenericInflater.java:495)
03-26 18:30:11.870  8996  8996 E AndroidRuntime: 	at android.preference.GenericInflater.inflate(GenericInflater.java:327)
03-26 18:30:11.870  8996  8996 E AndroidRuntime: 	at android.preference.GenericInflater.inflate(GenericInflater.java:264)
03-26 18:30:11.870  8996  8996 E AndroidRuntime: 	at android.preference.PreferenceManager.inflateFromResource(PreferenceManager.java:280)
03-26 18:30:11.870  8996  8996 E AndroidRuntime: 	at android.preference.PreferenceActivity.addPreferencesFromResource(PreferenceActivity.java:1521)
03-26 18:30:11.870  8996  8996 E AndroidRuntime: 	at de.k3b.android.androFotoFinder.SettingsActivity.onCreate(SettingsActivity.java:78)
03-26 18:30:11.870  8996  8996 E AndroidRuntime: 	at android.app.Activity.performCreate(Activity.java:6679)
03-26 18:30:11.870  8996  8996 E AndroidRuntime: 	at android.app.Instrumentation.callActivityOnCreate(Instrumentation.java:1118)
03-26 18:30:11.870  8996  8996 E AndroidRuntime: 	at android.app.ActivityThread.performLaunchActivity(ActivityThread.java:2618)
03-26 18:30:11.870  8996  8996 E AndroidRuntime: 	... 9 more
03-26 18:30:11.870  8996  8996 E AndroidRuntime: Caused by: java.lang.ClassNotFoundException: Didn't find class "de.k3b.android.widgets.EditTextPreferenceWithSummary" on path: DexPathList[[zip file "/data/app/de.k3b.android.androFotoFinder-1/base.apk"],nativeLibraryDirectories=[/data/app/de.k3b.android.androFotoFinder-1/lib/x86, /system/lib, /vendor/lib]]
03-26 18:30:11.870  8996  8996 E AndroidRuntime: 	at dalvik.system.BaseDexClassLoader.findClass(BaseDexClassLoader.java:56)
03-26 18:30:11.870  8996  8996 E AndroidRuntime: 	at java.lang.ClassLoader.loadClass(ClassLoader.java:380)
03-26 18:30:11.870  8996  8996 E AndroidRuntime: 	at java.lang.ClassLoader.loadClass(ClassLoader.java:312)
03-26 18:30:11.870  8996  8996 E AndroidRuntime: 	at android.preference.GenericInflater.createItem(GenericInflater.java:376)
03-26 18:30:11.870  8996  8996 E AndroidRuntime: 	at android.preference.GenericInflater.createItemFromTag(GenericInflater.java:432)
03-26 18:30:11.870  8996  8996 E AndroidRuntime: 	... 19 more
03-26 18:30:49.027  9599  9599 W System.err: java.io.FileNotFoundException: /jacoco.exec (Read-only file system)
03-26 18:30:49.027  9599  9599 W System.err: 	at java.io.FileOutputStream.open(Native Method)
03-26 18:30:49.027  9599  9599 W System.err: 	at java.io.FileOutputStream.<init>(FileOutputStream.java:221)
03-26 18:30:49.027  9599  9599 W System.err: 	at org.jacoco.agent.rt.internal_8ff85ea.output.FileOutput.openFile(FileOutput.java:67)
03-26 18:30:49.027  9599  9599 W System.err: 	at org.jacoco.agent.rt.internal_8ff85ea.output.FileOutput.startup(FileOutput.java:49)
03-26 18:30:49.027  9599  9599 W System.err: 	at org.jacoco.agent.rt.internal_8ff85ea.Agent.startup(Agent.java:122)
03-26 18:30:49.027  9599  9599 W System.err: 	at org.jacoco.agent.rt.internal_8ff85ea.Agent.getInstance(Agent.java:50)
03-26 18:30:49.027  9599  9599 W System.err: 	at org.jacoco.agent.rt.internal_8ff85ea.Offline.<clinit>(Offline.java:31)
03-26 18:30:49.027  9599  9599 W System.err: 	at org.jacoco.agent.rt.internal_8ff85ea.Offline.getProbes(Offline.java:51)
03-26 18:30:49.027  9599  9599 W System.err: 	at de.k3b.android.androFotoFinder.AndroFotoFinderApp.$jacocoInit(AndroFotoFinderApp.java)
03-26 18:30:49.027  9599  9599 W System.err: 	at de.k3b.android.androFotoFinder.AndroFotoFinderApp.<init>(AndroFotoFinderApp.java)
03-26 18:30:49.027  9599  9599 W System.err: 	at java.lang.Class.newInstance(Native Method)
03-26 18:30:49.027  9599  9599 W System.err: 	at android.app.Instrumentation.newApplication(Instrumentation.java:1007)
03-26 18:30:49.027  9599  9599 W System.err: 	at android.app.Instrumentation.newApplication(Instrumentation.java:992)
03-26 18:30:49.027  9599  9599 W System.err: 	at android.app.LoadedApk.makeApplication(LoadedApk.java:796)
03-26 18:30:49.027  9599  9599 W System.err: 	at android.app.ActivityThread.handleBindApplication(ActivityThread.java:5377)
03-26 18:30:49.027  9599  9599 W System.err: 	at android.app.ActivityThread.-wrap2(ActivityThread.java)
03-26 18:30:49.027  9599  9599 W System.err: 	at android.app.ActivityThread$H.handleMessage(ActivityThread.java:1545)
03-26 18:30:49.027  9599  9599 W System.err: 	at android.os.Handler.dispatchMessage(Handler.java:102)
03-26 18:30:49.027  9599  9599 W System.err: 	at android.os.Looper.loop(Looper.java:154)
03-26 18:30:49.027  9599  9599 W System.err: 	at android.app.ActivityThread.main(ActivityThread.java:6119)
03-26 18:30:49.027  9599  9599 W System.err: 	at java.lang.reflect.Method.invoke(Native Method)
03-26 18:30:49.027  9599  9599 W System.err: 	at com.android.internal.os.ZygoteInit$MethodAndArgsCaller.run(ZygoteInit.java:886)
03-26 18:30:49.028  9599  9599 W System.err: 	at com.android.internal.os.ZygoteInit.main(ZygoteInit.java:776)
