--------- beginning of system
--------- beginning of main
03-26 19:04:07.737  4631  4631 W System.err: java.io.FileNotFoundException: /jacoco.exec (Read-only file system)
03-26 19:04:07.737  4631  4631 W System.err: 	at java.io.FileOutputStream.open(Native Method)
03-26 19:04:07.737  4631  4631 W System.err: 	at java.io.FileOutputStream.<init>(FileOutputStream.java:221)
03-26 19:04:07.737  4631  4631 W System.err: 	at org.jacoco.agent.rt.internal_8ff85ea.output.FileOutput.openFile(FileOutput.java:67)
03-26 19:04:07.737  4631  4631 W System.err: 	at org.jacoco.agent.rt.internal_8ff85ea.output.FileOutput.startup(FileOutput.java:49)
03-26 19:04:07.737  4631  4631 W System.err: 	at org.jacoco.agent.rt.internal_8ff85ea.Agent.startup(Agent.java:122)
03-26 19:04:07.737  4631  4631 W System.err: 	at org.jacoco.agent.rt.internal_8ff85ea.Agent.getInstance(Agent.java:50)
03-26 19:04:07.737  4631  4631 W System.err: 	at org.jacoco.agent.rt.internal_8ff85ea.Offline.<clinit>(Offline.java:31)
03-26 19:04:07.737  4631  4631 W System.err: 	at org.jacoco.agent.rt.internal_8ff85ea.Offline.getProbes(Offline.java:51)
03-26 19:04:07.737  4631  4631 W System.err: 	at com.amaze.filemanager.utils.application.AppConfig.$jacocoInit(AppConfig.java)
03-26 19:04:07.737  4631  4631 W System.err: 	at com.amaze.filemanager.utils.application.AppConfig.<clinit>(AppConfig.java)
03-26 19:04:07.737  4631  4631 W System.err: 	at java.lang.Class.newInstance(Native Method)
03-26 19:04:07.737  4631  4631 W System.err: 	at android.app.Instrumentation.newApplication(Instrumentation.java:1007)
03-26 19:04:07.737  4631  4631 W System.err: 	at android.app.Instrumentation.newApplication(Instrumentation.java:992)
03-26 19:04:07.737  4631  4631 W System.err: 	at android.app.LoadedApk.makeApplication(LoadedApk.java:796)
03-26 19:04:07.737  4631  4631 W System.err: 	at android.app.ActivityThread.handleBindApplication(ActivityThread.java:5377)
03-26 19:04:07.737  4631  4631 W System.err: 	at android.app.ActivityThread.-wrap2(ActivityThread.java)
03-26 19:04:07.737  4631  4631 W System.err: 	at android.app.ActivityThread$H.handleMessage(ActivityThread.java:1545)
03-26 19:04:07.737  4631  4631 W System.err: 	at android.os.Handler.dispatchMessage(Handler.java:102)
03-26 19:04:07.737  4631  4631 W System.err: 	at android.os.Looper.loop(Looper.java:154)
03-26 19:04:07.737  4631  4631 W System.err: 	at android.app.ActivityThread.main(ActivityThread.java:6119)
03-26 19:04:07.738  4631  4631 W System.err: 	at java.lang.reflect.Method.invoke(Native Method)
03-26 19:04:07.738  4631  4631 W System.err: 	at com.android.internal.os.ZygoteInit$MethodAndArgsCaller.run(ZygoteInit.java:886)
03-26 19:04:07.738  4631  4631 W System.err: 	at com.android.internal.os.ZygoteInit.main(ZygoteInit.java:776)
--------- beginning of crash
03-26 19:04:17.087  4631  4631 E AndroidRuntime: FATAL EXCEPTION: main
03-26 19:04:17.087  4631  4631 E AndroidRuntime: Process: com.amaze.filemanager.debug, PID: 4631
03-26 19:04:17.087  4631  4631 E AndroidRuntime: java.lang.NullPointerException: Attempt to invoke virtual method 'void android.view.View.setVisibility(int)' on a null object reference
03-26 19:04:17.087  4631  4631 E AndroidRuntime: 	at com.amaze.filemanager.ui.dialogs.GeneralDialogCreation.showPropertiesDialog(GeneralDialogCreation.java:419)
03-26 19:04:17.087  4631  4631 E AndroidRuntime: 	at com.amaze.filemanager.ui.dialogs.GeneralDialogCreation.showPropertiesDialogForStorage(GeneralDialogCreation.java:368)
03-26 19:04:17.087  4631  4631 E AndroidRuntime: 	at com.amaze.filemanager.ui.views.drawer.Drawer.onNavigationItemActionClick(Drawer.java:612)
03-26 19:04:17.087  4631  4631 E AndroidRuntime: 	at com.amaze.filemanager.ui.views.drawer.Drawer.lambda$addNewItem$5$Drawer(Drawer.java:494)
03-26 19:04:17.087  4631  4631 E AndroidRuntime: 	at com.amaze.filemanager.ui.views.drawer.-$$Lambda$Drawer$TyDDeLc-_x13qNEdHDAqZC9YtAQ.onClick(lambda)
03-26 19:04:17.087  4631  4631 E AndroidRuntime: 	at android.view.View.performClick(View.java:5637)
03-26 19:04:17.087  4631  4631 E AndroidRuntime: 	at android.view.View.onKeyUp(View.java:10661)
03-26 19:04:17.087  4631  4631 E AndroidRuntime: 	at android.view.KeyEvent.dispatch(KeyEvent.java:2712)
03-26 19:04:17.087  4631  4631 E AndroidRuntime: 	at android.view.View.dispatchKeyEvent(View.java:9960)
03-26 19:04:17.087  4631  4631 E AndroidRuntime: 	at android.view.ViewGroup.dispatchKeyEvent(ViewGroup.java:1630)
03-26 19:04:17.087  4631  4631 E AndroidRuntime: 	at android.view.ViewGroup.dispatchKeyEvent(ViewGroup.java:1630)
03-26 19:04:17.087  4631  4631 E AndroidRuntime: 	at android.view.ViewGroup.dispatchKeyEvent(ViewGroup.java:1630)
03-26 19:04:17.087  4631  4631 E AndroidRuntime: 	at android.view.ViewGroup.dispatchKeyEvent(ViewGroup.java:1630)
03-26 19:04:17.087  4631  4631 E AndroidRuntime: 	at android.view.ViewGroup.dispatchKeyEvent(ViewGroup.java:1630)
03-26 19:04:17.087  4631  4631 E AndroidRuntime: 	at android.view.ViewGroup.dispatchKeyEvent(ViewGroup.java:1630)
03-26 19:04:17.087  4631  4631 E AndroidRuntime: 	at android.view.ViewGroup.dispatchKeyEvent(ViewGroup.java:1630)
03-26 19:04:17.087  4631  4631 E AndroidRuntime: 	at android.view.ViewGroup.dispatchKeyEvent(ViewGroup.java:1630)
03-26 19:04:17.087  4631  4631 E AndroidRuntime: 	at android.view.ViewGroup.dispatchKeyEvent(ViewGroup.java:1630)
03-26 19:04:17.087  4631  4631 E AndroidRuntime: 	at android.view.ViewGroup.dispatchKeyEvent(ViewGroup.java:1630)
03-26 19:04:17.087  4631  4631 E AndroidRuntime: 	at com.android.internal.policy.DecorView.superDispatchKeyEvent(DecorView.java:405)
03-26 19:04:17.087  4631  4631 E AndroidRuntime: 	at com.android.internal.policy.PhoneWindow.superDispatchKeyEvent(PhoneWindow.java:1798)
03-26 19:04:17.087  4631  4631 E AndroidRuntime: 	at androidx.core.view.KeyEventDispatcher.activitySuperDispatchKeyEventPre28(KeyEventDispatcher.java:130)
03-26 19:04:17.087  4631  4631 E AndroidRuntime: 	at androidx.core.view.KeyEventDispatcher.dispatchKeyEvent(KeyEventDispatcher.java:87)
03-26 19:04:17.087  4631  4631 E AndroidRuntime: 	at androidx.core.app.ComponentActivity.dispatchKeyEvent(ComponentActivity.java:133)
03-26 19:04:17.087  4631  4631 E AndroidRuntime: 	at androidx.appcompat.app.AppCompatActivity.dispatchKeyEvent(AppCompatActivity.java:558)
03-26 19:04:17.087  4631  4631 E AndroidRuntime: 	at androidx.appcompat.view.WindowCallbackWrapper.dispatchKeyEvent(WindowCallbackWrapper.java:59)
03-26 19:04:17.087  4631  4631 E AndroidRuntime: 	at androidx.appcompat.app.AppCompatDelegateImpl$AppCompatWindowCallback.dispatchKeyEvent(AppCompatDelegateImpl.java:2814)
03-26 19:04:17.087  4631  4631 E AndroidRuntime: 	at androidx.appcompat.view.WindowCallbackWrapper.dispatchKeyEvent(WindowCallbackWrapper.java:59)
03-26 19:04:17.087  4631  4631 E AndroidRuntime: 	at com.android.internal.policy.DecorView.dispatchKeyEvent(DecorView.java:319)
03-26 19:04:17.087  4631  4631 E AndroidRuntime: 	at android.view.ViewRootImpl$ViewPostImeInputStage.processKeyEvent(ViewRootImpl.java:4331)
03-26 19:04:17.087  4631  4631 E AndroidRuntime: 	at android.view.ViewRootImpl$ViewPostImeInputStage.onProcess(ViewRootImpl.java:4302)
03-26 19:04:17.087  4631  4631 E AndroidRuntime: 	at android.view.ViewRootImpl$InputStage.deliver(ViewRootImpl.java:3853)
03-26 19:04:17.087  4631  4631 E AndroidRuntime: 	at android.view.ViewRootImpl$InputStage.onDeliverToNext(ViewRootImpl.java:3906)
03-26 19:04:17.087  4631  4631 E AndroidRuntime: 	at android.view.ViewRootImpl$InputStage.forward(ViewRootImpl.java:3872)
03-26 19:04:17.087  4631  4631 E AndroidRuntime: 	at android.view.ViewRootImpl$AsyncInputStage.forward(ViewRootImpl.java:3999)
03-26 19:04:17.087  4631  4631 E AndroidRuntime: 	at android.view.ViewRootImpl$InputStage.apply(ViewRootImpl.java:3880)
03-26 19:04:17.087  4631  4631 E AndroidRuntime: 	at android.view.ViewRootImpl$AsyncInputStage.apply(ViewRootImpl.java:4056)
03-26 19:04:17.087  4631  4631 E AndroidRuntime: 	at android.view.ViewRootImpl$InputStage.deliver(ViewRootImpl.java:3853)
03-26 19:04:17.087  4631  4631 E AndroidRuntime: 	at android.view.ViewRootImpl$InputStage.onDeliverToNext(ViewRootImpl.java:3906)
03-26 19:04:17.087  4631  4631 E AndroidRuntime: 	at android.view.ViewRootImpl$InputStage.forward(ViewRootImpl.java:3872)
03-26 19:04:17.087  4631  4631 E AndroidRuntime: 	at android.view.ViewRootImpl$InputStage.apply(ViewRootImpl.java:3880)
03-26 19:04:17.087  4631  4631 E AndroidRuntime: 	at android.view.ViewRootImpl$InputStage.deliver(ViewRootImpl.java:3853)
03-26 19:04:17.087  4631  4631 E AndroidRuntime: 	at android.view.ViewRootImpl$InputStage.onDeliverToNext(ViewRootImpl.java:3906)
03-26 19:04:17.087  4631  4631 E AndroidRuntime: 	at android.view.ViewRootImpl$InputStage.forward(ViewRootImpl.java:3872)
03-26 19:04:17.087  4631  4631 E AndroidRuntime: 	at android.view.ViewRootImpl$AsyncInputStage.forward(ViewRootImpl.java:4032)
03-26 19:04:17.087  4631  4631 E AndroidRuntime: 	at android.view.ViewRootImpl$ImeInputStage.onFinishedInputEvent(ViewRootImpl.java:4193)
03-26 19:04:17.087  4631  4631 E AndroidRuntime: 	at android.view.inputmethod.InputMethodManager$PendingEvent.run(InputMethodManager.java:2400)
03-26 19:04:17.087  4631  4631 E AndroidRuntime: 	at android.view.inputmethod.InputMethodManager.invokeFinishedInputEventCallback(InputMethodManager.java:1964)
03-26 19:04:17.087  4631  4631 E AndroidRuntime: 	at android.view.inputmethod.InputMethodManager.finishedInputEvent(InputMethodManager.java:1955)
03-26 19:04:17.087  4631  4631 E AndroidRuntime: 	at android.view.inputmethod.InputMethodManager$ImeInputEventSender.onInputEventFinished(InputMethodManager.java:2377)
03-26 19:04:17.087  4631  4631 E AndroidRuntime: 	at android.view.InputEventSender.dispatchInputEventFinished(InputEventSender.java:141)
03-26 19:04:17.087  4631  4631 E AndroidRuntime: 	at android.os.MessageQueue.nativePollOnce(Native Method)
03-26 19:04:17.087  4631  4631 E AndroidRuntime: 	at android.os.MessageQueue.next(MessageQueue.java:323)
03-26 19:04:17.087  4631  4631 E AndroidRuntime: 	at android.os.Looper.loop(Looper.java:136)
03-26 19:04:17.087  4631  4631 E AndroidRuntime: 	at android.app.ActivityThread.main(ActivityThread.java:6119)
03-26 19:04:17.087  4631  4631 E AndroidRuntime: 	at java.lang.reflect.Method.invoke(Native Method)
03-26 19:04:17.087  4631  4631 E AndroidRuntime: 	at com.android.internal.os.ZygoteInit$MethodAndArgsCaller.run(ZygoteInit.java:886)
03-26 19:04:17.087  4631  4631 E AndroidRuntime: 	at com.android.internal.os.ZygoteInit.main(ZygoteInit.java:776)
03-26 19:04:56.237  5417  5417 W System.err: java.io.FileNotFoundException: /jacoco.exec (Read-only file system)
03-26 19:04:56.237  5417  5417 W System.err: 	at java.io.FileOutputStream.open(Native Method)
03-26 19:04:56.237  5417  5417 W System.err: 	at java.io.FileOutputStream.<init>(FileOutputStream.java:221)
03-26 19:04:56.237  5417  5417 W System.err: 	at org.jacoco.agent.rt.internal_8ff85ea.output.FileOutput.openFile(FileOutput.java:67)
03-26 19:04:56.237  5417  5417 W System.err: 	at org.jacoco.agent.rt.internal_8ff85ea.output.FileOutput.startup(FileOutput.java:49)
03-26 19:04:56.237  5417  5417 W System.err: 	at org.jacoco.agent.rt.internal_8ff85ea.Agent.startup(Agent.java:122)
03-26 19:04:56.237  5417  5417 W System.err: 	at org.jacoco.agent.rt.internal_8ff85ea.Agent.getInstance(Agent.java:50)
03-26 19:04:56.237  5417  5417 W System.err: 	at org.jacoco.agent.rt.internal_8ff85ea.Offline.<clinit>(Offline.java:31)
03-26 19:04:56.237  5417  5417 W System.err: 	at org.jacoco.agent.rt.internal_8ff85ea.Offline.getProbes(Offline.java:51)
03-26 19:04:56.237  5417  5417 W System.err: 	at com.amaze.filemanager.utils.application.AppConfig.$jacocoInit(AppConfig.java)
03-26 19:04:56.237  5417  5417 W System.err: 	at com.amaze.filemanager.utils.application.AppConfig.<clinit>(AppConfig.java)
03-26 19:04:56.237  5417  5417 W System.err: 	at java.lang.Class.newInstance(Native Method)
03-26 19:04:56.237  5417  5417 W System.err: 	at android.app.Instrumentation.newApplication(Instrumentation.java:1007)
03-26 19:04:56.237  5417  5417 W System.err: 	at android.app.Instrumentation.newApplication(Instrumentation.java:992)
03-26 19:04:56.237  5417  5417 W System.err: 	at android.app.LoadedApk.makeApplication(LoadedApk.java:796)
03-26 19:04:56.237  5417  5417 W System.err: 	at android.app.ActivityThread.handleBindApplication(ActivityThread.java:5377)
03-26 19:04:56.237  5417  5417 W System.err: 	at android.app.ActivityThread.-wrap2(ActivityThread.java)
03-26 19:04:56.237  5417  5417 W System.err: 	at android.app.ActivityThread$H.handleMessage(ActivityThread.java:1545)
03-26 19:04:56.237  5417  5417 W System.err: 	at android.os.Handler.dispatchMessage(Handler.java:102)
03-26 19:04:56.237  5417  5417 W System.err: 	at android.os.Looper.loop(Looper.java:154)
03-26 19:04:56.237  5417  5417 W System.err: 	at android.app.ActivityThread.main(ActivityThread.java:6119)
03-26 19:04:56.237  5417  5417 W System.err: 	at java.lang.reflect.Method.invoke(Native Method)
03-26 19:04:56.238  5417  5417 W System.err: 	at com.android.internal.os.ZygoteInit$MethodAndArgsCaller.run(ZygoteInit.java:886)
03-26 19:04:56.238  5417  5417 W System.err: 	at com.android.internal.os.ZygoteInit.main(ZygoteInit.java:776)
