:Monkey: seed=1648558171963 count=1000000
:AllowPackage: com.amaze.filemanager.debug
:IncludeCategory: android.intent.category.LAUNCHER
:IncludeCategory: android.intent.category.MONKEY
// Event percentages:
//   0: 15.0%
//   1: 10.0%
//   2: 2.0%
//   3: 15.0%
//   4: -0.0%
//   5: -0.0%
//   6: 25.0%
//   7: 15.0%
//   8: 2.0%
//   9: 2.0%
//   10: 1.0%
//   11: 13.0%
:Switch: #Intent;action=android.intent.action.MAIN;category=android.intent.category.LAUNCHER;launchFlags=0x10200000;component=com.amaze.filemanager.debug/com.amaze.filemanager.activities.MainActivity;end
    // Allowing start of Intent { act=android.intent.action.MAIN cat=[android.intent.category.LAUNCHER] cmp=com.amaze.filemanager.debug/com.amaze.filemanager.activities.MainActivity } in package com.amaze.filemanager.debug
:Sending Touch (ACTION_DOWN): 0:(611.0,664.0)
:Sending Touch (ACTION_UP): 0:(627.08295,672.8396)
:Sending Touch (ACTION_DOWN): 0:(554.0,452.0)
:Sending Touch (ACTION_UP): 0:(553.92413,452.08517)
:Sending Trackball (ACTION_MOVE): 0:(-4.0,-3.0)
:Sending Trackball (ACTION_MOVE): 0:(-3.0,-4.0)
:Sending Touch (ACTION_DOWN): 0:(533.0,28.0)
:Sending Touch (ACTION_UP): 0:(531.62756,37.21177)
:Sending Touch (ACTION_DOWN): 0:(1045.0,1600.0)
:Sending Touch (ACTION_UP): 0:(1052.3777,1533.7795)
:Sending Trackball (ACTION_MOVE): 0:(2.0,-3.0)
:Sending Trackball (ACTION_MOVE): 0:(1.0,-3.0)
:Sending Trackball (ACTION_MOVE): 0:(4.0,1.0)
:Sending Touch (ACTION_DOWN): 0:(107.0,1428.0)
:Sending Touch (ACTION_UP): 0:(114.91501,1438.1709)
:Sending Touch (ACTION_DOWN): 0:(352.0,629.0)
:Sending Touch (ACTION_UP): 0:(351.6484,625.4225)
:Sending Touch (ACTION_DOWN): 0:(608.0,1668.0)
:Sending Touch (ACTION_UP): 0:(605.9801,1669.5985)
    //[calendar_time:2022-03-26 19:04:12.484  system_uptime:81175]
    // Sending event #100
:Sending Trackball (ACTION_MOVE): 0:(-3.0,1.0)
:Sending Trackball (ACTION_UP): 0:(0.0,0.0)
:Switch: #Intent;action=android.intent.action.MAIN;category=android.intent.category.LAUNCHER;launchFlags=0x10200000;component=com.amaze.filemanager.debug/com.amaze.filemanager.activities.MainActivity;end
    // Allowing start of Intent { act=android.intent.action.MAIN cat=[android.intent.category.LAUNCHER] cmp=com.amaze.filemanager.debug/com.amaze.filemanager.activities.MainActivity } in package com.amaze.filemanager.debug
:Sending Touch (ACTION_DOWN): 0:(644.0,490.0)
:Sending Touch (ACTION_UP): 0:(647.01965,491.5476)
:Switch: #Intent;action=android.intent.action.MAIN;category=android.intent.category.LAUNCHER;launchFlags=0x10200000;component=com.amaze.filemanager.debug/com.amaze.filemanager.activities.MainActivity;end
    // Allowing start of Intent { act=android.intent.action.MAIN cat=[android.intent.category.LAUNCHER] cmp=com.amaze.filemanager.debug/com.amaze.filemanager.activities.MainActivity } in package com.amaze.filemanager.debug
:Switch: #Intent;action=android.intent.action.MAIN;category=android.intent.category.LAUNCHER;launchFlags=0x10200000;component=com.amaze.filemanager.debug/com.amaze.filemanager.activities.MainActivity;end
    // Allowing start of Intent { act=android.intent.action.MAIN cat=[android.intent.category.LAUNCHER] cmp=com.amaze.filemanager.debug/com.amaze.filemanager.activities.MainActivity } in package com.amaze.filemanager.debug
:Sending Trackball (ACTION_MOVE): 0:(-2.0,3.0)
// CRASH: com.amaze.filemanager.debug (pid 4631)
// Short Msg: java.lang.NullPointerException
// Long Msg: java.lang.NullPointerException: Attempt to invoke virtual method 'void android.view.View.setVisibility(int)' on a null object reference
// Build Label: google/sdk_google_phone_x86/generic_x86:7.1.1/NYC/6695155:userdebug/test-keys
// Build Changelist: 6695155
// Build Time: 1595288234000
// java.lang.NullPointerException: Attempt to invoke virtual method 'void android.view.View.setVisibility(int)' on a null object reference
// 	at com.amaze.filemanager.ui.dialogs.GeneralDialogCreation.showPropertiesDialog(GeneralDialogCreation.java:419)
// 	at com.amaze.filemanager.ui.dialogs.GeneralDialogCreation.showPropertiesDialogForStorage(GeneralDialogCreation.java:368)
// 	at com.amaze.filemanager.ui.views.drawer.Drawer.onNavigationItemActionClick(Drawer.java:612)
// 	at com.amaze.filemanager.ui.views.drawer.Drawer.lambda$addNewItem$5$Drawer(Drawer.java:494)
// 	at com.amaze.filemanager.ui.views.drawer.-$$Lambda$Drawer$TyDDeLc-_x13qNEdHDAqZC9YtAQ.onClick(lambda)
// 	at android.view.View.performClick(View.java:5637)
// 	at android.view.View.onKeyUp(View.java:10661)
// 	at android.view.KeyEvent.dispatch(KeyEvent.java:2712)
// 	at android.view.View.dispatchKeyEvent(View.java:9960)
// 	at android.view.ViewGroup.dispatchKeyEvent(ViewGroup.java:1630)
// 	at android.view.ViewGroup.dispatchKeyEvent(ViewGroup.java:1630)
// 	at android.view.ViewGroup.dispatchKeyEvent(ViewGroup.java:1630)
// 	at android.view.ViewGroup.dispatchKeyEvent(ViewGroup.java:1630)
// 	at android.view.ViewGroup.dispatchKeyEvent(ViewGroup.java:1630)
// 	at android.view.ViewGroup.dispatchKeyEvent(ViewGroup.java:1630)
// 	at android.view.ViewGroup.dispatchKeyEvent(ViewGroup.java:1630)
// 	at android.view.ViewGroup.dispatchKeyEvent(ViewGroup.java:1630)
// 	at android.view.ViewGroup.dispatchKeyEvent(ViewGroup.java:1630)
// 	at android.view.ViewGroup.dispatchKeyEvent(ViewGroup.java:1630)
// 	at com.android.internal.policy.DecorView.superDispatchKeyEvent(DecorView.java:405)
// 	at com.android.internal.policy.PhoneWindow.superDispatchKeyEvent(PhoneWindow.java:1798)
// 	at androidx.core.view.KeyEventDispatcher.activitySuperDispatchKeyEventPre28(KeyEventDispatcher.java:130)
// 	at androidx.core.view.KeyEventDispatcher.dispatchKeyEvent(KeyEventDispatcher.java:87)
// 	at androidx.core.app.ComponentActivity.dispatchKeyEvent(ComponentActivity.java:133)
// 	at androidx.appcompat.app.AppCompatActivity.dispatchKeyEvent(AppCompatActivity.java:558)
// 	at androidx.appcompat.view.WindowCallbackWrapper.dispatchKeyEvent(WindowCallbackWrapper.java:59)
// 	at androidx.appcompat.app.AppCompatDelegateImpl$AppCompatWindowCallback.dispatchKeyEvent(AppCompatDelegateImpl.java:2814)
// 	at androidx.appcompat.view.WindowCallbackWrapper.dispatchKeyEvent(WindowCallbackWrapper.java:59)
// 	at com.android.internal.policy.DecorView.dispatchKeyEvent(DecorView.java:319)
// 	at android.view.ViewRootImpl$ViewPostImeInputStage.processKeyEvent(ViewRootImpl.java:4331)
// 	at android.view.ViewRootImpl$ViewPostImeInputStage.onProcess(ViewRootImpl.java:4302)
// 	at android.view.ViewRootImpl$InputStage.deliver(ViewRootImpl.java:3853)
// 	at android.view.ViewRootImpl$InputStage.onDeliverToNext(ViewRootImpl.java:3906)
// 	at android.view.ViewRootImpl$InputStage.forward(ViewRootImpl.java:3872)
// 	at android.view.ViewRootImpl$AsyncInputStage.forward(ViewRootImpl.java:3999)
// 	at android.view.ViewRootImpl$InputStage.apply(ViewRootImpl.java:3880)
// 	at android.view.ViewRootImpl$AsyncInputStage.apply(ViewRootImpl.java:4056)
// 	at android.view.ViewRootImpl$InputStage.deliver(ViewRootImpl.java:3853)
// 	at android.view.ViewRootImpl$InputStage.onDeliverToNext(ViewRootImpl.java:3906)
// 	at android.view.ViewRootImpl$InputStage.forward(ViewRootImpl.java:3872)
// 	at android.view.ViewRootImpl$InputStage.apply(ViewRootImpl.java:3880)
// 	at android.view.ViewRootImpl$InputStage.deliver(ViewRootImpl.java:3853)
// 	at android.view.ViewRootImpl$InputStage.onDeliverToNext(ViewRootImpl.java:3906)
// 	at android.view.ViewRootImpl$InputStage.forward(ViewRootImpl.java:3872)
// 	at android.view.ViewRootImpl$AsyncInputStage.forward(ViewRootImpl.java:4032)
// 	at android.view.ViewRootImpl$ImeInputStage.onFinishedInputEvent(ViewRootImpl.java:4193)
// 	at android.view.inputmethod.InputMethodManager$PendingEvent.run(InputMethodManager.java:2400)
// 	at android.view.inputmethod.InputMethodManager.invokeFinishedInputEventCallback(InputMethodManager.java:1964)
// 	at android.view.inputmethod.InputMethodManager.finishedInputEvent(InputMethodManager.java:1955)
// 	at android.view.inputmethod.InputMethodManager$ImeInputEventSender.onInputEventFinished(InputMethodManager.java:2377)
// 	at android.view.InputEventSender.dispatchInputEventFinished(InputEventSender.java:141)
// 	at android.os.MessageQueue.nativePollOnce(Native Method)
// 	at android.os.MessageQueue.next(MessageQueue.java:323)
// 	at android.os.Looper.loop(Looper.java:136)
// 	at android.app.ActivityThread.main(ActivityThread.java:6119)
// 	at java.lang.reflect.Method.invoke(Native Method)
// 	at com.android.internal.os.ZygoteInit$MethodAndArgsCaller.run(ZygoteInit.java:886)
// 	at com.android.internal.os.ZygoteInit.main(ZygoteInit.java:776)
// 
app_crashcom.amaze.filemanager.debug_2022-03-26_19_04_17.230_.txt:
// app_crashcom.amaze.filemanager.debug_2022-03-26_19_04_17.230_.txt status was 0
:Sending Touch (ACTION_DOWN): 0:(1178.0,174.0)
:Sending Touch (ACTION_UP): 0:(1090.9078,236.47577)
:Sending Trackball (ACTION_MOVE): 0:(-2.0,-4.0)
:Sending Touch (ACTION_DOWN): 0:(224.0,823.0)
:Sending Touch (ACTION_UP): 0:(215.46794,824.20416)
:Sending Trackball (ACTION_MOVE): 0:(1.0,-2.0)
    //[calendar_time:2022-03-26 19:04:43.510  system_uptime:112202]
    // Sending event #200
    // Rejecting start of Intent { act=android.intent.action.MAIN cat=[android.intent.category.LAUNCHER] cmp=com.google.android.apps.maps/com.google.android.maps.MapsActivity } in package com.google.android.apps.maps
:Sending Touch (ACTION_DOWN): 0:(594.0,1440.0)
:Sending Touch (ACTION_UP): 0:(585.6553,1439.882)
:Sending Trackball (ACTION_MOVE): 0:(4.0,-3.0)
:Sending Trackball (ACTION_UP): 0:(0.0,0.0)
:Sending Trackball (ACTION_MOVE): 0:(4.0,-4.0)
:Sending Trackball (ACTION_MOVE): 0:(0.0,2.0)
:Sending Trackball (ACTION_MOVE): 0:(-2.0,0.0)
:Sending Trackball (ACTION_MOVE): 0:(-3.0,-3.0)
:Sending Trackball (ACTION_MOVE): 0:(-4.0,-1.0)
:Sending Trackball (ACTION_UP): 0:(0.0,0.0)
:Sending Flip keyboardOpen=false
    // Rejecting start of Intent { act=android.intent.action.MAIN cmp=com.google.android.googlequicksearchbox/com.google.android.apps.gsa.legacyui.VelvetActivity } in package com.google.android.googlequicksearchbox
:Sending Trackball (ACTION_MOVE): 0:(-4.0,-2.0)
:Sending Touch (ACTION_DOWN): 0:(173.0,570.0)
    //[calendar_time:2022-03-26 19:04:46.678  system_uptime:115369]
    // Sending event #300
:Sending Touch (ACTION_UP): 0:(210.22311,580.7047)
:Sending Touch (ACTION_DOWN): 0:(562.0,701.0)
:Sending Touch (ACTION_UP): 0:(556.3008,695.5475)
:Sending Trackball (ACTION_MOVE): 0:(2.0,4.0)
:Sending Trackball (ACTION_MOVE): 0:(4.0,4.0)
:Sending Touch (ACTION_DOWN): 0:(85.0,647.0)
:Sending Touch (ACTION_UP): 0:(84.270744,645.354)
:Sending Trackball (ACTION_MOVE): 0:(-5.0,-5.0)
:Sending Touch (ACTION_DOWN): 0:(710.0,1464.0)
:Sending Touch (ACTION_UP): 0:(736.1006,1426.4292)
    // Rejecting start of Intent { act=android.intent.action.MAIN cat=[android.intent.category.LAUNCHER] cmp=com.google.android.gm/.ConversationListActivityGmail } in package com.google.android.gm
:Sending Touch (ACTION_DOWN): 0:(940.0,1071.0)
:Sending Touch (ACTION_UP): 0:(968.57117,1060.266)
    // Rejecting start of Intent { act=android.speech.action.WEB_SEARCH cmp=com.google.android.googlequicksearchbox/.SearchActivity } in package com.google.android.googlequicksearchbox
:Sending Touch (ACTION_DOWN): 0:(591.0,781.0)
:Sending Touch (ACTION_UP): 0:(591.8037,774.3359)
:Sending Trackball (ACTION_MOVE): 0:(3.0,4.0)
:Sending Touch (ACTION_DOWN): 0:(500.0,1345.0)
:Sending Touch (ACTION_UP): 0:(500.23026,1347.1345)
:Sending Touch (ACTION_DOWN): 0:(884.0,363.0)
:Sending Touch (ACTION_UP): 0:(883.80524,361.9806)
:Sending Touch (ACTION_DOWN): 0:(13.0,679.0)
:Sending Touch (ACTION_UP): 0:(0.0,644.09607)
    //[calendar_time:2022-03-26 19:04:51.600  system_uptime:120291]
    // Sending event #400
    //[calendar_time:2022-03-26 19:04:51.800  system_uptime:120491]
    // Sending event #400
:Sending Touch (ACTION_DOWN): 0:(775.0,1119.0)
:Sending Touch (ACTION_UP): 0:(777.9519,1120.8464)
:Sending Trackball (ACTION_MOVE): 0:(-3.0,2.0)
:Sending Touch (ACTION_DOWN): 0:(658.0,512.0)
:Sending Touch (ACTION_UP): 0:(777.5558,661.62225)
:Sending Trackball (ACTION_MOVE): 0:(-2.0,4.0)
:Sending Touch (ACTION_DOWN): 0:(376.0,1274.0)
:Sending Touch (ACTION_UP): 0:(469.12265,1317.6044)
:Sending Trackball (ACTION_MOVE): 0:(3.0,3.0)
:Sending Touch (ACTION_DOWN): 0:(955.0,1815.0)
:Sending Touch (ACTION_UP): 0:(954.03174,1811.1665)
:Sending Touch (ACTION_DOWN): 0:(410.0,1792.0)
:Sending Touch (ACTION_UP): 0:(355.54132,1824.0)
:Sending Trackball (ACTION_MOVE): 0:(-4.0,-2.0)
    //[calendar_time:2022-03-26 19:04:55.572  system_uptime:124263]
    // Sending event #500
:Switch: #Intent;action=android.intent.action.MAIN;category=android.intent.category.LAUNCHER;launchFlags=0x10200000;component=com.amaze.filemanager.debug/com.amaze.filemanager.activities.MainActivity;end
    // Allowing start of Intent { act=android.intent.action.MAIN cat=[android.intent.category.LAUNCHER] cmp=com.amaze.filemanager.debug/com.amaze.filemanager.activities.MainActivity } in package com.amaze.filemanager.debug
:Sending Trackball (ACTION_MOVE): 0:(0.0,-1.0)
:Sending Touch (ACTION_DOWN): 0:(1012.0,775.0)
:Sending Touch (ACTION_UP): 0:(1012.3168,772.92163)
:Sending Touch (ACTION_DOWN): 0:(1010.0,718.0)
:Sending Touch (ACTION_UP): 0:(1011.56555,723.93524)
:Sending Trackball (ACTION_MOVE): 0:(4.0,0.0)
:Sending Touch (ACTION_DOWN): 0:(719.0,1613.0)
:Sending Touch (ACTION_UP): 0:(719.3333,1611.5009)
:Sending Touch (ACTION_DOWN): 0:(826.0,917.0)
:Sending Touch (ACTION_UP): 0:(793.7597,900.4684)
:Sending Trackball (ACTION_MOVE): 0:(0.0,1.0)
:Sending Touch (ACTION_DOWN): 0:(369.0,1301.0)
:Sending Touch (ACTION_UP): 0:(336.66794,1309.9657)
:Sending Trackball (ACTION_MOVE): 0:(3.0,-3.0)
:Sending Touch (ACTION_DOWN): 0:(208.0,139.0)
:Sending Touch (ACTION_UP): 0:(210.88039,138.48477)
:Sending Touch (ACTION_DOWN): 0:(463.0,666.0)
    //[calendar_time:2022-03-26 19:04:59.733  system_uptime:128424]
    // Sending event #600
:Sending Touch (ACTION_UP): 0:(467.73715,616.27405)
:Sending Trackball (ACTION_MOVE): 0:(-4.0,-2.0)
:Sending Trackball (ACTION_MOVE): 0:(-2.0,4.0)
:Sending Trackball (ACTION_UP): 0:(0.0,0.0)
:Sending Touch (ACTION_DOWN): 0:(650.0,749.0)
:Sending Touch (ACTION_UP): 0:(647.6542,749.8141)
:Sending Trackball (ACTION_MOVE): 0:(-4.0,-1.0)
:Sending Touch (ACTION_DOWN): 0:(949.0,1083.0)
:Sending Touch (ACTION_UP): 0:(931.19604,1085.9757)
:Sending Touch (ACTION_DOWN): 0:(135.0,290.0)
:Sending Touch (ACTION_UP): 0:(141.20241,294.4203)
:Sending Touch (ACTION_DOWN): 0:(731.0,1660.0)
:Sending Touch (ACTION_UP): 0:(717.91064,1666.7925)
:Sending Touch (ACTION_DOWN): 0:(807.0,1790.0)
:Sending Touch (ACTION_UP): 0:(913.4451,1824.0)
:Sending Trackball (ACTION_MOVE): 0:(-3.0,4.0)
    //[calendar_time:2022-03-26 19:05:04.087  system_uptime:132778]
    // Sending event #700
:Sending Trackball (ACTION_MOVE): 0:(-1.0,0.0)
    // Rejecting start of Intent { act=android.intent.action.SHOW_BRIGHTNESS_DIALOG cmp=com.android.systemui/.settings.BrightnessDialog } in package com.android.systemui
:Sending Touch (ACTION_DOWN): 0:(1017.0,974.0)
:Sending Touch (ACTION_UP): 0:(1000.8961,925.39575)
:Sending Touch (ACTION_DOWN): 0:(435.0,166.0)
:Sending Touch (ACTION_UP): 0:(434.0245,163.00371)
:Sending Touch (ACTION_DOWN): 0:(1079.0,751.0)
:Sending Touch (ACTION_UP): 0:(1051.9105,738.7312)
:Sending Touch (ACTION_DOWN): 0:(1127.0,1139.0)
:Sending Touch (ACTION_UP): 0:(1129.7708,1109.3859)
:Sending Touch (ACTION_DOWN): 0:(197.0,1714.0)
:Sending Touch (ACTION_UP): 0:(186.60391,1698.1698)
:Sending Trackball (ACTION_MOVE): 0:(-5.0,-2.0)
:Sending Touch (ACTION_DOWN): 0:(1080.0,249.0)
:Sending Touch (ACTION_UP): 0:(1089.269,248.38194)
:Sending Trackball (ACTION_MOVE): 0:(-5.0,0.0)
:Sending Trackball (ACTION_MOVE): 0:(3.0,-3.0)
:Sending Touch (ACTION_DOWN): 0:(637.0,224.0)
:Sending Touch (ACTION_UP): 0:(650.5955,208.42815)
:Sending Touch (ACTION_DOWN): 0:(442.0,1692.0)
    //[calendar_time:2022-03-26 19:05:09.445  system_uptime:138136]
    // Sending event #800
:Sending Touch (ACTION_UP): 0:(434.24905,1691.263)
:Switch: #Intent;action=android.intent.action.MAIN;category=android.intent.category.LAUNCHER;launchFlags=0x10200000;component=com.amaze.filemanager.debug/com.amaze.filemanager.activities.MainActivity;end
    // Allowing start of Intent { act=android.intent.action.MAIN cat=[android.intent.category.LAUNCHER] cmp=com.amaze.filemanager.debug/com.amaze.filemanager.activities.MainActivity } in package com.amaze.filemanager.debug
:Sending Trackball (ACTION_MOVE): 0:(-4.0,2.0)
    // Rejecting start of Intent { act=android.intent.action.ASSIST cmp=com.google.android.googlequicksearchbox/.SearchActivity } in package com.google.android.googlequicksearchbox
:Sending Touch (ACTION_DOWN): 0:(914.0,1286.0)
:Sending Touch (ACTION_UP): 0:(859.3195,1259.8411)
:Sending Touch (ACTION_DOWN): 0:(413.0,435.0)
:Sending Touch (ACTION_UP): 0:(399.4804,434.6248)
:Sending Touch (ACTION_DOWN): 0:(998.0,250.0)
:Sending Touch (ACTION_UP): 0:(1023.865,216.75974)
:Sending Touch (ACTION_DOWN): 0:(1076.0,10.0)
:Sending Touch (ACTION_UP): 0:(1076.7985,12.739761)
:Sending Trackball (ACTION_MOVE): 0:(2.0,0.0)
:Sending Trackball (ACTION_MOVE): 0:(-1.0,-5.0)
    //[calendar_time:2022-03-26 19:05:15.037  system_uptime:143728]
    // Sending event #900
:Sending Trackball (ACTION_MOVE): 0:(-1.0,3.0)
:Sending Touch (ACTION_DOWN): 0:(433.0,1336.0)
:Sending Touch (ACTION_UP): 0:(441.1707,1349.3232)
:Sending Trackball (ACTION_MOVE): 0:(0.0,-1.0)
:Sending Touch (ACTION_DOWN): 0:(377.0,1260.0)
:Sending Touch (ACTION_UP): 0:(328.10712,1119.5726)
:Sending Trackball (ACTION_MOVE): 0:(-5.0,3.0)
:Sending Touch (ACTION_DOWN): 0:(1171.0,341.0)
:Sending Touch (ACTION_UP): 0:(1165.9355,350.69867)
:Sending Trackball (ACTION_MOVE): 0:(1.0,3.0)
:Sending Touch (ACTION_DOWN): 0:(618.0,1367.0)
:Sending Touch (ACTION_UP): 0:(655.684,1405.8296)
:Switch: #Intent;action=android.intent.action.MAIN;category=android.intent.category.LAUNCHER;launchFlags=0x10200000;component=com.amaze.filemanager.debug/com.amaze.filemanager.activities.MainActivity;end
    // Allowing start of Intent { act=android.intent.action.MAIN cat=[android.intent.category.LAUNCHER] cmp=com.amaze.filemanager.debug/com.amaze.filemanager.activities.MainActivity } in package com.amaze.filemanager.debug
:Sending Touch (ACTION_DOWN): 0:(801.0,249.0)
:Sending Touch (ACTION_UP): 0:(801.2453,256.32236)
    //[calendar_time:2022-03-26 19:05:19.377  system_uptime:148068]
    // Sending event #1000
    //[calendar_time:2022-03-26 19:05:19.578  system_uptime:148269]
    // Sending event #1000
:Sending Touch (ACTION_DOWN): 0:(1117.0,1551.0)
:Sending Touch (ACTION_UP): 0:(1148.4946,1589.7091)
:Sending Touch (ACTION_DOWN): 0:(574.0,1236.0)
:Sending Touch (ACTION_UP): 0:(572.4038,1233.3489)
:Sending Touch (ACTION_DOWN): 0:(161.0,585.0)
:Sending Touch (ACTION_UP): 0:(175.35425,583.781)
:Switch: #Intent;action=android.intent.action.MAIN;category=android.intent.category.LAUNCHER;launchFlags=0x10200000;component=com.amaze.filemanager.debug/com.amaze.filemanager.activities.MainActivity;end
    // Allowing start of Intent { act=android.intent.action.MAIN cat=[android.intent.category.LAUNCHER] cmp=com.amaze.filemanager.debug/com.amaze.filemanager.activities.MainActivity } in package com.amaze.filemanager.debug
:Sending Trackball (ACTION_MOVE): 0:(2.0,1.0)
:Sending Flip keyboardOpen=true
:Sending Touch (ACTION_DOWN): 0:(66.0,112.0)
:Sending Touch (ACTION_UP): 0:(37.600956,135.37222)
:Sending Touch (ACTION_DOWN): 0:(753.0,1422.0)
:Sending Touch (ACTION_UP): 0:(773.6348,1472.6962)
:Sending Touch (ACTION_DOWN): 0:(792.0,1294.0)
:Sending Touch (ACTION_UP): 0:(783.383,1292.0836)
:Sending Touch (ACTION_DOWN): 0:(771.0,704.0)
:Sending Touch (ACTION_UP): 0:(771.95514,691.9141)
:Sending Touch (ACTION_DOWN): 0:(1153.0,1451.0)
:Sending Touch (ACTION_UP): 0:(1163.1736,1455.7491)
:Sending Touch (ACTION_DOWN): 0:(1044.0,1040.0)
:Sending Touch (ACTION_UP): 0:(945.4058,1020.37036)
:Sending Trackball (ACTION_MOVE): 0:(-5.0,0.0)
:Sending Touch (ACTION_DOWN): 0:(731.0,1678.0)
:Sending Touch (ACTION_UP): 0:(731.8668,1670.4368)
:Sending Trackball (ACTION_MOVE): 0:(2.0,-4.0)
:Sending Touch (ACTION_DOWN): 0:(609.0,1823.0)
:Sending Touch (ACTION_UP): 0:(601.29114,1824.0)
:Sending Trackball (ACTION_MOVE): 0:(-5.0,3.0)
    //[calendar_time:2022-03-26 19:05:24.046  system_uptime:152737]
    // Sending event #1100
:Sending Touch (ACTION_DOWN): 0:(409.0,138.0)
:Sending Touch (ACTION_UP): 0:(405.94556,210.34952)
:Switch: #Intent;action=android.intent.action.MAIN;category=android.intent.category.LAUNCHER;launchFlags=0x10200000;component=com.amaze.filemanager.debug/com.amaze.filemanager.activities.MainActivity;end
    // Allowing start of Intent { act=android.intent.action.MAIN cat=[android.intent.category.LAUNCHER] cmp=com.amaze.filemanager.debug/com.amaze.filemanager.activities.MainActivity } in package com.amaze.filemanager.debug
:Sending Touch (ACTION_DOWN): 0:(691.0,1461.0)
:Sending Touch (ACTION_UP): 0:(682.99005,1462.367)
:Sending Trackball (ACTION_MOVE): 0:(-2.0,1.0)
:Sending Trackball (ACTION_MOVE): 0:(0.0,0.0)
:Sending Trackball (ACTION_MOVE): 0:(-2.0,-4.0)
:Sending Trackball (ACTION_MOVE): 0:(0.0,2.0)
:Sending Trackball (ACTION_MOVE): 0:(3.0,0.0)
:Switch: #Intent;action=android.intent.action.MAIN;category=android.intent.category.LAUNCHER;launchFlags=0x10200000;component=com.amaze.filemanager.debug/com.amaze.filemanager.activities.MainActivity;end
    // Allowing start of Intent { act=android.intent.action.MAIN cat=[android.intent.category.LAUNCHER] cmp=com.amaze.filemanager.debug/com.amaze.filemanager.activities.MainActivity } in package com.amaze.filemanager.debug
:Sending Trackball (ACTION_MOVE): 0:(2.0,-1.0)
:Sending Touch (ACTION_DOWN): 0:(694.0,1351.0)
:Sending Touch (ACTION_UP): 0:(674.4885,1361.8812)
:Sending Touch (ACTION_DOWN): 0:(469.0,236.0)
    //[calendar_time:2022-03-26 19:05:27.636  system_uptime:156327]
    // Sending event #1200
:Sending Touch (ACTION_UP): 0:(477.01532,239.70769)
:Sending Touch (ACTION_DOWN): 0:(459.0,5.0)
:Sending Touch (ACTION_UP): 0:(494.85394,33.32217)
:Sending Touch (ACTION_DOWN): 0:(1067.0,1639.0)
:Sending Touch (ACTION_UP): 0:(1063.4703,1639.1993)
:Sending Touch (ACTION_DOWN): 0:(948.0,460.0)
:Sending Touch (ACTION_UP): 0:(1042.9911,327.48996)
:Sending Trackball (ACTION_MOVE): 0:(-4.0,3.0)
:Sending Touch (ACTION_DOWN): 0:(3.0,927.0)
:Sending Touch (ACTION_UP): 0:(7.0422273,927.0929)
:Sending Trackball (ACTION_MOVE): 0:(-5.0,-1.0)
:Sending Trackball (ACTION_MOVE): 0:(2.0,0.0)
:Sending Touch (ACTION_DOWN): 0:(475.0,329.0)
:Sending Touch (ACTION_UP): 0:(465.97925,329.05243)
:Switch: #Intent;action=android.intent.action.MAIN;category=android.intent.category.LAUNCHER;launchFlags=0x10200000;component=com.amaze.filemanager.debug/com.amaze.filemanager.activities.MainActivity;end
    // Allowing start of Intent { act=android.intent.action.MAIN cat=[android.intent.category.LAUNCHER] cmp=com.amaze.filemanager.debug/com.amaze.filemanager.activities.MainActivity } in package com.amaze.filemanager.debug
:Sending Touch (ACTION_DOWN): 0:(355.0,1259.0)
:Sending Touch (ACTION_UP): 0:(359.84155,1253.2985)
:Sending Touch (ACTION_DOWN): 0:(1169.0,1155.0)
:Sending Touch (ACTION_UP): 0:(1180.824,1141.8253)
:Sending Touch (ACTION_DOWN): 0:(1121.0,570.0)
:Sending Touch (ACTION_UP): 0:(1089.2484,596.458)
    //[calendar_time:2022-03-26 19:05:33.173  system_uptime:161864]
    // Sending event #1300
:Sending Trackball (ACTION_MOVE): 0:(3.0,1.0)
:Sending Touch (ACTION_DOWN): 0:(616.0,1465.0)
:Sending Touch (ACTION_UP): 0:(632.7229,1437.4838)
:Sending Trackball (ACTION_MOVE): 0:(2.0,-4.0)
:Sending Touch (ACTION_DOWN): 0:(963.0,1457.0)
:Sending Touch (ACTION_UP): 0:(962.7089,1452.007)
    // Rejecting start of Intent { act=android.intent.action.MAIN cat=[android.intent.category.HOME] cmp=com.google.android.apps.nexuslauncher/.NexusLauncherActivity } in package com.google.android.apps.nexuslauncher
:Sending Touch (ACTION_DOWN): 0:(897.0,291.0)
:Sending Touch (ACTION_UP): 0:(981.8743,229.8687)
:Sending Touch (ACTION_DOWN): 0:(84.0,1523.0)
:Sending Touch (ACTION_UP): 0:(75.59098,1532.2161)
:Sending Touch (ACTION_DOWN): 0:(1053.0,1325.0)
:Sending Touch (ACTION_UP): 0:(1015.1371,1276.9164)
:Sending Touch (ACTION_DOWN): 0:(1194.0,605.0)
:Sending Touch (ACTION_UP): 0:(1191.2935,600.81714)
:Sending Touch (ACTION_DOWN): 0:(419.0,328.0)
:Sending Touch (ACTION_UP): 0:(425.69223,334.00943)
:Sending Touch (ACTION_DOWN): 0:(18.0,1734.0)
:Sending Touch (ACTION_UP): 0:(26.441286,1733.6587)
:Sending Touch (ACTION_DOWN): 0:(193.0,484.0)
:Sending Touch (ACTION_UP): 0:(180.17815,504.91214)
:Sending Touch (ACTION_DOWN): 0:(250.0,271.0)
:Sending Touch (ACTION_UP): 0:(244.91142,300.12833)
:Sending Touch (ACTION_DOWN): 0:(346.0,1314.0)
:Sending Touch (ACTION_UP): 0:(328.23907,1299.5652)
:Sending Trackball (ACTION_MOVE): 0:(-4.0,2.0)
:Sending Touch (ACTION_DOWN): 0:(403.0,634.0)
:Sending Touch (ACTION_UP): 0:(396.4764,619.826)
:Sending Touch (ACTION_DOWN): 0:(373.0,1030.0)
:Sending Touch (ACTION_UP): 0:(361.2454,1036.2657)
:Sending Touch (ACTION_DOWN): 0:(25.0,401.0)
:Sending Touch (ACTION_UP): 0:(8.356798,385.9155)
    //[calendar_time:2022-03-26 19:05:38.110  system_uptime:166801]
    // Sending event #1400
    //[calendar_time:2022-03-26 19:05:38.311  system_uptime:167002]
    // Sending event #1400
:Sending Touch (ACTION_DOWN): 0:(147.0,183.0)
:Sending Touch (ACTION_UP): 0:(48.221302,109.87415)
    // Rejecting start of Intent { act=android.intent.action.CALL_BUTTON cmp=com.google.android.dialer/com.google.android.apps.dialer.extensions.GoogleDialtactsActivity } in package com.google.android.dialer
:Sending Trackball (ACTION_MOVE): 0:(0.0,-2.0)
:Sending Trackball (ACTION_UP): 0:(0.0,0.0)
:Sending Touch (ACTION_DOWN): 0:(528.0,455.0)
:Sending Touch (ACTION_UP): 0:(514.88196,413.0041)
:Sending Trackball (ACTION_MOVE): 0:(0.0,0.0)
:Sending Touch (ACTION_DOWN): 0:(730.0,647.0)
:Sending Touch (ACTION_UP): 0:(736.6358,649.49567)
:Sending Touch (ACTION_DOWN): 0:(971.0,917.0)
:Sending Touch (ACTION_UP): 0:(969.8841,914.9889)
:Sending Touch (ACTION_DOWN): 0:(267.0,796.0)
:Sending Touch (ACTION_UP): 0:(270.1334,806.6464)
:Sending Touch (ACTION_DOWN): 0:(716.0,1685.0)
:Sending Touch (ACTION_UP): 0:(652.305,1696.4198)
:Sending Touch (ACTION_DOWN): 0:(33.0,597.0)
:Sending Touch (ACTION_UP): 0:(17.147665,528.90216)
    //[calendar_time:2022-03-26 19:05:44.204  system_uptime:172895]
    // Sending event #1500
:Sending Touch (ACTION_DOWN): 0:(74.0,96.0)
:Sending Touch (ACTION_UP): 0:(93.62923,96.3349)
:Sending Touch (ACTION_DOWN): 0:(874.0,339.0)
:Sending Touch (ACTION_UP): 0:(879.66327,322.00842)
:Sending Touch (ACTION_DOWN): 0:(590.0,1230.0)
:Sending Touch (ACTION_UP): 0:(597.02405,1320.7192)
:Sending Trackball (ACTION_MOVE): 0:(0.0,4.0)
:Sending Trackball (ACTION_MOVE): 0:(1.0,-3.0)
    // Rejecting start of Intent { act=android.intent.action.MAIN cat=[android.intent.category.HOME] cmp=com.google.android.apps.nexuslauncher/.NexusLauncherActivity } in package com.google.android.apps.nexuslauncher
:Sending Touch (ACTION_DOWN): 0:(161.0,1054.0)
:Sending Touch (ACTION_UP): 0:(160.89224,1049.1078)
:Sending Trackball (ACTION_MOVE): 0:(1.0,-3.0)
:Sending Touch (ACTION_DOWN): 0:(299.0,1351.0)
:Sending Touch (ACTION_UP): 0:(313.75314,1348.3234)
:Sending Touch (ACTION_DOWN): 0:(876.0,1089.0)
:Sending Touch (ACTION_UP): 0:(865.3145,1107.3376)
:Sending Trackball (ACTION_MOVE): 0:(3.0,-2.0)
:Sending Trackball (ACTION_UP): 0:(0.0,0.0)
:Switch: #Intent;action=android.intent.action.MAIN;category=android.intent.category.LAUNCHER;launchFlags=0x10200000;component=com.amaze.filemanager.debug/com.amaze.filemanager.activities.MainActivity;end
    // Allowing start of Intent { act=android.intent.action.MAIN cat=[android.intent.category.LAUNCHER] cmp=com.amaze.filemanager.debug/com.amaze.filemanager.activities.MainActivity } in package com.amaze.filemanager.debug
:Sending Touch (ACTION_DOWN): 0:(1179.0,1436.0)
:Sending Touch (ACTION_UP): 0:(1167.9797,1436.7175)
    //[calendar_time:2022-03-26 19:05:48.969  system_uptime:177660]
    // Sending event #1600
:Sending Trackball (ACTION_MOVE): 0:(-3.0,-5.0)
:Switch: #Intent;action=android.intent.action.MAIN;category=android.intent.category.LAUNCHER;launchFlags=0x10200000;component=com.amaze.filemanager.debug/com.amaze.filemanager.activities.MainActivity;end
    // Allowing start of Intent { act=android.intent.action.MAIN cat=[android.intent.category.LAUNCHER] cmp=com.amaze.filemanager.debug/com.amaze.filemanager.activities.MainActivity } in package com.amaze.filemanager.debug
:Sending Trackball (ACTION_MOVE): 0:(2.0,-5.0)
:Sending Touch (ACTION_DOWN): 0:(121.0,1416.0)
:Sending Touch (ACTION_UP): 0:(83.816666,1512.3655)
:Sending Touch (ACTION_DOWN): 0:(373.0,286.0)
:Sending Touch (ACTION_UP): 0:(397.5593,244.00713)
:Sending Touch (ACTION_DOWN): 0:(101.0,1580.0)
:Sending Touch (ACTION_UP): 0:(116.068344,1602.1509)
:Sending Touch (ACTION_DOWN): 0:(293.0,1274.0)
:Sending Touch (ACTION_UP): 0:(299.4187,1272.9559)
:Sending Trackball (ACTION_MOVE): 0:(-1.0,-1.0)
:Sending Touch (ACTION_DOWN): 0:(157.0,1609.0)
:Sending Touch (ACTION_UP): 0:(337.18304,1606.1547)
:Sending Trackball (ACTION_MOVE): 0:(2.0,4.0)
:Sending Trackball (ACTION_MOVE): 0:(3.0,1.0)
    //[calendar_time:2022-03-26 19:05:52.150  system_uptime:180841]
    // Sending event #1700
:Sending Touch (ACTION_DOWN): 0:(19.0,1794.0)
:Sending Touch (ACTION_UP): 0:(39.276924,1786.045)
:Sending Touch (ACTION_DOWN): 0:(328.0,1398.0)
:Sending Touch (ACTION_UP): 0:(310.77124,1315.9084)
:Sending Trackball (ACTION_MOVE): 0:(4.0,2.0)
:Sending Touch (ACTION_DOWN): 0:(355.0,1184.0)
:Sending Touch (ACTION_UP): 0:(342.44836,1183.8112)
:Sending Touch (ACTION_DOWN): 0:(877.0,253.0)
:Sending Touch (ACTION_UP): 0:(814.03217,203.82878)
:Sending Touch (ACTION_DOWN): 0:(666.0,559.0)
:Sending Touch (ACTION_UP): 0:(661.0349,568.7381)
:Sending Trackball (ACTION_MOVE): 0:(2.0,-1.0)
:Sending Trackball (ACTION_UP): 0:(0.0,0.0)
:Sending Touch (ACTION_DOWN): 0:(809.0,1713.0)
:Sending Touch (ACTION_UP): 0:(795.04767,1712.8636)
:Sending Touch (ACTION_DOWN): 0:(418.0,1221.0)
:Sending Touch (ACTION_UP): 0:(423.05692,1223.6396)
:Sending Touch (ACTION_DOWN): 0:(793.0,514.0)
:Sending Touch (ACTION_UP): 0:(787.1633,514.6854)
:Sending Touch (ACTION_DOWN): 0:(1115.0,984.0)
:Sending Touch (ACTION_UP): 0:(1117.6819,994.01544)
:Sending Touch (ACTION_DOWN): 0:(624.0,1791.0)
    //[calendar_time:2022-03-26 19:05:57.897  system_uptime:186588]
    // Sending event #1800
:Sending Touch (ACTION_UP): 0:(655.7018,1809.2825)
:Sending Touch (ACTION_DOWN): 0:(292.0,1292.0)
:Sending Touch (ACTION_UP): 0:(291.0192,1291.8822)
:Sending Touch (ACTION_DOWN): 0:(405.0,182.0)
:Sending Touch (ACTION_UP): 0:(415.15158,181.50821)
:Sending Trackball (ACTION_MOVE): 0:(0.0,-3.0)
:Sending Touch (ACTION_DOWN): 0:(449.0,1394.0)
:Sending Touch (ACTION_UP): 0:(350.29727,1368.1356)
:Sending Trackball (ACTION_MOVE): 0:(4.0,-5.0)
:Sending Trackball (ACTION_UP): 0:(0.0,0.0)
:Sending Trackball (ACTION_MOVE): 0:(-4.0,-3.0)
:Sending Touch (ACTION_DOWN): 0:(109.0,998.0)
:Sending Touch (ACTION_UP): 0:(116.371414,991.55646)
:Sending Trackball (ACTION_MOVE): 0:(0.0,-5.0)
:Sending Touch (ACTION_DOWN): 0:(455.0,1069.0)
:Sending Touch (ACTION_UP): 0:(454.97556,1070.5725)
:Sending Touch (ACTION_DOWN): 0:(1002.0,1699.0)
:Sending Touch (ACTION_UP): 0:(976.9714,1662.5616)
:Sending Touch (ACTION_DOWN): 0:(991.0,1556.0)
:Sending Touch (ACTION_UP): 0:(1011.80536,1557.3517)
:Sending Touch (ACTION_DOWN): 0:(1136.0,1065.0)
:Sending Touch (ACTION_UP): 0:(1108.3336,1090.6182)
    //[calendar_time:2022-03-26 19:06:01.907  system_uptime:190598]
    // Sending event #1900
    //[calendar_time:2022-03-26 19:06:02.107  system_uptime:190798]
    // Sending event #1900
:Sending Trackball (ACTION_MOVE): 0:(-4.0,3.0)
:Sending Trackball (ACTION_MOVE): 0:(-3.0,0.0)
:Sending Touch (ACTION_DOWN): 0:(538.0,1595.0)
:Sending Touch (ACTION_UP): 0:(510.97885,1571.2487)
:Sending Touch (ACTION_DOWN): 0:(899.0,18.0)
:Sending Touch (ACTION_UP): 0:(909.0552,22.528103)
:Sending Trackball (ACTION_MOVE): 0:(3.0,1.0)
:Sending Touch (ACTION_DOWN): 0:(184.0,1636.0)
:Sending Touch (ACTION_UP): 0:(179.751,1636.8625)
:Sending Trackball (ACTION_MOVE): 0:(-2.0,-5.0)
:Sending Trackball (ACTION_MOVE): 0:(2.0,-5.0)
:Sending Touch (ACTION_DOWN): 0:(497.0,903.0)
:Sending Touch (ACTION_UP): 0:(481.80536,869.1458)
:Sending Trackball (ACTION_MOVE): 0:(-3.0,-3.0)
    //[calendar_time:2022-03-26 19:06:05.679  system_uptime:194370]
    // Sending event #2000
:Sending Touch (ACTION_DOWN): 0:(88.0,53.0)
:Sending Touch (ACTION_UP): 0:(78.880646,50.62799)
:Sending Touch (ACTION_DOWN): 0:(504.0,384.0)
:Sending Touch (ACTION_UP): 0:(491.26492,360.83475)
:Sending Trackball (ACTION_MOVE): 0:(-2.0,-1.0)
:Sending Trackball (ACTION_UP): 0:(0.0,0.0)
:Sending Touch (ACTION_DOWN): 0:(262.0,1401.0)
:Sending Touch (ACTION_UP): 0:(240.25233,1414.5573)
:Sending Touch (ACTION_DOWN): 0:(215.0,584.0)
:Sending Touch (ACTION_UP): 0:(217.50906,593.02295)
:Sending Trackball (ACTION_MOVE): 0:(2.0,4.0)
:Sending Touch (ACTION_DOWN): 0:(1130.0,963.0)
:Sending Touch (ACTION_UP): 0:(1115.813,967.8221)
:Sending Trackball (ACTION_MOVE): 0:(0.0,3.0)
:Sending Trackball (ACTION_MOVE): 0:(-4.0,-5.0)
:Sending Touch (ACTION_DOWN): 0:(316.0,541.0)
:Sending Touch (ACTION_UP): 0:(238.27873,591.8152)
    //[calendar_time:2022-03-26 19:06:09.750  system_uptime:198441]
    // Sending event #2100
    //[calendar_time:2022-03-26 19:06:09.950  system_uptime:198641]
    // Sending event #2100
:Sending Trackball (ACTION_MOVE): 0:(2.0,-3.0)
:Sending Touch (ACTION_DOWN): 0:(373.0,980.0)
:Sending Touch (ACTION_UP): 0:(373.10126,974.00275)
:Sending Trackball (ACTION_MOVE): 0:(-3.0,-1.0)
:Sending Touch (ACTION_DOWN): 0:(1084.0,104.0)
:Sending Touch (ACTION_UP): 0:(1085.8566,121.17624)
:Sending Touch (ACTION_DOWN): 0:(391.0,800.0)
:Sending Touch (ACTION_UP): 0:(417.22513,793.98193)
:Sending Touch (ACTION_DOWN): 0:(194.0,1410.0)
:Sending Touch (ACTION_UP): 0:(193.4391,1401.2018)
:Sending Touch (ACTION_DOWN): 0:(558.0,1024.0)
:Sending Touch (ACTION_UP): 0:(557.0618,1020.1498)
:Sending Touch (ACTION_DOWN): 0:(135.0,1617.0)
:Sending Touch (ACTION_UP): 0:(175.69545,1547.5347)
:Sending Touch (ACTION_DOWN): 0:(736.0,926.0)
:Sending Touch (ACTION_UP): 0:(677.99835,999.18494)
:Sending Trackball (ACTION_MOVE): 0:(0.0,-1.0)
:Sending Trackball (ACTION_MOVE): 0:(4.0,-5.0)
:Sending Trackball (ACTION_MOVE): 0:(0.0,1.0)
    //[calendar_time:2022-03-26 19:06:14.002  system_uptime:202693]
    // Sending event #2200
:Sending Trackball (ACTION_UP): 0:(0.0,0.0)
:Sending Touch (ACTION_DOWN): 0:(37.0,1120.0)
:Sending Touch (ACTION_UP): 0:(53.026306,1117.9945)
:Sending Touch (ACTION_DOWN): 0:(1074.0,542.0)
:Sending Touch (ACTION_UP): 0:(1065.6875,561.63403)
:Sending Touch (ACTION_DOWN): 0:(668.0,27.0)
:Sending Touch (ACTION_UP): 0:(714.3138,12.161854)
:Sending Trackball (ACTION_MOVE): 0:(2.0,3.0)
:Switch: #Intent;action=android.intent.action.MAIN;category=android.intent.category.LAUNCHER;launchFlags=0x10200000;component=com.amaze.filemanager.debug/com.amaze.filemanager.activities.MainActivity;end
    // Allowing start of Intent { act=android.intent.action.MAIN cat=[android.intent.category.LAUNCHER] cmp=com.amaze.filemanager.debug/com.amaze.filemanager.activities.MainActivity } in package com.amaze.filemanager.debug
:Sending Touch (ACTION_DOWN): 0:(30.0,34.0)
:Sending Touch (ACTION_UP): 0:(34.287525,34.626858)
    // Rejecting start of Intent { act=android.intent.action.ASSIST cmp=com.google.android.googlequicksearchbox/.SearchActivity } in package com.google.android.googlequicksearchbox
:Sending Trackball (ACTION_MOVE): 0:(-5.0,3.0)
:Sending Touch (ACTION_DOWN): 0:(455.0,599.0)
:Sending Touch (ACTION_UP): 0:(449.37668,597.08105)
:Sending Touch (ACTION_DOWN): 0:(497.0,1462.0)
:Sending Touch (ACTION_UP): 0:(441.5312,1416.921)
:Sending Trackball (ACTION_MOVE): 0:(3.0,2.0)
:Sending Trackball (ACTION_MOVE): 0:(3.0,1.0)
    //[calendar_time:2022-03-26 19:06:19.144  system_uptime:207835]
    // Sending event #2300
:Sending Trackball (ACTION_UP): 0:(0.0,0.0)
:Sending Touch (ACTION_DOWN): 0:(454.0,280.0)
:Sending Touch (ACTION_UP): 0:(436.56003,304.49652)
:Sending Touch (ACTION_DOWN): 0:(193.0,1012.0)
:Sending Touch (ACTION_UP): 0:(195.00598,1011.83405)
:Sending Flip keyboardOpen=false
:Sending Touch (ACTION_DOWN): 0:(1132.0,74.0)
:Sending Touch (ACTION_UP): 0:(1091.0385,93.612434)
:Sending Trackball (ACTION_MOVE): 0:(-5.0,0.0)
:Sending Touch (ACTION_DOWN): 0:(895.0,1670.0)
:Sending Touch (ACTION_UP): 0:(882.7957,1680.6932)
:Sending Touch (ACTION_DOWN): 0:(176.0,348.0)
:Sending Touch (ACTION_UP): 0:(224.64053,324.94168)
:Sending Trackball (ACTION_MOVE): 0:(4.0,-3.0)
:Sending Touch (ACTION_DOWN): 0:(972.0,214.0)
:Sending Touch (ACTION_UP): 0:(969.15784,166.8345)
:Sending Trackball (ACTION_MOVE): 0:(3.0,-3.0)
:Sending Touch (ACTION_DOWN): 0:(1062.0,1607.0)
:Sending Touch (ACTION_UP): 0:(1057.996,1626.1538)
:Sending Touch (ACTION_DOWN): 0:(268.0,1744.0)
:Sending Touch (ACTION_UP): 0:(246.39188,1751.9539)
    //[calendar_time:2022-03-26 19:06:23.315  system_uptime:212006]
    // Sending event #2400
    //[calendar_time:2022-03-26 19:06:23.515  system_uptime:212206]
    // Sending event #2400
:Sending Touch (ACTION_DOWN): 0:(265.0,633.0)
:Sending Touch (ACTION_UP): 0:(250.67534,634.41077)
:Sending Trackball (ACTION_MOVE): 0:(-3.0,-4.0)
:Sending Touch (ACTION_DOWN): 0:(904.0,359.0)
:Sending Touch (ACTION_UP): 0:(908.8728,356.5797)
:Sending Touch (ACTION_DOWN): 0:(785.0,48.0)
:Sending Touch (ACTION_UP): 0:(783.4405,36.41017)
:Sending Touch (ACTION_DOWN): 0:(26.0,1167.0)
:Sending Touch (ACTION_UP): 0:(36.98162,1172.8772)
:Sending Trackball (ACTION_MOVE): 0:(-2.0,-3.0)
:Sending Trackball (ACTION_MOVE): 0:(-5.0,4.0)
:Sending Touch (ACTION_DOWN): 0:(1106.0,502.0)
:Sending Touch (ACTION_UP): 0:(1112.6273,505.33313)
:Sending Touch (ACTION_DOWN): 0:(152.0,489.0)
:Sending Touch (ACTION_UP): 0:(151.3117,495.72937)
:Sending Touch (ACTION_DOWN): 0:(1151.0,1645.0)
:Sending Touch (ACTION_UP): 0:(1137.8159,1653.5502)
:Sending Flip keyboardOpen=true
:Switch: #Intent;action=android.intent.action.MAIN;category=android.intent.category.LAUNCHER;launchFlags=0x10200000;component=com.amaze.filemanager.debug/com.amaze.filemanager.activities.MainActivity;end
    // Allowing start of Intent { act=android.intent.action.MAIN cat=[android.intent.category.LAUNCHER] cmp=com.amaze.filemanager.debug/com.amaze.filemanager.activities.MainActivity } in package com.amaze.filemanager.debug
:Sending Trackball (ACTION_MOVE): 0:(2.0,-2.0)
:Sending Trackball (ACTION_MOVE): 0:(-5.0,3.0)
:Sending Touch (ACTION_DOWN): 0:(135.0,167.0)
    //[calendar_time:2022-03-26 19:06:28.454  system_uptime:217145]
    // Sending event #2500
:Sending Touch (ACTION_UP): 0:(150.87776,172.50763)
:Switch: #Intent;action=android.intent.action.MAIN;category=android.intent.category.LAUNCHER;launchFlags=0x10200000;component=com.amaze.filemanager.debug/com.amaze.filemanager.activities.MainActivity;end
    // Allowing start of Intent { act=android.intent.action.MAIN cat=[android.intent.category.LAUNCHER] cmp=com.amaze.filemanager.debug/com.amaze.filemanager.activities.MainActivity } in package com.amaze.filemanager.debug
:Sending Touch (ACTION_DOWN): 0:(203.0,1213.0)
:Sending Touch (ACTION_UP): 0:(285.9654,1228.671)
:Sending Touch (ACTION_DOWN): 0:(339.0,1538.0)
:Sending Touch (ACTION_UP): 0:(321.7558,1544.5889)
:Sending Trackball (ACTION_MOVE): 0:(-4.0,3.0)
:Sending Touch (ACTION_DOWN): 0:(491.0,5.0)
:Sending Touch (ACTION_UP): 0:(490.5429,0.0)
:Sending Touch (ACTION_DOWN): 0:(387.0,1443.0)
:Sending Touch (ACTION_UP): 0:(394.30307,1451.8779)
:Sending Touch (ACTION_DOWN): 0:(980.0,589.0)
:Sending Touch (ACTION_UP): 0:(968.62604,575.5396)
:Sending Trackball (ACTION_MOVE): 0:(1.0,-5.0)
:Sending Touch (ACTION_DOWN): 0:(486.0,1582.0)
:Sending Touch (ACTION_UP): 0:(485.80005,1582.0494)
:Sending Touch (ACTION_DOWN): 0:(543.0,610.0)
:Sending Touch (ACTION_UP): 0:(533.964,613.2743)
:Switch: #Intent;action=android.intent.action.MAIN;category=android.intent.category.LAUNCHER;launchFlags=0x10200000;component=com.amaze.filemanager.debug/com.amaze.filemanager.activities.MainActivity;end
    // Allowing start of Intent { act=android.intent.action.MAIN cat=[android.intent.category.LAUNCHER] cmp=com.amaze.filemanager.debug/com.amaze.filemanager.activities.MainActivity } in package com.amaze.filemanager.debug
:Sending Trackball (ACTION_MOVE): 0:(4.0,-4.0)
:Sending Touch (ACTION_DOWN): 0:(739.0,1712.0)
:Sending Touch (ACTION_UP): 0:(720.5627,1693.9933)
:Sending Flip keyboardOpen=false
:Sending Touch (ACTION_DOWN): 0:(363.0,34.0)
:Sending Touch (ACTION_UP): 0:(316.83038,91.721344)
:Sending Trackball (ACTION_MOVE): 0:(-1.0,-2.0)
    // Rejecting start of Intent { act=android.intent.action.CALL_BUTTON cmp=com.google.android.dialer/com.google.android.apps.dialer.extensions.GoogleDialtactsActivity } in package com.google.android.dialer
    //[calendar_time:2022-03-26 19:06:33.782  system_uptime:222473]
    // Sending event #2600
    //[calendar_time:2022-03-26 19:06:33.983  system_uptime:222674]
    // Sending event #2600
:Sending Touch (ACTION_DOWN): 0:(343.0,1100.0)
:Sending Touch (ACTION_UP): 0:(374.3684,1074.9565)
:Sending Trackball (ACTION_MOVE): 0:(-3.0,-3.0)
:Sending Trackball (ACTION_UP): 0:(0.0,0.0)
:Switch: #Intent;action=android.intent.action.MAIN;category=android.intent.category.LAUNCHER;launchFlags=0x10200000;component=com.amaze.filemanager.debug/com.amaze.filemanager.activities.MainActivity;end
    // Allowing start of Intent { act=android.intent.action.MAIN cat=[android.intent.category.LAUNCHER] cmp=com.amaze.filemanager.debug/com.amaze.filemanager.activities.MainActivity } in package com.amaze.filemanager.debug
:Sending Touch (ACTION_DOWN): 0:(212.0,1552.0)
:Sending Touch (ACTION_UP): 0:(262.0185,1550.6216)
:Sending Touch (ACTION_DOWN): 0:(377.0,784.0)
:Sending Touch (ACTION_UP): 0:(376.5583,786.48553)
:Sending Trackball (ACTION_MOVE): 0:(2.0,2.0)
:Sending Flip keyboardOpen=true
:Sending Trackball (ACTION_MOVE): 0:(-3.0,-5.0)
:Sending Touch (ACTION_DOWN): 0:(469.0,659.0)
:Sending Touch (ACTION_UP): 0:(425.81396,687.0277)
:Sending Touch (ACTION_DOWN): 0:(612.0,1046.0)
    //[calendar_time:2022-03-26 19:06:38.996  system_uptime:227687]
    // Sending event #2700
:Sending Touch (ACTION_UP): 0:(460.41342,1022.8682)
:Sending Touch (ACTION_DOWN): 0:(977.0,47.0)
:Sending Touch (ACTION_UP): 0:(913.2336,42.70243)
:Sending Trackball (ACTION_MOVE): 0:(3.0,-4.0)
:Sending Touch (ACTION_DOWN): 0:(368.0,973.0)
:Sending Touch (ACTION_UP): 0:(366.37872,957.7742)
:Sending Trackball (ACTION_MOVE): 0:(2.0,3.0)
:Sending Flip keyboardOpen=false
:Sending Touch (ACTION_DOWN): 0:(862.0,1193.0)
:Sending Touch (ACTION_UP): 0:(896.1175,1262.3079)
:Sending Trackball (ACTION_MOVE): 0:(-5.0,0.0)
:Sending Touch (ACTION_DOWN): 0:(1148.0,1065.0)
:Sending Touch (ACTION_UP): 0:(1200.0,1162.4027)
:Sending Trackball (ACTION_MOVE): 0:(-3.0,0.0)
:Sending Touch (ACTION_DOWN): 0:(1082.0,1539.0)
    //[calendar_time:2022-03-26 19:06:43.257  system_uptime:231948]
    // Sending event #2800
:Sending Touch (ACTION_UP): 0:(1120.5917,1546.0627)
:Sending Touch (ACTION_DOWN): 0:(744.0,493.0)
:Sending Touch (ACTION_UP): 0:(738.37335,487.25458)
:Sending Touch (ACTION_DOWN): 0:(523.0,84.0)
:Sending Touch (ACTION_UP): 0:(523.18286,102.97203)
:Sending Trackball (ACTION_MOVE): 0:(1.0,3.0)
:Sending Touch (ACTION_DOWN): 0:(1167.0,1133.0)
:Sending Touch (ACTION_UP): 0:(1200.0,1093.6675)
:Sending Trackball (ACTION_MOVE): 0:(2.0,-1.0)
:Switch: #Intent;action=android.intent.action.MAIN;category=android.intent.category.LAUNCHER;launchFlags=0x10200000;component=com.amaze.filemanager.debug/com.amaze.filemanager.activities.MainActivity;end
    // Allowing start of Intent { act=android.intent.action.MAIN cat=[android.intent.category.LAUNCHER] cmp=com.amaze.filemanager.debug/com.amaze.filemanager.activities.MainActivity } in package com.amaze.filemanager.debug
:Switch: #Intent;action=android.intent.action.MAIN;category=android.intent.category.LAUNCHER;launchFlags=0x10200000;component=com.amaze.filemanager.debug/com.amaze.filemanager.activities.MainActivity;end
    // Allowing start of Intent { act=android.intent.action.MAIN cat=[android.intent.category.LAUNCHER] cmp=com.amaze.filemanager.debug/com.amaze.filemanager.activities.MainActivity } in package com.amaze.filemanager.debug
:Sending Touch (ACTION_DOWN): 0:(1131.0,1486.0)
:Sending Touch (ACTION_UP): 0:(1125.2086,1485.0292)
:Sending Touch (ACTION_DOWN): 0:(228.0,1324.0)
:Sending Touch (ACTION_UP): 0:(245.24336,1379.7964)
:Sending Touch (ACTION_DOWN): 0:(637.0,1710.0)
:Sending Touch (ACTION_UP): 0:(621.6902,1728.5923)
:Sending Trackball (ACTION_MOVE): 0:(-3.0,2.0)
:Sending Trackball (ACTION_MOVE): 0:(0.0,-4.0)
:Sending Touch (ACTION_DOWN): 0:(511.0,1177.0)
:Sending Touch (ACTION_UP): 0:(450.42273,1138.5997)
    //[calendar_time:2022-03-26 19:06:47.373  system_uptime:236064]
    // Sending event #2900
:Sending Touch (ACTION_DOWN): 0:(735.0,349.0)
:Sending Touch (ACTION_UP): 0:(748.4826,342.06943)
:Sending Touch (ACTION_DOWN): 0:(421.0,126.0)
:Sending Touch (ACTION_UP): 0:(421.778,132.98012)
:Sending Trackball (ACTION_MOVE): 0:(2.0,-4.0)
:Sending Touch (ACTION_DOWN): 0:(631.0,1717.0)
:Sending Touch (ACTION_UP): 0:(626.6099,1723.9287)
:Sending Touch (ACTION_DOWN): 0:(1058.0,308.0)
:Sending Touch (ACTION_UP): 0:(1041.312,368.80856)
:Sending Touch (ACTION_DOWN): 0:(230.0,934.0)
:Sending Touch (ACTION_UP): 0:(239.74684,971.9006)
:Sending Trackball (ACTION_MOVE): 0:(1.0,-4.0)
:Sending Touch (ACTION_DOWN): 0:(560.0,482.0)
:Sending Touch (ACTION_UP): 0:(557.5685,482.82825)
:Sending Touch (ACTION_DOWN): 0:(377.0,695.0)
:Sending Touch (ACTION_UP): 0:(384.25208,707.9822)
:Sending Touch (ACTION_DOWN): 0:(514.0,539.0)
:Sending Touch (ACTION_UP): 0:(514.9665,538.8642)
:Sending Touch (ACTION_DOWN): 0:(458.0,960.0)
:Sending Touch (ACTION_UP): 0:(479.7297,958.4968)
:Sending Touch (ACTION_DOWN): 0:(129.0,749.0)
:Sending Touch (ACTION_UP): 0:(115.2679,747.1596)
:Sending Touch (ACTION_DOWN): 0:(1110.0,960.0)
:Sending Touch (ACTION_UP): 0:(1105.1521,961.05115)
:Sending Touch (ACTION_DOWN): 0:(750.0,311.0)
    //[calendar_time:2022-03-26 19:06:54.899  system_uptime:243590]
    // Sending event #3000
:Sending Touch (ACTION_UP): 0:(732.8068,350.85593)
:Sending Touch (ACTION_DOWN): 0:(617.0,1173.0)
:Sending Touch (ACTION_UP): 0:(638.54425,1172.107)
:Sending Touch (ACTION_DOWN): 0:(1089.0,696.0)
:Sending Touch (ACTION_UP): 0:(1125.8857,695.4785)
:Sending Touch (ACTION_DOWN): 0:(1050.0,547.0)
:Sending Touch (ACTION_UP): 0:(1136.4161,548.2106)
:Sending Touch (ACTION_DOWN): 0:(574.0,1795.0)
:Sending Touch (ACTION_UP): 0:(575.1549,1792.1707)
:Sending Touch (ACTION_DOWN): 0:(147.0,1239.0)
:Sending Touch (ACTION_UP): 0:(153.2976,1238.6897)
:Sending Touch (ACTION_DOWN): 0:(750.0,214.0)
:Sending Touch (ACTION_UP): 0:(750.8426,227.152)
:Sending Trackball (ACTION_MOVE): 0:(-4.0,0.0)
:Sending Touch (ACTION_DOWN): 0:(886.0,1659.0)
:Sending Touch (ACTION_UP): 0:(857.82275,1650.9901)
:Sending Trackball (ACTION_MOVE): 0:(-5.0,-5.0)
:Sending Trackball (ACTION_UP): 0:(0.0,0.0)
:Sending Trackball (ACTION_MOVE): 0:(-4.0,1.0)
:Sending Touch (ACTION_DOWN): 0:(927.0,1130.0)
:Sending Touch (ACTION_UP): 0:(975.9347,1041.0175)
:Sending Touch (ACTION_DOWN): 0:(631.0,429.0)
:Sending Touch (ACTION_UP): 0:(637.76636,424.80762)
    //[calendar_time:2022-03-26 19:07:00.249  system_uptime:248940]
    // Sending event #3100
    //[calendar_time:2022-03-26 19:07:00.449  system_uptime:249140]
    // Sending event #3100
:Sending Trackball (ACTION_MOVE): 0:(-4.0,3.0)
:Sending Trackball (ACTION_UP): 0:(0.0,0.0)
    // Rejecting start of Intent { act=android.intent.action.ASSIST cmp=com.google.android.googlequicksearchbox/.SearchActivity } in package com.google.android.googlequicksearchbox
:Sending Touch (ACTION_DOWN): 0:(772.0,380.0)
:Sending Touch (ACTION_UP): 0:(767.6074,380.24603)
:Sending Trackball (ACTION_MOVE): 0:(-5.0,-2.0)
:Sending Touch (ACTION_DOWN): 0:(826.0,1782.0)
:Sending Touch (ACTION_UP): 0:(826.69464,1758.7725)
:Sending Touch (ACTION_DOWN): 0:(75.0,1713.0)
:Sending Touch (ACTION_UP): 0:(101.5227,1685.507)
:Sending Touch (ACTION_DOWN): 0:(199.0,642.0)
:Sending Touch (ACTION_UP): 0:(200.64948,661.07404)
:Sending Trackball (ACTION_MOVE): 0:(0.0,2.0)
:Sending Touch (ACTION_DOWN): 0:(802.0,1705.0)
:Sending Touch (ACTION_UP): 0:(781.7433,1736.7975)
:Sending Touch (ACTION_DOWN): 0:(616.0,447.0)
:Sending Touch (ACTION_UP): 0:(613.4407,448.9557)
:Sending Touch (ACTION_DOWN): 0:(363.0,1716.0)
:Sending Touch (ACTION_UP): 0:(392.59955,1689.4731)
:Sending Touch (ACTION_DOWN): 0:(247.0,1683.0)
:Sending Touch (ACTION_UP): 0:(248.7758,1691.3392)
:Sending Touch (ACTION_DOWN): 0:(124.0,1257.0)
:Sending Touch (ACTION_UP): 0:(117.37215,1260.5068)
:Switch: #Intent;action=android.intent.action.MAIN;category=android.intent.category.LAUNCHER;launchFlags=0x10200000;component=com.amaze.filemanager.debug/com.amaze.filemanager.activities.MainActivity;end
    // Allowing start of Intent { act=android.intent.action.MAIN cat=[android.intent.category.LAUNCHER] cmp=com.amaze.filemanager.debug/com.amaze.filemanager.activities.MainActivity } in package com.amaze.filemanager.debug
    //[calendar_time:2022-03-26 19:07:05.000  system_uptime:253691]
    // Sending event #3200
    //[calendar_time:2022-03-26 19:07:05.201  system_uptime:253892]
    // Sending event #3200
:Sending Touch (ACTION_DOWN): 0:(690.0,1458.0)
:Sending Touch (ACTION_UP): 0:(704.6283,1452.4363)
:Sending Trackball (ACTION_MOVE): 0:(-5.0,1.0)
:Sending Touch (ACTION_DOWN): 0:(391.0,329.0)
:Sending Touch (ACTION_UP): 0:(371.91663,305.54047)
:Sending Trackball (ACTION_MOVE): 0:(-4.0,-5.0)
:Sending Trackball (ACTION_MOVE): 0:(-5.0,4.0)
:Sending Touch (ACTION_DOWN): 0:(60.0,197.0)
:Sending Touch (ACTION_UP): 0:(66.58655,191.81201)
:Sending Touch (ACTION_DOWN): 0:(364.0,1258.0)
:Sending Touch (ACTION_UP): 0:(343.58282,1256.9578)
:Sending Trackball (ACTION_MOVE): 0:(1.0,-3.0)
:Sending Trackball (ACTION_MOVE): 0:(-5.0,-5.0)
:Sending Touch (ACTION_DOWN): 0:(867.0,759.0)
    //[calendar_time:2022-03-26 19:07:09.985  system_uptime:258676]
    // Sending event #3300
:Sending Touch (ACTION_UP): 0:(866.23047,762.2125)
:Sending Trackball (ACTION_MOVE): 0:(0.0,-4.0)
:Sending Touch (ACTION_DOWN): 0:(532.0,1602.0)
:Sending Touch (ACTION_UP): 0:(545.4058,1596.112)
:Sending Trackball (ACTION_MOVE): 0:(3.0,2.0)
:Sending Trackball (ACTION_MOVE): 0:(-3.0,-5.0)
:Sending Trackball (ACTION_UP): 0:(0.0,0.0)
:Sending Touch (ACTION_DOWN): 0:(142.0,354.0)
:Sending Touch (ACTION_UP): 0:(85.10596,281.42834)
:Sending Trackball (ACTION_MOVE): 0:(4.0,4.0)
:Sending Trackball (ACTION_MOVE): 0:(-2.0,-5.0)
:Sending Touch (ACTION_DOWN): 0:(348.0,833.0)
:Sending Touch (ACTION_UP): 0:(347.18747,834.3229)
:Sending Touch (ACTION_DOWN): 0:(957.0,626.0)
:Sending Touch (ACTION_UP): 0:(958.2469,624.7542)
:Sending Touch (ACTION_DOWN): 0:(465.0,1550.0)
:Sending Touch (ACTION_UP): 0:(467.8756,1558.8014)
    //[calendar_time:2022-03-26 19:07:14.692  system_uptime:263383]
    // Sending event #3400
:Sending Touch (ACTION_DOWN): 0:(1008.0,1541.0)
:Sending Touch (ACTION_UP): 0:(944.2176,1543.5856)
:Sending Trackball (ACTION_MOVE): 0:(1.0,-2.0)
:Sending Touch (ACTION_DOWN): 0:(817.0,389.0)
:Sending Touch (ACTION_UP): 0:(811.19196,388.09686)
:Sending Trackball (ACTION_MOVE): 0:(0.0,-2.0)
:Sending Trackball (ACTION_UP): 0:(0.0,0.0)
:Sending Trackball (ACTION_MOVE): 0:(1.0,-3.0)
:Sending Touch (ACTION_DOWN): 0:(885.0,1014.0)
:Sending Touch (ACTION_UP): 0:(882.5394,1012.1156)
:Sending Touch (ACTION_DOWN): 0:(312.0,124.0)
:Sending Touch (ACTION_UP): 0:(330.3067,117.30568)
:Sending Touch (ACTION_DOWN): 0:(970.0,184.0)
:Sending Touch (ACTION_UP): 0:(1004.6517,135.50114)
:Sending Trackball (ACTION_MOVE): 0:(-4.0,1.0)
:Sending Touch (ACTION_DOWN): 0:(1087.0,55.0)
:Sending Touch (ACTION_UP): 0:(1148.0562,36.01325)
    // Injection Failed
:Sending Touch (ACTION_DOWN): 0:(574.0,56.0)
:Sending Touch (ACTION_UP): 0:(467.36133,55.00612)
:Sending Touch (ACTION_DOWN): 0:(248.0,175.0)
    //[calendar_time:2022-03-26 19:07:18.228  system_uptime:266919]
    // Sending event #3500
:Sending Touch (ACTION_UP): 0:(251.78757,179.54344)
:Sending Trackball (ACTION_MOVE): 0:(3.0,1.0)
:Sending Trackball (ACTION_MOVE): 0:(-4.0,-4.0)
:Sending Trackball (ACTION_UP): 0:(0.0,0.0)
:Sending Touch (ACTION_DOWN): 0:(475.0,1101.0)
:Sending Touch (ACTION_UP): 0:(487.73422,1100.8344)
:Sending Touch (ACTION_DOWN): 0:(587.0,239.0)
:Sending Touch (ACTION_UP): 0:(637.93335,248.38382)
:Sending Touch (ACTION_DOWN): 0:(863.0,1437.0)
:Sending Touch (ACTION_UP): 0:(867.2274,1451.4816)
:Sending Trackball (ACTION_MOVE): 0:(-2.0,3.0)
:Sending Touch (ACTION_DOWN): 0:(903.0,520.0)
:Sending Touch (ACTION_UP): 0:(881.5174,513.6577)
:Sending Touch (ACTION_DOWN): 0:(1112.0,1756.0)
:Sending Touch (ACTION_UP): 0:(1107.3785,1730.3779)
:Sending Trackball (ACTION_MOVE): 0:(1.0,2.0)
:Sending Touch (ACTION_DOWN): 0:(56.0,1049.0)
    //[calendar_time:2022-03-26 19:07:23.019  system_uptime:271710]
    // Sending event #3600
:Sending Touch (ACTION_UP): 0:(22.294926,1048.1362)
:Sending Trackball (ACTION_MOVE): 0:(-5.0,1.0)
:Sending Touch (ACTION_DOWN): 0:(922.0,599.0)
:Sending Touch (ACTION_UP): 0:(921.22076,616.8796)
    // Rejecting start of Intent { act=android.intent.action.MAIN cat=[android.intent.category.HOME] cmp=com.google.android.apps.nexuslauncher/.NexusLauncherActivity } in package com.google.android.apps.nexuslauncher
:Sending Touch (ACTION_DOWN): 0:(1003.0,753.0)
:Sending Touch (ACTION_UP): 0:(1020.60187,757.357)
:Switch: #Intent;action=android.intent.action.MAIN;category=android.intent.category.LAUNCHER;launchFlags=0x10200000;component=com.amaze.filemanager.debug/com.amaze.filemanager.activities.MainActivity;end
    // Allowing start of Intent { act=android.intent.action.MAIN cat=[android.intent.category.LAUNCHER] cmp=com.amaze.filemanager.debug/com.amaze.filemanager.activities.MainActivity } in package com.amaze.filemanager.debug
:Sending Trackball (ACTION_MOVE): 0:(3.0,-2.0)
:Sending Trackball (ACTION_MOVE): 0:(-4.0,-5.0)
:Sending Touch (ACTION_DOWN): 0:(365.0,1773.0)
:Sending Touch (ACTION_UP): 0:(299.03918,1793.9517)
:Sending Trackball (ACTION_MOVE): 0:(4.0,1.0)
:Sending Touch (ACTION_DOWN): 0:(800.0,1429.0)
:Sending Touch (ACTION_UP): 0:(797.8447,1437.0741)
:Switch: #Intent;action=android.intent.action.MAIN;category=android.intent.category.LAUNCHER;launchFlags=0x10200000;component=com.amaze.filemanager.debug/com.amaze.filemanager.activities.MainActivity;end
    // Allowing start of Intent { act=android.intent.action.MAIN cat=[android.intent.category.LAUNCHER] cmp=com.amaze.filemanager.debug/com.amaze.filemanager.activities.MainActivity } in package com.amaze.filemanager.debug
:Sending Touch (ACTION_DOWN): 0:(413.0,104.0)
:Sending Touch (ACTION_UP): 0:(397.54306,69.23446)
:Sending Touch (ACTION_DOWN): 0:(952.0,1685.0)
:Sending Touch (ACTION_UP): 0:(940.1523,1679.0569)
    //[calendar_time:2022-03-26 19:07:27.807  system_uptime:276498]
    // Sending event #3700
    //[calendar_time:2022-03-26 19:07:28.008  system_uptime:276699]
    // Sending event #3700
:Sending Trackball (ACTION_MOVE): 0:(-1.0,-3.0)
:Sending Touch (ACTION_DOWN): 0:(826.0,757.0)
:Sending Touch (ACTION_UP): 0:(823.05914,765.97845)
:Sending Touch (ACTION_DOWN): 0:(321.0,1650.0)
:Sending Touch (ACTION_UP): 0:(311.3362,1657.1819)
:Sending Touch (ACTION_DOWN): 0:(22.0,1190.0)
:Sending Touch (ACTION_UP): 0:(96.90818,1102.5845)
:Sending Touch (ACTION_DOWN): 0:(1162.0,1542.0)
:Sending Touch (ACTION_UP): 0:(1077.3673,1477.603)
:Sending Touch (ACTION_DOWN): 0:(128.0,1044.0)
:Sending Touch (ACTION_UP): 0:(117.66712,1029.7852)
:Sending Trackball (ACTION_MOVE): 0:(2.0,4.0)
:Sending Trackball (ACTION_MOVE): 0:(1.0,4.0)
:Sending Touch (ACTION_DOWN): 0:(108.0,1054.0)
:Sending Touch (ACTION_UP): 0:(102.15222,1068.0718)
:Sending Touch (ACTION_DOWN): 0:(1176.0,6.0)
:Sending Touch (ACTION_UP): 0:(1163.6077,0.0)
:Sending Trackball (ACTION_MOVE): 0:(2.0,-1.0)
    //[calendar_time:2022-03-26 19:07:32.306  system_uptime:280997]
    // Sending event #3800
:Sending Trackball (ACTION_MOVE): 0:(0.0,3.0)
:Sending Trackball (ACTION_UP): 0:(0.0,0.0)
:Sending Trackball (ACTION_MOVE): 0:(-1.0,-3.0)
:Sending Trackball (ACTION_MOVE): 0:(2.0,4.0)
:Sending Touch (ACTION_DOWN): 0:(1136.0,1197.0)
:Sending Touch (ACTION_UP): 0:(1146.8452,1286.7242)
:Sending Touch (ACTION_DOWN): 0:(124.0,1380.0)
:Sending Touch (ACTION_UP): 0:(110.185135,1376.4613)
:Sending Touch (ACTION_DOWN): 0:(95.0,645.0)
:Sending Touch (ACTION_UP): 0:(91.14479,633.796)
:Switch: #Intent;action=android.intent.action.MAIN;category=android.intent.category.LAUNCHER;launchFlags=0x10200000;component=com.amaze.filemanager.debug/com.amaze.filemanager.activities.MainActivity;end
    // Allowing start of Intent { act=android.intent.action.MAIN cat=[android.intent.category.LAUNCHER] cmp=com.amaze.filemanager.debug/com.amaze.filemanager.activities.MainActivity } in package com.amaze.filemanager.debug
:Sending Touch (ACTION_DOWN): 0:(513.0,1042.0)
:Sending Touch (ACTION_UP): 0:(526.4575,1015.6518)
:Sending Flip keyboardOpen=true
:Sending Touch (ACTION_DOWN): 0:(406.0,670.0)
:Sending Touch (ACTION_UP): 0:(364.40063,639.8084)
    //[calendar_time:2022-03-26 19:07:38.189  system_uptime:286880]
    // Sending event #3900
    //[calendar_time:2022-03-26 19:07:38.390  system_uptime:287081]
    // Sending event #3900
:Sending Trackball (ACTION_MOVE): 0:(2.0,3.0)
:Sending Flip keyboardOpen=false
:Sending Touch (ACTION_DOWN): 0:(272.0,531.0)
:Sending Touch (ACTION_UP): 0:(260.0365,522.0652)
:Sending Touch (ACTION_DOWN): 0:(235.0,843.0)
:Sending Touch (ACTION_UP): 0:(207.093,816.6955)
:Sending Touch (ACTION_DOWN): 0:(643.0,585.0)
:Sending Touch (ACTION_UP): 0:(650.5685,585.006)
:Sending Trackball (ACTION_MOVE): 0:(4.0,3.0)
:Sending Trackball (ACTION_MOVE): 0:(-5.0,0.0)
:Sending Touch (ACTION_DOWN): 0:(827.0,1795.0)
:Sending Touch (ACTION_UP): 0:(822.4672,1791.0413)
:Sending Trackball (ACTION_MOVE): 0:(-4.0,-3.0)
:Sending Touch (ACTION_DOWN): 0:(1067.0,67.0)
:Sending Touch (ACTION_UP): 0:(1102.932,10.490669)
:Sending Trackball (ACTION_MOVE): 0:(-5.0,1.0)
    //[calendar_time:2022-03-26 19:07:42.186  system_uptime:290877]
    // Sending event #4000
:Sending Trackball (ACTION_UP): 0:(0.0,0.0)
:Sending Touch (ACTION_DOWN): 0:(548.0,1613.0)
:Sending Touch (ACTION_UP): 0:(552.78436,1657.481)
:Switch: #Intent;action=android.intent.action.MAIN;category=android.intent.category.LAUNCHER;launchFlags=0x10200000;component=com.amaze.filemanager.debug/com.amaze.filemanager.activities.MainActivity;end
    // Allowing start of Intent { act=android.intent.action.MAIN cat=[android.intent.category.LAUNCHER] cmp=com.amaze.filemanager.debug/com.amaze.filemanager.activities.MainActivity } in package com.amaze.filemanager.debug
:Sending Touch (ACTION_DOWN): 0:(95.0,934.0)
:Sending Touch (ACTION_UP): 0:(94.51752,937.75726)
:Sending Touch (ACTION_DOWN): 0:(557.0,957.0)
:Sending Touch (ACTION_UP): 0:(570.8195,957.05597)
:Sending Touch (ACTION_DOWN): 0:(486.0,902.0)
:Sending Touch (ACTION_UP): 0:(398.91284,977.54584)
:Sending Trackball (ACTION_MOVE): 0:(-3.0,2.0)
:Sending Trackball (ACTION_MOVE): 0:(-2.0,-1.0)
    // Rejecting start of Intent { act=android.intent.action.CALL_BUTTON cmp=com.google.android.dialer/com.google.android.apps.dialer.extensions.GoogleDialtactsActivity } in package com.google.android.dialer
:Sending Trackball (ACTION_MOVE): 0:(0.0,2.0)
:Sending Touch (ACTION_DOWN): 0:(1180.0,1468.0)
:Sending Touch (ACTION_UP): 0:(1177.1497,1468.1364)
:Sending Touch (ACTION_DOWN): 0:(803.0,1008.0)
:Sending Touch (ACTION_UP): 0:(816.5714,987.1876)
:Switch: #Intent;action=android.intent.action.MAIN;category=android.intent.category.LAUNCHER;launchFlags=0x10200000;component=com.amaze.filemanager.debug/com.amaze.filemanager.activities.MainActivity;end
    // Allowing start of Intent { act=android.intent.action.MAIN cat=[android.intent.category.LAUNCHER] cmp=com.amaze.filemanager.debug/com.amaze.filemanager.activities.MainActivity } in package com.amaze.filemanager.debug
:Sending Touch (ACTION_DOWN): 0:(35.0,315.0)
    //[calendar_time:2022-03-26 19:07:48.372  system_uptime:297063]
    // Sending event #4100
:Sending Touch (ACTION_UP): 0:(39.33716,317.70523)
:Sending Touch (ACTION_DOWN): 0:(1035.0,1372.0)
:Sending Touch (ACTION_UP): 0:(1099.1077,1394.1727)
:Sending Touch (ACTION_DOWN): 0:(181.0,1695.0)
:Sending Touch (ACTION_UP): 0:(180.59204,1704.3253)
:Sending Trackball (ACTION_MOVE): 0:(3.0,-2.0)
:Sending Touch (ACTION_DOWN): 0:(1097.0,332.0)
:Sending Touch (ACTION_UP): 0:(1103.0774,338.3758)
:Sending Touch (ACTION_DOWN): 0:(536.0,578.0)
:Sending Touch (ACTION_UP): 0:(535.61584,581.09283)
:Sending Flip keyboardOpen=true
:Sending Touch (ACTION_DOWN): 0:(641.0,1135.0)
:Sending Touch (ACTION_UP): 0:(692.84845,1069.8501)
:Sending Flip keyboardOpen=false
:Sending Touch (ACTION_DOWN): 0:(627.0,1093.0)
:Sending Touch (ACTION_UP): 0:(622.74176,1101.1351)
:Sending Touch (ACTION_DOWN): 0:(336.0,664.0)
:Sending Touch (ACTION_UP): 0:(334.046,667.37335)
:Sending Touch (ACTION_DOWN): 0:(786.0,137.0)
:Sending Touch (ACTION_UP): 0:(782.492,122.817276)
:Sending Trackball (ACTION_MOVE): 0:(4.0,-3.0)
:Sending Touch (ACTION_DOWN): 0:(315.0,519.0)
:Sending Touch (ACTION_UP): 0:(280.37643,505.81943)
:Sending Trackball (ACTION_MOVE): 0:(-5.0,-3.0)
:Sending Touch (ACTION_DOWN): 0:(650.0,369.0)
:Sending Touch (ACTION_UP): 0:(651.36615,369.68573)
:Sending Touch (ACTION_DOWN): 0:(218.0,812.0)
:Sending Touch (ACTION_UP): 0:(223.83093,811.88947)
:Sending Touch (ACTION_DOWN): 0:(304.0,1033.0)
:Sending Touch (ACTION_UP): 0:(292.83948,1036.9917)
:Sending Touch (ACTION_DOWN): 0:(441.0,1175.0)
    //[calendar_time:2022-03-26 19:07:53.611  system_uptime:302302]
    // Sending event #4200
:Sending Touch (ACTION_UP): 0:(436.9313,1175.8055)
    // Rejecting start of Intent { cmp=com.android.inputmethod.latin/.permissions.PermissionsActivity } in package com.android.inputmethod.latin
:Sending Touch (ACTION_DOWN): 0:(994.0,319.0)
:Sending Touch (ACTION_UP): 0:(1003.12445,324.51526)
:Sending Touch (ACTION_DOWN): 0:(408.0,293.0)
:Sending Touch (ACTION_UP): 0:(399.92426,293.35388)
:Sending Touch (ACTION_DOWN): 0:(925.0,1571.0)
:Sending Touch (ACTION_UP): 0:(868.8567,1468.6643)
:Sending Touch (ACTION_DOWN): 0:(1040.0,250.0)
:Sending Touch (ACTION_UP): 0:(1026.4567,261.6378)
:Sending Touch (ACTION_DOWN): 0:(1148.0,100.0)
:Sending Touch (ACTION_UP): 0:(1149.4124,98.81649)
:Sending Trackball (ACTION_MOVE): 0:(-4.0,4.0)
:Sending Trackball (ACTION_MOVE): 0:(1.0,-3.0)
:Sending Touch (ACTION_DOWN): 0:(817.0,1360.0)
:Sending Touch (ACTION_UP): 0:(836.21954,1360.161)
:Sending Touch (ACTION_DOWN): 0:(93.0,995.0)
:Sending Touch (ACTION_UP): 0:(61.28124,986.14954)
:Sending Touch (ACTION_DOWN): 0:(200.0,1352.0)
:Sending Touch (ACTION_UP): 0:(150.52415,1350.5464)
:Sending Touch (ACTION_DOWN): 0:(1085.0,1807.0)
:Sending Touch (ACTION_UP): 0:(1083.954,1789.4291)
:Sending Touch (ACTION_DOWN): 0:(867.0,1510.0)
:Sending Touch (ACTION_UP): 0:(873.2026,1510.5713)
:Sending Touch (ACTION_DOWN): 0:(1045.0,1094.0)
:Sending Touch (ACTION_UP): 0:(1048.0178,1104.0911)
:Sending Touch (ACTION_DOWN): 0:(967.0,624.0)
:Sending Touch (ACTION_UP): 0:(971.7272,623.0273)
:Sending Touch (ACTION_DOWN): 0:(514.0,1095.0)
    //[calendar_time:2022-03-26 19:08:00.175  system_uptime:308866]
    // Sending event #4300
:Sending Touch (ACTION_UP): 0:(514.217,1099.6115)
:Sending Touch (ACTION_DOWN): 0:(970.0,1787.0)
:Sending Touch (ACTION_UP): 0:(967.188,1786.1199)
:Sending Touch (ACTION_DOWN): 0:(175.0,439.0)
:Sending Touch (ACTION_UP): 0:(117.46389,446.1106)
:Sending Touch (ACTION_DOWN): 0:(1052.0,424.0)
:Sending Touch (ACTION_UP): 0:(1087.5681,457.51645)
:Sending Trackball (ACTION_MOVE): 0:(-4.0,-3.0)
:Sending Trackball (ACTION_MOVE): 0:(1.0,-2.0)
:Sending Touch (ACTION_DOWN): 0:(690.0,180.0)
:Sending Touch (ACTION_UP): 0:(694.0955,187.28017)
:Sending Touch (ACTION_DOWN): 0:(1179.0,1134.0)
:Sending Touch (ACTION_UP): 0:(1178.768,1129.3702)
:Sending Touch (ACTION_DOWN): 0:(805.0,144.0)
:Sending Touch (ACTION_UP): 0:(807.0719,143.81003)
:Sending Touch (ACTION_DOWN): 0:(26.0,521.0)
:Sending Touch (ACTION_UP): 0:(43.275703,521.4466)
:Switch: #Intent;action=android.intent.action.MAIN;category=android.intent.category.LAUNCHER;launchFlags=0x10200000;component=com.amaze.filemanager.debug/com.amaze.filemanager.activities.MainActivity;end
    // Allowing start of Intent { act=android.intent.action.MAIN cat=[android.intent.category.LAUNCHER] cmp=com.amaze.filemanager.debug/com.amaze.filemanager.activities.MainActivity } in package com.amaze.filemanager.debug
:Sending Touch (ACTION_DOWN): 0:(532.0,1210.0)
:Sending Touch (ACTION_UP): 0:(585.9136,1100.6853)
    // Rejecting start of Intent { cmp=com.android.inputmethod.latin/.permissions.PermissionsActivity } in package com.android.inputmethod.latin
    //[calendar_time:2022-03-26 19:08:06.940  system_uptime:315631]
    // Sending event #4400
    //[calendar_time:2022-03-26 19:08:07.140  system_uptime:315831]
    // Sending event #4400
:Sending Touch (ACTION_DOWN): 0:(271.0,455.0)
:Sending Touch (ACTION_UP): 0:(306.66132,484.59045)
:Sending Trackball (ACTION_MOVE): 0:(3.0,-4.0)
:Sending Trackball (ACTION_MOVE): 0:(-5.0,-1.0)
:Switch: #Intent;action=android.intent.action.MAIN;category=android.intent.category.LAUNCHER;launchFlags=0x10200000;component=com.amaze.filemanager.debug/com.amaze.filemanager.activities.MainActivity;end
    // Allowing start of Intent { act=android.intent.action.MAIN cat=[android.intent.category.LAUNCHER] cmp=com.amaze.filemanager.debug/com.amaze.filemanager.activities.MainActivity } in package com.amaze.filemanager.debug
:Sending Touch (ACTION_DOWN): 0:(638.0,718.0)
:Sending Touch (ACTION_UP): 0:(657.323,717.00946)
:Sending Trackball (ACTION_MOVE): 0:(-1.0,-4.0)
:Sending Touch (ACTION_DOWN): 0:(359.0,190.0)
:Sending Touch (ACTION_UP): 0:(348.67297,193.37955)
:Sending Trackball (ACTION_MOVE): 0:(-1.0,-4.0)
    // Rejecting start of Intent { act=android.intent.action.ASSIST cmp=com.google.android.googlequicksearchbox/.SearchActivity } in package com.google.android.googlequicksearchbox
:Sending Touch (ACTION_DOWN): 0:(1199.0,1196.0)
:Sending Touch (ACTION_UP): 0:(1195.67,1192.7622)
:Sending Trackball (ACTION_MOVE): 0:(-5.0,-3.0)
:Sending Trackball (ACTION_MOVE): 0:(-2.0,-2.0)
    //[calendar_time:2022-03-26 19:08:10.544  system_uptime:319235]
    // Sending event #4500
    //[calendar_time:2022-03-26 19:08:10.745  system_uptime:319436]
    // Sending event #4500
:Sending Trackball (ACTION_MOVE): 0:(1.0,-3.0)
:Sending Touch (ACTION_DOWN): 0:(99.0,1638.0)
:Sending Touch (ACTION_UP): 0:(100.842224,1643.0621)
:Sending Trackball (ACTION_MOVE): 0:(0.0,-1.0)
:Sending Trackball (ACTION_MOVE): 0:(4.0,2.0)
:Sending Touch (ACTION_DOWN): 0:(822.0,715.0)
:Sending Touch (ACTION_UP): 0:(831.49274,681.6821)
:Sending Trackball (ACTION_MOVE): 0:(-5.0,-4.0)
:Sending Trackball (ACTION_UP): 0:(0.0,0.0)
:Sending Touch (ACTION_DOWN): 0:(107.0,13.0)
:Sending Touch (ACTION_UP): 0:(106.877266,9.264069)
:Sending Touch (ACTION_DOWN): 0:(206.0,122.0)
:Sending Touch (ACTION_UP): 0:(136.01659,147.10907)
:Sending Touch (ACTION_DOWN): 0:(220.0,1056.0)
:Sending Touch (ACTION_UP): 0:(206.10106,1112.6329)
:Sending Touch (ACTION_DOWN): 0:(286.0,1409.0)
:Sending Touch (ACTION_UP): 0:(301.99176,1425.3512)
    //[calendar_time:2022-03-26 19:08:14.077  system_uptime:322768]
    // Sending event #4600
:Sending Touch (ACTION_DOWN): 0:(502.0,859.0)
:Sending Touch (ACTION_UP): 0:(503.91937,856.69635)
:Sending Trackball (ACTION_MOVE): 0:(1.0,-5.0)
:Sending Trackball (ACTION_UP): 0:(0.0,0.0)
:Sending Touch (ACTION_DOWN): 0:(498.0,1490.0)
:Sending Touch (ACTION_UP): 0:(499.94263,1468.7236)
:Sending Trackball (ACTION_MOVE): 0:(-5.0,4.0)
:Sending Touch (ACTION_DOWN): 0:(853.0,971.0)
:Sending Touch (ACTION_UP): 0:(825.0684,965.77234)
:Sending Touch (ACTION_DOWN): 0:(840.0,1618.0)
:Sending Touch (ACTION_UP): 0:(836.792,1619.0142)
:Sending Touch (ACTION_DOWN): 0:(11.0,1352.0)
:Sending Touch (ACTION_UP): 0:(15.502411,1349.807)
:Sending Touch (ACTION_DOWN): 0:(1032.0,720.0)
:Sending Touch (ACTION_UP): 0:(890.80164,818.3876)
:Sending Touch (ACTION_DOWN): 0:(37.0,689.0)
:Sending Touch (ACTION_UP): 0:(0.0,642.35516)
:Sending Trackball (ACTION_MOVE): 0:(0.0,0.0)
:Sending Touch (ACTION_DOWN): 0:(814.0,736.0)
    //[calendar_time:2022-03-26 19:08:19.219  system_uptime:327910]
    // Sending event #4700
:Sending Touch (ACTION_UP): 0:(884.1758,716.62665)
:Sending Touch (ACTION_DOWN): 0:(727.0,821.0)
:Sending Touch (ACTION_UP): 0:(851.4441,834.7048)
:Sending Touch (ACTION_DOWN): 0:(24.0,263.0)
:Sending Touch (ACTION_UP): 0:(24.002169,264.06696)
:Sending Trackball (ACTION_MOVE): 0:(-2.0,-3.0)
:Sending Trackball (ACTION_MOVE): 0:(4.0,-4.0)
:Sending Touch (ACTION_DOWN): 0:(858.0,1210.0)
:Sending Touch (ACTION_UP): 0:(882.1186,1272.8433)
:Sending Touch (ACTION_DOWN): 0:(159.0,482.0)
:Sending Touch (ACTION_UP): 0:(179.76283,473.68713)
:Sending Trackball (ACTION_MOVE): 0:(-3.0,-2.0)
:Sending Trackball (ACTION_MOVE): 0:(0.0,4.0)
:Sending Touch (ACTION_DOWN): 0:(1133.0,1226.0)
:Sending Touch (ACTION_UP): 0:(1044.6877,1310.3394)
:Sending Touch (ACTION_DOWN): 0:(1150.0,330.0)
:Sending Touch (ACTION_UP): 0:(1142.5547,325.84424)
    //[calendar_time:2022-03-26 19:08:22.789  system_uptime:331480]
    // Sending event #4800
:Switch: #Intent;action=android.intent.action.MAIN;category=android.intent.category.LAUNCHER;launchFlags=0x10200000;component=com.amaze.filemanager.debug/com.amaze.filemanager.activities.MainActivity;end
    // Allowing start of Intent { act=android.intent.action.MAIN cat=[android.intent.category.LAUNCHER] cmp=com.amaze.filemanager.debug/com.amaze.filemanager.activities.MainActivity } in package com.amaze.filemanager.debug
:Sending Touch (ACTION_DOWN): 0:(177.0,12.0)
:Sending Touch (ACTION_UP): 0:(177.08398,14.849752)
:Sending Touch (ACTION_DOWN): 0:(342.0,301.0)
:Sending Touch (ACTION_UP): 0:(350.50125,303.19864)
:Sending Touch (ACTION_DOWN): 0:(1128.0,288.0)
:Sending Touch (ACTION_UP): 0:(1126.7961,284.42944)
:Sending Touch (ACTION_DOWN): 0:(269.0,1481.0)
:Sending Touch (ACTION_UP): 0:(187.54077,1490.888)
:Sending Trackball (ACTION_MOVE): 0:(4.0,0.0)
:Sending Touch (ACTION_DOWN): 0:(314.0,1323.0)
:Sending Touch (ACTION_UP): 0:(309.14914,1319.8151)
:Sending Trackball (ACTION_MOVE): 0:(-5.0,2.0)
:Sending Trackball (ACTION_MOVE): 0:(-4.0,1.0)
:Sending Trackball (ACTION_MOVE): 0:(4.0,-1.0)
:Sending Touch (ACTION_DOWN): 0:(924.0,1578.0)
:Sending Touch (ACTION_UP): 0:(927.97156,1592.9862)
:Sending Touch (ACTION_DOWN): 0:(1187.0,787.0)
:Sending Touch (ACTION_UP): 0:(1186.4592,793.3632)
    //[calendar_time:2022-03-26 19:08:28.361  system_uptime:337052]
    // Sending event #4900
    //[calendar_time:2022-03-26 19:08:28.562  system_uptime:337253]
    // Sending event #4900
:Sending Touch (ACTION_DOWN): 0:(757.0,1332.0)
:Sending Touch (ACTION_UP): 0:(754.0127,1336.5042)
:Sending Trackball (ACTION_MOVE): 0:(3.0,-3.0)
:Switch: #Intent;action=android.intent.action.MAIN;category=android.intent.category.LAUNCHER;launchFlags=0x10200000;component=com.amaze.filemanager.debug/com.amaze.filemanager.activities.MainActivity;end
    // Allowing start of Intent { act=android.intent.action.MAIN cat=[android.intent.category.LAUNCHER] cmp=com.amaze.filemanager.debug/com.amaze.filemanager.activities.MainActivity } in package com.amaze.filemanager.debug
:Sending Trackball (ACTION_MOVE): 0:(1.0,-3.0)
:Sending Touch (ACTION_DOWN): 0:(75.0,205.0)
:Sending Touch (ACTION_UP): 0:(25.036097,220.96674)
:Sending Touch (ACTION_DOWN): 0:(1000.0,474.0)
:Sending Touch (ACTION_UP): 0:(993.42365,451.56427)
:Sending Trackball (ACTION_MOVE): 0:(-1.0,-2.0)
:Sending Touch (ACTION_DOWN): 0:(1072.0,153.0)
:Sending Touch (ACTION_UP): 0:(1078.2728,167.99066)
:Sending Touch (ACTION_DOWN): 0:(93.0,832.0)
:Sending Touch (ACTION_UP): 0:(178.17896,775.9444)
:Sending Touch (ACTION_DOWN): 0:(95.0,784.0)
:Sending Touch (ACTION_UP): 0:(95.44759,793.56683)
:Sending Touch (ACTION_DOWN): 0:(489.0,732.0)
:Sending Touch (ACTION_UP): 0:(351.61594,766.7452)
:Sending Trackball (ACTION_MOVE): 0:(-2.0,1.0)
:Sending Touch (ACTION_DOWN): 0:(224.0,192.0)
    //[calendar_time:2022-03-26 19:08:31.506  system_uptime:340197]
    // Sending event #5000
:Sending Touch (ACTION_UP): 0:(263.5969,184.91905)
:Sending Touch (ACTION_DOWN): 0:(660.0,1693.0)
:Sending Touch (ACTION_UP): 0:(683.315,1701.6637)
:Sending Touch (ACTION_DOWN): 0:(459.0,1470.0)
:Sending Touch (ACTION_UP): 0:(458.7616,1491.3677)
:Sending Touch (ACTION_DOWN): 0:(555.0,1255.0)
:Sending Touch (ACTION_UP): 0:(558.6943,1243.9038)
    // Rejecting start of Intent { act=android.intent.action.CALL_BUTTON cmp=com.google.android.dialer/com.google.android.apps.dialer.extensions.GoogleDialtactsActivity } in package com.google.android.dialer
:Sending Touch (ACTION_DOWN): 0:(420.0,289.0)
:Sending Touch (ACTION_UP): 0:(337.85425,319.69864)
:Switch: #Intent;action=android.intent.action.MAIN;category=android.intent.category.LAUNCHER;launchFlags=0x10200000;component=com.amaze.filemanager.debug/com.amaze.filemanager.activities.MainActivity;end
    // Allowing start of Intent { act=android.intent.action.MAIN cat=[android.intent.category.LAUNCHER] cmp=com.amaze.filemanager.debug/com.amaze.filemanager.activities.MainActivity } in package com.amaze.filemanager.debug
:Sending Touch (ACTION_DOWN): 0:(1039.0,454.0)
:Sending Touch (ACTION_UP): 0:(1068.7761,469.7147)
:Sending Touch (ACTION_DOWN): 0:(1009.0,1308.0)
:Sending Touch (ACTION_UP): 0:(1018.04346,1222.9635)
:Sending Trackball (ACTION_MOVE): 0:(2.0,1.0)
:Sending Touch (ACTION_DOWN): 0:(798.0,1570.0)
:Sending Touch (ACTION_UP): 0:(847.51794,1553.9609)
:Sending Touch (ACTION_DOWN): 0:(616.0,1448.0)
:Sending Touch (ACTION_UP): 0:(701.0176,1595.8334)
:Sending Trackball (ACTION_MOVE): 0:(-2.0,1.0)
    //[calendar_time:2022-03-26 19:08:36.860  system_uptime:345551]
    // Sending event #5100
:Sending Trackball (ACTION_MOVE): 0:(2.0,-2.0)
:Sending Trackball (ACTION_MOVE): 0:(2.0,-1.0)
:Sending Trackball (ACTION_MOVE): 0:(-4.0,4.0)
:Sending Touch (ACTION_DOWN): 0:(426.0,1821.0)
:Sending Touch (ACTION_UP): 0:(424.69028,1810.5469)
:Sending Touch (ACTION_DOWN): 0:(611.0,1202.0)
:Sending Touch (ACTION_UP): 0:(670.8794,1213.3407)
:Switch: #Intent;action=android.intent.action.MAIN;category=android.intent.category.LAUNCHER;launchFlags=0x10200000;component=com.amaze.filemanager.debug/com.amaze.filemanager.activities.MainActivity;end
    // Allowing start of Intent { act=android.intent.action.MAIN cat=[android.intent.category.LAUNCHER] cmp=com.amaze.filemanager.debug/com.amaze.filemanager.activities.MainActivity } in package com.amaze.filemanager.debug
:Sending Touch (ACTION_DOWN): 0:(470.0,23.0)
:Sending Touch (ACTION_UP): 0:(479.95132,23.034828)
:Sending Trackball (ACTION_MOVE): 0:(4.0,-4.0)
:Sending Touch (ACTION_DOWN): 0:(46.0,819.0)
:Sending Touch (ACTION_UP): 0:(106.318306,787.1884)
:Sending Touch (ACTION_DOWN): 0:(553.0,230.0)
:Sending Touch (ACTION_UP): 0:(539.41125,226.88858)
:Sending Flip keyboardOpen=true
:Sending Touch (ACTION_DOWN): 0:(323.0,1568.0)
:Sending Touch (ACTION_UP): 0:(330.79547,1570.5244)
:Sending Touch (ACTION_DOWN): 0:(326.0,1730.0)
:Sending Touch (ACTION_UP): 0:(326.58365,1731.1759)
:Sending Touch (ACTION_DOWN): 0:(338.0,1803.0)
:Sending Touch (ACTION_UP): 0:(322.66772,1794.3695)
    //[calendar_time:2022-03-26 19:08:41.043  system_uptime:349734]
    // Sending event #5200
    //[calendar_time:2022-03-26 19:08:41.244  system_uptime:349935]
    // Sending event #5200
:Sending Touch (ACTION_DOWN): 0:(528.0,87.0)
:Sending Touch (ACTION_UP): 0:(526.40027,76.00294)
:Sending Touch (ACTION_DOWN): 0:(773.0,376.0)
:Sending Touch (ACTION_UP): 0:(776.07043,361.09122)
:Switch: #Intent;action=android.intent.action.MAIN;category=android.intent.category.LAUNCHER;launchFlags=0x10200000;component=com.amaze.filemanager.debug/com.amaze.filemanager.activities.MainActivity;end
    // Allowing start of Intent { act=android.intent.action.MAIN cat=[android.intent.category.LAUNCHER] cmp=com.amaze.filemanager.debug/com.amaze.filemanager.activities.MainActivity } in package com.amaze.filemanager.debug
:Sending Touch (ACTION_DOWN): 0:(555.0,1784.0)
:Sending Touch (ACTION_UP): 0:(549.90497,1788.6011)
:Sending Touch (ACTION_DOWN): 0:(1065.0,47.0)
:Sending Touch (ACTION_UP): 0:(992.84424,43.95375)
:Sending Touch (ACTION_DOWN): 0:(204.0,201.0)
:Sending Touch (ACTION_UP): 0:(205.96675,203.06589)
:Sending Touch (ACTION_DOWN): 0:(515.0,133.0)
:Sending Touch (ACTION_UP): 0:(449.90308,126.28034)
:Sending Touch (ACTION_DOWN): 0:(894.0,1791.0)
:Sending Touch (ACTION_UP): 0:(893.9784,1785.7726)
    // Rejecting start of Intent { act=android.intent.action.CALL_BUTTON cmp=com.google.android.dialer/com.google.android.apps.dialer.extensions.GoogleDialtactsActivity } in package com.google.android.dialer
    // Rejecting start of Intent { act=android.intent.action.CALL_BUTTON cmp=com.google.android.dialer/com.google.android.apps.dialer.extensions.GoogleDialtactsActivity } in package com.google.android.dialer
:Sending Trackball (ACTION_MOVE): 0:(-4.0,-5.0)
:Sending Trackball (ACTION_MOVE): 0:(-1.0,4.0)
:Sending Touch (ACTION_DOWN): 0:(424.0,132.0)
:Sending Touch (ACTION_UP): 0:(431.47107,142.06099)
:Sending Touch (ACTION_DOWN): 0:(364.0,1693.0)
:Sending Touch (ACTION_UP): 0:(347.28622,1671.6382)
    //[calendar_time:2022-03-26 19:08:47.996  system_uptime:356687]
    // Sending event #5300
:Sending Touch (ACTION_DOWN): 0:(59.0,1324.0)
:Sending Touch (ACTION_UP): 0:(62.891827,1321.1279)
:Sending Trackball (ACTION_MOVE): 0:(2.0,-4.0)
:Sending Trackball (ACTION_MOVE): 0:(3.0,-4.0)
:Sending Trackball (ACTION_MOVE): 0:(3.0,-4.0)
:Sending Trackball (ACTION_MOVE): 0:(2.0,-4.0)
:Sending Trackball (ACTION_MOVE): 0:(4.0,-4.0)
:Sending Touch (ACTION_DOWN): 0:(96.0,807.0)
:Sending Touch (ACTION_UP): 0:(81.31624,816.28467)
:Sending Touch (ACTION_DOWN): 0:(1162.0,107.0)
:Sending Touch (ACTION_UP): 0:(1162.2312,107.48485)
:Sending Touch (ACTION_DOWN): 0:(183.0,768.0)
:Sending Touch (ACTION_UP): 0:(58.32215,613.62885)
:Sending Trackball (ACTION_MOVE): 0:(0.0,4.0)
    //[calendar_time:2022-03-26 19:08:51.679  system_uptime:360370]
    // Sending event #5400
:Switch: #Intent;action=android.intent.action.MAIN;category=android.intent.category.LAUNCHER;launchFlags=0x10200000;component=com.amaze.filemanager.debug/com.amaze.filemanager.activities.MainActivity;end
    // Allowing start of Intent { act=android.intent.action.MAIN cat=[android.intent.category.LAUNCHER] cmp=com.amaze.filemanager.debug/com.amaze.filemanager.activities.MainActivity } in package com.amaze.filemanager.debug
:Sending Touch (ACTION_DOWN): 0:(630.0,1606.0)
:Sending Touch (ACTION_UP): 0:(795.58264,1522.4163)
:Sending Touch (ACTION_DOWN): 0:(956.0,1303.0)
:Sending Touch (ACTION_UP): 0:(945.99316,1302.8463)
:Sending Touch (ACTION_DOWN): 0:(675.0,905.0)
:Sending Touch (ACTION_UP): 0:(678.12775,904.9639)
:Sending Touch (ACTION_DOWN): 0:(4.0,951.0)
:Sending Touch (ACTION_UP): 0:(6.5727224,962.23975)
:Sending Trackball (ACTION_MOVE): 0:(0.0,-4.0)
:Sending Touch (ACTION_DOWN): 0:(1118.0,1417.0)
:Sending Touch (ACTION_UP): 0:(1107.9342,1406.1392)
:Sending Touch (ACTION_DOWN): 0:(160.0,1043.0)
:Sending Touch (ACTION_UP): 0:(169.03543,1043.8766)
:Sending Touch (ACTION_DOWN): 0:(424.0,702.0)
:Sending Touch (ACTION_UP): 0:(424.13565,719.2166)
:Switch: #Intent;action=android.intent.action.MAIN;category=android.intent.category.LAUNCHER;launchFlags=0x10200000;component=com.amaze.filemanager.debug/com.amaze.filemanager.activities.MainActivity;end
    // Allowing start of Intent { act=android.intent.action.MAIN cat=[android.intent.category.LAUNCHER] cmp=com.amaze.filemanager.debug/com.amaze.filemanager.activities.MainActivity } in package com.amaze.filemanager.debug
:Sending Touch (ACTION_DOWN): 0:(698.0,712.0)
:Sending Touch (ACTION_UP): 0:(658.54175,788.7866)
:Sending Trackball (ACTION_MOVE): 0:(-3.0,-4.0)
:Sending Trackball (ACTION_UP): 0:(0.0,0.0)
:Sending Touch (ACTION_DOWN): 0:(471.0,1665.0)
:Sending Touch (ACTION_UP): 0:(474.58484,1664.3641)
    //[calendar_time:2022-03-26 19:08:57.919  system_uptime:366611]
    // Sending event #5500
:Sending Touch (ACTION_DOWN): 0:(459.0,716.0)
:Sending Touch (ACTION_UP): 0:(439.28638,689.48975)
:Sending Touch (ACTION_DOWN): 0:(245.0,863.0)
:Sending Touch (ACTION_UP): 0:(246.85574,866.42413)
:Switch: #Intent;action=android.intent.action.MAIN;category=android.intent.category.LAUNCHER;launchFlags=0x10200000;component=com.amaze.filemanager.debug/com.amaze.filemanager.activities.MainActivity;end
    // Allowing start of Intent { act=android.intent.action.MAIN cat=[android.intent.category.LAUNCHER] cmp=com.amaze.filemanager.debug/com.amaze.filemanager.activities.MainActivity } in package com.amaze.filemanager.debug
:Sending Touch (ACTION_DOWN): 0:(536.0,1744.0)
:Sending Touch (ACTION_UP): 0:(524.6946,1769.6863)
:Sending Touch (ACTION_DOWN): 0:(330.0,578.0)
:Sending Touch (ACTION_UP): 0:(325.96594,575.1288)
:Sending Trackball (ACTION_MOVE): 0:(-2.0,-3.0)
:Sending Touch (ACTION_DOWN): 0:(436.0,603.0)
:Sending Touch (ACTION_UP): 0:(425.7241,603.28534)
:Sending Trackball (ACTION_MOVE): 0:(-3.0,1.0)
:Sending Touch (ACTION_DOWN): 0:(1132.0,88.0)
:Sending Touch (ACTION_UP): 0:(1120.0568,95.51683)
:Sending Touch (ACTION_DOWN): 0:(927.0,1269.0)
:Sending Touch (ACTION_UP): 0:(1078.321,1361.4725)
:Sending Touch (ACTION_DOWN): 0:(364.0,365.0)
:Sending Touch (ACTION_UP): 0:(370.9224,364.95755)
:Sending Trackball (ACTION_MOVE): 0:(4.0,-5.0)
:Sending Touch (ACTION_DOWN): 0:(786.0,463.0)
:Sending Touch (ACTION_UP): 0:(787.1147,464.058)
:Sending Touch (ACTION_DOWN): 0:(920.0,1385.0)
    //[calendar_time:2022-03-26 19:09:03.486  system_uptime:372177]
    // Sending event #5600
:Sending Touch (ACTION_UP): 0:(938.86017,1398.5947)
:Sending Touch (ACTION_DOWN): 0:(580.0,646.0)
:Sending Touch (ACTION_UP): 0:(628.4203,665.47546)
:Sending Trackball (ACTION_MOVE): 0:(4.0,4.0)
:Sending Touch (ACTION_DOWN): 0:(637.0,1215.0)
:Sending Touch (ACTION_UP): 0:(637.1493,1211.1624)
:Sending Touch (ACTION_DOWN): 0:(856.0,1114.0)
:Sending Touch (ACTION_UP): 0:(976.1877,1078.2897)
:Sending Touch (ACTION_DOWN): 0:(537.0,1608.0)
:Sending Touch (ACTION_UP): 0:(606.96173,1589.2742)
:Sending Trackball (ACTION_MOVE): 0:(-5.0,1.0)
:Sending Trackball (ACTION_UP): 0:(0.0,0.0)
:Sending Touch (ACTION_DOWN): 0:(672.0,1623.0)
:Sending Touch (ACTION_UP): 0:(671.83417,1627.2572)
:Sending Trackball (ACTION_MOVE): 0:(4.0,4.0)
:Sending Touch (ACTION_DOWN): 0:(731.0,1407.0)
:Sending Touch (ACTION_UP): 0:(729.4756,1411.3865)
:Sending Trackball (ACTION_MOVE): 0:(-5.0,-5.0)
:Sending Trackball (ACTION_MOVE): 0:(-4.0,3.0)
:Sending Trackball (ACTION_MOVE): 0:(4.0,-3.0)
:Sending Trackball (ACTION_MOVE): 0:(2.0,0.0)
    //[calendar_time:2022-03-26 19:09:06.184  system_uptime:374875]
    // Sending event #5700
:Sending Touch (ACTION_DOWN): 0:(142.0,1160.0)
:Sending Touch (ACTION_UP): 0:(140.77135,1161.9586)
:Sending Trackball (ACTION_MOVE): 0:(1.0,4.0)
:Sending Trackball (ACTION_MOVE): 0:(-2.0,3.0)
:Sending Touch (ACTION_DOWN): 0:(915.0,409.0)
:Sending Touch (ACTION_UP): 0:(907.941,361.1536)
:Sending Touch (ACTION_DOWN): 0:(450.0,959.0)
:Sending Touch (ACTION_UP): 0:(450.77417,957.84216)
:Sending Touch (ACTION_DOWN): 0:(82.0,1792.0)
:Sending Touch (ACTION_UP): 0:(107.68356,1787.8402)
:Sending Touch (ACTION_DOWN): 0:(877.0,631.0)
:Sending Touch (ACTION_UP): 0:(889.6375,630.2532)
:Sending Trackball (ACTION_MOVE): 0:(-1.0,0.0)
:Sending Touch (ACTION_DOWN): 0:(953.0,58.0)
:Sending Touch (ACTION_UP): 0:(954.62177,60.92059)
:Sending Trackball (ACTION_MOVE): 0:(-5.0,0.0)
:Sending Touch (ACTION_DOWN): 0:(298.0,220.0)
    //[calendar_time:2022-03-26 19:09:10.769  system_uptime:379460]
    // Sending event #5800
:Sending Touch (ACTION_UP): 0:(292.58496,219.47885)
:Sending Trackball (ACTION_MOVE): 0:(4.0,-3.0)
:Sending Trackball (ACTION_MOVE): 0:(3.0,-4.0)
:Sending Trackball (ACTION_MOVE): 0:(0.0,3.0)
:Sending Trackball (ACTION_UP): 0:(0.0,0.0)
:Sending Touch (ACTION_DOWN): 0:(709.0,461.0)
:Sending Touch (ACTION_UP): 0:(690.0028,496.1958)
:Sending Touch (ACTION_DOWN): 0:(9.0,336.0)
:Sending Touch (ACTION_UP): 0:(102.117165,257.34616)
:Sending Trackball (ACTION_MOVE): 0:(2.0,2.0)
:Sending Touch (ACTION_DOWN): 0:(97.0,1313.0)
:Sending Touch (ACTION_UP): 0:(99.025604,1315.3289)
    // Rejecting start of Intent { act=android.intent.action.VIEW dat=content://com.amaze.filemanager/storage_root/storage/emulated/0/app_crashcom.amaze.filemanager.debug_2022-03-26_19_04_17.230_.txt typ=text/plain cmp=android/com.android.internal.app.ResolverActivity } in package android
:Switch: #Intent;action=android.intent.action.MAIN;category=android.intent.category.LAUNCHER;launchFlags=0x10200000;component=com.amaze.filemanager.debug/com.amaze.filemanager.activities.MainActivity;end
    // Allowing start of Intent { act=android.intent.action.MAIN cat=[android.intent.category.LAUNCHER] cmp=com.amaze.filemanager.debug/com.amaze.filemanager.activities.MainActivity } in package com.amaze.filemanager.debug
:Sending Touch (ACTION_DOWN): 0:(296.0,317.0)
    //[calendar_time:2022-03-26 19:09:15.543  system_uptime:384235]
    // Sending event #5900
:Sending Touch (ACTION_UP): 0:(316.7556,363.8483)
:Sending Touch (ACTION_DOWN): 0:(424.0,553.0)
:Sending Touch (ACTION_UP): 0:(406.27536,627.1195)
:Sending Trackball (ACTION_MOVE): 0:(-1.0,4.0)
:Sending Trackball (ACTION_UP): 0:(0.0,0.0)
:Sending Trackball (ACTION_MOVE): 0:(4.0,-3.0)
:Sending Trackball (ACTION_MOVE): 0:(4.0,-2.0)
:Sending Trackball (ACTION_UP): 0:(0.0,0.0)
:Sending Flip keyboardOpen=false
:Switch: #Intent;action=android.intent.action.MAIN;category=android.intent.category.LAUNCHER;launchFlags=0x10200000;component=com.amaze.filemanager.debug/com.amaze.filemanager.activities.MainActivity;end
    // Allowing start of Intent { act=android.intent.action.MAIN cat=[android.intent.category.LAUNCHER] cmp=com.amaze.filemanager.debug/com.amaze.filemanager.activities.MainActivity } in package com.amaze.filemanager.debug
:Sending Touch (ACTION_DOWN): 0:(223.0,1740.0)
:Sending Touch (ACTION_UP): 0:(214.29532,1750.6375)
:Sending Touch (ACTION_DOWN): 0:(955.0,589.0)
:Sending Touch (ACTION_UP): 0:(955.1507,589.16595)
:Sending Touch (ACTION_DOWN): 0:(16.0,635.0)
    // Injection Failed
    // Injection Failed
:Sending Touch (ACTION_UP): 0:(0.0,692.8959)
    // Injection Failed
:Sending Touch (ACTION_DOWN): 0:(772.0,1100.0)
:Sending Touch (ACTION_UP): 0:(773.97076,1105.1481)
:Sending Trackball (ACTION_MOVE): 0:(-3.0,3.0)
:Sending Touch (ACTION_DOWN): 0:(1198.0,1792.0)
    //[calendar_time:2022-03-26 19:09:19.587  system_uptime:388278]
    // Sending event #6000
:Sending Touch (ACTION_UP): 0:(1200.0,1718.9487)
:Sending Touch (ACTION_DOWN): 0:(661.0,84.0)
:Sending Touch (ACTION_UP): 0:(653.0495,79.671585)
:Sending Touch (ACTION_DOWN): 0:(1112.0,601.0)
:Sending Touch (ACTION_UP): 0:(1091.6993,603.0229)
:Sending Touch (ACTION_DOWN): 0:(1091.0,294.0)
:Sending Touch (ACTION_UP): 0:(1095.666,277.63315)
:Sending Touch (ACTION_DOWN): 0:(1169.0,1215.0)
:Sending Touch (ACTION_UP): 0:(1167.0929,1206.7112)
:Sending Touch (ACTION_DOWN): 0:(0.0,334.0)
:Sending Touch (ACTION_UP): 0:(3.087161,306.85312)
:Sending Trackball (ACTION_MOVE): 0:(-3.0,3.0)
:Sending Touch (ACTION_DOWN): 0:(490.0,11.0)
:Sending Touch (ACTION_UP): 0:(492.4234,20.507088)
:Sending Touch (ACTION_DOWN): 0:(296.0,1592.0)
:Sending Touch (ACTION_UP): 0:(243.21419,1628.451)
:Sending Touch (ACTION_DOWN): 0:(11.0,1781.0)
:Sending Touch (ACTION_UP): 0:(0.0,1786.1097)
:Sending Touch (ACTION_DOWN): 0:(323.0,1471.0)
:Sending Touch (ACTION_UP): 0:(343.95465,1493.2313)
:Sending Trackball (ACTION_MOVE): 0:(2.0,-4.0)
:Sending Trackball (ACTION_UP): 0:(0.0,0.0)
:Sending Trackball (ACTION_MOVE): 0:(-3.0,-1.0)
:Sending Trackball (ACTION_UP): 0:(0.0,0.0)
:Sending Touch (ACTION_DOWN): 0:(445.0,1443.0)
:Sending Touch (ACTION_UP): 0:(440.5513,1434.5365)
    //[calendar_time:2022-03-26 19:09:24.590  system_uptime:393281]
    // Sending event #6100
:Sending Trackball (ACTION_MOVE): 0:(2.0,4.0)
:Sending Touch (ACTION_DOWN): 0:(1025.0,386.0)
:Sending Touch (ACTION_UP): 0:(949.26166,466.9428)
:Sending Touch (ACTION_DOWN): 0:(585.0,1083.0)
:Sending Touch (ACTION_UP): 0:(641.46387,1068.8519)
:Sending Touch (ACTION_DOWN): 0:(399.0,717.0)
:Sending Touch (ACTION_UP): 0:(392.1485,704.2786)
:Sending Touch (ACTION_DOWN): 0:(374.0,1649.0)
:Sending Touch (ACTION_UP): 0:(366.21628,1640.8883)
:Sending Touch (ACTION_DOWN): 0:(78.0,836.0)
:Sending Touch (ACTION_UP): 0:(114.24389,968.55)
:Sending Trackball (ACTION_MOVE): 0:(2.0,2.0)
:Sending Trackball (ACTION_MOVE): 0:(-5.0,2.0)
:Sending Touch (ACTION_DOWN): 0:(1130.0,270.0)
:Sending Touch (ACTION_UP): 0:(1129.1862,265.51846)
:Sending Touch (ACTION_DOWN): 0:(186.0,1736.0)
:Sending Touch (ACTION_UP): 0:(180.81738,1736.4409)
:Sending Touch (ACTION_DOWN): 0:(503.0,522.0)
    //[calendar_time:2022-03-26 19:09:29.804  system_uptime:398495]
    // Sending event #6200
:Sending Touch (ACTION_UP): 0:(506.7979,540.05994)
:Sending Touch (ACTION_DOWN): 0:(663.0,542.0)
:Sending Touch (ACTION_UP): 0:(658.27203,547.6534)
:Sending Trackball (ACTION_MOVE): 0:(4.0,3.0)
:Sending Touch (ACTION_DOWN): 0:(808.0,1722.0)
:Sending Touch (ACTION_UP): 0:(816.85895,1725.3834)
:Sending Touch (ACTION_DOWN): 0:(1003.0,175.0)
:Sending Touch (ACTION_UP): 0:(1000.5204,181.55836)
:Sending Trackball (ACTION_MOVE): 0:(4.0,1.0)
:Switch: #Intent;action=android.intent.action.MAIN;category=android.intent.category.LAUNCHER;launchFlags=0x10200000;component=com.amaze.filemanager.debug/com.amaze.filemanager.activities.MainActivity;end
    // Allowing start of Intent { act=android.intent.action.MAIN cat=[android.intent.category.LAUNCHER] cmp=com.amaze.filemanager.debug/com.amaze.filemanager.activities.MainActivity } in package com.amaze.filemanager.debug
:Sending Touch (ACTION_DOWN): 0:(865.0,1518.0)
:Sending Touch (ACTION_UP): 0:(894.4804,1563.342)
:Sending Trackball (ACTION_MOVE): 0:(3.0,1.0)
:Sending Trackball (ACTION_UP): 0:(0.0,0.0)
:Switch: #Intent;action=android.intent.action.MAIN;category=android.intent.category.LAUNCHER;launchFlags=0x10200000;component=com.amaze.filemanager.debug/com.amaze.filemanager.activities.MainActivity;end
    // Allowing start of Intent { act=android.intent.action.MAIN cat=[android.intent.category.LAUNCHER] cmp=com.amaze.filemanager.debug/com.amaze.filemanager.activities.MainActivity } in package com.amaze.filemanager.debug
:Sending Trackball (ACTION_MOVE): 0:(-2.0,1.0)
:Sending Touch (ACTION_DOWN): 0:(868.0,600.0)
:Sending Touch (ACTION_UP): 0:(882.3263,587.79047)
    //[calendar_time:2022-03-26 19:09:35.606  system_uptime:404297]
    // Sending event #6300
    // Rejecting start of Intent { act=android.intent.action.VIEW dat=content://com.amaze.filemanager/storage_root/storage/emulated/0/app_crashcom.amaze.filemanager.debug_2022-03-26_19_04_17.230_.txt typ=text/plain cmp=android/com.android.internal.app.ResolverActivity } in package android
    //[calendar_time:2022-03-26 19:09:35.807  system_uptime:404498]
    // Sending event #6300
:Sending Touch (ACTION_DOWN): 0:(1100.0,1027.0)
:Sending Touch (ACTION_UP): 0:(1152.8147,1044.8662)
:Sending Touch (ACTION_DOWN): 0:(415.0,299.0)
:Sending Touch (ACTION_UP): 0:(424.08322,326.52084)
:Sending Touch (ACTION_DOWN): 0:(653.0,817.0)
:Sending Touch (ACTION_UP): 0:(649.51654,817.4134)
:Sending Trackball (ACTION_MOVE): 0:(2.0,2.0)
:Sending Touch (ACTION_DOWN): 0:(673.0,571.0)
:Sending Touch (ACTION_UP): 0:(659.89795,577.823)
:Sending Touch (ACTION_DOWN): 0:(804.0,711.0)
:Sending Touch (ACTION_UP): 0:(814.9096,631.6723)
:Sending Trackball (ACTION_MOVE): 0:(0.0,1.0)
:Sending Touch (ACTION_DOWN): 0:(127.0,991.0)
:Sending Touch (ACTION_UP): 0:(130.31157,991.2672)
:Sending Touch (ACTION_DOWN): 0:(1061.0,1655.0)
:Sending Touch (ACTION_UP): 0:(1028.2965,1651.0691)
:Sending Touch (ACTION_DOWN): 0:(551.0,1207.0)
:Sending Touch (ACTION_UP): 0:(545.06323,1216.1106)
:Sending Touch (ACTION_DOWN): 0:(187.0,565.0)
:Sending Touch (ACTION_UP): 0:(279.6127,460.98846)
:Sending Touch (ACTION_DOWN): 0:(458.0,881.0)
:Sending Touch (ACTION_UP): 0:(448.8947,868.53455)
:Sending Trackball (ACTION_MOVE): 0:(-2.0,-5.0)
    //[calendar_time:2022-03-26 19:09:40.749  system_uptime:409440]
    // Sending event #6400
:Switch: #Intent;action=android.intent.action.MAIN;category=android.intent.category.LAUNCHER;launchFlags=0x10200000;component=com.amaze.filemanager.debug/com.amaze.filemanager.activities.MainActivity;end
    // Allowing start of Intent { act=android.intent.action.MAIN cat=[android.intent.category.LAUNCHER] cmp=com.amaze.filemanager.debug/com.amaze.filemanager.activities.MainActivity } in package com.amaze.filemanager.debug
:Sending Flip keyboardOpen=true
:Sending Touch (ACTION_DOWN): 0:(773.0,798.0)
:Sending Touch (ACTION_UP): 0:(724.55133,778.88007)
:Sending Touch (ACTION_DOWN): 0:(776.0,167.0)
:Sending Touch (ACTION_UP): 0:(867.3318,281.5352)
:Sending Touch (ACTION_DOWN): 0:(458.0,1229.0)
:Sending Touch (ACTION_UP): 0:(422.1807,1323.0662)
:Sending Touch (ACTION_DOWN): 0:(951.0,172.0)
:Sending Touch (ACTION_UP): 0:(950.78174,180.7185)
    // Rejecting start of Intent { act=android.intent.action.ASSIST cmp=com.google.android.googlequicksearchbox/.SearchActivity } in package com.google.android.googlequicksearchbox
:Sending Touch (ACTION_DOWN): 0:(1012.0,14.0)
:Sending Touch (ACTION_UP): 0:(1117.0496,0.0)
:Sending Trackball (ACTION_MOVE): 0:(3.0,-5.0)
:Sending Trackball (ACTION_MOVE): 0:(-4.0,-3.0)
:Sending Touch (ACTION_DOWN): 0:(1144.0,324.0)
:Sending Touch (ACTION_UP): 0:(1155.1516,328.8531)
:Sending Touch (ACTION_DOWN): 0:(86.0,42.0)
:Sending Touch (ACTION_UP): 0:(84.61254,37.18849)
:Sending Touch (ACTION_DOWN): 0:(495.0,62.0)
:Sending Touch (ACTION_UP): 0:(496.04053,61.35318)
    //[calendar_time:2022-03-26 19:09:46.151  system_uptime:414842]
    // Sending event #6500
    //[calendar_time:2022-03-26 19:09:46.352  system_uptime:415043]
    // Sending event #6500
:Sending Trackball (ACTION_MOVE): 0:(3.0,-5.0)
:Sending Touch (ACTION_DOWN): 0:(158.0,726.0)
:Sending Touch (ACTION_UP): 0:(202.9294,763.6616)
:Sending Touch (ACTION_DOWN): 0:(795.0,173.0)
:Sending Touch (ACTION_UP): 0:(799.8176,173.99275)
:Sending Touch (ACTION_DOWN): 0:(376.0,1819.0)
:Sending Touch (ACTION_UP): 0:(340.92294,1814.8062)
:Sending Trackball (ACTION_MOVE): 0:(-3.0,2.0)
:Sending Trackball (ACTION_MOVE): 0:(-1.0,4.0)
:Sending Flip keyboardOpen=false
:Sending Touch (ACTION_DOWN): 0:(1155.0,1668.0)
:Sending Touch (ACTION_UP): 0:(1161.3466,1667.7145)
:Sending Touch (ACTION_DOWN): 0:(704.0,1119.0)
:Sending Touch (ACTION_UP): 0:(682.85815,1106.5083)
:Sending Trackball (ACTION_MOVE): 0:(0.0,-3.0)
:Sending Trackball (ACTION_MOVE): 0:(-3.0,4.0)
:Sending Trackball (ACTION_MOVE): 0:(-5.0,-4.0)
:Sending Trackball (ACTION_MOVE): 0:(-2.0,2.0)
    //[calendar_time:2022-03-26 19:09:49.762  system_uptime:418453]
    // Sending event #6600
    // Rejecting start of Intent { act=android.intent.action.ASSIST cmp=com.google.android.googlequicksearchbox/.SearchActivity } in package com.google.android.googlequicksearchbox
:Sending Trackball (ACTION_MOVE): 0:(-4.0,-2.0)
:Sending Touch (ACTION_DOWN): 0:(246.0,1341.0)
:Sending Touch (ACTION_UP): 0:(240.8018,1336.7874)
:Sending Touch (ACTION_DOWN): 0:(817.0,781.0)
:Sending Touch (ACTION_UP): 0:(825.49945,781.55817)
:Sending Touch (ACTION_DOWN): 0:(455.0,1443.0)
:Sending Touch (ACTION_UP): 0:(449.62476,1448.507)
:Sending Trackball (ACTION_MOVE): 0:(2.0,1.0)
:Sending Trackball (ACTION_MOVE): 0:(2.0,1.0)
:Sending Flip keyboardOpen=true
:Sending Trackball (ACTION_MOVE): 0:(2.0,4.0)
:Sending Trackball (ACTION_UP): 0:(0.0,0.0)
:Sending Touch (ACTION_DOWN): 0:(467.0,1120.0)
:Sending Touch (ACTION_UP): 0:(466.30063,1133.19)
:Sending Touch (ACTION_DOWN): 0:(178.0,1773.0)
:Sending Touch (ACTION_UP): 0:(177.13983,1758.2705)
:Sending Trackball (ACTION_MOVE): 0:(-4.0,-1.0)
    //[calendar_time:2022-03-26 19:09:54.261  system_uptime:422952]
    // Sending event #6700
    //[calendar_time:2022-03-26 19:09:54.461  system_uptime:423152]
    // Sending event #6700
:Sending Touch (ACTION_DOWN): 0:(95.0,655.0)
:Sending Touch (ACTION_UP): 0:(95.72578,661.23975)
:Sending Touch (ACTION_DOWN): 0:(542.0,281.0)
:Sending Touch (ACTION_UP): 0:(544.676,271.16144)
:Sending Touch (ACTION_DOWN): 0:(525.0,164.0)
:Sending Touch (ACTION_UP): 0:(590.3906,86.500015)
:Sending Touch (ACTION_DOWN): 0:(72.0,1358.0)
:Sending Touch (ACTION_UP): 0:(70.103195,1352.4586)
:Sending Touch (ACTION_DOWN): 0:(952.0,1525.0)
:Sending Touch (ACTION_UP): 0:(951.2817,1516.2783)
:Sending Touch (ACTION_DOWN): 0:(433.0,480.0)
:Sending Touch (ACTION_UP): 0:(433.34744,498.76007)
:Sending Touch (ACTION_DOWN): 0:(1180.0,1146.0)
:Sending Touch (ACTION_UP): 0:(1177.5809,1144.9417)
:Sending Touch (ACTION_DOWN): 0:(1168.0,765.0)
:Sending Touch (ACTION_UP): 0:(1164.5735,756.68585)
:Sending Trackball (ACTION_MOVE): 0:(-2.0,-5.0)
:Sending Trackball (ACTION_MOVE): 0:(-3.0,3.0)
