--------- beginning of main
--------- beginning of system
03-26 17:46:56.767  4960  4960 W System.err: java.io.FileNotFoundException: /jacoco.exec (Read-only file system)
03-26 17:46:56.767  4960  4960 W System.err: 	at java.io.FileOutputStream.open(Native Method)
03-26 17:46:56.767  4960  4960 W System.err: 	at java.io.FileOutputStream.<init>(FileOutputStream.java:221)
03-26 17:46:56.767  4960  4960 W System.err: 	at org.jacoco.agent.rt.internal_8ff85ea.output.FileOutput.openFile(FileOutput.java:67)
03-26 17:46:56.767  4960  4960 W System.err: 	at org.jacoco.agent.rt.internal_8ff85ea.output.FileOutput.startup(FileOutput.java:49)
03-26 17:46:56.767  4960  4960 W System.err: 	at org.jacoco.agent.rt.internal_8ff85ea.Agent.startup(Agent.java:122)
03-26 17:46:56.767  4960  4960 W System.err: 	at org.jacoco.agent.rt.internal_8ff85ea.Agent.getInstance(Agent.java:50)
03-26 17:46:56.767  4960  4960 W System.err: 	at org.jacoco.agent.rt.internal_8ff85ea.Offline.<clinit>(Offline.java:31)
03-26 17:46:56.767  4960  4960 W System.err: 	at org.jacoco.agent.rt.internal_8ff85ea.Offline.getProbes(Offline.java:51)
03-26 17:46:56.767  4960  4960 W System.err: 	at de.k3b.android.androFotoFinder.AndroFotoFinderApp.$jacocoInit(AndroFotoFinderApp.java)
03-26 17:46:56.767  4960  4960 W System.err: 	at de.k3b.android.androFotoFinder.AndroFotoFinderApp.<init>(AndroFotoFinderApp.java)
03-26 17:46:56.767  4960  4960 W System.err: 	at java.lang.Class.newInstance(Native Method)
03-26 17:46:56.767  4960  4960 W System.err: 	at android.app.Instrumentation.newApplication(Instrumentation.java:1007)
03-26 17:46:56.767  4960  4960 W System.err: 	at android.app.Instrumentation.newApplication(Instrumentation.java:992)
03-26 17:46:56.767  4960  4960 W System.err: 	at android.app.LoadedApk.makeApplication(LoadedApk.java:796)
03-26 17:46:56.767  4960  4960 W System.err: 	at android.app.ActivityThread.handleBindApplication(ActivityThread.java:5377)
03-26 17:46:56.767  4960  4960 W System.err: 	at android.app.ActivityThread.-wrap2(ActivityThread.java)
03-26 17:46:56.767  4960  4960 W System.err: 	at android.app.ActivityThread$H.handleMessage(ActivityThread.java:1545)
03-26 17:46:56.767  4960  4960 W System.err: 	at android.os.Handler.dispatchMessage(Handler.java:102)
03-26 17:46:56.767  4960  4960 W System.err: 	at android.os.Looper.loop(Looper.java:154)
03-26 17:46:56.768  4960  4960 W System.err: 	at android.app.ActivityThread.main(ActivityThread.java:6119)
03-26 17:46:56.768  4960  4960 W System.err: 	at java.lang.reflect.Method.invoke(Native Method)
03-26 17:46:56.768  4960  4960 W System.err: 	at com.android.internal.os.ZygoteInit$MethodAndArgsCaller.run(ZygoteInit.java:886)
03-26 17:46:56.768  4960  4960 W System.err: 	at com.android.internal.os.ZygoteInit.main(ZygoteInit.java:776)
--------- beginning of crash
03-26 17:47:01.774  4960  4960 E AndroidRuntime: FATAL EXCEPTION: main
03-26 17:47:01.774  4960  4960 E AndroidRuntime: Process: de.k3b.android.androFotoFinder, PID: 4960
03-26 17:47:01.774  4960  4960 E AndroidRuntime: java.lang.RuntimeException: Unable to start activity ComponentInfo{de.k3b.android.androFotoFinder/de.k3b.android.androFotoFinder.SettingsActivity}: android.view.InflateException: Binary XML file line #49: Error inflating class de.k3b.android.widgets.EditTextPreferenceWithSummary
03-26 17:47:01.774  4960  4960 E AndroidRuntime: 	at android.app.ActivityThread.performLaunchActivity(ActivityThread.java:2665)
03-26 17:47:01.774  4960  4960 E AndroidRuntime: 	at android.app.ActivityThread.handleLaunchActivity(ActivityThread.java:2726)
03-26 17:47:01.774  4960  4960 E AndroidRuntime: 	at android.app.ActivityThread.-wrap12(ActivityThread.java)
03-26 17:47:01.774  4960  4960 E AndroidRuntime: 	at android.app.ActivityThread$H.handleMessage(ActivityThread.java:1477)
03-26 17:47:01.774  4960  4960 E AndroidRuntime: 	at android.os.Handler.dispatchMessage(Handler.java:102)
03-26 17:47:01.774  4960  4960 E AndroidRuntime: 	at android.os.Looper.loop(Looper.java:154)
03-26 17:47:01.774  4960  4960 E AndroidRuntime: 	at android.app.ActivityThread.main(ActivityThread.java:6119)
03-26 17:47:01.774  4960  4960 E AndroidRuntime: 	at java.lang.reflect.Method.invoke(Native Method)
03-26 17:47:01.774  4960  4960 E AndroidRuntime: 	at com.android.internal.os.ZygoteInit$MethodAndArgsCaller.run(ZygoteInit.java:886)
03-26 17:47:01.774  4960  4960 E AndroidRuntime: 	at com.android.internal.os.ZygoteInit.main(ZygoteInit.java:776)
03-26 17:47:01.774  4960  4960 E AndroidRuntime: Caused by: android.view.InflateException: Binary XML file line #49: Error inflating class de.k3b.android.widgets.EditTextPreferenceWithSummary
03-26 17:47:01.774  4960  4960 E AndroidRuntime: 	at android.preference.GenericInflater.createItemFromTag(GenericInflater.java:443)
03-26 17:47:01.774  4960  4960 E AndroidRuntime: 	at android.preference.GenericInflater.rInflate(GenericInflater.java:483)
03-26 17:47:01.774  4960  4960 E AndroidRuntime: 	at android.preference.GenericInflater.rInflate(GenericInflater.java:495)
03-26 17:47:01.774  4960  4960 E AndroidRuntime: 	at android.preference.GenericInflater.inflate(GenericInflater.java:327)
03-26 17:47:01.774  4960  4960 E AndroidRuntime: 	at android.preference.GenericInflater.inflate(GenericInflater.java:264)
03-26 17:47:01.774  4960  4960 E AndroidRuntime: 	at android.preference.PreferenceManager.inflateFromResource(PreferenceManager.java:280)
03-26 17:47:01.774  4960  4960 E AndroidRuntime: 	at android.preference.PreferenceActivity.addPreferencesFromResource(PreferenceActivity.java:1521)
03-26 17:47:01.774  4960  4960 E AndroidRuntime: 	at de.k3b.android.androFotoFinder.SettingsActivity.onCreate(SettingsActivity.java:78)
03-26 17:47:01.774  4960  4960 E AndroidRuntime: 	at android.app.Activity.performCreate(Activity.java:6679)
03-26 17:47:01.774  4960  4960 E AndroidRuntime: 	at android.app.Instrumentation.callActivityOnCreate(Instrumentation.java:1118)
03-26 17:47:01.774  4960  4960 E AndroidRuntime: 	at android.app.ActivityThread.performLaunchActivity(ActivityThread.java:2618)
03-26 17:47:01.774  4960  4960 E AndroidRuntime: 	... 9 more
03-26 17:47:01.774  4960  4960 E AndroidRuntime: Caused by: java.lang.ClassNotFoundException: Didn't find class "de.k3b.android.widgets.EditTextPreferenceWithSummary" on path: DexPathList[[zip file "/data/app/de.k3b.android.androFotoFinder-1/base.apk"],nativeLibraryDirectories=[/data/app/de.k3b.android.androFotoFinder-1/lib/x86, /system/lib, /vendor/lib]]
03-26 17:47:01.774  4960  4960 E AndroidRuntime: 	at dalvik.system.BaseDexClassLoader.findClass(BaseDexClassLoader.java:56)
03-26 17:47:01.774  4960  4960 E AndroidRuntime: 	at java.lang.ClassLoader.loadClass(ClassLoader.java:380)
03-26 17:47:01.774  4960  4960 E AndroidRuntime: 	at java.lang.ClassLoader.loadClass(ClassLoader.java:312)
03-26 17:47:01.774  4960  4960 E AndroidRuntime: 	at android.preference.GenericInflater.createItem(GenericInflater.java:376)
03-26 17:47:01.774  4960  4960 E AndroidRuntime: 	at android.preference.GenericInflater.createItemFromTag(GenericInflater.java:432)
03-26 17:47:01.774  4960  4960 E AndroidRuntime: 	... 19 more
03-26 17:47:27.038  5696  5696 W System.err: java.io.FileNotFoundException: /jacoco.exec (Read-only file system)
03-26 17:47:27.038  5696  5696 W System.err: 	at java.io.FileOutputStream.open(Native Method)
03-26 17:47:27.038  5696  5696 W System.err: 	at java.io.FileOutputStream.<init>(FileOutputStream.java:221)
03-26 17:47:27.038  5696  5696 W System.err: 	at org.jacoco.agent.rt.internal_8ff85ea.output.FileOutput.openFile(FileOutput.java:67)
03-26 17:47:27.038  5696  5696 W System.err: 	at org.jacoco.agent.rt.internal_8ff85ea.output.FileOutput.startup(FileOutput.java:49)
03-26 17:47:27.038  5696  5696 W System.err: 	at org.jacoco.agent.rt.internal_8ff85ea.Agent.startup(Agent.java:122)
03-26 17:47:27.038  5696  5696 W System.err: 	at org.jacoco.agent.rt.internal_8ff85ea.Agent.getInstance(Agent.java:50)
03-26 17:47:27.038  5696  5696 W System.err: 	at org.jacoco.agent.rt.internal_8ff85ea.Offline.<clinit>(Offline.java:31)
03-26 17:47:27.038  5696  5696 W System.err: 	at org.jacoco.agent.rt.internal_8ff85ea.Offline.getProbes(Offline.java:51)
03-26 17:47:27.038  5696  5696 W System.err: 	at de.k3b.android.androFotoFinder.AndroFotoFinderApp.$jacocoInit(AndroFotoFinderApp.java)
03-26 17:47:27.038  5696  5696 W System.err: 	at de.k3b.android.androFotoFinder.AndroFotoFinderApp.<init>(AndroFotoFinderApp.java)
03-26 17:47:27.038  5696  5696 W System.err: 	at java.lang.Class.newInstance(Native Method)
03-26 17:47:27.038  5696  5696 W System.err: 	at android.app.Instrumentation.newApplication(Instrumentation.java:1007)
03-26 17:47:27.038  5696  5696 W System.err: 	at android.app.Instrumentation.newApplication(Instrumentation.java:992)
03-26 17:47:27.038  5696  5696 W System.err: 	at android.app.LoadedApk.makeApplication(LoadedApk.java:796)
03-26 17:47:27.038  5696  5696 W System.err: 	at android.app.ActivityThread.handleBindApplication(ActivityThread.java:5377)
03-26 17:47:27.038  5696  5696 W System.err: 	at android.app.ActivityThread.-wrap2(ActivityThread.java)
03-26 17:47:27.039  5696  5696 W System.err: 	at android.app.ActivityThread$H.handleMessage(ActivityThread.java:1545)
03-26 17:47:27.039  5696  5696 W System.err: 	at android.os.Handler.dispatchMessage(Handler.java:102)
03-26 17:47:27.039  5696  5696 W System.err: 	at android.os.Looper.loop(Looper.java:154)
03-26 17:47:27.039  5696  5696 W System.err: 	at android.app.ActivityThread.main(ActivityThread.java:6119)
03-26 17:47:27.039  5696  5696 W System.err: 	at java.lang.reflect.Method.invoke(Native Method)
03-26 17:47:27.039  5696  5696 W System.err: 	at com.android.internal.os.ZygoteInit$MethodAndArgsCaller.run(ZygoteInit.java:886)
03-26 17:47:27.039  5696  5696 W System.err: 	at com.android.internal.os.ZygoteInit.main(ZygoteInit.java:776)
03-26 17:47:35.170  5696  5696 E AndroidRuntime: FATAL EXCEPTION: main
03-26 17:47:35.170  5696  5696 E AndroidRuntime: Process: de.k3b.android.androFotoFinder, PID: 5696
03-26 17:47:35.170  5696  5696 E AndroidRuntime: java.lang.RuntimeException: Unable to start activity ComponentInfo{de.k3b.android.androFotoFinder/de.k3b.android.androFotoFinder.SettingsActivity}: android.view.InflateException: Binary XML file line #49: Error inflating class de.k3b.android.widgets.EditTextPreferenceWithSummary
03-26 17:47:35.170  5696  5696 E AndroidRuntime: 	at android.app.ActivityThread.performLaunchActivity(ActivityThread.java:2665)
03-26 17:47:35.170  5696  5696 E AndroidRuntime: 	at android.app.ActivityThread.handleLaunchActivity(ActivityThread.java:2726)
03-26 17:47:35.170  5696  5696 E AndroidRuntime: 	at android.app.ActivityThread.-wrap12(ActivityThread.java)
03-26 17:47:35.170  5696  5696 E AndroidRuntime: 	at android.app.ActivityThread$H.handleMessage(ActivityThread.java:1477)
03-26 17:47:35.170  5696  5696 E AndroidRuntime: 	at android.os.Handler.dispatchMessage(Handler.java:102)
03-26 17:47:35.170  5696  5696 E AndroidRuntime: 	at android.os.Looper.loop(Looper.java:154)
03-26 17:47:35.170  5696  5696 E AndroidRuntime: 	at android.app.ActivityThread.main(ActivityThread.java:6119)
03-26 17:47:35.170  5696  5696 E AndroidRuntime: 	at java.lang.reflect.Method.invoke(Native Method)
03-26 17:47:35.170  5696  5696 E AndroidRuntime: 	at com.android.internal.os.ZygoteInit$MethodAndArgsCaller.run(ZygoteInit.java:886)
03-26 17:47:35.170  5696  5696 E AndroidRuntime: 	at com.android.internal.os.ZygoteInit.main(ZygoteInit.java:776)
03-26 17:47:35.170  5696  5696 E AndroidRuntime: Caused by: android.view.InflateException: Binary XML file line #49: Error inflating class de.k3b.android.widgets.EditTextPreferenceWithSummary
03-26 17:47:35.170  5696  5696 E AndroidRuntime: 	at android.preference.GenericInflater.createItemFromTag(GenericInflater.java:443)
03-26 17:47:35.170  5696  5696 E AndroidRuntime: 	at android.preference.GenericInflater.rInflate(GenericInflater.java:483)
03-26 17:47:35.170  5696  5696 E AndroidRuntime: 	at android.preference.GenericInflater.rInflate(GenericInflater.java:495)
03-26 17:47:35.170  5696  5696 E AndroidRuntime: 	at android.preference.GenericInflater.inflate(GenericInflater.java:327)
03-26 17:47:35.170  5696  5696 E AndroidRuntime: 	at android.preference.GenericInflater.inflate(GenericInflater.java:264)
03-26 17:47:35.170  5696  5696 E AndroidRuntime: 	at android.preference.PreferenceManager.inflateFromResource(PreferenceManager.java:280)
03-26 17:47:35.170  5696  5696 E AndroidRuntime: 	at android.preference.PreferenceActivity.addPreferencesFromResource(PreferenceActivity.java:1521)
03-26 17:47:35.170  5696  5696 E AndroidRuntime: 	at de.k3b.android.androFotoFinder.SettingsActivity.onCreate(SettingsActivity.java:78)
03-26 17:47:35.170  5696  5696 E AndroidRuntime: 	at android.app.Activity.performCreate(Activity.java:6679)
03-26 17:47:35.170  5696  5696 E AndroidRuntime: 	at android.app.Instrumentation.callActivityOnCreate(Instrumentation.java:1118)
03-26 17:47:35.170  5696  5696 E AndroidRuntime: 	at android.app.ActivityThread.performLaunchActivity(ActivityThread.java:2618)
03-26 17:47:35.170  5696  5696 E AndroidRuntime: 	... 9 more
03-26 17:47:35.170  5696  5696 E AndroidRuntime: Caused by: java.lang.ClassNotFoundException: Didn't find class "de.k3b.android.widgets.EditTextPreferenceWithSummary" on path: DexPathList[[zip file "/data/app/de.k3b.android.androFotoFinder-1/base.apk"],nativeLibraryDirectories=[/data/app/de.k3b.android.androFotoFinder-1/lib/x86, /system/lib, /vendor/lib]]
03-26 17:47:35.170  5696  5696 E AndroidRuntime: 	at dalvik.system.BaseDexClassLoader.findClass(BaseDexClassLoader.java:56)
03-26 17:47:35.170  5696  5696 E AndroidRuntime: 	at java.lang.ClassLoader.loadClass(ClassLoader.java:380)
03-26 17:47:35.170  5696  5696 E AndroidRuntime: 	at java.lang.ClassLoader.loadClass(ClassLoader.java:312)
03-26 17:47:35.170  5696  5696 E AndroidRuntime: 	at android.preference.GenericInflater.createItem(GenericInflater.java:376)
03-26 17:47:35.170  5696  5696 E AndroidRuntime: 	at android.preference.GenericInflater.createItemFromTag(GenericInflater.java:432)
03-26 17:47:35.170  5696  5696 E AndroidRuntime: 	... 19 more
03-26 17:48:07.817  6329  6329 W System.err: java.io.FileNotFoundException: /jacoco.exec (Read-only file system)
03-26 17:48:07.818  6329  6329 W System.err: 	at java.io.FileOutputStream.open(Native Method)
03-26 17:48:07.818  6329  6329 W System.err: 	at java.io.FileOutputStream.<init>(FileOutputStream.java:221)
03-26 17:48:07.818  6329  6329 W System.err: 	at org.jacoco.agent.rt.internal_8ff85ea.output.FileOutput.openFile(FileOutput.java:67)
03-26 17:48:07.818  6329  6329 W System.err: 	at org.jacoco.agent.rt.internal_8ff85ea.output.FileOutput.startup(FileOutput.java:49)
03-26 17:48:07.818  6329  6329 W System.err: 	at org.jacoco.agent.rt.internal_8ff85ea.Agent.startup(Agent.java:122)
03-26 17:48:07.818  6329  6329 W System.err: 	at org.jacoco.agent.rt.internal_8ff85ea.Agent.getInstance(Agent.java:50)
03-26 17:48:07.818  6329  6329 W System.err: 	at org.jacoco.agent.rt.internal_8ff85ea.Offline.<clinit>(Offline.java:31)
03-26 17:48:07.818  6329  6329 W System.err: 	at org.jacoco.agent.rt.internal_8ff85ea.Offline.getProbes(Offline.java:51)
03-26 17:48:07.818  6329  6329 W System.err: 	at de.k3b.android.androFotoFinder.AndroFotoFinderApp.$jacocoInit(AndroFotoFinderApp.java)
03-26 17:48:07.818  6329  6329 W System.err: 	at de.k3b.android.androFotoFinder.AndroFotoFinderApp.<init>(AndroFotoFinderApp.java)
03-26 17:48:07.818  6329  6329 W System.err: 	at java.lang.Class.newInstance(Native Method)
03-26 17:48:07.818  6329  6329 W System.err: 	at android.app.Instrumentation.newApplication(Instrumentation.java:1007)
03-26 17:48:07.818  6329  6329 W System.err: 	at android.app.Instrumentation.newApplication(Instrumentation.java:992)
03-26 17:48:07.818  6329  6329 W System.err: 	at android.app.LoadedApk.makeApplication(LoadedApk.java:796)
03-26 17:48:07.818  6329  6329 W System.err: 	at android.app.ActivityThread.handleBindApplication(ActivityThread.java:5377)
03-26 17:48:07.818  6329  6329 W System.err: 	at android.app.ActivityThread.-wrap2(ActivityThread.java)
03-26 17:48:07.818  6329  6329 W System.err: 	at android.app.ActivityThread$H.handleMessage(ActivityThread.java:1545)
03-26 17:48:07.819  6329  6329 W System.err: 	at android.os.Handler.dispatchMessage(Handler.java:102)
03-26 17:48:07.819  6329  6329 W System.err: 	at android.os.Looper.loop(Looper.java:154)
03-26 17:48:07.819  6329  6329 W System.err: 	at android.app.ActivityThread.main(ActivityThread.java:6119)
03-26 17:48:07.819  6329  6329 W System.err: 	at java.lang.reflect.Method.invoke(Native Method)
03-26 17:48:07.819  6329  6329 W System.err: 	at com.android.internal.os.ZygoteInit$MethodAndArgsCaller.run(ZygoteInit.java:886)
03-26 17:48:07.819  6329  6329 W System.err: 	at com.android.internal.os.ZygoteInit.main(ZygoteInit.java:776)
03-26 17:48:53.073  6329  6329 E AndroidRuntime: FATAL EXCEPTION: main
03-26 17:48:53.073  6329  6329 E AndroidRuntime: Process: de.k3b.android.androFotoFinder, PID: 6329
03-26 17:48:53.073  6329  6329 E AndroidRuntime: java.lang.RuntimeException: Unable to start activity ComponentInfo{de.k3b.android.androFotoFinder/de.k3b.android.androFotoFinder.SettingsActivity}: android.view.InflateException: Binary XML file line #49: Error inflating class de.k3b.android.widgets.EditTextPreferenceWithSummary
03-26 17:48:53.073  6329  6329 E AndroidRuntime: 	at android.app.ActivityThread.performLaunchActivity(ActivityThread.java:2665)
03-26 17:48:53.073  6329  6329 E AndroidRuntime: 	at android.app.ActivityThread.handleLaunchActivity(ActivityThread.java:2726)
03-26 17:48:53.073  6329  6329 E AndroidRuntime: 	at android.app.ActivityThread.-wrap12(ActivityThread.java)
03-26 17:48:53.073  6329  6329 E AndroidRuntime: 	at android.app.ActivityThread$H.handleMessage(ActivityThread.java:1477)
03-26 17:48:53.073  6329  6329 E AndroidRuntime: 	at android.os.Handler.dispatchMessage(Handler.java:102)
03-26 17:48:53.073  6329  6329 E AndroidRuntime: 	at android.os.Looper.loop(Looper.java:154)
03-26 17:48:53.073  6329  6329 E AndroidRuntime: 	at android.app.ActivityThread.main(ActivityThread.java:6119)
03-26 17:48:53.073  6329  6329 E AndroidRuntime: 	at java.lang.reflect.Method.invoke(Native Method)
03-26 17:48:53.073  6329  6329 E AndroidRuntime: 	at com.android.internal.os.ZygoteInit$MethodAndArgsCaller.run(ZygoteInit.java:886)
03-26 17:48:53.073  6329  6329 E AndroidRuntime: 	at com.android.internal.os.ZygoteInit.main(ZygoteInit.java:776)
03-26 17:48:53.073  6329  6329 E AndroidRuntime: Caused by: android.view.InflateException: Binary XML file line #49: Error inflating class de.k3b.android.widgets.EditTextPreferenceWithSummary
03-26 17:48:53.073  6329  6329 E AndroidRuntime: 	at android.preference.GenericInflater.createItemFromTag(GenericInflater.java:443)
03-26 17:48:53.073  6329  6329 E AndroidRuntime: 	at android.preference.GenericInflater.rInflate(GenericInflater.java:483)
03-26 17:48:53.073  6329  6329 E AndroidRuntime: 	at android.preference.GenericInflater.rInflate(GenericInflater.java:495)
03-26 17:48:53.073  6329  6329 E AndroidRuntime: 	at android.preference.GenericInflater.inflate(GenericInflater.java:327)
03-26 17:48:53.073  6329  6329 E AndroidRuntime: 	at android.preference.GenericInflater.inflate(GenericInflater.java:264)
03-26 17:48:53.073  6329  6329 E AndroidRuntime: 	at android.preference.PreferenceManager.inflateFromResource(PreferenceManager.java:280)
03-26 17:48:53.073  6329  6329 E AndroidRuntime: 	at android.preference.PreferenceActivity.addPreferencesFromResource(PreferenceActivity.java:1521)
03-26 17:48:53.073  6329  6329 E AndroidRuntime: 	at de.k3b.android.androFotoFinder.SettingsActivity.onCreate(SettingsActivity.java:78)
03-26 17:48:53.073  6329  6329 E AndroidRuntime: 	at android.app.Activity.performCreate(Activity.java:6679)
03-26 17:48:53.073  6329  6329 E AndroidRuntime: 	at android.app.Instrumentation.callActivityOnCreate(Instrumentation.java:1118)
03-26 17:48:53.073  6329  6329 E AndroidRuntime: 	at android.app.ActivityThread.performLaunchActivity(ActivityThread.java:2618)
03-26 17:48:53.073  6329  6329 E AndroidRuntime: 	... 9 more
03-26 17:48:53.073  6329  6329 E AndroidRuntime: Caused by: java.lang.ClassNotFoundException: Didn't find class "de.k3b.android.widgets.EditTextPreferenceWithSummary" on path: DexPathList[[zip file "/data/app/de.k3b.android.androFotoFinder-1/base.apk"],nativeLibraryDirectories=[/data/app/de.k3b.android.androFotoFinder-1/lib/x86, /system/lib, /vendor/lib]]
03-26 17:48:53.073  6329  6329 E AndroidRuntime: 	at dalvik.system.BaseDexClassLoader.findClass(BaseDexClassLoader.java:56)
03-26 17:48:53.073  6329  6329 E AndroidRuntime: 	at java.lang.ClassLoader.loadClass(ClassLoader.java:380)
03-26 17:48:53.073  6329  6329 E AndroidRuntime: 	at java.lang.ClassLoader.loadClass(ClassLoader.java:312)
03-26 17:48:53.073  6329  6329 E AndroidRuntime: 	at android.preference.GenericInflater.createItem(GenericInflater.java:376)
03-26 17:48:53.073  6329  6329 E AndroidRuntime: 	at android.preference.GenericInflater.createItemFromTag(GenericInflater.java:432)
03-26 17:48:53.073  6329  6329 E AndroidRuntime: 	... 19 more
03-26 17:49:27.380  6942  6942 W System.err: java.io.FileNotFoundException: /jacoco.exec (Read-only file system)
03-26 17:49:27.380  6942  6942 W System.err: 	at java.io.FileOutputStream.open(Native Method)
03-26 17:49:27.380  6942  6942 W System.err: 	at java.io.FileOutputStream.<init>(FileOutputStream.java:221)
03-26 17:49:27.380  6942  6942 W System.err: 	at org.jacoco.agent.rt.internal_8ff85ea.output.FileOutput.openFile(FileOutput.java:67)
03-26 17:49:27.381  6942  6942 W System.err: 	at org.jacoco.agent.rt.internal_8ff85ea.output.FileOutput.startup(FileOutput.java:49)
03-26 17:49:27.381  6942  6942 W System.err: 	at org.jacoco.agent.rt.internal_8ff85ea.Agent.startup(Agent.java:122)
03-26 17:49:27.381  6942  6942 W System.err: 	at org.jacoco.agent.rt.internal_8ff85ea.Agent.getInstance(Agent.java:50)
03-26 17:49:27.381  6942  6942 W System.err: 	at org.jacoco.agent.rt.internal_8ff85ea.Offline.<clinit>(Offline.java:31)
03-26 17:49:27.381  6942  6942 W System.err: 	at org.jacoco.agent.rt.internal_8ff85ea.Offline.getProbes(Offline.java:51)
03-26 17:49:27.381  6942  6942 W System.err: 	at de.k3b.android.androFotoFinder.AndroFotoFinderApp.$jacocoInit(AndroFotoFinderApp.java)
03-26 17:49:27.381  6942  6942 W System.err: 	at de.k3b.android.androFotoFinder.AndroFotoFinderApp.<init>(AndroFotoFinderApp.java)
03-26 17:49:27.381  6942  6942 W System.err: 	at java.lang.Class.newInstance(Native Method)
03-26 17:49:27.381  6942  6942 W System.err: 	at android.app.Instrumentation.newApplication(Instrumentation.java:1007)
03-26 17:49:27.381  6942  6942 W System.err: 	at android.app.Instrumentation.newApplication(Instrumentation.java:992)
03-26 17:49:27.381  6942  6942 W System.err: 	at android.app.LoadedApk.makeApplication(LoadedApk.java:796)
03-26 17:49:27.381  6942  6942 W System.err: 	at android.app.ActivityThread.handleBindApplication(ActivityThread.java:5377)
03-26 17:49:27.381  6942  6942 W System.err: 	at android.app.ActivityThread.-wrap2(ActivityThread.java)
03-26 17:49:27.382  6942  6942 W System.err: 	at android.app.ActivityThread$H.handleMessage(ActivityThread.java:1545)
03-26 17:49:27.382  6942  6942 W System.err: 	at android.os.Handler.dispatchMessage(Handler.java:102)
03-26 17:49:27.382  6942  6942 W System.err: 	at android.os.Looper.loop(Looper.java:154)
03-26 17:49:27.382  6942  6942 W System.err: 	at android.app.ActivityThread.main(ActivityThread.java:6119)
03-26 17:49:27.382  6942  6942 W System.err: 	at java.lang.reflect.Method.invoke(Native Method)
03-26 17:49:27.382  6942  6942 W System.err: 	at com.android.internal.os.ZygoteInit$MethodAndArgsCaller.run(ZygoteInit.java:886)
03-26 17:49:27.382  6942  6942 W System.err: 	at com.android.internal.os.ZygoteInit.main(ZygoteInit.java:776)
03-26 17:50:09.739  6942  6942 E AndroidRuntime: FATAL EXCEPTION: main
03-26 17:50:09.739  6942  6942 E AndroidRuntime: Process: de.k3b.android.androFotoFinder, PID: 6942
03-26 17:50:09.739  6942  6942 E AndroidRuntime: java.lang.RuntimeException: Unable to start activity ComponentInfo{de.k3b.android.androFotoFinder/de.k3b.android.androFotoFinder.SettingsActivity}: android.view.InflateException: Binary XML file line #49: Error inflating class de.k3b.android.widgets.EditTextPreferenceWithSummary
03-26 17:50:09.739  6942  6942 E AndroidRuntime: 	at android.app.ActivityThread.performLaunchActivity(ActivityThread.java:2665)
03-26 17:50:09.739  6942  6942 E AndroidRuntime: 	at android.app.ActivityThread.handleLaunchActivity(ActivityThread.java:2726)
03-26 17:50:09.739  6942  6942 E AndroidRuntime: 	at android.app.ActivityThread.-wrap12(ActivityThread.java)
03-26 17:50:09.739  6942  6942 E AndroidRuntime: 	at android.app.ActivityThread$H.handleMessage(ActivityThread.java:1477)
03-26 17:50:09.739  6942  6942 E AndroidRuntime: 	at android.os.Handler.dispatchMessage(Handler.java:102)
03-26 17:50:09.739  6942  6942 E AndroidRuntime: 	at android.os.Looper.loop(Looper.java:154)
03-26 17:50:09.739  6942  6942 E AndroidRuntime: 	at android.app.ActivityThread.main(ActivityThread.java:6119)
03-26 17:50:09.739  6942  6942 E AndroidRuntime: 	at java.lang.reflect.Method.invoke(Native Method)
03-26 17:50:09.739  6942  6942 E AndroidRuntime: 	at com.android.internal.os.ZygoteInit$MethodAndArgsCaller.run(ZygoteInit.java:886)
03-26 17:50:09.739  6942  6942 E AndroidRuntime: 	at com.android.internal.os.ZygoteInit.main(ZygoteInit.java:776)
03-26 17:50:09.739  6942  6942 E AndroidRuntime: Caused by: android.view.InflateException: Binary XML file line #49: Error inflating class de.k3b.android.widgets.EditTextPreferenceWithSummary
03-26 17:50:09.739  6942  6942 E AndroidRuntime: 	at android.preference.GenericInflater.createItemFromTag(GenericInflater.java:443)
03-26 17:50:09.739  6942  6942 E AndroidRuntime: 	at android.preference.GenericInflater.rInflate(GenericInflater.java:483)
03-26 17:50:09.739  6942  6942 E AndroidRuntime: 	at android.preference.GenericInflater.rInflate(GenericInflater.java:495)
03-26 17:50:09.739  6942  6942 E AndroidRuntime: 	at android.preference.GenericInflater.inflate(GenericInflater.java:327)
03-26 17:50:09.739  6942  6942 E AndroidRuntime: 	at android.preference.GenericInflater.inflate(GenericInflater.java:264)
03-26 17:50:09.739  6942  6942 E AndroidRuntime: 	at android.preference.PreferenceManager.inflateFromResource(PreferenceManager.java:280)
03-26 17:50:09.739  6942  6942 E AndroidRuntime: 	at android.preference.PreferenceActivity.addPreferencesFromResource(PreferenceActivity.java:1521)
03-26 17:50:09.739  6942  6942 E AndroidRuntime: 	at de.k3b.android.androFotoFinder.SettingsActivity.onCreate(SettingsActivity.java:78)
03-26 17:50:09.739  6942  6942 E AndroidRuntime: 	at android.app.Activity.performCreate(Activity.java:6679)
03-26 17:50:09.739  6942  6942 E AndroidRuntime: 	at android.app.Instrumentation.callActivityOnCreate(Instrumentation.java:1118)
03-26 17:50:09.739  6942  6942 E AndroidRuntime: 	at android.app.ActivityThread.performLaunchActivity(ActivityThread.java:2618)
03-26 17:50:09.739  6942  6942 E AndroidRuntime: 	... 9 more
03-26 17:50:09.739  6942  6942 E AndroidRuntime: Caused by: java.lang.ClassNotFoundException: Didn't find class "de.k3b.android.widgets.EditTextPreferenceWithSummary" on path: DexPathList[[zip file "/data/app/de.k3b.android.androFotoFinder-1/base.apk"],nativeLibraryDirectories=[/data/app/de.k3b.android.androFotoFinder-1/lib/x86, /system/lib, /vendor/lib]]
03-26 17:50:09.739  6942  6942 E AndroidRuntime: 	at dalvik.system.BaseDexClassLoader.findClass(BaseDexClassLoader.java:56)
03-26 17:50:09.739  6942  6942 E AndroidRuntime: 	at java.lang.ClassLoader.loadClass(ClassLoader.java:380)
03-26 17:50:09.739  6942  6942 E AndroidRuntime: 	at java.lang.ClassLoader.loadClass(ClassLoader.java:312)
03-26 17:50:09.739  6942  6942 E AndroidRuntime: 	at android.preference.GenericInflater.createItem(GenericInflater.java:376)
03-26 17:50:09.739  6942  6942 E AndroidRuntime: 	at android.preference.GenericInflater.createItemFromTag(GenericInflater.java:432)
03-26 17:50:09.739  6942  6942 E AndroidRuntime: 	... 19 more
03-26 17:50:40.738  7536  7536 W System.err: java.io.FileNotFoundException: /jacoco.exec (Read-only file system)
03-26 17:50:40.739  7536  7536 W System.err: 	at java.io.FileOutputStream.open(Native Method)
03-26 17:50:40.739  7536  7536 W System.err: 	at java.io.FileOutputStream.<init>(FileOutputStream.java:221)
03-26 17:50:40.739  7536  7536 W System.err: 	at org.jacoco.agent.rt.internal_8ff85ea.output.FileOutput.openFile(FileOutput.java:67)
03-26 17:50:40.739  7536  7536 W System.err: 	at org.jacoco.agent.rt.internal_8ff85ea.output.FileOutput.startup(FileOutput.java:49)
03-26 17:50:40.739  7536  7536 W System.err: 	at org.jacoco.agent.rt.internal_8ff85ea.Agent.startup(Agent.java:122)
03-26 17:50:40.739  7536  7536 W System.err: 	at org.jacoco.agent.rt.internal_8ff85ea.Agent.getInstance(Agent.java:50)
03-26 17:50:40.739  7536  7536 W System.err: 	at org.jacoco.agent.rt.internal_8ff85ea.Offline.<clinit>(Offline.java:31)
03-26 17:50:40.739  7536  7536 W System.err: 	at org.jacoco.agent.rt.internal_8ff85ea.Offline.getProbes(Offline.java:51)
03-26 17:50:40.739  7536  7536 W System.err: 	at de.k3b.android.androFotoFinder.AndroFotoFinderApp.$jacocoInit(AndroFotoFinderApp.java)
03-26 17:50:40.739  7536  7536 W System.err: 	at de.k3b.android.androFotoFinder.AndroFotoFinderApp.<init>(AndroFotoFinderApp.java)
03-26 17:50:40.739  7536  7536 W System.err: 	at java.lang.Class.newInstance(Native Method)
03-26 17:50:40.739  7536  7536 W System.err: 	at android.app.Instrumentation.newApplication(Instrumentation.java:1007)
03-26 17:50:40.739  7536  7536 W System.err: 	at android.app.Instrumentation.newApplication(Instrumentation.java:992)
03-26 17:50:40.739  7536  7536 W System.err: 	at android.app.LoadedApk.makeApplication(LoadedApk.java:796)
03-26 17:50:40.739  7536  7536 W System.err: 	at android.app.ActivityThread.handleBindApplication(ActivityThread.java:5377)
03-26 17:50:40.739  7536  7536 W System.err: 	at android.app.ActivityThread.-wrap2(ActivityThread.java)
03-26 17:50:40.739  7536  7536 W System.err: 	at android.app.ActivityThread$H.handleMessage(ActivityThread.java:1545)
03-26 17:50:40.739  7536  7536 W System.err: 	at android.os.Handler.dispatchMessage(Handler.java:102)
03-26 17:50:40.739  7536  7536 W System.err: 	at android.os.Looper.loop(Looper.java:154)
03-26 17:50:40.739  7536  7536 W System.err: 	at android.app.ActivityThread.main(ActivityThread.java:6119)
03-26 17:50:40.739  7536  7536 W System.err: 	at java.lang.reflect.Method.invoke(Native Method)
03-26 17:50:40.739  7536  7536 W System.err: 	at com.android.internal.os.ZygoteInit$MethodAndArgsCaller.run(ZygoteInit.java:886)
03-26 17:50:40.739  7536  7536 W System.err: 	at com.android.internal.os.ZygoteInit.main(ZygoteInit.java:776)
03-26 17:52:11.782  2558  7919 W System.err: com.google.android.apps.gsa.shared.exception.GsaIOException: Error code: 458758 | Error code: 393238 | Buffer overflow, no available space.
03-26 17:52:11.782  2558  7919 W System.err: 	at com.google.android.apps.gsa.speech.d.c.d.read(SourceFile:112)
03-26 17:52:11.783  2558  7919 W System.err: Caused by: com.google.android.apps.gsa.shared.exception.GsaIOException: Error code: 393238 | Buffer overflow, no available space.
03-26 17:52:11.783  2558  7919 W System.err: 	at com.google.android.apps.gsa.speech.audio.Tee.g(SourceFile:2531)
03-26 17:52:11.783  2558  7919 W System.err: 	at com.google.android.apps.gsa.speech.audio.ap.read(SourceFile:555)
03-26 17:52:11.783  2558  7919 W System.err: 	at java.io.InputStream.read(InputStream.java:101)
03-26 17:52:11.783  2558  7919 W System.err: 	at com.google.android.apps.gsa.speech.audio.al.run(SourceFile:362)
03-26 17:52:11.783  2558  7919 W System.err: 	at com.google.android.apps.gsa.speech.audio.ak$1.run(SourceFile:471)
03-26 17:52:11.783  2558  7919 W System.err: 	at java.util.concurrent.Executors$RunnableAdapter.call(Executors.java:428)
03-26 17:52:11.783  2558  7919 W System.err: 	at java.util.concurrent.FutureTask.run(FutureTask.java:237)
03-26 17:52:11.783  2558  7919 W System.err: 	at com.google.android.apps.gsa.shared.util.concurrent.a.ak.run(SourceFile:66)
03-26 17:52:11.783  2558  7919 W System.err: 	at com.google.android.apps.gsa.shared.util.concurrent.a.ax.run(SourceFile:139)
03-26 17:52:11.783  2558  7919 W System.err: 	at com.google.android.apps.gsa.shared.util.concurrent.a.ax.run(SourceFile:139)
03-26 17:52:11.783  2558  7919 W System.err: 	at java.util.concurrent.ThreadPoolExecutor.runWorker(ThreadPoolExecutor.java:1133)
03-26 17:52:11.783  2558  7919 W System.err: 	at java.util.concurrent.ThreadPoolExecutor$Worker.run(ThreadPoolExecutor.java:607)
03-26 17:52:11.783  2558  7919 W System.err: 	at java.lang.Thread.run(Thread.java:761)
03-26 17:52:11.783  2558  7919 W System.err: 	at com.google.android.apps.gsa.shared.util.concurrent.a.ad$1.run(SourceFile:85)
03-26 17:52:15.638  7536  7536 E AndroidRuntime: FATAL EXCEPTION: main
03-26 17:52:15.638  7536  7536 E AndroidRuntime: Process: de.k3b.android.androFotoFinder, PID: 7536
03-26 17:52:15.638  7536  7536 E AndroidRuntime: java.lang.RuntimeException: Unable to start activity ComponentInfo{de.k3b.android.androFotoFinder/de.k3b.android.androFotoFinder.SettingsActivity}: android.view.InflateException: Binary XML file line #49: Error inflating class de.k3b.android.widgets.EditTextPreferenceWithSummary
03-26 17:52:15.638  7536  7536 E AndroidRuntime: 	at android.app.ActivityThread.performLaunchActivity(ActivityThread.java:2665)
03-26 17:52:15.638  7536  7536 E AndroidRuntime: 	at android.app.ActivityThread.handleLaunchActivity(ActivityThread.java:2726)
03-26 17:52:15.638  7536  7536 E AndroidRuntime: 	at android.app.ActivityThread.-wrap12(ActivityThread.java)
03-26 17:52:15.638  7536  7536 E AndroidRuntime: 	at android.app.ActivityThread$H.handleMessage(ActivityThread.java:1477)
03-26 17:52:15.638  7536  7536 E AndroidRuntime: 	at android.os.Handler.dispatchMessage(Handler.java:102)
03-26 17:52:15.638  7536  7536 E AndroidRuntime: 	at android.os.Looper.loop(Looper.java:154)
03-26 17:52:15.638  7536  7536 E AndroidRuntime: 	at android.app.ActivityThread.main(ActivityThread.java:6119)
03-26 17:52:15.638  7536  7536 E AndroidRuntime: 	at java.lang.reflect.Method.invoke(Native Method)
03-26 17:52:15.638  7536  7536 E AndroidRuntime: 	at com.android.internal.os.ZygoteInit$MethodAndArgsCaller.run(ZygoteInit.java:886)
03-26 17:52:15.638  7536  7536 E AndroidRuntime: 	at com.android.internal.os.ZygoteInit.main(ZygoteInit.java:776)
03-26 17:52:15.638  7536  7536 E AndroidRuntime: Caused by: android.view.InflateException: Binary XML file line #49: Error inflating class de.k3b.android.widgets.EditTextPreferenceWithSummary
03-26 17:52:15.638  7536  7536 E AndroidRuntime: 	at android.preference.GenericInflater.createItemFromTag(GenericInflater.java:443)
03-26 17:52:15.638  7536  7536 E AndroidRuntime: 	at android.preference.GenericInflater.rInflate(GenericInflater.java:483)
03-26 17:52:15.638  7536  7536 E AndroidRuntime: 	at android.preference.GenericInflater.rInflate(GenericInflater.java:495)
03-26 17:52:15.638  7536  7536 E AndroidRuntime: 	at android.preference.GenericInflater.inflate(GenericInflater.java:327)
03-26 17:52:15.638  7536  7536 E AndroidRuntime: 	at android.preference.GenericInflater.inflate(GenericInflater.java:264)
03-26 17:52:15.638  7536  7536 E AndroidRuntime: 	at android.preference.PreferenceManager.inflateFromResource(PreferenceManager.java:280)
03-26 17:52:15.638  7536  7536 E AndroidRuntime: 	at android.preference.PreferenceActivity.addPreferencesFromResource(PreferenceActivity.java:1521)
03-26 17:52:15.638  7536  7536 E AndroidRuntime: 	at de.k3b.android.androFotoFinder.SettingsActivity.onCreate(SettingsActivity.java:78)
03-26 17:52:15.638  7536  7536 E AndroidRuntime: 	at android.app.Activity.performCreate(Activity.java:6679)
03-26 17:52:15.638  7536  7536 E AndroidRuntime: 	at android.app.Instrumentation.callActivityOnCreate(Instrumentation.java:1118)
03-26 17:52:15.638  7536  7536 E AndroidRuntime: 	at android.app.ActivityThread.performLaunchActivity(ActivityThread.java:2618)
03-26 17:52:15.638  7536  7536 E AndroidRuntime: 	... 9 more
03-26 17:52:15.638  7536  7536 E AndroidRuntime: Caused by: java.lang.ClassNotFoundException: Didn't find class "de.k3b.android.widgets.EditTextPreferenceWithSummary" on path: DexPathList[[zip file "/data/app/de.k3b.android.androFotoFinder-1/base.apk"],nativeLibraryDirectories=[/data/app/de.k3b.android.androFotoFinder-1/lib/x86, /system/lib, /vendor/lib]]
03-26 17:52:15.638  7536  7536 E AndroidRuntime: 	at dalvik.system.BaseDexClassLoader.findClass(BaseDexClassLoader.java:56)
03-26 17:52:15.638  7536  7536 E AndroidRuntime: 	at java.lang.ClassLoader.loadClass(ClassLoader.java:380)
03-26 17:52:15.638  7536  7536 E AndroidRuntime: 	at java.lang.ClassLoader.loadClass(ClassLoader.java:312)
03-26 17:52:15.638  7536  7536 E AndroidRuntime: 	at android.preference.GenericInflater.createItem(GenericInflater.java:376)
03-26 17:52:15.638  7536  7536 E AndroidRuntime: 	at android.preference.GenericInflater.createItemFromTag(GenericInflater.java:432)
03-26 17:52:15.638  7536  7536 E AndroidRuntime: 	... 19 more
03-26 17:53:19.706  8527  8527 W System.err: java.io.FileNotFoundException: /jacoco.exec (Read-only file system)
03-26 17:53:19.706  8527  8527 W System.err: 	at java.io.FileOutputStream.open(Native Method)
03-26 17:53:19.706  8527  8527 W System.err: 	at java.io.FileOutputStream.<init>(FileOutputStream.java:221)
03-26 17:53:19.706  8527  8527 W System.err: 	at org.jacoco.agent.rt.internal_8ff85ea.output.FileOutput.openFile(FileOutput.java:67)
03-26 17:53:19.706  8527  8527 W System.err: 	at org.jacoco.agent.rt.internal_8ff85ea.output.FileOutput.startup(FileOutput.java:49)
03-26 17:53:19.706  8527  8527 W System.err: 	at org.jacoco.agent.rt.internal_8ff85ea.Agent.startup(Agent.java:122)
03-26 17:53:19.707  8527  8527 W System.err: 	at org.jacoco.agent.rt.internal_8ff85ea.Agent.getInstance(Agent.java:50)
03-26 17:53:19.707  8527  8527 W System.err: 	at org.jacoco.agent.rt.internal_8ff85ea.Offline.<clinit>(Offline.java:31)
03-26 17:53:19.707  8527  8527 W System.err: 	at org.jacoco.agent.rt.internal_8ff85ea.Offline.getProbes(Offline.java:51)
03-26 17:53:19.707  8527  8527 W System.err: 	at de.k3b.android.androFotoFinder.AndroFotoFinderApp.$jacocoInit(AndroFotoFinderApp.java)
03-26 17:53:19.707  8527  8527 W System.err: 	at de.k3b.android.androFotoFinder.AndroFotoFinderApp.<init>(AndroFotoFinderApp.java)
03-26 17:53:19.707  8527  8527 W System.err: 	at java.lang.Class.newInstance(Native Method)
03-26 17:53:19.707  8527  8527 W System.err: 	at android.app.Instrumentation.newApplication(Instrumentation.java:1007)
03-26 17:53:19.707  8527  8527 W System.err: 	at android.app.Instrumentation.newApplication(Instrumentation.java:992)
03-26 17:53:19.707  8527  8527 W System.err: 	at android.app.LoadedApk.makeApplication(LoadedApk.java:796)
03-26 17:53:19.707  8527  8527 W System.err: 	at android.app.ActivityThread.handleBindApplication(ActivityThread.java:5377)
03-26 17:53:19.707  8527  8527 W System.err: 	at android.app.ActivityThread.-wrap2(ActivityThread.java)
03-26 17:53:19.707  8527  8527 W System.err: 	at android.app.ActivityThread$H.handleMessage(ActivityThread.java:1545)
03-26 17:53:19.707  8527  8527 W System.err: 	at android.os.Handler.dispatchMessage(Handler.java:102)
03-26 17:53:19.707  8527  8527 W System.err: 	at android.os.Looper.loop(Looper.java:154)
03-26 17:53:19.707  8527  8527 W System.err: 	at android.app.ActivityThread.main(ActivityThread.java:6119)
03-26 17:53:19.707  8527  8527 W System.err: 	at java.lang.reflect.Method.invoke(Native Method)
03-26 17:53:19.707  8527  8527 W System.err: 	at com.android.internal.os.ZygoteInit$MethodAndArgsCaller.run(ZygoteInit.java:886)
03-26 17:53:19.707  8527  8527 W System.err: 	at com.android.internal.os.ZygoteInit.main(ZygoteInit.java:776)
03-26 17:55:32.328  8527  8527 E AndroidRuntime: FATAL EXCEPTION: main
03-26 17:55:32.328  8527  8527 E AndroidRuntime: Process: de.k3b.android.androFotoFinder, PID: 8527
03-26 17:55:32.328  8527  8527 E AndroidRuntime: java.lang.RuntimeException: Unable to start activity ComponentInfo{de.k3b.android.androFotoFinder/de.k3b.android.androFotoFinder.SettingsActivity}: android.view.InflateException: Binary XML file line #49: Error inflating class de.k3b.android.widgets.EditTextPreferenceWithSummary
03-26 17:55:32.328  8527  8527 E AndroidRuntime: 	at android.app.ActivityThread.performLaunchActivity(ActivityThread.java:2665)
03-26 17:55:32.328  8527  8527 E AndroidRuntime: 	at android.app.ActivityThread.handleLaunchActivity(ActivityThread.java:2726)
03-26 17:55:32.328  8527  8527 E AndroidRuntime: 	at android.app.ActivityThread.-wrap12(ActivityThread.java)
03-26 17:55:32.328  8527  8527 E AndroidRuntime: 	at android.app.ActivityThread$H.handleMessage(ActivityThread.java:1477)
03-26 17:55:32.328  8527  8527 E AndroidRuntime: 	at android.os.Handler.dispatchMessage(Handler.java:102)
03-26 17:55:32.328  8527  8527 E AndroidRuntime: 	at android.os.Looper.loop(Looper.java:154)
03-26 17:55:32.328  8527  8527 E AndroidRuntime: 	at android.app.ActivityThread.main(ActivityThread.java:6119)
03-26 17:55:32.328  8527  8527 E AndroidRuntime: 	at java.lang.reflect.Method.invoke(Native Method)
03-26 17:55:32.328  8527  8527 E AndroidRuntime: 	at com.android.internal.os.ZygoteInit$MethodAndArgsCaller.run(ZygoteInit.java:886)
03-26 17:55:32.328  8527  8527 E AndroidRuntime: 	at com.android.internal.os.ZygoteInit.main(ZygoteInit.java:776)
03-26 17:55:32.328  8527  8527 E AndroidRuntime: Caused by: android.view.InflateException: Binary XML file line #49: Error inflating class de.k3b.android.widgets.EditTextPreferenceWithSummary
03-26 17:55:32.328  8527  8527 E AndroidRuntime: 	at android.preference.GenericInflater.createItemFromTag(GenericInflater.java:443)
03-26 17:55:32.328  8527  8527 E AndroidRuntime: 	at android.preference.GenericInflater.rInflate(GenericInflater.java:483)
03-26 17:55:32.328  8527  8527 E AndroidRuntime: 	at android.preference.GenericInflater.rInflate(GenericInflater.java:495)
03-26 17:55:32.328  8527  8527 E AndroidRuntime: 	at android.preference.GenericInflater.inflate(GenericInflater.java:327)
03-26 17:55:32.328  8527  8527 E AndroidRuntime: 	at android.preference.GenericInflater.inflate(GenericInflater.java:264)
03-26 17:55:32.328  8527  8527 E AndroidRuntime: 	at android.preference.PreferenceManager.inflateFromResource(PreferenceManager.java:280)
03-26 17:55:32.328  8527  8527 E AndroidRuntime: 	at android.preference.PreferenceActivity.addPreferencesFromResource(PreferenceActivity.java:1521)
03-26 17:55:32.328  8527  8527 E AndroidRuntime: 	at de.k3b.android.androFotoFinder.SettingsActivity.onCreate(SettingsActivity.java:78)
03-26 17:55:32.328  8527  8527 E AndroidRuntime: 	at android.app.Activity.performCreate(Activity.java:6679)
03-26 17:55:32.328  8527  8527 E AndroidRuntime: 	at android.app.Instrumentation.callActivityOnCreate(Instrumentation.java:1118)
03-26 17:55:32.328  8527  8527 E AndroidRuntime: 	at android.app.ActivityThread.performLaunchActivity(ActivityThread.java:2618)
03-26 17:55:32.328  8527  8527 E AndroidRuntime: 	... 9 more
03-26 17:55:32.328  8527  8527 E AndroidRuntime: Caused by: java.lang.ClassNotFoundException: Didn't find class "de.k3b.android.widgets.EditTextPreferenceWithSummary" on path: DexPathList[[zip file "/data/app/de.k3b.android.androFotoFinder-1/base.apk"],nativeLibraryDirectories=[/data/app/de.k3b.android.androFotoFinder-1/lib/x86, /system/lib, /vendor/lib]]
03-26 17:55:32.328  8527  8527 E AndroidRuntime: 	at dalvik.system.BaseDexClassLoader.findClass(BaseDexClassLoader.java:56)
03-26 17:55:32.328  8527  8527 E AndroidRuntime: 	at java.lang.ClassLoader.loadClass(ClassLoader.java:380)
03-26 17:55:32.328  8527  8527 E AndroidRuntime: 	at java.lang.ClassLoader.loadClass(ClassLoader.java:312)
03-26 17:55:32.328  8527  8527 E AndroidRuntime: 	at android.preference.GenericInflater.createItem(GenericInflater.java:376)
03-26 17:55:32.328  8527  8527 E AndroidRuntime: 	at android.preference.GenericInflater.createItemFromTag(GenericInflater.java:432)
03-26 17:55:32.328  8527  8527 E AndroidRuntime: 	... 19 more
03-26 17:56:03.648  9540  9540 W System.err: java.io.FileNotFoundException: /jacoco.exec (Read-only file system)
03-26 17:56:03.648  9540  9540 W System.err: 	at java.io.FileOutputStream.open(Native Method)
03-26 17:56:03.648  9540  9540 W System.err: 	at java.io.FileOutputStream.<init>(FileOutputStream.java:221)
03-26 17:56:03.648  9540  9540 W System.err: 	at org.jacoco.agent.rt.internal_8ff85ea.output.FileOutput.openFile(FileOutput.java:67)
03-26 17:56:03.648  9540  9540 W System.err: 	at org.jacoco.agent.rt.internal_8ff85ea.output.FileOutput.startup(FileOutput.java:49)
03-26 17:56:03.648  9540  9540 W System.err: 	at org.jacoco.agent.rt.internal_8ff85ea.Agent.startup(Agent.java:122)
03-26 17:56:03.648  9540  9540 W System.err: 	at org.jacoco.agent.rt.internal_8ff85ea.Agent.getInstance(Agent.java:50)
03-26 17:56:03.648  9540  9540 W System.err: 	at org.jacoco.agent.rt.internal_8ff85ea.Offline.<clinit>(Offline.java:31)
03-26 17:56:03.648  9540  9540 W System.err: 	at org.jacoco.agent.rt.internal_8ff85ea.Offline.getProbes(Offline.java:51)
03-26 17:56:03.648  9540  9540 W System.err: 	at de.k3b.android.androFotoFinder.AndroFotoFinderApp.$jacocoInit(AndroFotoFinderApp.java)
03-26 17:56:03.648  9540  9540 W System.err: 	at de.k3b.android.androFotoFinder.AndroFotoFinderApp.<init>(AndroFotoFinderApp.java)
03-26 17:56:03.648  9540  9540 W System.err: 	at java.lang.Class.newInstance(Native Method)
03-26 17:56:03.648  9540  9540 W System.err: 	at android.app.Instrumentation.newApplication(Instrumentation.java:1007)
03-26 17:56:03.648  9540  9540 W System.err: 	at android.app.Instrumentation.newApplication(Instrumentation.java:992)
03-26 17:56:03.649  9540  9540 W System.err: 	at android.app.LoadedApk.makeApplication(LoadedApk.java:796)
03-26 17:56:03.649  9540  9540 W System.err: 	at android.app.ActivityThread.handleBindApplication(ActivityThread.java:5377)
03-26 17:56:03.649  9540  9540 W System.err: 	at android.app.ActivityThread.-wrap2(ActivityThread.java)
03-26 17:56:03.649  9540  9540 W System.err: 	at android.app.ActivityThread$H.handleMessage(ActivityThread.java:1545)
03-26 17:56:03.649  9540  9540 W System.err: 	at android.os.Handler.dispatchMessage(Handler.java:102)
03-26 17:56:03.649  9540  9540 W System.err: 	at android.os.Looper.loop(Looper.java:154)
03-26 17:56:03.649  9540  9540 W System.err: 	at android.app.ActivityThread.main(ActivityThread.java:6119)
03-26 17:56:03.649  9540  9540 W System.err: 	at java.lang.reflect.Method.invoke(Native Method)
03-26 17:56:03.649  9540  9540 W System.err: 	at com.android.internal.os.ZygoteInit$MethodAndArgsCaller.run(ZygoteInit.java:886)
03-26 17:56:03.649  9540  9540 W System.err: 	at com.android.internal.os.ZygoteInit.main(ZygoteInit.java:776)
