:Monkey: seed=1648597320104 count=1000000
:AllowPackage: com.amaze.filemanager.debug
:IncludeCategory: android.intent.category.LAUNCHER
:IncludeCategory: android.intent.category.MONKEY
// Event percentages:
//   0: 15.0%
//   1: 10.0%
//   2: 2.0%
//   3: 15.0%
//   4: -0.0%
//   5: -0.0%
//   6: 25.0%
//   7: 15.0%
//   8: 2.0%
//   9: 2.0%
//   10: 1.0%
//   11: 13.0%
:Switch: #Intent;action=android.intent.action.MAIN;category=android.intent.category.LAUNCHER;launchFlags=0x10200000;component=com.amaze.filemanager.debug/com.amaze.filemanager.activities.MainActivity;end
    // Allowing start of Intent { act=android.intent.action.MAIN cat=[android.intent.category.LAUNCHER] cmp=com.amaze.filemanager.debug/com.amaze.filemanager.activities.MainActivity } in package com.amaze.filemanager.debug
:Switch: #Intent;action=android.intent.action.MAIN;category=android.intent.category.LAUNCHER;launchFlags=0x10200000;component=com.amaze.filemanager.debug/com.amaze.filemanager.activities.MainActivity;end
    // Allowing start of Intent { act=android.intent.action.MAIN cat=[android.intent.category.LAUNCHER] cmp=com.amaze.filemanager.debug/com.amaze.filemanager.activities.MainActivity } in package com.amaze.filemanager.debug
:Switch: #Intent;action=android.intent.action.MAIN;category=android.intent.category.LAUNCHER;launchFlags=0x10200000;component=com.amaze.filemanager.debug/com.amaze.filemanager.activities.MainActivity;end
    // Allowing start of Intent { act=android.intent.action.MAIN cat=[android.intent.category.LAUNCHER] cmp=com.amaze.filemanager.debug/com.amaze.filemanager.activities.MainActivity } in package com.amaze.filemanager.debug
:Sending Touch (ACTION_DOWN): 0:(1152.0,1687.0)
:Sending Touch (ACTION_UP): 0:(1103.0278,1627.7356)
:Sending Touch (ACTION_DOWN): 0:(902.0,976.0)
:Sending Touch (ACTION_UP): 0:(861.3289,1014.8658)
:Sending Trackball (ACTION_MOVE): 0:(-2.0,2.0)
:Sending Trackball (ACTION_MOVE): 0:(-1.0,-1.0)
:Sending Touch (ACTION_DOWN): 0:(294.0,1137.0)
:Sending Touch (ACTION_UP): 0:(276.80557,1147.4081)
:Sending Trackball (ACTION_MOVE): 0:(-1.0,2.0)
:Sending Trackball (ACTION_UP): 0:(0.0,0.0)
:Sending Trackball (ACTION_MOVE): 0:(-1.0,-3.0)
:Sending Trackball (ACTION_UP): 0:(0.0,0.0)
:Sending Trackball (ACTION_MOVE): 0:(-1.0,1.0)
:Sending Trackball (ACTION_MOVE): 0:(2.0,2.0)
    //[calendar_time:2022-03-26 18:50:59.714  system_uptime:80405]
    // Sending event #100
:Sending Trackball (ACTION_MOVE): 0:(0.0,4.0)
:Sending Trackball (ACTION_MOVE): 0:(4.0,1.0)
:Sending Touch (ACTION_DOWN): 0:(528.0,1667.0)
:Sending Touch (ACTION_UP): 0:(519.7657,1681.9517)
:Sending Touch (ACTION_DOWN): 0:(344.0,221.0)
:Sending Touch (ACTION_UP): 0:(345.84988,224.6086)
:Sending Touch (ACTION_DOWN): 0:(1048.0,177.0)
:Sending Touch (ACTION_UP): 0:(1051.8745,178.80661)
:Sending Trackball (ACTION_MOVE): 0:(0.0,2.0)
:Sending Trackball (ACTION_MOVE): 0:(4.0,4.0)
:Sending Touch (ACTION_DOWN): 0:(1109.0,1591.0)
:Sending Touch (ACTION_UP): 0:(1098.3877,1582.6211)
:Sending Touch (ACTION_DOWN): 0:(381.0,763.0)
:Sending Touch (ACTION_UP): 0:(380.8033,776.2515)
:Sending Touch (ACTION_DOWN): 0:(96.0,326.0)
:Sending Touch (ACTION_UP): 0:(114.86934,314.16617)
    //[calendar_time:2022-03-26 18:51:05.537  system_uptime:86228]
    // Sending event #200
:Sending Touch (ACTION_DOWN): 0:(172.0,1229.0)
:Sending Touch (ACTION_UP): 0:(214.38043,1260.2345)
:Sending Touch (ACTION_DOWN): 0:(55.0,153.0)
:Sending Touch (ACTION_UP): 0:(51.048996,152.08626)
:Switch: #Intent;action=android.intent.action.MAIN;category=android.intent.category.LAUNCHER;launchFlags=0x10200000;component=com.amaze.filemanager.debug/com.amaze.filemanager.activities.MainActivity;end
    // Allowing start of Intent { act=android.intent.action.MAIN cat=[android.intent.category.LAUNCHER] cmp=com.amaze.filemanager.debug/com.amaze.filemanager.activities.MainActivity } in package com.amaze.filemanager.debug
:Sending Touch (ACTION_DOWN): 0:(21.0,491.0)
:Sending Touch (ACTION_UP): 0:(18.576607,489.06635)
:Sending Trackball (ACTION_MOVE): 0:(1.0,3.0)
:Sending Touch (ACTION_DOWN): 0:(65.0,1127.0)
:Sending Touch (ACTION_UP): 0:(0.0,1233.4658)
:Sending Touch (ACTION_DOWN): 0:(269.0,1234.0)
:Sending Touch (ACTION_UP): 0:(221.49744,1146.9828)
:Sending Trackball (ACTION_MOVE): 0:(-2.0,2.0)
:Sending Trackball (ACTION_MOVE): 0:(3.0,-1.0)
:Sending Touch (ACTION_DOWN): 0:(886.0,384.0)
:Sending Touch (ACTION_UP): 0:(900.29626,388.97034)
:Sending Trackball (ACTION_MOVE): 0:(2.0,4.0)
:Sending Trackball (ACTION_MOVE): 0:(1.0,-2.0)
    //[calendar_time:2022-03-26 18:51:08.914  system_uptime:89604]
    // Sending event #300
:Sending Touch (ACTION_DOWN): 0:(603.0,514.0)
:Sending Touch (ACTION_UP): 0:(617.2587,511.19553)
:Sending Touch (ACTION_DOWN): 0:(1134.0,121.0)
:Sending Touch (ACTION_UP): 0:(1155.7816,58.9344)
:Sending Trackball (ACTION_MOVE): 0:(2.0,3.0)
:Sending Trackball (ACTION_UP): 0:(0.0,0.0)
:Sending Touch (ACTION_DOWN): 0:(899.0,662.0)
:Sending Touch (ACTION_UP): 0:(920.05664,615.01526)
:Sending Touch (ACTION_DOWN): 0:(601.0,882.0)
:Sending Touch (ACTION_UP): 0:(568.6507,879.2131)
:Sending Touch (ACTION_DOWN): 0:(496.0,359.0)
:Sending Touch (ACTION_UP): 0:(495.69354,361.47418)
:Sending Touch (ACTION_DOWN): 0:(1016.0,550.0)
:Sending Touch (ACTION_UP): 0:(993.24524,569.52295)
:Sending Touch (ACTION_DOWN): 0:(764.0,808.0)
:Sending Touch (ACTION_UP): 0:(824.3218,853.6981)
:Sending Trackball (ACTION_MOVE): 0:(-3.0,3.0)
:Sending Touch (ACTION_DOWN): 0:(919.0,1740.0)
:Sending Touch (ACTION_UP): 0:(900.38074,1774.8784)
:Sending Touch (ACTION_DOWN): 0:(999.0,1406.0)
:Sending Touch (ACTION_UP): 0:(963.0111,1523.1202)
    //[calendar_time:2022-03-26 18:51:13.866  system_uptime:94556]
    // Sending event #400
:Sending Trackball (ACTION_MOVE): 0:(-1.0,-5.0)
:Sending Trackball (ACTION_MOVE): 0:(2.0,-4.0)
:Sending Trackball (ACTION_UP): 0:(0.0,0.0)
:Sending Touch (ACTION_DOWN): 0:(982.0,1815.0)
:Sending Touch (ACTION_UP): 0:(974.3696,1824.0)
:Sending Trackball (ACTION_MOVE): 0:(0.0,-5.0)
:Sending Trackball (ACTION_MOVE): 0:(-1.0,4.0)
:Sending Touch (ACTION_DOWN): 0:(358.0,596.0)
:Sending Touch (ACTION_UP): 0:(373.69852,611.7149)
:Sending Trackball (ACTION_MOVE): 0:(1.0,0.0)
:Sending Touch (ACTION_DOWN): 0:(30.0,1140.0)
:Sending Touch (ACTION_UP): 0:(165.31058,1072.3362)
    //[calendar_time:2022-03-26 18:51:18.234  system_uptime:98925]
    // Sending event #500
    //[calendar_time:2022-03-26 18:51:18.435  system_uptime:99126]
    // Sending event #500
:Sending Trackball (ACTION_MOVE): 0:(-1.0,3.0)
:Sending Touch (ACTION_DOWN): 0:(400.0,508.0)
:Sending Touch (ACTION_UP): 0:(369.37918,496.5427)
:Sending Touch (ACTION_DOWN): 0:(878.0,470.0)
:Sending Touch (ACTION_UP): 0:(869.4091,469.46158)
:Sending Touch (ACTION_DOWN): 0:(838.0,852.0)
:Sending Touch (ACTION_UP): 0:(813.80817,825.65564)
:Sending Touch (ACTION_DOWN): 0:(1199.0,875.0)
:Sending Touch (ACTION_UP): 0:(1200.0,856.1837)
:Sending Touch (ACTION_DOWN): 0:(601.0,1815.0)
:Sending Touch (ACTION_UP): 0:(497.9467,1788.6255)
:Sending Touch (ACTION_DOWN): 0:(170.0,1772.0)
:Sending Touch (ACTION_UP): 0:(184.31343,1799.5596)
:Sending Trackball (ACTION_MOVE): 0:(3.0,-3.0)
:Sending Touch (ACTION_DOWN): 0:(274.0,589.0)
:Sending Touch (ACTION_UP): 0:(265.70596,592.0439)
:Sending Touch (ACTION_DOWN): 0:(569.0,1630.0)
:Sending Touch (ACTION_UP): 0:(571.7004,1686.2925)
:Sending Touch (ACTION_DOWN): 0:(217.0,1025.0)
:Sending Touch (ACTION_UP): 0:(281.7311,1104.4635)
:Sending Touch (ACTION_DOWN): 0:(624.0,962.0)
:Sending Touch (ACTION_UP): 0:(588.7005,958.6077)
:Sending Touch (ACTION_DOWN): 0:(687.0,1429.0)
:Sending Touch (ACTION_UP): 0:(700.476,1433.253)
:Sending Trackball (ACTION_MOVE): 0:(-3.0,2.0)
    //[calendar_time:2022-03-26 18:51:21.971  system_uptime:102662]
    // Sending event #600
:Sending Flip keyboardOpen=false
:Sending Touch (ACTION_DOWN): 0:(61.0,721.0)
:Sending Touch (ACTION_UP): 0:(49.291977,726.71423)
:Sending Touch (ACTION_DOWN): 0:(197.0,1240.0)
:Sending Touch (ACTION_UP): 0:(206.13924,1249.2109)
:Switch: #Intent;action=android.intent.action.MAIN;category=android.intent.category.LAUNCHER;launchFlags=0x10200000;component=com.amaze.filemanager.debug/com.amaze.filemanager.activities.MainActivity;end
    // Allowing start of Intent { act=android.intent.action.MAIN cat=[android.intent.category.LAUNCHER] cmp=com.amaze.filemanager.debug/com.amaze.filemanager.activities.MainActivity } in package com.amaze.filemanager.debug
:Sending Touch (ACTION_DOWN): 0:(781.0,1049.0)
:Sending Touch (ACTION_UP): 0:(864.3425,1111.8433)
:Sending Trackball (ACTION_MOVE): 0:(1.0,-1.0)
:Sending Trackball (ACTION_UP): 0:(0.0,0.0)
:Sending Touch (ACTION_DOWN): 0:(318.0,712.0)
:Sending Touch (ACTION_UP): 0:(316.08038,717.41736)
:Sending Trackball (ACTION_MOVE): 0:(-4.0,4.0)
:Sending Trackball (ACTION_MOVE): 0:(-1.0,3.0)
:Sending Touch (ACTION_DOWN): 0:(472.0,1096.0)
:Sending Touch (ACTION_UP): 0:(476.2593,1104.4972)
    //[calendar_time:2022-03-26 18:51:27.358  system_uptime:108048]
    // Sending event #700
    //[calendar_time:2022-03-26 18:51:27.558  system_uptime:108249]
    // Sending event #700
:Sending Touch (ACTION_DOWN): 0:(734.0,499.0)
:Sending Touch (ACTION_UP): 0:(744.35516,502.26538)
:Sending Trackball (ACTION_MOVE): 0:(-2.0,-3.0)
:Sending Trackball (ACTION_UP): 0:(0.0,0.0)
:Sending Trackball (ACTION_MOVE): 0:(-2.0,0.0)
:Sending Touch (ACTION_DOWN): 0:(303.0,417.0)
:Sending Touch (ACTION_UP): 0:(331.0018,357.55142)
:Sending Trackball (ACTION_MOVE): 0:(2.0,-3.0)
:Sending Touch (ACTION_DOWN): 0:(973.0,1739.0)
:Sending Touch (ACTION_UP): 0:(1014.97406,1669.5016)
:Sending Trackball (ACTION_MOVE): 0:(1.0,-4.0)
:Sending Trackball (ACTION_UP): 0:(0.0,0.0)
:Sending Touch (ACTION_DOWN): 0:(352.0,1276.0)
:Sending Touch (ACTION_UP): 0:(346.45755,1291.3494)
:Sending Touch (ACTION_DOWN): 0:(432.0,1584.0)
    //[calendar_time:2022-03-26 18:51:32.503  system_uptime:113194]
    // Sending event #800
:Sending Touch (ACTION_UP): 0:(433.6202,1597.0366)
:Sending Touch (ACTION_DOWN): 0:(765.0,81.0)
:Sending Touch (ACTION_UP): 0:(853.0952,110.31218)
:Sending Touch (ACTION_DOWN): 0:(760.0,1468.0)
:Sending Touch (ACTION_UP): 0:(760.16113,1461.2349)
:Sending Touch (ACTION_DOWN): 0:(888.0,988.0)
:Sending Touch (ACTION_UP): 0:(869.22974,995.4173)
:Sending Touch (ACTION_DOWN): 0:(389.0,578.0)
:Sending Touch (ACTION_UP): 0:(381.23438,570.15247)
:Sending Touch (ACTION_DOWN): 0:(1077.0,1684.0)
:Sending Touch (ACTION_UP): 0:(1090.1542,1681.7751)
:Sending Trackball (ACTION_MOVE): 0:(4.0,-3.0)
:Sending Trackball (ACTION_UP): 0:(0.0,0.0)
:Sending Trackball (ACTION_MOVE): 0:(-2.0,4.0)
:Sending Touch (ACTION_DOWN): 0:(1095.0,680.0)
:Sending Touch (ACTION_UP): 0:(1017.1222,655.5699)
:Sending Touch (ACTION_DOWN): 0:(194.0,1579.0)
:Sending Touch (ACTION_UP): 0:(190.31189,1573.307)
:Sending Trackball (ACTION_MOVE): 0:(-3.0,-4.0)
:Sending Touch (ACTION_DOWN): 0:(765.0,1010.0)
:Sending Touch (ACTION_UP): 0:(758.2102,1008.1033)
:Sending Trackball (ACTION_MOVE): 0:(2.0,4.0)
    //[calendar_time:2022-03-26 18:51:36.650  system_uptime:117340]
    // Sending event #900
    //[calendar_time:2022-03-26 18:51:36.850  system_uptime:117541]
    // Sending event #900
:Sending Touch (ACTION_DOWN): 0:(63.0,193.0)
:Sending Touch (ACTION_UP): 0:(74.380295,173.22017)
:Sending Touch (ACTION_DOWN): 0:(171.0,70.0)
:Sending Touch (ACTION_UP): 0:(252.16446,107.63218)
:Sending Touch (ACTION_DOWN): 0:(51.0,636.0)
:Sending Touch (ACTION_UP): 0:(49.357147,630.55774)
:Sending Touch (ACTION_DOWN): 0:(855.0,444.0)
:Sending Touch (ACTION_UP): 0:(855.84924,445.45926)
:Sending Touch (ACTION_DOWN): 0:(637.0,548.0)
:Sending Touch (ACTION_UP): 0:(573.97876,595.85254)
:Sending Touch (ACTION_DOWN): 0:(568.0,1020.0)
:Sending Touch (ACTION_UP): 0:(574.40704,1026.3562)
:Sending Touch (ACTION_DOWN): 0:(170.0,861.0)
:Sending Touch (ACTION_UP): 0:(176.37762,864.43427)
:Sending Touch (ACTION_DOWN): 0:(882.0,1335.0)
:Sending Touch (ACTION_UP): 0:(879.6544,1336.0305)
:Sending Touch (ACTION_DOWN): 0:(34.0,956.0)
:Sending Touch (ACTION_UP): 0:(33.353054,945.4549)
:Sending Trackball (ACTION_MOVE): 0:(3.0,1.0)
:Sending Touch (ACTION_DOWN): 0:(818.0,862.0)
:Sending Touch (ACTION_UP): 0:(820.4347,859.0589)
:Sending Trackball (ACTION_MOVE): 0:(-3.0,4.0)
    //[calendar_time:2022-03-26 18:51:43.395  system_uptime:124086]
    // Sending event #1000
:Sending Trackball (ACTION_MOVE): 0:(3.0,-4.0)
:Sending Touch (ACTION_DOWN): 0:(566.0,1093.0)
:Sending Touch (ACTION_UP): 0:(579.4435,1102.6187)
:Sending Trackball (ACTION_MOVE): 0:(0.0,-3.0)
:Sending Trackball (ACTION_MOVE): 0:(3.0,-2.0)
:Sending Trackball (ACTION_MOVE): 0:(-2.0,1.0)
// CRASH: com.amaze.filemanager.debug (pid 4633)
// Short Msg: java.lang.NullPointerException
// Long Msg: java.lang.NullPointerException: Attempt to invoke virtual method 'void android.view.View.setVisibility(int)' on a null object reference
// Build Label: google/sdk_google_phone_x86/generic_x86:7.1.1/NYC/6695155:userdebug/test-keys
// Build Changelist: 6695155
// Build Time: 1595288234000
// java.lang.NullPointerException: Attempt to invoke virtual method 'void android.view.View.setVisibility(int)' on a null object reference
// 	at com.amaze.filemanager.ui.dialogs.GeneralDialogCreation.showPropertiesDialog(GeneralDialogCreation.java:419)
// 	at com.amaze.filemanager.ui.dialogs.GeneralDialogCreation.showPropertiesDialogForStorage(GeneralDialogCreation.java:368)
// 	at com.amaze.filemanager.ui.views.drawer.Drawer.onNavigationItemActionClick(Drawer.java:612)
// 	at com.amaze.filemanager.ui.views.drawer.Drawer.lambda$addNewItem$5$Drawer(Drawer.java:494)
// 	at com.amaze.filemanager.ui.views.drawer.-$$Lambda$Drawer$TyDDeLc-_x13qNEdHDAqZC9YtAQ.onClick(lambda)
// 	at android.view.View.performClick(View.java:5637)
// 	at android.view.View.onKeyUp(View.java:10661)
// 	at android.view.KeyEvent.dispatch(KeyEvent.java:2712)
// 	at android.view.View.dispatchKeyEvent(View.java:9960)
// 	at android.view.ViewGroup.dispatchKeyEvent(ViewGroup.java:1630)
// 	at android.view.ViewGroup.dispatchKeyEvent(ViewGroup.java:1630)
// 	at android.view.ViewGroup.dispatchKeyEvent(ViewGroup.java:1630)
// 	at android.view.ViewGroup.dispatchKeyEvent(ViewGroup.java:1630)
// 	at android.view.ViewGroup.dispatchKeyEvent(ViewGroup.java:1630)
// 	at android.view.ViewGroup.dispatchKeyEvent(ViewGroup.java:1630)
// 	at android.view.ViewGroup.dispatchKeyEvent(ViewGroup.java:1630)
// 	at android.view.ViewGroup.dispatchKeyEvent(ViewGroup.java:1630)
// 	at android.view.ViewGroup.dispatchKeyEvent(ViewGroup.java:1630)
// 	at android.view.ViewGroup.dispatchKeyEvent(ViewGroup.java:1630)
// 	at com.android.internal.policy.DecorView.superDispatchKeyEvent(DecorView.java:405)
// 	at com.android.internal.policy.PhoneWindow.superDispatchKeyEvent(PhoneWindow.java:1798)
// 	at androidx.core.view.KeyEventDispatcher.activitySuperDispatchKeyEventPre28(KeyEventDispatcher.java:130)
// 	at androidx.core.view.KeyEventDispatcher.dispatchKeyEvent(KeyEventDispatcher.java:87)
// 	at androidx.core.app.ComponentActivity.dispatchKeyEvent(ComponentActivity.java:133)
// 	at androidx.appcompat.app.AppCompatActivity.dispatchKeyEvent(AppCompatActivity.java:558)
// 	at androidx.appcompat.view.WindowCallbackWrapper.dispatchKeyEvent(WindowCallbackWrapper.java:59)
// 	at androidx.appcompat.app.AppCompatDelegateImpl$AppCompatWindowCallback.dispatchKeyEvent(AppCompatDelegateImpl.java:2814)
// 	at androidx.appcompat.view.WindowCallbackWrapper.dispatchKeyEvent(WindowCallbackWrapper.java:59)
// 	at com.android.internal.policy.DecorView.dispatchKeyEvent(DecorView.java:319)
// 	at android.view.ViewRootImpl$ViewPostImeInputStage.processKeyEvent(ViewRootImpl.java:4331)
// 	at android.view.ViewRootImpl$ViewPostImeInputStage.onProcess(ViewRootImpl.java:4302)
// 	at android.view.ViewRootImpl$InputStage.deliver(ViewRootImpl.java:3853)
// 	at android.view.ViewRootImpl$InputStage.onDeliverToNext(ViewRootImpl.java:3906)
// 	at android.view.ViewRootImpl$InputStage.forward(ViewRootImpl.java:3872)
// 	at android.view.ViewRootImpl$AsyncInputStage.forward(ViewRootImpl.java:3999)
// 	at android.view.ViewRootImpl$InputStage.apply(ViewRootImpl.java:3880)
// 	at android.view.ViewRootImpl$AsyncInputStage.apply(ViewRootImpl.java:4056)
// 	at android.view.ViewRootImpl$InputStage.deliver(ViewRootImpl.java:3853)
// 	at android.view.ViewRootImpl$InputStage.onDeliverToNext(ViewRootImpl.java:3906)
// 	at android.view.ViewRootImpl$InputStage.forward(ViewRootImpl.java:3872)
// 	at android.view.ViewRootImpl$InputStage.apply(ViewRootImpl.java:3880)
// 	at android.view.ViewRootImpl$InputStage.deliver(ViewRootImpl.java:3853)
// 	at android.view.ViewRootImpl$InputStage.onDeliverToNext(ViewRootImpl.java:3906)
// 	at android.view.ViewRootImpl$InputStage.forward(ViewRootImpl.java:3872)
// 	at android.view.ViewRootImpl$AsyncInputStage.forward(ViewRootImpl.java:4032)
// 	at android.view.ViewRootImpl$ImeInputStage.onFinishedInputEvent(ViewRootImpl.java:4193)
// 	at android.view.inputmethod.InputMethodManager$PendingEvent.run(InputMethodManager.java:2400)
// 	at android.view.inputmethod.InputMethodManager.invokeFinishedInputEventCallback(InputMethodManager.java:1964)
// 	at android.view.inputmethod.InputMethodManager.finishedInputEvent(InputMethodManager.java:1955)
// 	at android.view.inputmethod.InputMethodManager$ImeInputEventSender.onInputEventFinished(InputMethodManager.java:2377)
// 	at android.view.InputEventSender.dispatchInputEventFinished(InputEventSender.java:141)
// 	at android.os.MessageQueue.nativePollOnce(Native Method)
// 	at android.os.MessageQueue.next(MessageQueue.java:323)
// 	at android.os.Looper.loop(Looper.java:136)
// 	at android.app.ActivityThread.main(ActivityThread.java:6119)
// 	at java.lang.reflect.Method.invoke(Native Method)
// 	at com.android.internal.os.ZygoteInit$MethodAndArgsCaller.run(ZygoteInit.java:886)
// 	at com.android.internal.os.ZygoteInit.main(ZygoteInit.java:776)
// 
app_crashcom.amaze.filemanager.debug_2022-03-26_18_51_45.931_.txt:
// app_crashcom.amaze.filemanager.debug_2022-03-26_18_51_45.931_.txt status was 0
:Sending Touch (ACTION_DOWN): 0:(716.0,160.0)
:Sending Touch (ACTION_UP): 0:(737.61316,136.30481)
    // Rejecting start of Intent { act=android.intent.action.MAIN cat=[android.intent.category.LAUNCHER] cmp=com.google.android.apps.maps/com.google.android.maps.MapsActivity } in package com.google.android.apps.maps
    // Rejecting start of Intent { act=android.intent.action.MAIN cat=[android.intent.category.LAUNCHER] cmp=com.google.android.apps.maps/com.google.android.maps.MapsActivity } in package com.google.android.apps.maps
    // Rejecting start of Intent { act=android.intent.action.MAIN cat=[android.intent.category.LAUNCHER] cmp=com.google.android.apps.maps/com.google.android.maps.MapsActivity } in package com.google.android.apps.maps
:Sending Touch (ACTION_DOWN): 0:(826.0,1394.0)
:Sending Touch (ACTION_UP): 0:(808.9439,1361.9193)
:Sending Touch (ACTION_DOWN): 0:(517.0,951.0)
:Sending Touch (ACTION_UP): 0:(509.49152,971.18396)
:Sending Touch (ACTION_DOWN): 0:(975.0,1015.0)
:Sending Touch (ACTION_UP): 0:(979.71326,1009.41516)
:Sending Trackball (ACTION_MOVE): 0:(-5.0,4.0)
    //[calendar_time:2022-03-26 18:52:06.130  system_uptime:146821]
    // Sending event #1100
:Sending Trackball (ACTION_MOVE): 0:(-3.0,-3.0)
:Sending Touch (ACTION_DOWN): 0:(484.0,470.0)
:Sending Touch (ACTION_UP): 0:(479.52682,487.29034)
:Sending Touch (ACTION_DOWN): 0:(1063.0,885.0)
:Sending Touch (ACTION_UP): 0:(1075.0363,898.4142)
:Sending Touch (ACTION_DOWN): 0:(1056.0,89.0)
:Sending Touch (ACTION_UP): 0:(1049.0406,139.25008)
:Sending Touch (ACTION_DOWN): 0:(274.0,1096.0)
:Sending Touch (ACTION_UP): 0:(274.76907,1103.9595)
:Sending Touch (ACTION_DOWN): 0:(34.0,1333.0)
:Sending Touch (ACTION_UP): 0:(83.318634,1377.3755)
    // Rejecting start of Intent { act=android.intent.action.MAIN cat=[android.intent.category.LAUNCHER] cmp=com.google.android.apps.maps/com.google.android.maps.MapsActivity } in package com.google.android.apps.maps
:Sending Touch (ACTION_DOWN): 0:(919.0,48.0)
:Sending Touch (ACTION_UP): 0:(976.0126,52.637882)
    // Rejecting start of Intent { act=android.intent.action.MAIN cat=[android.intent.category.LAUNCHER] cmp=com.google.android.apps.maps/com.google.android.maps.MapsActivity } in package com.google.android.apps.maps
:Sending Touch (ACTION_DOWN): 0:(799.0,1302.0)
:Sending Touch (ACTION_UP): 0:(804.3456,1309.1488)
    // Rejecting start of Intent { act=android.intent.action.MAIN cat=[android.intent.category.LAUNCHER] cmp=com.google.android.apps.maps/com.google.android.maps.MapsActivity } in package com.google.android.apps.maps
:Sending Touch (ACTION_DOWN): 0:(1123.0,728.0)
:Sending Touch (ACTION_UP): 0:(1200.0,629.35547)
:Sending Touch (ACTION_DOWN): 0:(66.0,704.0)
:Sending Touch (ACTION_UP): 0:(92.345856,614.53937)
:Switch: #Intent;action=android.intent.action.MAIN;category=android.intent.category.LAUNCHER;launchFlags=0x10200000;component=com.amaze.filemanager.debug/com.amaze.filemanager.activities.MainActivity;end
    // Allowing start of Intent { act=android.intent.action.MAIN cat=[android.intent.category.LAUNCHER] cmp=com.amaze.filemanager.debug/com.amaze.filemanager.activities.MainActivity } in package com.amaze.filemanager.debug
:Sending Touch (ACTION_DOWN): 0:(1083.0,388.0)
:Sending Touch (ACTION_UP): 0:(1083.7078,390.55133)
:Sending Trackball (ACTION_MOVE): 0:(-3.0,3.0)
    //[calendar_time:2022-03-26 18:52:10.883  system_uptime:151573]
    // Sending event #1200
:Sending Trackball (ACTION_MOVE): 0:(1.0,-3.0)
:Sending Touch (ACTION_DOWN): 0:(162.0,662.0)
:Sending Touch (ACTION_UP): 0:(146.1244,643.24097)
:Sending Touch (ACTION_DOWN): 0:(1066.0,624.0)
:Sending Touch (ACTION_UP): 0:(1153.0879,597.4472)
:Sending Touch (ACTION_DOWN): 0:(1047.0,1555.0)
:Sending Touch (ACTION_UP): 0:(1091.5405,1547.0127)
:Sending Trackball (ACTION_MOVE): 0:(-4.0,-3.0)
:Sending Touch (ACTION_DOWN): 0:(186.0,1656.0)
:Sending Touch (ACTION_UP): 0:(233.73355,1534.592)
:Sending Trackball (ACTION_MOVE): 0:(2.0,1.0)
:Sending Touch (ACTION_DOWN): 0:(258.0,799.0)
:Sending Touch (ACTION_UP): 0:(256.78772,794.7887)
:Sending Touch (ACTION_DOWN): 0:(1140.0,542.0)
:Sending Touch (ACTION_UP): 0:(1137.3926,543.41125)
:Sending Trackball (ACTION_MOVE): 0:(0.0,-2.0)
    //[calendar_time:2022-03-26 18:52:15.314  system_uptime:156004]
    // Sending event #1300
:Sending Trackball (ACTION_MOVE): 0:(1.0,0.0)
:Sending Touch (ACTION_DOWN): 0:(355.0,1068.0)
:Sending Touch (ACTION_UP): 0:(348.6648,1086.2758)
:Sending Trackball (ACTION_MOVE): 0:(-5.0,-5.0)
:Sending Touch (ACTION_DOWN): 0:(1096.0,1180.0)
:Sending Touch (ACTION_UP): 0:(1077.2706,1181.8729)
:Sending Trackball (ACTION_MOVE): 0:(-1.0,4.0)
:Sending Touch (ACTION_DOWN): 0:(391.0,1584.0)
:Sending Touch (ACTION_UP): 0:(392.9029,1584.6294)
    // Rejecting start of Intent { act=android.intent.action.VIEW dat=content://com.amaze.filemanager/storage_root/storage/emulated/0/app_crashcom.amaze.filemanager.debug_2022-03-26_18_51_45.931_.txt typ=text/plain cmp=android/com.android.internal.app.ResolverActivity } in package android
    // Rejecting start of Intent { act=android.intent.action.CALL_BUTTON cmp=com.google.android.dialer/com.google.android.apps.dialer.extensions.GoogleDialtactsActivity } in package com.google.android.dialer
:Sending Touch (ACTION_DOWN): 0:(459.0,641.0)
:Sending Touch (ACTION_UP): 0:(463.3943,645.10986)
:Sending Touch (ACTION_DOWN): 0:(820.0,1191.0)
:Sending Touch (ACTION_UP): 0:(840.07965,1184.4357)
:Sending Trackball (ACTION_MOVE): 0:(3.0,2.0)
    //[calendar_time:2022-03-26 18:52:20.493  system_uptime:161184]
    // Sending event #1400
:Sending Touch (ACTION_DOWN): 0:(294.0,1698.0)
:Sending Touch (ACTION_UP): 0:(306.9491,1701.6152)
:Sending Touch (ACTION_DOWN): 0:(1045.0,646.0)
:Sending Touch (ACTION_UP): 0:(984.56476,606.8959)
:Sending Trackball (ACTION_MOVE): 0:(-3.0,-3.0)
:Sending Touch (ACTION_DOWN): 0:(679.0,1118.0)
:Sending Touch (ACTION_UP): 0:(649.27264,1156.2727)
:Sending Touch (ACTION_DOWN): 0:(366.0,506.0)
:Sending Touch (ACTION_UP): 0:(356.91278,489.1041)
:Sending Trackball (ACTION_MOVE): 0:(0.0,-5.0)
:Sending Trackball (ACTION_MOVE): 0:(-2.0,-2.0)
:Sending Touch (ACTION_DOWN): 0:(623.0,1800.0)
:Sending Touch (ACTION_UP): 0:(624.6988,1793.099)
:Switch: #Intent;action=android.intent.action.MAIN;category=android.intent.category.LAUNCHER;launchFlags=0x10200000;component=com.amaze.filemanager.debug/com.amaze.filemanager.activities.MainActivity;end
    // Allowing start of Intent { act=android.intent.action.MAIN cat=[android.intent.category.LAUNCHER] cmp=com.amaze.filemanager.debug/com.amaze.filemanager.activities.MainActivity } in package com.amaze.filemanager.debug
:Sending Touch (ACTION_DOWN): 0:(641.0,1143.0)
:Sending Touch (ACTION_UP): 0:(577.0634,1154.0785)
:Sending Trackball (ACTION_MOVE): 0:(-5.0,4.0)
:Sending Trackball (ACTION_MOVE): 0:(-1.0,3.0)
    //[calendar_time:2022-03-26 18:52:23.657  system_uptime:164348]
    // Sending event #1500
:Sending Trackball (ACTION_MOVE): 0:(1.0,1.0)
:Sending Trackball (ACTION_MOVE): 0:(-1.0,-5.0)
:Sending Touch (ACTION_DOWN): 0:(338.0,281.0)
:Sending Touch (ACTION_UP): 0:(348.12598,273.2246)
:Sending Touch (ACTION_DOWN): 0:(501.0,1655.0)
:Sending Touch (ACTION_UP): 0:(614.1163,1697.9994)
:Sending Touch (ACTION_DOWN): 0:(611.0,482.0)
:Sending Touch (ACTION_UP): 0:(549.8107,492.83408)
:Sending Touch (ACTION_DOWN): 0:(855.0,46.0)
:Sending Touch (ACTION_UP): 0:(850.6395,35.02542)
:Sending Touch (ACTION_DOWN): 0:(145.0,476.0)
:Sending Touch (ACTION_UP): 0:(158.37733,513.9071)
:Sending Trackball (ACTION_MOVE): 0:(2.0,1.0)
:Sending Touch (ACTION_DOWN): 0:(639.0,397.0)
:Sending Touch (ACTION_UP): 0:(695.9383,466.23105)
:Sending Trackball (ACTION_MOVE): 0:(-4.0,2.0)
    //[calendar_time:2022-03-26 18:52:27.235  system_uptime:167926]
    // Sending event #1600
:Sending Trackball (ACTION_MOVE): 0:(4.0,1.0)
:Sending Touch (ACTION_DOWN): 0:(626.0,1072.0)
:Sending Touch (ACTION_UP): 0:(625.60986,1085.8688)
:Sending Touch (ACTION_DOWN): 0:(442.0,192.0)
:Sending Touch (ACTION_UP): 0:(434.3053,207.46568)
:Sending Touch (ACTION_DOWN): 0:(954.0,674.0)
:Sending Touch (ACTION_UP): 0:(962.9473,674.7138)
:Sending Trackball (ACTION_MOVE): 0:(0.0,-1.0)
:Sending Trackball (ACTION_MOVE): 0:(3.0,4.0)
:Sending Touch (ACTION_DOWN): 0:(320.0,1609.0)
:Sending Touch (ACTION_UP): 0:(323.98276,1602.446)
:Sending Trackball (ACTION_MOVE): 0:(3.0,-1.0)
:Switch: #Intent;action=android.intent.action.MAIN;category=android.intent.category.LAUNCHER;launchFlags=0x10200000;component=com.amaze.filemanager.debug/com.amaze.filemanager.activities.MainActivity;end
    // Allowing start of Intent { act=android.intent.action.MAIN cat=[android.intent.category.LAUNCHER] cmp=com.amaze.filemanager.debug/com.amaze.filemanager.activities.MainActivity } in package com.amaze.filemanager.debug
:Sending Trackball (ACTION_MOVE): 0:(-3.0,-3.0)
:Sending Touch (ACTION_DOWN): 0:(1051.0,363.0)
:Sending Touch (ACTION_UP): 0:(1054.2439,354.20633)
:Sending Touch (ACTION_DOWN): 0:(404.0,32.0)
:Sending Touch (ACTION_UP): 0:(400.9039,13.156979)
:Sending Touch (ACTION_DOWN): 0:(1095.0,989.0)
:Sending Touch (ACTION_UP): 0:(1094.6652,989.39813)
    //[calendar_time:2022-03-26 18:52:31.420  system_uptime:172110]
    // Sending event #1700
    //[calendar_time:2022-03-26 18:52:31.620  system_uptime:172311]
    // Sending event #1700
:Sending Trackball (ACTION_MOVE): 0:(-5.0,1.0)
:Switch: #Intent;action=android.intent.action.MAIN;category=android.intent.category.LAUNCHER;launchFlags=0x10200000;component=com.amaze.filemanager.debug/com.amaze.filemanager.activities.MainActivity;end
    // Allowing start of Intent { act=android.intent.action.MAIN cat=[android.intent.category.LAUNCHER] cmp=com.amaze.filemanager.debug/com.amaze.filemanager.activities.MainActivity } in package com.amaze.filemanager.debug
:Sending Touch (ACTION_DOWN): 0:(1063.0,11.0)
:Sending Touch (ACTION_UP): 0:(992.31335,77.59687)
:Sending Touch (ACTION_DOWN): 0:(282.0,1530.0)
:Sending Touch (ACTION_UP): 0:(292.02768,1535.0477)
:Sending Touch (ACTION_DOWN): 0:(247.0,535.0)
:Sending Touch (ACTION_UP): 0:(259.55197,529.6396)
:Sending Trackball (ACTION_MOVE): 0:(-1.0,-4.0)
:Sending Trackball (ACTION_UP): 0:(0.0,0.0)
:Switch: #Intent;action=android.intent.action.MAIN;category=android.intent.category.LAUNCHER;launchFlags=0x10200000;component=com.amaze.filemanager.debug/com.amaze.filemanager.activities.MainActivity;end
    // Allowing start of Intent { act=android.intent.action.MAIN cat=[android.intent.category.LAUNCHER] cmp=com.amaze.filemanager.debug/com.amaze.filemanager.activities.MainActivity } in package com.amaze.filemanager.debug
:Sending Touch (ACTION_DOWN): 0:(462.0,62.0)
:Sending Touch (ACTION_UP): 0:(465.78607,71.7105)
:Sending Trackball (ACTION_MOVE): 0:(3.0,-1.0)
:Sending Touch (ACTION_DOWN): 0:(759.0,411.0)
:Sending Touch (ACTION_UP): 0:(745.3763,417.72528)
:Sending Trackball (ACTION_MOVE): 0:(4.0,-3.0)
:Sending Touch (ACTION_DOWN): 0:(1103.0,1664.0)
:Sending Touch (ACTION_UP): 0:(1200.0,1579.9219)
:Sending Touch (ACTION_DOWN): 0:(1003.0,433.0)
    //[calendar_time:2022-03-26 18:52:36.163  system_uptime:176853]
    // Sending event #1800
:Sending Touch (ACTION_UP): 0:(995.5005,434.8379)
:Sending Touch (ACTION_DOWN): 0:(55.0,857.0)
:Sending Touch (ACTION_UP): 0:(54.286366,859.59143)
:Sending Touch (ACTION_DOWN): 0:(1018.0,1431.0)
:Sending Touch (ACTION_UP): 0:(1010.4349,1431.3865)
:Sending Touch (ACTION_DOWN): 0:(717.0,1328.0)
:Sending Touch (ACTION_UP): 0:(716.4406,1327.5494)
:Sending Trackball (ACTION_MOVE): 0:(2.0,-1.0)
:Sending Trackball (ACTION_UP): 0:(0.0,0.0)
:Sending Touch (ACTION_DOWN): 0:(696.0,1036.0)
:Sending Touch (ACTION_UP): 0:(693.8072,1056.4275)
:Sending Touch (ACTION_DOWN): 0:(124.0,1449.0)
:Sending Touch (ACTION_UP): 0:(128.22937,1450.3784)
:Sending Trackball (ACTION_MOVE): 0:(-3.0,0.0)
:Sending Touch (ACTION_DOWN): 0:(189.0,300.0)
:Sending Touch (ACTION_UP): 0:(125.54382,310.4357)
:Sending Touch (ACTION_DOWN): 0:(1031.0,339.0)
:Sending Touch (ACTION_UP): 0:(1034.1548,355.88376)
:Sending Trackball (ACTION_MOVE): 0:(-1.0,-2.0)
:Sending Touch (ACTION_DOWN): 0:(220.0,722.0)
:Sending Touch (ACTION_UP): 0:(198.69624,716.4313)
:Switch: #Intent;action=android.intent.action.MAIN;category=android.intent.category.LAUNCHER;launchFlags=0x10200000;component=com.amaze.filemanager.debug/com.amaze.filemanager.activities.MainActivity;end
    // Allowing start of Intent { act=android.intent.action.MAIN cat=[android.intent.category.LAUNCHER] cmp=com.amaze.filemanager.debug/com.amaze.filemanager.activities.MainActivity } in package com.amaze.filemanager.debug
:Sending Touch (ACTION_DOWN): 0:(881.0,1209.0)
:Sending Touch (ACTION_UP): 0:(948.5334,1260.9856)
:Sending Touch (ACTION_DOWN): 0:(1178.0,285.0)
:Sending Touch (ACTION_UP): 0:(1177.5935,262.08804)
    //[calendar_time:2022-03-26 18:52:42.323  system_uptime:183013]
    // Sending event #1900
:Sending Trackball (ACTION_MOVE): 0:(-1.0,-1.0)
:Sending Trackball (ACTION_UP): 0:(0.0,0.0)
:Sending Touch (ACTION_DOWN): 0:(1007.0,1776.0)
:Sending Touch (ACTION_UP): 0:(988.0488,1770.2775)
:Switch: #Intent;action=android.intent.action.MAIN;category=android.intent.category.LAUNCHER;launchFlags=0x10200000;component=com.amaze.filemanager.debug/com.amaze.filemanager.activities.MainActivity;end
    // Allowing start of Intent { act=android.intent.action.MAIN cat=[android.intent.category.LAUNCHER] cmp=com.amaze.filemanager.debug/com.amaze.filemanager.activities.MainActivity } in package com.amaze.filemanager.debug
:Sending Trackball (ACTION_MOVE): 0:(-4.0,2.0)
:Sending Trackball (ACTION_MOVE): 0:(1.0,4.0)
:Sending Touch (ACTION_DOWN): 0:(634.0,1034.0)
:Sending Touch (ACTION_UP): 0:(650.7563,1027.9482)
:Sending Touch (ACTION_DOWN): 0:(769.0,1138.0)
:Sending Touch (ACTION_UP): 0:(773.9195,1135.2179)
:Sending Trackball (ACTION_MOVE): 0:(-5.0,1.0)
:Sending Touch (ACTION_DOWN): 0:(785.0,923.0)
:Sending Touch (ACTION_UP): 0:(788.56335,926.69293)
:Sending Touch (ACTION_DOWN): 0:(935.0,302.0)
:Sending Touch (ACTION_UP): 0:(934.9266,304.0694)
:Sending Touch (ACTION_DOWN): 0:(922.0,1477.0)
:Sending Touch (ACTION_UP): 0:(922.163,1487.4857)
:Sending Touch (ACTION_DOWN): 0:(1090.0,220.0)
:Sending Touch (ACTION_UP): 0:(1103.6744,223.16425)
:Sending Trackball (ACTION_MOVE): 0:(0.0,0.0)
    //[calendar_time:2022-03-26 18:52:47.046  system_uptime:187736]
    // Sending event #2000
:Sending Touch (ACTION_DOWN): 0:(836.0,1379.0)
:Sending Touch (ACTION_UP): 0:(833.9759,1382.7131)
    // Rejecting start of Intent { act=android.intent.action.CALL_BUTTON cmp=com.google.android.dialer/com.google.android.apps.dialer.extensions.GoogleDialtactsActivity } in package com.google.android.dialer
    // Rejecting start of Intent { act=android.intent.action.SHOW_BRIGHTNESS_DIALOG cmp=com.android.systemui/.settings.BrightnessDialog } in package com.android.systemui
:Sending Touch (ACTION_DOWN): 0:(364.0,1795.0)
:Sending Touch (ACTION_UP): 0:(363.64398,1779.7625)
:Switch: #Intent;action=android.intent.action.MAIN;category=android.intent.category.LAUNCHER;launchFlags=0x10200000;component=com.amaze.filemanager.debug/com.amaze.filemanager.activities.MainActivity;end
    // Allowing start of Intent { act=android.intent.action.MAIN cat=[android.intent.category.LAUNCHER] cmp=com.amaze.filemanager.debug/com.amaze.filemanager.activities.MainActivity } in package com.amaze.filemanager.debug
:Sending Touch (ACTION_DOWN): 0:(876.0,1623.0)
:Sending Touch (ACTION_UP): 0:(874.7495,1642.1594)
:Sending Flip keyboardOpen=true
:Sending Trackball (ACTION_MOVE): 0:(-3.0,0.0)
:Sending Trackball (ACTION_MOVE): 0:(2.0,-4.0)
:Sending Trackball (ACTION_UP): 0:(0.0,0.0)
:Switch: #Intent;action=android.intent.action.MAIN;category=android.intent.category.LAUNCHER;launchFlags=0x10200000;component=com.amaze.filemanager.debug/com.amaze.filemanager.activities.MainActivity;end
    // Allowing start of Intent { act=android.intent.action.MAIN cat=[android.intent.category.LAUNCHER] cmp=com.amaze.filemanager.debug/com.amaze.filemanager.activities.MainActivity } in package com.amaze.filemanager.debug
    // Rejecting start of Intent { act=android.intent.action.CALL_BUTTON cmp=com.google.android.dialer/com.google.android.apps.dialer.extensions.GoogleDialtactsActivity } in package com.google.android.dialer
:Sending Touch (ACTION_DOWN): 0:(1074.0,1315.0)
:Sending Touch (ACTION_UP): 0:(1061.0824,1314.9866)
:Sending Touch (ACTION_DOWN): 0:(1015.0,1455.0)
:Sending Touch (ACTION_UP): 0:(1029.527,1453.4783)
:Switch: #Intent;action=android.intent.action.MAIN;category=android.intent.category.LAUNCHER;launchFlags=0x10200000;component=com.amaze.filemanager.debug/com.amaze.filemanager.activities.MainActivity;end
    // Allowing start of Intent { act=android.intent.action.MAIN cat=[android.intent.category.LAUNCHER] cmp=com.amaze.filemanager.debug/com.amaze.filemanager.activities.MainActivity } in package com.amaze.filemanager.debug
:Switch: #Intent;action=android.intent.action.MAIN;category=android.intent.category.LAUNCHER;launchFlags=0x10200000;component=com.amaze.filemanager.debug/com.amaze.filemanager.activities.MainActivity;end
    // Allowing start of Intent { act=android.intent.action.MAIN cat=[android.intent.category.LAUNCHER] cmp=com.amaze.filemanager.debug/com.amaze.filemanager.activities.MainActivity } in package com.amaze.filemanager.debug
:Sending Touch (ACTION_DOWN): 0:(107.0,174.0)
:Sending Touch (ACTION_UP): 0:(120.476425,186.0307)
    // Rejecting start of Intent { act=android.intent.action.ASSIST cmp=com.google.android.googlequicksearchbox/.SearchActivity } in package com.google.android.googlequicksearchbox
:Sending Trackball (ACTION_MOVE): 0:(-5.0,4.0)
:Sending Trackball (ACTION_MOVE): 0:(-1.0,-3.0)
    //[calendar_time:2022-03-26 18:52:54.072  system_uptime:194763]
    // Sending event #2100
:Sending Trackball (ACTION_UP): 0:(0.0,0.0)
:Sending Touch (ACTION_DOWN): 0:(271.0,1352.0)
:Sending Touch (ACTION_UP): 0:(269.9113,1350.901)
    // Rejecting start of Intent { act=android.intent.action.MAIN cat=[android.intent.category.HOME] cmp=com.google.android.apps.nexuslauncher/.NexusLauncherActivity } in package com.google.android.apps.nexuslauncher
:Sending Touch (ACTION_DOWN): 0:(905.0,602.0)
:Sending Touch (ACTION_UP): 0:(884.537,611.08655)
:Sending Touch (ACTION_DOWN): 0:(949.0,515.0)
:Sending Touch (ACTION_UP): 0:(949.6194,523.07715)
:Sending Touch (ACTION_DOWN): 0:(685.0,288.0)
:Sending Touch (ACTION_UP): 0:(685.3823,277.7815)
:Sending Touch (ACTION_DOWN): 0:(474.0,967.0)
:Sending Touch (ACTION_UP): 0:(473.14777,974.1396)
:Sending Touch (ACTION_DOWN): 0:(190.0,1436.0)
:Sending Touch (ACTION_UP): 0:(203.17374,1436.6228)
:Sending Touch (ACTION_DOWN): 0:(214.0,1320.0)
:Sending Touch (ACTION_UP): 0:(215.25288,1322.2579)
:Sending Touch (ACTION_DOWN): 0:(902.0,980.0)
:Sending Touch (ACTION_UP): 0:(902.7018,981.314)
:Sending Trackball (ACTION_MOVE): 0:(1.0,-4.0)
:Sending Touch (ACTION_DOWN): 0:(652.0,971.0)
:Sending Touch (ACTION_UP): 0:(614.3898,997.1047)
:Sending Trackball (ACTION_MOVE): 0:(3.0,-4.0)
    //[calendar_time:2022-03-26 18:53:02.386  system_uptime:203076]
    // Sending event #2200
:Sending Trackball (ACTION_MOVE): 0:(-3.0,0.0)
:Sending Trackball (ACTION_MOVE): 0:(2.0,-4.0)
:Sending Trackball (ACTION_UP): 0:(0.0,0.0)
    // Rejecting start of Intent { act=android.intent.action.MAIN cat=[android.intent.category.LAUNCHER] cmp=com.google.android.apps.maps/com.google.android.maps.MapsActivity } in package com.google.android.apps.maps
:Sending Trackball (ACTION_MOVE): 0:(3.0,-5.0)
:Sending Touch (ACTION_DOWN): 0:(527.0,1003.0)
:Sending Touch (ACTION_UP): 0:(546.8634,976.5812)
:Sending Touch (ACTION_DOWN): 0:(984.0,327.0)
:Sending Touch (ACTION_UP): 0:(985.458,322.65533)
:Sending Touch (ACTION_DOWN): 0:(129.0,870.0)
:Sending Touch (ACTION_UP): 0:(279.38718,772.10925)
:Sending Touch (ACTION_DOWN): 0:(927.0,1505.0)
:Sending Touch (ACTION_UP): 0:(922.0902,1521.9799)
:Sending Flip keyboardOpen=false
:Sending Touch (ACTION_DOWN): 0:(661.0,883.0)
:Sending Touch (ACTION_UP): 0:(644.9292,891.5419)
    //[calendar_time:2022-03-26 18:53:06.668  system_uptime:207359]
    // Sending event #2300
    //[calendar_time:2022-03-26 18:53:06.871  system_uptime:207562]
    // Sending event #2300
:Sending Touch (ACTION_DOWN): 0:(365.0,1486.0)
:Sending Touch (ACTION_UP): 0:(383.50787,1483.7228)
:Sending Touch (ACTION_DOWN): 0:(256.0,1392.0)
:Sending Touch (ACTION_UP): 0:(253.55786,1390.0996)
    // Rejecting start of Intent { act=android.intent.action.MAIN cat=[android.intent.category.LAUNCHER] cmp=com.google.android.apps.maps/com.google.android.maps.MapsActivity } in package com.google.android.apps.maps
:Sending Trackball (ACTION_MOVE): 0:(3.0,-3.0)
:Sending Trackball (ACTION_UP): 0:(0.0,0.0)
    // Rejecting start of Intent { act=android.intent.action.MAIN cat=[android.intent.category.LAUNCHER] cmp=com.google.android.dialer/.extensions.GoogleDialtactsActivity } in package com.google.android.dialer
:Sending Touch (ACTION_DOWN): 0:(345.0,1651.0)
:Sending Touch (ACTION_UP): 0:(343.99557,1666.6157)
    // Rejecting start of Intent { act=android.intent.action.MAIN cat=[android.intent.category.LAUNCHER] cmp=com.google.android.apps.maps/com.google.android.maps.MapsActivity } in package com.google.android.apps.maps
:Sending Trackball (ACTION_MOVE): 0:(-3.0,4.0)
:Sending Touch (ACTION_DOWN): 0:(179.0,1313.0)
:Sending Touch (ACTION_UP): 0:(174.47699,1311.3967)
    // Rejecting start of Intent { act=android.intent.action.MAIN cat=[android.intent.category.LAUNCHER] cmp=com.google.android.apps.maps/com.google.android.maps.MapsActivity } in package com.google.android.apps.maps
    // Rejecting start of Intent { act=android.intent.action.MAIN cat=[android.intent.category.HOME] cmp=com.google.android.apps.nexuslauncher/.NexusLauncherActivity } in package com.google.android.apps.nexuslauncher
:Sending Touch (ACTION_DOWN): 0:(888.0,498.0)
:Sending Touch (ACTION_UP): 0:(976.4559,458.06473)
:Sending Touch (ACTION_DOWN): 0:(220.0,640.0)
:Sending Touch (ACTION_UP): 0:(222.53534,638.5832)
:Sending Trackball (ACTION_MOVE): 0:(0.0,2.0)
    // Rejecting start of Intent { act=android.intent.action.MAIN cmp=com.google.android.googlequicksearchbox/com.google.android.apps.gsa.legacyui.VelvetActivity } in package com.google.android.googlequicksearchbox
:Sending Trackball (ACTION_MOVE): 0:(1.0,2.0)
:Sending Touch (ACTION_DOWN): 0:(259.0,373.0)
:Sending Touch (ACTION_UP): 0:(238.72989,379.21545)
    //[calendar_time:2022-03-26 18:53:12.352  system_uptime:213042]
    // Sending event #2400
    //[calendar_time:2022-03-26 18:53:12.552  system_uptime:213243]
    // Sending event #2400
:Sending Touch (ACTION_DOWN): 0:(1118.0,215.0)
:Sending Touch (ACTION_UP): 0:(1121.8402,248.73985)
:Sending Touch (ACTION_DOWN): 0:(388.0,774.0)
:Sending Touch (ACTION_UP): 0:(344.0345,739.4383)
    // Rejecting start of Intent { act=android.intent.action.ASSIST cmp=com.google.android.googlequicksearchbox/.SearchActivity } in package com.google.android.googlequicksearchbox
    // Rejecting start of Intent { act=android.intent.action.MAIN cat=[android.intent.category.LAUNCHER] cmp=com.google.android.gm/.ConversationListActivityGmail } in package com.google.android.gm
:Sending Touch (ACTION_DOWN): 0:(948.0,775.0)
:Sending Touch (ACTION_UP): 0:(983.0272,748.44586)
:Sending Touch (ACTION_DOWN): 0:(3.0,737.0)
:Sending Touch (ACTION_UP): 0:(17.744936,742.5818)
:Sending Touch (ACTION_DOWN): 0:(279.0,1509.0)
:Sending Touch (ACTION_UP): 0:(274.7596,1511.3054)
    // Rejecting start of Intent { act=android.intent.action.MAIN cat=[android.intent.category.LAUNCHER] cmp=com.google.android.apps.maps/com.google.android.maps.MapsActivity } in package com.google.android.apps.maps
:Sending Touch (ACTION_DOWN): 0:(812.0,958.0)
:Sending Touch (ACTION_UP): 0:(695.2421,957.3458)
:Sending Touch (ACTION_DOWN): 0:(586.0,1208.0)
:Sending Touch (ACTION_UP): 0:(604.24347,1225.3792)
:Sending Touch (ACTION_DOWN): 0:(1017.0,1795.0)
:Sending Touch (ACTION_UP): 0:(1012.5534,1785.7351)
:Sending Flip keyboardOpen=true
:Sending Touch (ACTION_DOWN): 0:(1057.0,1442.0)
:Sending Touch (ACTION_UP): 0:(1047.6993,1436.7295)
:Sending Trackball (ACTION_MOVE): 0:(-1.0,-4.0)
    //[calendar_time:2022-03-26 18:53:20.364  system_uptime:221054]
    // Sending event #2500
:Sending Touch (ACTION_DOWN): 0:(200.0,205.0)
:Sending Touch (ACTION_UP): 0:(210.3108,256.70245)
:Sending Touch (ACTION_DOWN): 0:(719.0,1089.0)
:Sending Touch (ACTION_UP): 0:(732.04675,1086.9353)
:Sending Touch (ACTION_DOWN): 0:(547.0,190.0)
:Sending Touch (ACTION_UP): 0:(547.1524,197.89584)
:Sending Touch (ACTION_DOWN): 0:(1002.0,1542.0)
:Sending Touch (ACTION_UP): 0:(958.4838,1594.4744)
:Sending Trackball (ACTION_MOVE): 0:(0.0,-4.0)
:Sending Trackball (ACTION_UP): 0:(0.0,0.0)
:Sending Touch (ACTION_DOWN): 0:(837.0,625.0)
:Sending Touch (ACTION_UP): 0:(839.1823,621.365)
:Sending Touch (ACTION_DOWN): 0:(77.0,833.0)
:Sending Touch (ACTION_UP): 0:(0.0,929.81116)
    // Rejecting start of Intent { act=android.intent.action.MAIN cat=[android.intent.category.LAUNCHER] cmp=com.google.android.apps.maps/com.google.android.maps.MapsActivity } in package com.google.android.apps.maps
:Sending Touch (ACTION_DOWN): 0:(1109.0,546.0)
:Sending Touch (ACTION_UP): 0:(1062.4052,590.8168)
:Sending Trackball (ACTION_MOVE): 0:(-4.0,-2.0)
    //[calendar_time:2022-03-26 18:53:25.002  system_uptime:225693]
    // Sending event #2600
    //[calendar_time:2022-03-26 18:53:25.203  system_uptime:225894]
    // Sending event #2600
:Sending Trackball (ACTION_MOVE): 0:(2.0,0.0)
:Sending Trackball (ACTION_MOVE): 0:(-3.0,3.0)
:Sending Touch (ACTION_DOWN): 0:(48.0,78.0)
:Sending Touch (ACTION_UP): 0:(47.789074,83.89874)
:Sending Touch (ACTION_DOWN): 0:(656.0,517.0)
:Sending Touch (ACTION_UP): 0:(658.23334,521.10114)
    // Rejecting start of Intent { act=android.intent.action.MAIN cat=[android.intent.category.LAUNCHER] cmp=com.google.android.apps.maps/com.google.android.maps.MapsActivity } in package com.google.android.apps.maps
:Sending Trackball (ACTION_MOVE): 0:(1.0,0.0)
:Sending Trackball (ACTION_MOVE): 0:(2.0,-5.0)
    // Rejecting start of Intent { act=android.intent.action.MAIN cat=[android.intent.category.LAUNCHER] cmp=com.google.android.dialer/.extensions.GoogleDialtactsActivity } in package com.google.android.dialer
:Sending Touch (ACTION_DOWN): 0:(1059.0,111.0)
:Sending Touch (ACTION_UP): 0:(1059.3545,99.45077)
:Switch: #Intent;action=android.intent.action.MAIN;category=android.intent.category.LAUNCHER;launchFlags=0x10200000;component=com.amaze.filemanager.debug/com.amaze.filemanager.activities.MainActivity;end
    // Allowing start of Intent { act=android.intent.action.MAIN cat=[android.intent.category.LAUNCHER] cmp=com.amaze.filemanager.debug/com.amaze.filemanager.activities.MainActivity } in package com.amaze.filemanager.debug
:Sending Trackball (ACTION_MOVE): 0:(-2.0,-3.0)
    //[calendar_time:2022-03-26 18:53:30.380  system_uptime:231070]
    // Sending event #2700
:Sending Touch (ACTION_DOWN): 0:(1165.0,920.0)
:Sending Touch (ACTION_UP): 0:(1166.168,928.2553)
:Sending Flip keyboardOpen=false
:Sending Trackball (ACTION_MOVE): 0:(2.0,2.0)
:Sending Touch (ACTION_DOWN): 0:(1128.0,432.0)
:Sending Touch (ACTION_UP): 0:(1132.8232,443.22626)
:Sending Touch (ACTION_DOWN): 0:(77.0,738.0)
:Sending Touch (ACTION_UP): 0:(39.971966,749.0903)
:Sending Trackball (ACTION_MOVE): 0:(1.0,-4.0)
:Switch: #Intent;action=android.intent.action.MAIN;category=android.intent.category.LAUNCHER;launchFlags=0x10200000;component=com.amaze.filemanager.debug/com.amaze.filemanager.activities.MainActivity;end
    // Allowing start of Intent { act=android.intent.action.MAIN cat=[android.intent.category.LAUNCHER] cmp=com.amaze.filemanager.debug/com.amaze.filemanager.activities.MainActivity } in package com.amaze.filemanager.debug
:Switch: #Intent;action=android.intent.action.MAIN;category=android.intent.category.LAUNCHER;launchFlags=0x10200000;component=com.amaze.filemanager.debug/com.amaze.filemanager.activities.MainActivity;end
    // Allowing start of Intent { act=android.intent.action.MAIN cat=[android.intent.category.LAUNCHER] cmp=com.amaze.filemanager.debug/com.amaze.filemanager.activities.MainActivity } in package com.amaze.filemanager.debug
:Sending Touch (ACTION_DOWN): 0:(1005.0,1523.0)
:Sending Touch (ACTION_UP): 0:(1018.86523,1531.0553)
:Sending Touch (ACTION_DOWN): 0:(46.0,1276.0)
:Sending Touch (ACTION_UP): 0:(93.85886,1189.3549)
:Sending Touch (ACTION_DOWN): 0:(762.0,1006.0)
:Sending Touch (ACTION_UP): 0:(764.31757,1022.1057)
    // Rejecting start of Intent { act=android.intent.action.ASSIST cmp=com.google.android.googlequicksearchbox/.SearchActivity } in package com.google.android.googlequicksearchbox
:Sending Touch (ACTION_DOWN): 0:(3.0,722.0)
:Sending Touch (ACTION_UP): 0:(0.060032368,737.38586)
:Sending Touch (ACTION_DOWN): 0:(578.0,1155.0)
:Sending Touch (ACTION_UP): 0:(584.66254,1163.9508)
:Sending Trackball (ACTION_MOVE): 0:(0.0,-4.0)
    //[calendar_time:2022-03-26 18:53:37.037  system_uptime:237728]
    // Sending event #2800
:Sending Touch (ACTION_DOWN): 0:(328.0,820.0)
:Sending Touch (ACTION_UP): 0:(322.1028,819.7978)
:Sending Touch (ACTION_DOWN): 0:(258.0,392.0)
:Sending Touch (ACTION_UP): 0:(241.32715,388.3534)
:Sending Trackball (ACTION_MOVE): 0:(1.0,4.0)
:Sending Touch (ACTION_DOWN): 0:(438.0,1629.0)
:Sending Touch (ACTION_UP): 0:(430.08438,1631.9188)
    // Rejecting start of Intent { act=android.intent.action.MAIN cat=[android.intent.category.HOME] cmp=com.google.android.apps.nexuslauncher/.NexusLauncherActivity } in package com.google.android.apps.nexuslauncher
:Sending Touch (ACTION_DOWN): 0:(696.0,1053.0)
:Sending Touch (ACTION_UP): 0:(697.2539,1052.5261)
:Sending Touch (ACTION_DOWN): 0:(602.0,809.0)
:Sending Touch (ACTION_UP): 0:(578.1594,727.7537)
:Sending Touch (ACTION_DOWN): 0:(1051.0,979.0)
:Sending Touch (ACTION_UP): 0:(1035.8353,945.8456)
:Sending Touch (ACTION_DOWN): 0:(820.0,1422.0)
:Sending Touch (ACTION_UP): 0:(832.87244,1408.955)
:Sending Touch (ACTION_DOWN): 0:(123.0,697.0)
:Sending Touch (ACTION_UP): 0:(143.90805,695.9141)
:Sending Touch (ACTION_DOWN): 0:(409.0,708.0)
:Sending Touch (ACTION_UP): 0:(404.79065,707.93243)
:Sending Touch (ACTION_DOWN): 0:(715.0,1568.0)
:Sending Touch (ACTION_UP): 0:(714.17737,1553.8524)
:Sending Touch (ACTION_DOWN): 0:(824.0,1128.0)
:Sending Touch (ACTION_UP): 0:(808.378,1129.7257)
:Sending Touch (ACTION_DOWN): 0:(171.0,1094.0)
:Sending Touch (ACTION_UP): 0:(167.81781,1096.328)
:Sending Touch (ACTION_DOWN): 0:(703.0,1125.0)
:Sending Touch (ACTION_UP): 0:(645.1517,1088.3466)
    //[calendar_time:2022-03-26 18:53:43.619  system_uptime:244310]
    // Sending event #2900
    //[calendar_time:2022-03-26 18:53:43.820  system_uptime:244511]
    // Sending event #2900
:Sending Touch (ACTION_DOWN): 0:(785.0,947.0)
:Sending Touch (ACTION_UP): 0:(804.5956,968.9963)
:Sending Touch (ACTION_DOWN): 0:(1182.0,721.0)
:Sending Touch (ACTION_UP): 0:(1182.5978,717.97534)
:Sending Trackball (ACTION_MOVE): 0:(0.0,-3.0)
:Sending Touch (ACTION_DOWN): 0:(782.0,156.0)
:Sending Touch (ACTION_UP): 0:(793.8647,145.10556)
:Sending Trackball (ACTION_MOVE): 0:(-3.0,3.0)
:Sending Touch (ACTION_DOWN): 0:(714.0,1108.0)
:Sending Touch (ACTION_UP): 0:(736.78754,1119.2938)
:Sending Touch (ACTION_DOWN): 0:(953.0,749.0)
:Sending Touch (ACTION_UP): 0:(927.47125,652.9452)
:Sending Trackball (ACTION_MOVE): 0:(-2.0,2.0)
    //[calendar_time:2022-03-26 18:53:49.771  system_uptime:250461]
    // Sending event #3000
:Sending Touch (ACTION_DOWN): 0:(1023.0,626.0)
:Sending Touch (ACTION_UP): 0:(941.28577,634.0136)
:Sending Touch (ACTION_DOWN): 0:(499.0,191.0)
:Sending Touch (ACTION_UP): 0:(509.43582,191.66573)
:Sending Trackball (ACTION_MOVE): 0:(1.0,4.0)
:Sending Trackball (ACTION_UP): 0:(0.0,0.0)
:Sending Trackball (ACTION_MOVE): 0:(-3.0,-4.0)
:Sending Trackball (ACTION_UP): 0:(0.0,0.0)
:Sending Touch (ACTION_DOWN): 0:(155.0,1692.0)
:Sending Touch (ACTION_UP): 0:(151.26843,1687.0016)
:Sending Touch (ACTION_DOWN): 0:(787.0,240.0)
:Sending Touch (ACTION_UP): 0:(840.5794,308.37448)
:Sending Touch (ACTION_DOWN): 0:(790.0,668.0)
:Sending Touch (ACTION_UP): 0:(720.0519,590.8441)
:Sending Touch (ACTION_DOWN): 0:(394.0,393.0)
:Sending Touch (ACTION_UP): 0:(377.21954,393.48566)
:Sending Trackball (ACTION_MOVE): 0:(4.0,1.0)
:Sending Touch (ACTION_DOWN): 0:(904.0,1013.0)
:Sending Touch (ACTION_UP): 0:(917.37854,1009.9775)
    //[calendar_time:2022-03-26 18:53:53.772  system_uptime:254463]
    // Sending event #3100
    //[calendar_time:2022-03-26 18:53:53.973  system_uptime:254663]
    // Sending event #3100
:Sending Trackball (ACTION_MOVE): 0:(-4.0,1.0)
:Sending Touch (ACTION_DOWN): 0:(1178.0,588.0)
:Sending Touch (ACTION_UP): 0:(1168.7783,594.4209)
:Sending Touch (ACTION_DOWN): 0:(366.0,1319.0)
:Sending Touch (ACTION_UP): 0:(361.3318,1323.956)
:Sending Touch (ACTION_DOWN): 0:(249.0,726.0)
:Sending Touch (ACTION_UP): 0:(238.12576,727.73895)
:Sending Flip keyboardOpen=true
:Sending Touch (ACTION_DOWN): 0:(302.0,1757.0)
:Sending Touch (ACTION_UP): 0:(308.23138,1755.2466)
:Sending Touch (ACTION_DOWN): 0:(770.0,1202.0)
:Sending Touch (ACTION_UP): 0:(769.9955,1191.4678)
    // Rejecting start of Intent { cmp=com.android.inputmethod.latin/.permissions.PermissionsActivity } in package com.android.inputmethod.latin
:Sending Touch (ACTION_DOWN): 0:(240.0,741.0)
:Sending Touch (ACTION_UP): 0:(243.46216,754.7547)
:Sending Touch (ACTION_DOWN): 0:(744.0,281.0)
:Sending Touch (ACTION_UP): 0:(738.95667,275.36353)
:Sending Touch (ACTION_DOWN): 0:(918.0,213.0)
:Sending Touch (ACTION_UP): 0:(919.05945,209.54205)
:Sending Touch (ACTION_DOWN): 0:(77.0,1561.0)
:Sending Touch (ACTION_UP): 0:(82.058815,1572.1375)
:Sending Touch (ACTION_DOWN): 0:(969.0,1601.0)
:Sending Touch (ACTION_UP): 0:(973.72186,1587.3257)
:Sending Touch (ACTION_DOWN): 0:(86.0,146.0)
:Sending Touch (ACTION_UP): 0:(0.0,229.24895)
:Sending Trackball (ACTION_MOVE): 0:(-5.0,3.0)
:Sending Touch (ACTION_DOWN): 0:(441.0,1251.0)
:Sending Touch (ACTION_UP): 0:(437.92755,1259.6449)
:Sending Trackball (ACTION_MOVE): 0:(2.0,1.0)
    //[calendar_time:2022-03-26 18:53:59.971  system_uptime:260662]
    // Sending event #3200
:Sending Flip keyboardOpen=false
:Sending Touch (ACTION_DOWN): 0:(690.0,1032.0)
:Sending Touch (ACTION_UP): 0:(702.72754,1028.9362)
:Sending Flip keyboardOpen=true
:Sending Trackball (ACTION_MOVE): 0:(-4.0,2.0)
:Sending Touch (ACTION_DOWN): 0:(917.0,1140.0)
:Sending Touch (ACTION_UP): 0:(921.18304,1149.1664)
    // Rejecting start of Intent { cmp=com.android.inputmethod.latin/.permissions.PermissionsActivity } in package com.android.inputmethod.latin
:Sending Touch (ACTION_DOWN): 0:(340.0,390.0)
:Sending Touch (ACTION_UP): 0:(284.89343,372.6944)
:Sending Touch (ACTION_DOWN): 0:(869.0,1761.0)
:Sending Touch (ACTION_UP): 0:(866.45294,1754.2158)
:Sending Trackball (ACTION_MOVE): 0:(1.0,1.0)
:Switch: #Intent;action=android.intent.action.MAIN;category=android.intent.category.LAUNCHER;launchFlags=0x10200000;component=com.amaze.filemanager.debug/com.amaze.filemanager.activities.MainActivity;end
    // Allowing start of Intent { act=android.intent.action.MAIN cat=[android.intent.category.LAUNCHER] cmp=com.amaze.filemanager.debug/com.amaze.filemanager.activities.MainActivity } in package com.amaze.filemanager.debug
:Sending Touch (ACTION_DOWN): 0:(368.0,313.0)
:Sending Touch (ACTION_UP): 0:(365.6574,315.43387)
:Sending Touch (ACTION_DOWN): 0:(733.0,1261.0)
:Sending Touch (ACTION_UP): 0:(732.86786,1255.1422)
:Sending Touch (ACTION_DOWN): 0:(356.0,791.0)
:Sending Touch (ACTION_UP): 0:(362.0246,785.911)
:Sending Trackball (ACTION_MOVE): 0:(-3.0,2.0)
    //[calendar_time:2022-03-26 18:54:06.520  system_uptime:267211]
    // Sending event #3300
:Sending Touch (ACTION_DOWN): 0:(324.0,880.0)
:Sending Touch (ACTION_UP): 0:(290.47418,856.30914)
:Sending Touch (ACTION_DOWN): 0:(107.0,357.0)
:Sending Touch (ACTION_UP): 0:(107.96429,364.4839)
:Sending Touch (ACTION_DOWN): 0:(62.0,151.0)
:Sending Touch (ACTION_UP): 0:(69.533585,151.70116)
:Sending Trackball (ACTION_MOVE): 0:(-2.0,-3.0)
:Sending Touch (ACTION_DOWN): 0:(645.0,561.0)
:Sending Touch (ACTION_UP): 0:(657.2027,561.9612)
:Sending Touch (ACTION_DOWN): 0:(546.0,253.0)
:Sending Touch (ACTION_UP): 0:(504.6796,290.21866)
:Sending Touch (ACTION_DOWN): 0:(677.0,1631.0)
:Sending Touch (ACTION_UP): 0:(660.7375,1625.7301)
:Sending Touch (ACTION_DOWN): 0:(298.0,1025.0)
:Sending Touch (ACTION_UP): 0:(288.86172,1021.35754)
:Sending Trackball (ACTION_MOVE): 0:(4.0,3.0)
:Sending Touch (ACTION_DOWN): 0:(826.0,309.0)
:Sending Touch (ACTION_UP): 0:(826.8221,307.5127)
    // Rejecting start of Intent { act=android.intent.action.CALL_BUTTON cmp=com.google.android.dialer/com.google.android.apps.dialer.extensions.GoogleDialtactsActivity } in package com.google.android.dialer
:Sending Touch (ACTION_DOWN): 0:(943.0,1237.0)
:Sending Touch (ACTION_UP): 0:(897.47656,1267.174)
:Sending Touch (ACTION_DOWN): 0:(160.0,1612.0)
:Sending Touch (ACTION_UP): 0:(144.91354,1618.3651)
    //[calendar_time:2022-03-26 18:54:13.164  system_uptime:273855]
    // Sending event #3400
    //[calendar_time:2022-03-26 18:54:13.365  system_uptime:274056]
    // Sending event #3400
:Sending Touch (ACTION_DOWN): 0:(320.0,1163.0)
:Sending Touch (ACTION_UP): 0:(319.98822,1162.8397)
:Sending Trackball (ACTION_MOVE): 0:(3.0,-2.0)
:Sending Touch (ACTION_DOWN): 0:(1143.0,100.0)
:Sending Touch (ACTION_UP): 0:(1146.8789,100.936646)
:Sending Trackball (ACTION_MOVE): 0:(3.0,-2.0)
:Sending Touch (ACTION_DOWN): 0:(528.0,1822.0)
:Sending Touch (ACTION_UP): 0:(528.6826,1824.0)
:Sending Trackball (ACTION_MOVE): 0:(-5.0,3.0)
:Sending Touch (ACTION_DOWN): 0:(980.0,719.0)
:Sending Touch (ACTION_UP): 0:(964.01843,713.494)
:Sending Touch (ACTION_DOWN): 0:(652.0,1146.0)
:Sending Touch (ACTION_UP): 0:(651.6141,1134.168)
:Sending Touch (ACTION_DOWN): 0:(870.0,880.0)
:Sending Touch (ACTION_UP): 0:(771.21515,936.17426)
:Sending Trackball (ACTION_MOVE): 0:(-5.0,3.0)
:Sending Trackball (ACTION_MOVE): 0:(-3.0,0.0)
:Sending Touch (ACTION_DOWN): 0:(199.0,770.0)
:Sending Touch (ACTION_UP): 0:(199.87091,761.64954)
:Sending Trackball (ACTION_MOVE): 0:(1.0,2.0)
    //[calendar_time:2022-03-26 18:54:17.116  system_uptime:277807]
    // Sending event #3500
:Sending Touch (ACTION_DOWN): 0:(804.0,881.0)
:Sending Touch (ACTION_UP): 0:(798.5738,890.86615)
:Sending Touch (ACTION_DOWN): 0:(502.0,960.0)
:Sending Touch (ACTION_UP): 0:(502.9632,975.61456)
:Sending Trackball (ACTION_MOVE): 0:(3.0,1.0)
:Sending Trackball (ACTION_MOVE): 0:(2.0,3.0)
:Sending Trackball (ACTION_MOVE): 0:(-3.0,-5.0)
:Sending Touch (ACTION_DOWN): 0:(1169.0,1352.0)
:Sending Touch (ACTION_UP): 0:(1172.3578,1349.0442)
:Sending Touch (ACTION_DOWN): 0:(995.0,1420.0)
:Sending Touch (ACTION_UP): 0:(996.27435,1403.8481)
:Sending Touch (ACTION_DOWN): 0:(964.0,825.0)
:Sending Touch (ACTION_UP): 0:(953.1624,807.38446)
:Sending Touch (ACTION_DOWN): 0:(542.0,21.0)
:Sending Touch (ACTION_UP): 0:(571.16,28.338684)
:Sending Touch (ACTION_DOWN): 0:(524.0,198.0)
:Sending Touch (ACTION_UP): 0:(546.8216,213.12744)
    //[calendar_time:2022-03-26 18:54:22.582  system_uptime:283272]
    // Sending event #3600
:Sending Touch (ACTION_DOWN): 0:(518.0,1371.0)
:Sending Touch (ACTION_UP): 0:(511.6956,1370.0195)
:Sending Touch (ACTION_DOWN): 0:(199.0,78.0)
:Sending Touch (ACTION_UP): 0:(185.08257,108.35741)
:Sending Trackball (ACTION_MOVE): 0:(-3.0,-3.0)
:Sending Touch (ACTION_DOWN): 0:(696.0,1717.0)
:Sending Touch (ACTION_UP): 0:(716.79126,1809.1511)
:Sending Trackball (ACTION_MOVE): 0:(1.0,-2.0)
:Sending Touch (ACTION_DOWN): 0:(495.0,797.0)
:Sending Touch (ACTION_UP): 0:(490.85855,789.21045)
:Sending Flip keyboardOpen=false
:Sending Trackball (ACTION_MOVE): 0:(0.0,-3.0)
:Sending Trackball (ACTION_MOVE): 0:(4.0,4.0)
:Sending Touch (ACTION_DOWN): 0:(440.0,198.0)
    //[calendar_time:2022-03-26 18:54:28.302  system_uptime:288992]
    // Sending event #3700
:Sending Touch (ACTION_UP): 0:(443.047,199.22314)
:Sending Trackball (ACTION_MOVE): 0:(-5.0,-5.0)
:Sending Trackball (ACTION_MOVE): 0:(-3.0,-5.0)
:Sending Touch (ACTION_DOWN): 0:(1070.0,1334.0)
:Sending Touch (ACTION_UP): 0:(1071.4468,1333.2258)
:Sending Touch (ACTION_DOWN): 0:(107.0,105.0)
:Sending Touch (ACTION_UP): 0:(186.9253,186.27663)
    // Injection Failed
:Switch: #Intent;action=android.intent.action.MAIN;category=android.intent.category.LAUNCHER;launchFlags=0x10200000;component=com.amaze.filemanager.debug/com.amaze.filemanager.activities.MainActivity;end
    // Allowing start of Intent { act=android.intent.action.MAIN cat=[android.intent.category.LAUNCHER] cmp=com.amaze.filemanager.debug/com.amaze.filemanager.activities.MainActivity } in package com.amaze.filemanager.debug
:Sending Touch (ACTION_DOWN): 0:(782.0,1024.0)
:Sending Touch (ACTION_UP): 0:(793.14874,1030.9696)
:Sending Trackball (ACTION_MOVE): 0:(2.0,0.0)
:Sending Trackball (ACTION_UP): 0:(0.0,0.0)
:Sending Trackball (ACTION_MOVE): 0:(4.0,0.0)
:Sending Touch (ACTION_DOWN): 0:(367.0,144.0)
:Sending Touch (ACTION_UP): 0:(349.85168,155.22362)
:Sending Touch (ACTION_DOWN): 0:(766.0,982.0)
:Sending Touch (ACTION_UP): 0:(792.1342,963.7726)
:Sending Trackball (ACTION_MOVE): 0:(-4.0,-1.0)
:Sending Trackball (ACTION_MOVE): 0:(1.0,-4.0)
    //[calendar_time:2022-03-26 18:54:31.887  system_uptime:292577]
    // Sending event #3800
:Sending Trackball (ACTION_MOVE): 0:(-5.0,1.0)
:Sending Touch (ACTION_DOWN): 0:(742.0,1013.0)
:Sending Touch (ACTION_UP): 0:(732.9301,1018.13)
:Sending Touch (ACTION_DOWN): 0:(1188.0,488.0)
:Sending Touch (ACTION_UP): 0:(1172.3005,487.91785)
:Switch: #Intent;action=android.intent.action.MAIN;category=android.intent.category.LAUNCHER;launchFlags=0x10200000;component=com.amaze.filemanager.debug/com.amaze.filemanager.activities.MainActivity;end
    // Allowing start of Intent { act=android.intent.action.MAIN cat=[android.intent.category.LAUNCHER] cmp=com.amaze.filemanager.debug/com.amaze.filemanager.activities.MainActivity } in package com.amaze.filemanager.debug
:Sending Touch (ACTION_DOWN): 0:(462.0,1443.0)
:Sending Touch (ACTION_UP): 0:(440.32135,1421.1992)
:Sending Trackball (ACTION_MOVE): 0:(-2.0,3.0)
:Sending Touch (ACTION_DOWN): 0:(3.0,789.0)
:Sending Touch (ACTION_UP): 0:(0.0,830.2077)
:Sending Touch (ACTION_DOWN): 0:(1.0,83.0)
:Sending Touch (ACTION_UP): 0:(0.0,105.4704)
:Sending Touch (ACTION_DOWN): 0:(766.0,634.0)
:Sending Touch (ACTION_UP): 0:(766.83356,665.3047)
:Sending Trackball (ACTION_MOVE): 0:(1.0,-1.0)
:Sending Trackball (ACTION_MOVE): 0:(4.0,4.0)
:Sending Flip keyboardOpen=true
:Sending Touch (ACTION_DOWN): 0:(274.0,1548.0)
:Sending Touch (ACTION_UP): 0:(287.12866,1623.781)
    //[calendar_time:2022-03-26 18:54:36.762  system_uptime:297452]
    // Sending event #3900
:Sending Touch (ACTION_DOWN): 0:(943.0,311.0)
:Sending Touch (ACTION_UP): 0:(891.76276,258.0346)
:Sending Trackball (ACTION_MOVE): 0:(0.0,3.0)
:Sending Touch (ACTION_DOWN): 0:(1019.0,668.0)
:Sending Touch (ACTION_UP): 0:(1021.8569,665.7522)
:Sending Trackball (ACTION_MOVE): 0:(-5.0,0.0)
:Switch: #Intent;action=android.intent.action.MAIN;category=android.intent.category.LAUNCHER;launchFlags=0x10200000;component=com.amaze.filemanager.debug/com.amaze.filemanager.activities.MainActivity;end
    // Allowing start of Intent { act=android.intent.action.MAIN cat=[android.intent.category.LAUNCHER] cmp=com.amaze.filemanager.debug/com.amaze.filemanager.activities.MainActivity } in package com.amaze.filemanager.debug
:Sending Touch (ACTION_DOWN): 0:(900.0,603.0)
:Sending Touch (ACTION_UP): 0:(908.3497,618.78406)
:Sending Flip keyboardOpen=false
:Sending Trackball (ACTION_MOVE): 0:(-1.0,-4.0)
:Sending Touch (ACTION_DOWN): 0:(484.0,742.0)
:Sending Touch (ACTION_UP): 0:(483.90848,753.5868)
:Sending Touch (ACTION_DOWN): 0:(341.0,245.0)
:Sending Touch (ACTION_UP): 0:(336.49545,241.60887)
:Sending Trackball (ACTION_MOVE): 0:(-3.0,0.0)
    //[calendar_time:2022-03-26 18:54:42.981  system_uptime:303672]
    // Sending event #4000
:Sending Flip keyboardOpen=true
:Sending Trackball (ACTION_MOVE): 0:(2.0,-3.0)
:Sending Trackball (ACTION_MOVE): 0:(4.0,-1.0)
:Sending Touch (ACTION_DOWN): 0:(716.0,741.0)
:Sending Touch (ACTION_UP): 0:(718.99854,743.1997)
:Sending Trackball (ACTION_MOVE): 0:(-2.0,-4.0)
:Sending Touch (ACTION_DOWN): 0:(565.0,1386.0)
:Sending Touch (ACTION_UP): 0:(586.20825,1386.437)
:Sending Touch (ACTION_DOWN): 0:(638.0,822.0)
:Sending Touch (ACTION_UP): 0:(636.2705,816.6178)
:Switch: #Intent;action=android.intent.action.MAIN;category=android.intent.category.LAUNCHER;launchFlags=0x10200000;component=com.amaze.filemanager.debug/com.amaze.filemanager.activities.MainActivity;end
    // Allowing start of Intent { act=android.intent.action.MAIN cat=[android.intent.category.LAUNCHER] cmp=com.amaze.filemanager.debug/com.amaze.filemanager.activities.MainActivity } in package com.amaze.filemanager.debug
:Sending Trackball (ACTION_MOVE): 0:(0.0,-5.0)
:Sending Touch (ACTION_DOWN): 0:(79.0,863.0)
:Sending Touch (ACTION_UP): 0:(72.48343,846.6825)
:Sending Touch (ACTION_DOWN): 0:(1008.0,314.0)
:Sending Touch (ACTION_UP): 0:(1004.3711,301.76337)
:Switch: #Intent;action=android.intent.action.MAIN;category=android.intent.category.LAUNCHER;launchFlags=0x10200000;component=com.amaze.filemanager.debug/com.amaze.filemanager.activities.MainActivity;end
    // Allowing start of Intent { act=android.intent.action.MAIN cat=[android.intent.category.LAUNCHER] cmp=com.amaze.filemanager.debug/com.amaze.filemanager.activities.MainActivity } in package com.amaze.filemanager.debug
:Sending Touch (ACTION_DOWN): 0:(216.0,1681.0)
    //[calendar_time:2022-03-26 18:54:49.032  system_uptime:309723]
    // Sending event #4100
:Sending Touch (ACTION_UP): 0:(179.04094,1599.9708)
:Sending Touch (ACTION_DOWN): 0:(992.0,1408.0)
:Sending Touch (ACTION_UP): 0:(991.11816,1394.981)
    // Rejecting start of Intent { act=android.intent.action.MAIN cat=[android.intent.category.HOME] cmp=com.google.android.apps.nexuslauncher/.NexusLauncherActivity } in package com.google.android.apps.nexuslauncher
:Sending Touch (ACTION_DOWN): 0:(361.0,442.0)
:Sending Touch (ACTION_UP): 0:(371.8127,435.95795)
:Sending Touch (ACTION_DOWN): 0:(55.0,274.0)
:Sending Touch (ACTION_UP): 0:(23.057722,341.45627)
:Sending Trackball (ACTION_MOVE): 0:(0.0,-2.0)
:Sending Trackball (ACTION_MOVE): 0:(3.0,1.0)
:Sending Trackball (ACTION_UP): 0:(0.0,0.0)
:Sending Trackball (ACTION_MOVE): 0:(-1.0,-5.0)
    // Rejecting start of Intent { act=android.intent.action.MAIN cat=[android.intent.category.HOME] cmp=com.google.android.apps.nexuslauncher/.NexusLauncherActivity } in package com.google.android.apps.nexuslauncher
:Sending Trackball (ACTION_MOVE): 0:(3.0,-4.0)
:Sending Touch (ACTION_DOWN): 0:(200.0,543.0)
:Sending Touch (ACTION_UP): 0:(180.4112,542.5474)
:Sending Touch (ACTION_DOWN): 0:(640.0,95.0)
:Sending Touch (ACTION_UP): 0:(640.31964,94.155685)
:Sending Trackball (ACTION_MOVE): 0:(1.0,4.0)
:Sending Trackball (ACTION_MOVE): 0:(-1.0,-2.0)
    //[calendar_time:2022-03-26 18:54:52.772  system_uptime:313463]
    // Sending event #4200
:Sending Touch (ACTION_DOWN): 0:(1045.0,215.0)
:Sending Touch (ACTION_UP): 0:(1032.3235,208.24028)
:Sending Trackball (ACTION_MOVE): 0:(4.0,4.0)
:Sending Touch (ACTION_DOWN): 0:(806.0,510.0)
:Sending Touch (ACTION_UP): 0:(765.9115,529.61115)
:Sending Touch (ACTION_DOWN): 0:(244.0,542.0)
:Sending Touch (ACTION_UP): 0:(243.90321,534.85486)
:Sending Touch (ACTION_DOWN): 0:(344.0,1110.0)
:Sending Touch (ACTION_UP): 0:(375.4903,1167.6917)
:Sending Touch (ACTION_DOWN): 0:(69.0,283.0)
:Sending Touch (ACTION_UP): 0:(57.37492,277.25375)
:Sending Trackball (ACTION_MOVE): 0:(-4.0,0.0)
:Sending Touch (ACTION_DOWN): 0:(1093.0,942.0)
:Sending Touch (ACTION_UP): 0:(1092.7029,956.4541)
    // Rejecting start of Intent { act=android.intent.action.MAIN cat=[android.intent.category.LAUNCHER] cmp=com.google.android.gm/.ConversationListActivityGmail } in package com.google.android.gm
:Switch: #Intent;action=android.intent.action.MAIN;category=android.intent.category.LAUNCHER;launchFlags=0x10200000;component=com.amaze.filemanager.debug/com.amaze.filemanager.activities.MainActivity;end
    // Allowing start of Intent { act=android.intent.action.MAIN cat=[android.intent.category.LAUNCHER] cmp=com.amaze.filemanager.debug/com.amaze.filemanager.activities.MainActivity } in package com.amaze.filemanager.debug
:Sending Touch (ACTION_DOWN): 0:(677.0,553.0)
:Sending Touch (ACTION_UP): 0:(713.8791,511.9594)
:Sending Trackball (ACTION_MOVE): 0:(1.0,-1.0)
:Sending Trackball (ACTION_MOVE): 0:(-3.0,-5.0)
    //[calendar_time:2022-03-26 18:54:57.807  system_uptime:318498]
    // Sending event #4300
:Sending Touch (ACTION_DOWN): 0:(283.0,1582.0)
:Sending Touch (ACTION_UP): 0:(329.54,1601.7074)
:Sending Touch (ACTION_DOWN): 0:(572.0,1528.0)
:Sending Touch (ACTION_UP): 0:(549.87646,1527.2988)
:Sending Touch (ACTION_DOWN): 0:(239.0,327.0)
:Sending Touch (ACTION_UP): 0:(163.85564,396.06903)
:Sending Touch (ACTION_DOWN): 0:(933.0,199.0)
:Sending Touch (ACTION_UP): 0:(954.7775,218.3321)
:Sending Touch (ACTION_DOWN): 0:(898.0,1160.0)
:Sending Touch (ACTION_UP): 0:(892.1826,1148.439)
    // Rejecting start of Intent { cmp=com.android.inputmethod.latin/.permissions.PermissionsActivity } in package com.android.inputmethod.latin
:Sending Trackball (ACTION_MOVE): 0:(-1.0,-5.0)
:Sending Touch (ACTION_DOWN): 0:(408.0,1378.0)
:Sending Touch (ACTION_UP): 0:(408.14594,1392.0651)
:Sending Trackball (ACTION_MOVE): 0:(-3.0,-5.0)
:Sending Trackball (ACTION_MOVE): 0:(-3.0,2.0)
:Sending Trackball (ACTION_MOVE): 0:(3.0,3.0)
:Sending Trackball (ACTION_UP): 0:(0.0,0.0)
:Sending Trackball (ACTION_MOVE): 0:(-2.0,-1.0)
    //[calendar_time:2022-03-26 18:55:01.558  system_uptime:322249]
    // Sending event #4400
:Sending Touch (ACTION_DOWN): 0:(360.0,1684.0)
:Sending Touch (ACTION_UP): 0:(377.69022,1686.8506)
:Sending Trackball (ACTION_MOVE): 0:(3.0,3.0)
    // Rejecting start of Intent { act=android.intent.action.CALL_BUTTON cmp=com.google.android.dialer/com.google.android.apps.dialer.extensions.GoogleDialtactsActivity } in package com.google.android.dialer
:Sending Trackball (ACTION_MOVE): 0:(1.0,0.0)
:Sending Touch (ACTION_DOWN): 0:(238.0,1733.0)
:Sending Touch (ACTION_UP): 0:(242.3097,1733.4988)
:Sending Trackball (ACTION_MOVE): 0:(4.0,2.0)
:Sending Trackball (ACTION_MOVE): 0:(0.0,1.0)
:Sending Touch (ACTION_DOWN): 0:(143.0,326.0)
:Sending Touch (ACTION_UP): 0:(149.93906,338.72406)
:Sending Touch (ACTION_DOWN): 0:(30.0,828.0)
:Sending Touch (ACTION_UP): 0:(24.608427,834.88354)
:Sending Touch (ACTION_DOWN): 0:(212.0,1804.0)
:Sending Touch (ACTION_UP): 0:(211.79456,1819.7184)
:Sending Touch (ACTION_DOWN): 0:(928.0,545.0)
:Sending Touch (ACTION_UP): 0:(936.7919,550.50806)
:Sending Touch (ACTION_DOWN): 0:(1161.0,853.0)
:Sending Touch (ACTION_UP): 0:(1162.0748,854.0146)
    // Rejecting start of Intent { act=android.intent.action.ASSIST cmp=com.google.android.googlequicksearchbox/.SearchActivity } in package com.google.android.googlequicksearchbox
:Sending Touch (ACTION_DOWN): 0:(938.0,1116.0)
:Sending Touch (ACTION_UP): 0:(863.3206,1056.8546)
:Sending Trackball (ACTION_MOVE): 0:(-3.0,-2.0)
    //[calendar_time:2022-03-26 18:55:06.239  system_uptime:326930]
    // Sending event #4500
:Sending Touch (ACTION_DOWN): 0:(356.0,1060.0)
:Sending Touch (ACTION_UP): 0:(399.7886,1113.2776)
:Sending Touch (ACTION_DOWN): 0:(101.0,228.0)
:Sending Touch (ACTION_UP): 0:(123.55038,181.84485)
:Sending Touch (ACTION_DOWN): 0:(780.0,809.0)
:Sending Touch (ACTION_UP): 0:(788.7382,805.518)
:Sending Trackball (ACTION_MOVE): 0:(4.0,2.0)
:Sending Trackball (ACTION_MOVE): 0:(-4.0,-1.0)
:Sending Trackball (ACTION_MOVE): 0:(-3.0,2.0)
:Sending Touch (ACTION_DOWN): 0:(1083.0,245.0)
:Sending Touch (ACTION_UP): 0:(983.6173,304.99918)
:Sending Touch (ACTION_DOWN): 0:(71.0,81.0)
:Sending Touch (ACTION_UP): 0:(69.68798,81.396385)
:Switch: #Intent;action=android.intent.action.MAIN;category=android.intent.category.LAUNCHER;launchFlags=0x10200000;component=com.amaze.filemanager.debug/com.amaze.filemanager.activities.MainActivity;end
    // Allowing start of Intent { act=android.intent.action.MAIN cat=[android.intent.category.LAUNCHER] cmp=com.amaze.filemanager.debug/com.amaze.filemanager.activities.MainActivity } in package com.amaze.filemanager.debug
:Sending Touch (ACTION_DOWN): 0:(1015.0,1795.0)
:Sending Touch (ACTION_UP): 0:(1013.6567,1809.1567)
:Sending Touch (ACTION_DOWN): 0:(148.0,511.0)
:Sending Touch (ACTION_UP): 0:(148.14738,502.27917)
:Sending Touch (ACTION_DOWN): 0:(692.0,803.0)
    //[calendar_time:2022-03-26 18:55:11.326  system_uptime:332017]
    // Sending event #4600
:Sending Touch (ACTION_UP): 0:(565.3288,831.66)
:Sending Touch (ACTION_DOWN): 0:(712.0,1819.0)
:Sending Touch (ACTION_UP): 0:(787.9106,1744.2512)
:Sending Touch (ACTION_DOWN): 0:(255.0,1510.0)
:Sending Touch (ACTION_UP): 0:(245.85123,1501.5377)
:Sending Trackball (ACTION_MOVE): 0:(-1.0,-4.0)
:Sending Touch (ACTION_DOWN): 0:(370.0,752.0)
:Sending Touch (ACTION_UP): 0:(382.25372,755.19354)
:Switch: #Intent;action=android.intent.action.MAIN;category=android.intent.category.LAUNCHER;launchFlags=0x10200000;component=com.amaze.filemanager.debug/com.amaze.filemanager.activities.MainActivity;end
    // Allowing start of Intent { act=android.intent.action.MAIN cat=[android.intent.category.LAUNCHER] cmp=com.amaze.filemanager.debug/com.amaze.filemanager.activities.MainActivity } in package com.amaze.filemanager.debug
:Sending Touch (ACTION_DOWN): 0:(854.0,14.0)
:Sending Touch (ACTION_UP): 0:(887.5681,35.36221)
:Sending Touch (ACTION_DOWN): 0:(64.0,498.0)
:Sending Touch (ACTION_UP): 0:(116.07089,538.4104)
:Sending Touch (ACTION_DOWN): 0:(490.0,800.0)
:Sending Touch (ACTION_UP): 0:(499.6292,790.7157)
:Sending Touch (ACTION_DOWN): 0:(947.0,1345.0)
:Sending Touch (ACTION_UP): 0:(942.6712,1348.4415)
:Sending Touch (ACTION_DOWN): 0:(1018.0,900.0)
:Sending Touch (ACTION_UP): 0:(1002.1446,907.375)
:Sending Trackball (ACTION_MOVE): 0:(-5.0,4.0)
:Sending Trackball (ACTION_UP): 0:(0.0,0.0)
:Sending Touch (ACTION_DOWN): 0:(290.0,863.0)
:Sending Touch (ACTION_UP): 0:(289.45535,884.8096)
:Sending Trackball (ACTION_MOVE): 0:(4.0,-1.0)
    //[calendar_time:2022-03-26 18:55:16.339  system_uptime:337030]
    // Sending event #4700
:Sending Trackball (ACTION_MOVE): 0:(4.0,0.0)
    // Rejecting start of Intent { act=android.speech.action.WEB_SEARCH cmp=com.google.android.googlequicksearchbox/.SearchActivity } in package com.google.android.googlequicksearchbox
:Sending Touch (ACTION_DOWN): 0:(301.0,302.0)
:Sending Touch (ACTION_UP): 0:(326.98886,295.42404)
:Sending Touch (ACTION_DOWN): 0:(993.0,0.0)
:Sending Touch (ACTION_UP): 0:(1096.7156,43.94495)
:Sending Touch (ACTION_DOWN): 0:(785.0,637.0)
:Sending Touch (ACTION_UP): 0:(823.01294,675.7001)
:Sending Trackball (ACTION_MOVE): 0:(-1.0,3.0)
:Sending Touch (ACTION_DOWN): 0:(479.0,355.0)
:Sending Touch (ACTION_UP): 0:(495.7929,335.3396)
    // Rejecting start of Intent { cmp=com.android.settings/.deviceinfo.StorageWizardInit } in package com.android.settings
:Sending Touch (ACTION_DOWN): 0:(587.0,1693.0)
:Sending Touch (ACTION_UP): 0:(577.9135,1681.781)
:Sending Touch (ACTION_DOWN): 0:(798.0,225.0)
:Sending Touch (ACTION_UP): 0:(758.36743,251.98814)
:Sending Trackball (ACTION_MOVE): 0:(1.0,-1.0)
    //[calendar_time:2022-03-26 18:55:21.518  system_uptime:342208]
    // Sending event #4800
    // Rejecting start of Intent { act=android.intent.action.SHOW_BRIGHTNESS_DIALOG cmp=com.android.systemui/.settings.BrightnessDialog } in package com.android.systemui
:Sending Trackball (ACTION_MOVE): 0:(-4.0,-2.0)
:Sending Touch (ACTION_DOWN): 0:(540.0,116.0)
:Sending Touch (ACTION_UP): 0:(560.8107,116.52157)
:Sending Touch (ACTION_DOWN): 0:(211.0,542.0)
:Sending Touch (ACTION_UP): 0:(176.32568,567.54846)
:Sending Touch (ACTION_DOWN): 0:(356.0,547.0)
:Sending Touch (ACTION_UP): 0:(333.63043,519.822)
:Sending Touch (ACTION_DOWN): 0:(479.0,503.0)
:Sending Touch (ACTION_UP): 0:(479.6894,507.4976)
:Sending Touch (ACTION_DOWN): 0:(35.0,292.0)
:Sending Touch (ACTION_UP): 0:(74.82091,317.5783)
:Sending Touch (ACTION_DOWN): 0:(83.0,486.0)
:Sending Touch (ACTION_UP): 0:(59.011963,473.70847)
:Sending Trackball (ACTION_MOVE): 0:(1.0,-1.0)
:Sending Touch (ACTION_DOWN): 0:(194.0,1083.0)
:Sending Touch (ACTION_UP): 0:(193.36565,1088.4376)
:Sending Touch (ACTION_DOWN): 0:(267.0,1036.0)
:Sending Touch (ACTION_UP): 0:(271.26395,1024.5419)
:Sending Touch (ACTION_DOWN): 0:(281.0,1102.0)
:Sending Touch (ACTION_UP): 0:(298.43338,1104.3779)
:Sending Trackball (ACTION_MOVE): 0:(4.0,-4.0)
    //[calendar_time:2022-03-26 18:55:27.317  system_uptime:348008]
    // Sending event #4900
:Sending Touch (ACTION_DOWN): 0:(180.0,1420.0)
:Sending Touch (ACTION_UP): 0:(168.43672,1419.9353)
    // Rejecting start of Intent { act=android.intent.action.CALL_BUTTON cmp=com.google.android.dialer/com.google.android.apps.dialer.extensions.GoogleDialtactsActivity } in package com.google.android.dialer
:Sending Trackball (ACTION_MOVE): 0:(1.0,-2.0)
:Sending Trackball (ACTION_UP): 0:(0.0,0.0)
:Sending Touch (ACTION_DOWN): 0:(208.0,1510.0)
:Sending Touch (ACTION_UP): 0:(176.8184,1553.7281)
:Sending Trackball (ACTION_MOVE): 0:(-3.0,4.0)
:Sending Touch (ACTION_DOWN): 0:(943.0,1212.0)
:Sending Touch (ACTION_UP): 0:(911.9417,1251.9955)
:Sending Trackball (ACTION_MOVE): 0:(-4.0,-5.0)
:Sending Trackball (ACTION_MOVE): 0:(3.0,-4.0)
:Sending Touch (ACTION_DOWN): 0:(173.0,360.0)
:Sending Touch (ACTION_UP): 0:(173.02342,354.3776)
:Sending Touch (ACTION_DOWN): 0:(358.0,1452.0)
:Sending Touch (ACTION_UP): 0:(377.74844,1451.9578)
:Sending Trackball (ACTION_MOVE): 0:(-1.0,1.0)
    //[calendar_time:2022-03-26 18:55:31.125  system_uptime:351815]
    // Sending event #5000
:Switch: #Intent;action=android.intent.action.MAIN;category=android.intent.category.LAUNCHER;launchFlags=0x10200000;component=com.amaze.filemanager.debug/com.amaze.filemanager.activities.MainActivity;end
    // Allowing start of Intent { act=android.intent.action.MAIN cat=[android.intent.category.LAUNCHER] cmp=com.amaze.filemanager.debug/com.amaze.filemanager.activities.MainActivity } in package com.amaze.filemanager.debug
:Sending Touch (ACTION_DOWN): 0:(442.0,127.0)
:Sending Touch (ACTION_UP): 0:(444.16455,127.04036)
:Sending Trackball (ACTION_MOVE): 0:(0.0,2.0)
:Sending Trackball (ACTION_MOVE): 0:(1.0,-1.0)
    // Rejecting start of Intent { act=android.intent.action.MAIN cat=[android.intent.category.HOME] cmp=com.google.android.apps.nexuslauncher/.NexusLauncherActivity } in package com.google.android.apps.nexuslauncher
:Sending Trackball (ACTION_MOVE): 0:(1.0,-3.0)
:Sending Trackball (ACTION_MOVE): 0:(0.0,-5.0)
:Sending Touch (ACTION_DOWN): 0:(712.0,290.0)
:Sending Touch (ACTION_UP): 0:(687.77057,304.8005)
:Sending Trackball (ACTION_MOVE): 0:(-5.0,3.0)
:Sending Touch (ACTION_DOWN): 0:(536.0,479.0)
:Sending Touch (ACTION_UP): 0:(526.4948,473.30908)
:Sending Touch (ACTION_DOWN): 0:(905.0,56.0)
:Sending Touch (ACTION_UP): 0:(926.2616,62.291126)
:Switch: #Intent;action=android.intent.action.MAIN;category=android.intent.category.LAUNCHER;launchFlags=0x10200000;component=com.amaze.filemanager.debug/com.amaze.filemanager.activities.MainActivity;end
    // Allowing start of Intent { act=android.intent.action.MAIN cat=[android.intent.category.LAUNCHER] cmp=com.amaze.filemanager.debug/com.amaze.filemanager.activities.MainActivity } in package com.amaze.filemanager.debug
:Sending Touch (ACTION_DOWN): 0:(918.0,1441.0)
:Sending Touch (ACTION_UP): 0:(820.6687,1333.3712)
    //[calendar_time:2022-03-26 18:55:34.492  system_uptime:355182]
    // Sending event #5100
    //[calendar_time:2022-03-26 18:55:34.693  system_uptime:355383]
    // Sending event #5100
:Sending Touch (ACTION_DOWN): 0:(169.0,353.0)
:Sending Touch (ACTION_UP): 0:(151.58401,341.5108)
:Sending Touch (ACTION_DOWN): 0:(1079.0,507.0)
:Sending Touch (ACTION_UP): 0:(1091.9315,502.1306)
:Sending Trackball (ACTION_MOVE): 0:(0.0,0.0)
:Sending Touch (ACTION_DOWN): 0:(933.0,1201.0)
:Sending Touch (ACTION_UP): 0:(927.2389,1215.4958)
:Sending Trackball (ACTION_MOVE): 0:(-4.0,-4.0)
// CRASH: com.amaze.filemanager.debug (pid 5393)
// Short Msg: java.lang.ClassCastException
// Long Msg: java.lang.ClassCastException: android.widget.HeaderViewListAdapter cannot be cast to androidx.appcompat.view.menu.MenuAdapter
// Build Label: google/sdk_google_phone_x86/generic_x86:7.1.1/NYC/6695155:userdebug/test-keys
// Build Changelist: 6695155
// Build Time: 1595288234000
// java.lang.ClassCastException: android.widget.HeaderViewListAdapter cannot be cast to androidx.appcompat.view.menu.MenuAdapter
// 	at androidx.appcompat.widget.MenuPopupWindow$MenuDropDownListView.onKeyDown(MenuPopupWindow.java:181)
// 	at android.view.KeyEvent.dispatch(KeyEvent.java:2688)
// 	at android.view.View.dispatchKeyEvent(View.java:9960)
// 	at android.view.ViewGroup.dispatchKeyEvent(ViewGroup.java:1625)
// 	at android.widget.ListView.dispatchKeyEvent(ListView.java:2249)
// 	at android.view.ViewGroup.dispatchKeyEvent(ViewGroup.java:1630)
// 	at android.view.ViewGroup.dispatchKeyEvent(ViewGroup.java:1630)
// 	at android.widget.PopupWindow$PopupDecorView.dispatchKeyEvent(PopupWindow.java:2266)
// 	at android.view.ViewRootImpl$ViewPostImeInputStage.processKeyEvent(ViewRootImpl.java:4331)
// 	at android.view.ViewRootImpl$ViewPostImeInputStage.onProcess(ViewRootImpl.java:4302)
// 	at android.view.ViewRootImpl$InputStage.deliver(ViewRootImpl.java:3853)
// 	at android.view.ViewRootImpl$InputStage.onDeliverToNext(ViewRootImpl.java:3906)
// 	at android.view.ViewRootImpl$InputStage.forward(ViewRootImpl.java:3872)
// 	at android.view.ViewRootImpl$AsyncInputStage.forward(ViewRootImpl.java:3999)
// 	at android.view.ViewRootImpl$InputStage.apply(ViewRootImpl.java:3880)
// 	at android.view.ViewRootImpl$AsyncInputStage.apply(ViewRootImpl.java:4056)
// 	at android.view.ViewRootImpl$InputStage.deliver(ViewRootImpl.java:3853)
// 	at android.view.ViewRootImpl$InputStage.onDeliverToNext(ViewRootImpl.java:3906)
// 	at android.view.ViewRootImpl$InputStage.forward(ViewRootImpl.java:3872)
// 	at android.view.ViewRootImpl$InputStage.apply(ViewRootImpl.java:3880)
// 	at android.view.ViewRootImpl$InputStage.deliver(ViewRootImpl.java:3853)
// 	at android.view.ViewRootImpl$InputStage.onDeliverToNext(ViewRootImpl.java:3906)
// 	at android.view.ViewRootImpl$InputStage.forward(ViewRootImpl.java:3872)
// 	at android.view.ViewRootImpl$AsyncInputStage.forward(ViewRootImpl.java:3999)
// 	at android.view.ViewRootImpl$InputStage.apply(ViewRootImpl.java:3880)
// 	at android.view.ViewRootImpl$AsyncInputStage.apply(ViewRootImpl.java:4056)
// 	at android.view.ViewRootImpl$InputStage.deliver(ViewRootImpl.java:3853)
// 	at android.view.ViewRootImpl$InputStage.onDeliverToNext(ViewRootImpl.java:3906)
// 	at android.view.ViewRootImpl$InputStage.forward(ViewRootImpl.java:3872)
// 	at android.view.ViewRootImpl$InputStage.apply(ViewRootImpl.java:3880)
// 	at android.view.ViewRootImpl$InputStage.deliver(ViewRootImpl.java:3853)
// 	at android.view.ViewRootImpl$InputStage.onDeliverToNext(ViewRootImpl.java:3906)
// 	at android.view.ViewRootImpl$InputStage.forward(ViewRootImpl.java:3872)
// 	at android.view.ViewRootImpl$AsyncInputStage.forward(ViewRootImpl.java:3999)
// 	at android.view.ViewRootImpl$InputStage.apply(ViewRootImpl.java:3880)
// 	at android.view.ViewRootImpl$AsyncInputStage.apply(ViewRootImpl.java:4056)
// 	at android.view.ViewRootImpl$InputStage.deliver(ViewRootImpl.java:3853)
// 	at android.view.ViewRootImpl.deliverInputEvent(ViewRootImpl.java:6246)
// 	at android.view.ViewRootImpl.doProcessInputEvents(ViewRootImpl.java:6220)
// 	at android.view.ViewRootImpl.enqueueInputEvent(ViewRootImpl.java:6181)
// 	at android.view.ViewRootImpl$WindowInputEventReceiver.onInputEvent(ViewRootImpl.java:6349)
// 	at android.view.InputEventReceiver.dispatchInputEvent(InputEventReceiver.java:185)
// 	at android.os.MessageQueue.nativePollOnce(Native Method)
// 	at android.os.MessageQueue.next(MessageQueue.java:323)
// 	at android.os.Looper.loop(Looper.java:136)
// 	at android.app.ActivityThread.main(ActivityThread.java:6119)
// 	at java.lang.reflect.Method.invoke(Native Method)
// 	at com.android.internal.os.ZygoteInit$MethodAndArgsCaller.run(ZygoteInit.java:886)
// 	at com.android.internal.os.ZygoteInit.main(ZygoteInit.java:776)
// 
app_crashcom.amaze.filemanager.debug_2022-03-26_18_55_38.030_.txt:
// app_crashcom.amaze.filemanager.debug_2022-03-26_18_55_38.030_.txt status was 0
:Sending Touch (ACTION_DOWN): 0:(1079.0,250.0)
:Sending Touch (ACTION_UP): 0:(1077.2408,253.24727)
:Sending Touch (ACTION_DOWN): 0:(253.0,1759.0)
:Sending Touch (ACTION_UP): 0:(312.15475,1768.1486)
    // Rejecting start of Intent { act=android.intent.action.MAIN cat=[android.intent.category.LAUNCHER] cmp=com.google.android.dialer/.extensions.GoogleDialtactsActivity } in package com.google.android.dialer
:Sending Touch (ACTION_DOWN): 0:(6.0,1022.0)
:Sending Touch (ACTION_UP): 0:(4.7740726,1036.1201)
:Sending Touch (ACTION_DOWN): 0:(1136.0,889.0)
:Sending Touch (ACTION_UP): 0:(1121.8329,933.4232)
:Sending Touch (ACTION_DOWN): 0:(824.0,1097.0)
:Sending Touch (ACTION_UP): 0:(822.7714,1097.0294)
:Sending Trackball (ACTION_MOVE): 0:(-3.0,-3.0)
:Sending Trackball (ACTION_MOVE): 0:(-3.0,-1.0)
:Switch: #Intent;action=android.intent.action.MAIN;category=android.intent.category.LAUNCHER;launchFlags=0x10200000;component=com.amaze.filemanager.debug/com.amaze.filemanager.activities.MainActivity;end
    // Allowing start of Intent { act=android.intent.action.MAIN cat=[android.intent.category.LAUNCHER] cmp=com.amaze.filemanager.debug/com.amaze.filemanager.activities.MainActivity } in package com.amaze.filemanager.debug
    //[calendar_time:2022-03-26 18:55:56.395  system_uptime:377086]
    // Sending event #5200
    //[calendar_time:2022-03-26 18:55:56.596  system_uptime:377286]
    // Sending event #5200
:Sending Trackball (ACTION_MOVE): 0:(4.0,3.0)
:Sending Touch (ACTION_DOWN): 0:(568.0,1750.0)
:Sending Touch (ACTION_UP): 0:(569.0374,1746.9039)
:Sending Touch (ACTION_DOWN): 0:(1120.0,986.0)
:Sending Touch (ACTION_UP): 0:(1125.2328,987.0065)
:Sending Touch (ACTION_DOWN): 0:(635.0,346.0)
:Sending Touch (ACTION_UP): 0:(624.0456,347.95096)
:Sending Touch (ACTION_DOWN): 0:(444.0,190.0)
:Sending Touch (ACTION_UP): 0:(440.5824,186.42134)
:Sending Trackball (ACTION_MOVE): 0:(3.0,-2.0)
:Sending Touch (ACTION_DOWN): 0:(73.0,1177.0)
:Sending Touch (ACTION_UP): 0:(80.24809,1169.1881)
:Sending Trackball (ACTION_MOVE): 0:(-5.0,-2.0)
:Sending Trackball (ACTION_UP): 0:(0.0,0.0)
:Sending Touch (ACTION_DOWN): 0:(91.0,1064.0)
:Sending Touch (ACTION_UP): 0:(98.049614,1062.7413)
:Sending Touch (ACTION_DOWN): 0:(133.0,870.0)
:Sending Touch (ACTION_UP): 0:(129.06029,871.33154)
:Sending Trackball (ACTION_MOVE): 0:(-3.0,0.0)
:Sending Trackball (ACTION_MOVE): 0:(0.0,2.0)
:Sending Touch (ACTION_DOWN): 0:(1183.0,216.0)
:Sending Touch (ACTION_UP): 0:(1186.0776,230.30423)
:Sending Touch (ACTION_DOWN): 0:(633.0,427.0)
:Sending Touch (ACTION_UP): 0:(632.2338,424.99222)
:Sending Touch (ACTION_DOWN): 0:(608.0,1738.0)
:Sending Touch (ACTION_UP): 0:(668.9723,1661.9044)
    //[calendar_time:2022-03-26 18:56:00.990  system_uptime:381680]
    // Sending event #5300
    //[calendar_time:2022-03-26 18:56:01.190  system_uptime:381881]
    // Sending event #5300
:Sending Touch (ACTION_DOWN): 0:(458.0,1045.0)
:Sending Touch (ACTION_UP): 0:(458.01398,1059.2731)
:Sending Trackball (ACTION_MOVE): 0:(-2.0,1.0)
:Sending Trackball (ACTION_UP): 0:(0.0,0.0)
:Sending Touch (ACTION_DOWN): 0:(997.0,768.0)
:Sending Touch (ACTION_UP): 0:(928.43713,717.6015)
:Sending Trackball (ACTION_MOVE): 0:(0.0,-3.0)
:Sending Touch (ACTION_DOWN): 0:(253.0,301.0)
:Sending Touch (ACTION_UP): 0:(178.097,356.60593)
:Switch: #Intent;action=android.intent.action.MAIN;category=android.intent.category.LAUNCHER;launchFlags=0x10200000;component=com.amaze.filemanager.debug/com.amaze.filemanager.activities.MainActivity;end
    // Allowing start of Intent { act=android.intent.action.MAIN cat=[android.intent.category.LAUNCHER] cmp=com.amaze.filemanager.debug/com.amaze.filemanager.activities.MainActivity } in package com.amaze.filemanager.debug
:Sending Touch (ACTION_DOWN): 0:(590.0,495.0)
:Sending Touch (ACTION_UP): 0:(578.2086,411.83954)
:Sending Touch (ACTION_DOWN): 0:(900.0,432.0)
:Sending Touch (ACTION_UP): 0:(893.84033,444.10025)
:Sending Touch (ACTION_DOWN): 0:(467.0,1576.0)
:Sending Touch (ACTION_UP): 0:(476.09622,1577.0927)
:Sending Trackball (ACTION_MOVE): 0:(-2.0,4.0)
    //[calendar_time:2022-03-26 18:56:05.765  system_uptime:386456]
    // Sending event #5400
    //[calendar_time:2022-03-26 18:56:05.966  system_uptime:386657]
    // Sending event #5400
:Sending Touch (ACTION_DOWN): 0:(422.0,1351.0)
:Sending Touch (ACTION_UP): 0:(437.32654,1253.086)
:Sending Trackball (ACTION_MOVE): 0:(-1.0,-1.0)
:Sending Touch (ACTION_DOWN): 0:(764.0,743.0)
:Sending Touch (ACTION_UP): 0:(766.91205,732.74304)
:Switch: #Intent;action=android.intent.action.MAIN;category=android.intent.category.LAUNCHER;launchFlags=0x10200000;component=com.amaze.filemanager.debug/com.amaze.filemanager.activities.MainActivity;end
    // Allowing start of Intent { act=android.intent.action.MAIN cat=[android.intent.category.LAUNCHER] cmp=com.amaze.filemanager.debug/com.amaze.filemanager.activities.MainActivity } in package com.amaze.filemanager.debug
:Switch: #Intent;action=android.intent.action.MAIN;category=android.intent.category.LAUNCHER;launchFlags=0x10200000;component=com.amaze.filemanager.debug/com.amaze.filemanager.activities.MainActivity;end
    // Allowing start of Intent { act=android.intent.action.MAIN cat=[android.intent.category.LAUNCHER] cmp=com.amaze.filemanager.debug/com.amaze.filemanager.activities.MainActivity } in package com.amaze.filemanager.debug
:Sending Touch (ACTION_DOWN): 0:(253.0,701.0)
:Sending Touch (ACTION_UP): 0:(248.3366,689.29004)
:Sending Trackball (ACTION_MOVE): 0:(-4.0,-2.0)
:Sending Touch (ACTION_DOWN): 0:(210.0,1239.0)
:Sending Touch (ACTION_UP): 0:(210.62152,1248.553)
:Sending Touch (ACTION_DOWN): 0:(463.0,1651.0)
:Sending Touch (ACTION_UP): 0:(433.3074,1635.2877)
:Sending Touch (ACTION_DOWN): 0:(654.0,1558.0)
:Sending Touch (ACTION_UP): 0:(662.222,1633.875)
:Sending Trackball (ACTION_MOVE): 0:(4.0,1.0)
:Sending Trackball (ACTION_MOVE): 0:(2.0,1.0)
:Sending Touch (ACTION_DOWN): 0:(381.0,835.0)
    //[calendar_time:2022-03-26 18:56:10.130  system_uptime:390821]
    // Sending event #5500
:Sending Touch (ACTION_UP): 0:(370.30344,945.91504)
:Sending Touch (ACTION_DOWN): 0:(0.0,1222.0)
:Sending Touch (ACTION_UP): 0:(30.531433,1200.9653)
:Sending Touch (ACTION_DOWN): 0:(243.0,80.0)
:Sending Touch (ACTION_UP): 0:(324.39383,15.877031)
:Sending Touch (ACTION_DOWN): 0:(1106.0,1744.0)
:Sending Touch (ACTION_UP): 0:(1103.7969,1745.3651)
:Sending Trackball (ACTION_MOVE): 0:(1.0,-5.0)
:Sending Touch (ACTION_DOWN): 0:(1024.0,1729.0)
:Sending Touch (ACTION_UP): 0:(1023.30347,1773.1252)
:Sending Touch (ACTION_DOWN): 0:(263.0,1036.0)
:Sending Touch (ACTION_UP): 0:(263.51056,1037.4948)
:Sending Trackball (ACTION_MOVE): 0:(-5.0,0.0)
:Sending Touch (ACTION_DOWN): 0:(830.0,331.0)
:Sending Touch (ACTION_UP): 0:(873.2429,313.88873)
:Sending Trackball (ACTION_MOVE): 0:(3.0,-2.0)
:Switch: #Intent;action=android.intent.action.MAIN;category=android.intent.category.LAUNCHER;launchFlags=0x10200000;component=com.amaze.filemanager.debug/com.amaze.filemanager.activities.MainActivity;end
    // Allowing start of Intent { act=android.intent.action.MAIN cat=[android.intent.category.LAUNCHER] cmp=com.amaze.filemanager.debug/com.amaze.filemanager.activities.MainActivity } in package com.amaze.filemanager.debug
:Sending Touch (ACTION_DOWN): 0:(451.0,554.0)
:Sending Touch (ACTION_UP): 0:(414.08365,561.28796)
:Sending Trackball (ACTION_MOVE): 0:(-5.0,-5.0)
    //[calendar_time:2022-03-26 18:56:13.508  system_uptime:394199]
    // Sending event #5600
:Sending Trackball (ACTION_MOVE): 0:(3.0,0.0)
:Sending Touch (ACTION_DOWN): 0:(589.0,1674.0)
:Sending Touch (ACTION_UP): 0:(692.55194,1631.8298)
:Switch: #Intent;action=android.intent.action.MAIN;category=android.intent.category.LAUNCHER;launchFlags=0x10200000;component=com.amaze.filemanager.debug/com.amaze.filemanager.activities.MainActivity;end
    // Allowing start of Intent { act=android.intent.action.MAIN cat=[android.intent.category.LAUNCHER] cmp=com.amaze.filemanager.debug/com.amaze.filemanager.activities.MainActivity } in package com.amaze.filemanager.debug
:Switch: #Intent;action=android.intent.action.MAIN;category=android.intent.category.LAUNCHER;launchFlags=0x10200000;component=com.amaze.filemanager.debug/com.amaze.filemanager.activities.MainActivity;end
    // Allowing start of Intent { act=android.intent.action.MAIN cat=[android.intent.category.LAUNCHER] cmp=com.amaze.filemanager.debug/com.amaze.filemanager.activities.MainActivity } in package com.amaze.filemanager.debug
:Sending Trackball (ACTION_MOVE): 0:(1.0,-5.0)
:Sending Trackball (ACTION_MOVE): 0:(-3.0,4.0)
:Sending Touch (ACTION_DOWN): 0:(519.0,542.0)
:Sending Touch (ACTION_UP): 0:(523.0991,542.8021)
:Sending Trackball (ACTION_MOVE): 0:(2.0,-2.0)
:Sending Touch (ACTION_DOWN): 0:(809.0,817.0)
:Sending Touch (ACTION_UP): 0:(795.94135,816.2823)
:Sending Touch (ACTION_DOWN): 0:(223.0,1014.0)
:Sending Touch (ACTION_UP): 0:(233.23032,1029.0923)
:Sending Trackball (ACTION_MOVE): 0:(-2.0,-2.0)
:Sending Trackball (ACTION_MOVE): 0:(0.0,-2.0)
:Sending Touch (ACTION_DOWN): 0:(167.0,1136.0)
    //[calendar_time:2022-03-26 18:56:16.961  system_uptime:397651]
    // Sending event #5700
:Sending Touch (ACTION_UP): 0:(171.41476,1129.3583)
:Sending Touch (ACTION_DOWN): 0:(827.0,939.0)
:Sending Touch (ACTION_UP): 0:(825.91974,944.7643)
:Sending Trackball (ACTION_MOVE): 0:(-2.0,4.0)
:Sending Touch (ACTION_DOWN): 0:(247.0,728.0)
:Sending Touch (ACTION_UP): 0:(247.37148,724.20984)
:Switch: #Intent;action=android.intent.action.MAIN;category=android.intent.category.LAUNCHER;launchFlags=0x10200000;component=com.amaze.filemanager.debug/com.amaze.filemanager.activities.MainActivity;end
    // Allowing start of Intent { act=android.intent.action.MAIN cat=[android.intent.category.LAUNCHER] cmp=com.amaze.filemanager.debug/com.amaze.filemanager.activities.MainActivity } in package com.amaze.filemanager.debug
:Sending Trackball (ACTION_MOVE): 0:(2.0,1.0)
:Sending Touch (ACTION_DOWN): 0:(191.0,1005.0)
:Sending Touch (ACTION_UP): 0:(180.17633,1004.60706)
:Sending Touch (ACTION_DOWN): 0:(583.0,1408.0)
:Sending Touch (ACTION_UP): 0:(593.03455,1408.099)
:Switch: #Intent;action=android.intent.action.MAIN;category=android.intent.category.LAUNCHER;launchFlags=0x10200000;component=com.amaze.filemanager.debug/com.amaze.filemanager.activities.MainActivity;end
    // Allowing start of Intent { act=android.intent.action.MAIN cat=[android.intent.category.LAUNCHER] cmp=com.amaze.filemanager.debug/com.amaze.filemanager.activities.MainActivity } in package com.amaze.filemanager.debug
:Sending Touch (ACTION_DOWN): 0:(754.0,1801.0)
:Sending Touch (ACTION_UP): 0:(754.293,1812.3801)
:Sending Touch (ACTION_DOWN): 0:(358.0,1179.0)
:Sending Touch (ACTION_UP): 0:(421.7801,1088.7145)
:Sending Touch (ACTION_DOWN): 0:(1146.0,593.0)
:Sending Touch (ACTION_UP): 0:(1138.5806,589.43176)
:Sending Touch (ACTION_DOWN): 0:(777.0,1620.0)
:Sending Touch (ACTION_UP): 0:(749.8916,1698.598)
:Sending Trackball (ACTION_MOVE): 0:(1.0,2.0)
    //[calendar_time:2022-03-26 18:56:22.701  system_uptime:403391]
    // Sending event #5800
:Sending Touch (ACTION_DOWN): 0:(231.0,229.0)
:Sending Touch (ACTION_UP): 0:(243.23273,242.20702)
:Sending Trackball (ACTION_MOVE): 0:(4.0,-5.0)
:Sending Touch (ACTION_DOWN): 0:(62.0,138.0)
:Sending Touch (ACTION_UP): 0:(73.87523,134.00163)
:Sending Touch (ACTION_DOWN): 0:(1157.0,679.0)
:Sending Touch (ACTION_UP): 0:(1186.4462,688.1189)
:Sending Trackball (ACTION_MOVE): 0:(-2.0,-5.0)
:Sending Trackball (ACTION_MOVE): 0:(1.0,3.0)
:Sending Touch (ACTION_DOWN): 0:(932.0,502.0)
:Sending Touch (ACTION_UP): 0:(936.3279,501.88458)
:Sending Touch (ACTION_DOWN): 0:(1141.0,986.0)
:Sending Touch (ACTION_UP): 0:(1050.7976,1036.9279)
:Sending Touch (ACTION_DOWN): 0:(143.0,214.0)
:Sending Touch (ACTION_UP): 0:(104.32095,223.14539)
:Sending Touch (ACTION_DOWN): 0:(52.0,1370.0)
:Sending Touch (ACTION_UP): 0:(0.0,1434.3647)
:Sending Touch (ACTION_DOWN): 0:(909.0,1408.0)
:Sending Touch (ACTION_UP): 0:(909.9306,1418.7864)
:Sending Trackball (ACTION_MOVE): 0:(-4.0,2.0)
    //[calendar_time:2022-03-26 18:56:26.487  system_uptime:407178]
    // Sending event #5900
:Sending Touch (ACTION_DOWN): 0:(1076.0,1012.0)
:Sending Touch (ACTION_UP): 0:(1090.1677,866.788)
:Sending Trackball (ACTION_MOVE): 0:(-2.0,-4.0)
:Sending Trackball (ACTION_MOVE): 0:(-1.0,-4.0)
:Sending Trackball (ACTION_MOVE): 0:(3.0,1.0)
:Sending Touch (ACTION_DOWN): 0:(1195.0,96.0)
:Sending Touch (ACTION_UP): 0:(1189.1206,115.63608)
:Sending Touch (ACTION_DOWN): 0:(932.0,646.0)
:Sending Touch (ACTION_UP): 0:(910.59814,646.84106)
:Sending Trackball (ACTION_MOVE): 0:(0.0,2.0)
:Sending Trackball (ACTION_MOVE): 0:(4.0,1.0)
:Sending Trackball (ACTION_MOVE): 0:(-1.0,-5.0)
:Sending Trackball (ACTION_MOVE): 0:(-3.0,1.0)
    //[calendar_time:2022-03-26 18:56:29.087  system_uptime:409777]
    // Sending event #6000
:Sending Trackball (ACTION_MOVE): 0:(2.0,-5.0)
:Sending Trackball (ACTION_MOVE): 0:(3.0,0.0)
:Sending Touch (ACTION_DOWN): 0:(250.0,971.0)
:Sending Touch (ACTION_UP): 0:(263.3497,970.9957)
:Sending Touch (ACTION_DOWN): 0:(397.0,1497.0)
:Sending Touch (ACTION_UP): 0:(405.74734,1513.9558)
:Sending Touch (ACTION_DOWN): 0:(174.0,8.0)
:Sending Touch (ACTION_UP): 0:(225.10144,0.0)
:Sending Touch (ACTION_DOWN): 0:(11.0,844.0)
:Sending Touch (ACTION_UP): 0:(5.882608,840.71497)
:Sending Trackball (ACTION_MOVE): 0:(-4.0,4.0)
:Sending Trackball (ACTION_MOVE): 0:(-5.0,2.0)
:Sending Trackball (ACTION_MOVE): 0:(-5.0,2.0)
    //[calendar_time:2022-03-26 18:56:32.622  system_uptime:413312]
    // Sending event #6100
:Sending Trackball (ACTION_MOVE): 0:(-1.0,1.0)
:Sending Touch (ACTION_DOWN): 0:(515.0,696.0)
:Sending Touch (ACTION_UP): 0:(519.5954,691.80396)
:Sending Touch (ACTION_DOWN): 0:(730.0,222.0)
:Sending Touch (ACTION_UP): 0:(729.72577,228.37926)
:Sending Trackball (ACTION_MOVE): 0:(-2.0,0.0)
:Sending Trackball (ACTION_MOVE): 0:(4.0,3.0)
:Sending Touch (ACTION_DOWN): 0:(345.0,1022.0)
:Sending Touch (ACTION_UP): 0:(362.99893,1024.4521)
:Sending Trackball (ACTION_MOVE): 0:(0.0,1.0)
:Sending Trackball (ACTION_MOVE): 0:(-5.0,4.0)
:Sending Touch (ACTION_DOWN): 0:(626.0,691.0)
:Sending Touch (ACTION_UP): 0:(626.79224,692.38995)
:Sending Trackball (ACTION_MOVE): 0:(-5.0,-5.0)
:Sending Touch (ACTION_DOWN): 0:(1074.0,346.0)
:Sending Touch (ACTION_UP): 0:(1068.9917,345.4225)
:Sending Touch (ACTION_DOWN): 0:(717.0,577.0)
:Sending Touch (ACTION_UP): 0:(707.5437,581.13464)
:Sending Trackball (ACTION_MOVE): 0:(-5.0,3.0)
    //[calendar_time:2022-03-26 18:56:36.403  system_uptime:417093]
    // Sending event #6200
:Sending Touch (ACTION_DOWN): 0:(26.0,844.0)
:Sending Touch (ACTION_UP): 0:(125.88498,979.95276)
