--------- beginning of main
--------- beginning of system
03-26 15:35:00.145  4851  4851 W System.err: java.io.FileNotFoundException: /jacoco.exec (Read-only file system)
03-26 15:35:00.145  4851  4851 W System.err: 	at java.io.FileOutputStream.open(Native Method)
03-26 15:35:00.145  4851  4851 W System.err: 	at java.io.FileOutputStream.<init>(FileOutputStream.java:221)
03-26 15:35:00.145  4851  4851 W System.err: 	at org.jacoco.agent.rt.internal_8ff85ea.output.FileOutput.openFile(FileOutput.java:67)
03-26 15:35:00.145  4851  4851 W System.err: 	at org.jacoco.agent.rt.internal_8ff85ea.output.FileOutput.startup(FileOutput.java:49)
03-26 15:35:00.145  4851  4851 W System.err: 	at org.jacoco.agent.rt.internal_8ff85ea.Agent.startup(Agent.java:122)
03-26 15:35:00.145  4851  4851 W System.err: 	at org.jacoco.agent.rt.internal_8ff85ea.Agent.getInstance(Agent.java:50)
03-26 15:35:00.145  4851  4851 W System.err: 	at org.jacoco.agent.rt.internal_8ff85ea.Offline.<clinit>(Offline.java:31)
03-26 15:35:00.145  4851  4851 W System.err: 	at org.jacoco.agent.rt.internal_8ff85ea.Offline.getProbes(Offline.java:51)
03-26 15:35:00.146  4851  4851 W System.err: 	at com.ichi2.anki.AnkiDroidApp.$jacocoInit(AnkiDroidApp.java)
03-26 15:35:00.146  4851  4851 W System.err: 	at com.ichi2.anki.AnkiDroidApp.<clinit>(AnkiDroidApp.java)
03-26 15:35:00.146  4851  4851 W System.err: 	at java.lang.Class.newInstance(Native Method)
03-26 15:35:00.146  4851  4851 W System.err: 	at android.app.Instrumentation.newApplication(Instrumentation.java:1007)
03-26 15:35:00.146  4851  4851 W System.err: 	at android.app.Instrumentation.newApplication(Instrumentation.java:992)
03-26 15:35:00.146  4851  4851 W System.err: 	at android.app.LoadedApk.makeApplication(LoadedApk.java:796)
03-26 15:35:00.146  4851  4851 W System.err: 	at android.app.ActivityThread.handleBindApplication(ActivityThread.java:5377)
03-26 15:35:00.146  4851  4851 W System.err: 	at android.app.ActivityThread.-wrap2(ActivityThread.java)
03-26 15:35:00.146  4851  4851 W System.err: 	at android.app.ActivityThread$H.handleMessage(ActivityThread.java:1545)
03-26 15:35:00.146  4851  4851 W System.err: 	at android.os.Handler.dispatchMessage(Handler.java:102)
03-26 15:35:00.146  4851  4851 W System.err: 	at android.os.Looper.loop(Looper.java:154)
03-26 15:35:00.146  4851  4851 W System.err: 	at android.app.ActivityThread.main(ActivityThread.java:6119)
03-26 15:35:00.146  4851  4851 W System.err: 	at java.lang.reflect.Method.invoke(Native Method)
03-26 15:35:00.146  4851  4851 W System.err: 	at com.android.internal.os.ZygoteInit$MethodAndArgsCaller.run(ZygoteInit.java:886)
03-26 15:35:00.146  4851  4851 W System.err: 	at com.android.internal.os.ZygoteInit.main(ZygoteInit.java:776)
