[W 220326 19:59:39 __init__:218] [pid:17175] atx-agent has something wrong, auto recovering
[D 220326 19:59:39 __init__:322] [pid:17175] [emulator-5560] device emulator-5560 is online
[I 220326 19:59:39 init:156] uiautomator2 version: 2.16.14
[D 220326 19:59:39 init:167] Shell: ('/data/local/tmp/atx-agent', 'server', '--stop')
[I 220326 19:59:39 init:346] Install atx-agent 0.10.0
[D 220326 19:59:39 init:59] Use cached assets: /home/zoooe/.uiautomator2/cache/atx-agent_0.10.0_linux_386.tar.gz-1f8cdf3239/atx-agent_0.10.0_linux_386.tar.gz
[D 220326 19:59:39 init:238] Push to /data/local/tmp/atx-agent:0755
[D 220326 19:59:39 init:167] Shell: ('/data/local/tmp/atx-agent', 'server', '--nouia', '-d', '--addr', '127.0.0.1:7912')
[I 220326 19:59:39 init:350] Check atx-agent version
[D 220326 19:59:39 init:359] Forward: local:tcp:35245 -> remote:tcp:7912
[D 220326 19:59:40 init:359] Forward: local:tcp:35245 -> remote:tcp:7912
[D 220326 19:59:40 init:362] atx-agent version 0.10.0
[D 220326 19:59:40 init:365] device wlan ip: 192.168.232.2
[D 220326 19:59:50 __init__:661] [pid:17175] [emulator-5560] kill process(ps): uiautomator
[D 220326 19:59:51 __init__:392] [pid:17175] [emulator-5560] Install app-uiautomator.apk
[D 220326 19:59:51 __init__:392] [pid:17175] [emulator-5560] Install app-uiautomator-test.apk
[D 220326 19:59:52 __init__:683] [pid:17175] [emulator-5560] uiautomator-v2 is starting ... left: 40.0s
[D 220326 19:59:53 __init__:683] [pid:17175] [emulator-5560] uiautomator-v2 is starting ... left: 39.0s
[D 220326 19:59:54 __init__:683] [pid:17175] [emulator-5560] uiautomator-v2 is starting ... left: 38.0s
[D 220326 19:59:55 __init__:683] [pid:17175] [emulator-5560] uiautomator-v2 is starting ... left: 36.9s
[D 220326 19:59:56 __init__:683] [pid:17175] [emulator-5560] uiautomator-v2 is starting ... left: 35.9s
[D 220326 19:59:57 __init__:683] [pid:17175] [emulator-5560] uiautomator-v2 is starting ... left: 34.9s
[D 220326 19:59:58 __init__:683] [pid:17175] [emulator-5560] uiautomator-v2 is starting ... left: 33.9s
[D 220326 19:59:58 __init__:696] [pid:17175] [emulator-5560] show float window
[D 220326 19:59:59 __init__:683] [pid:17175] [emulator-5560] uiautomator-v2 is starting ... left: 32.7s
[D 220326 20:00:00 __init__:683] [pid:17175] [emulator-5560] uiautomator-v2 is starting ... left: 31.6s
[D 220326 20:00:01 __init__:683] [pid:17175] [emulator-5560] uiautomator-v2 is starting ... left: 30.6s
[D 220326 20:00:02 __init__:683] [pid:17175] [emulator-5560] uiautomator-v2 is starting ... left: 29.6s
[D 220326 20:00:03 __init__:683] [pid:17175] [emulator-5560] uiautomator-v2 is starting ... left: 28.6s
[D 220326 20:00:04 __init__:683] [pid:17175] [emulator-5560] uiautomator-v2 is starting ... left: 27.6s
[D 220326 20:00:05 __init__:683] [pid:17175] [emulator-5560] uiautomator-v2 is starting ... left: 26.6s
[I 220326 20:00:05 __init__:643] [pid:17175] [emulator-5560] uiautomator back to normal
{'package': 'com.pitchedapps.frost.debug', 'activity': 'com.pitchedapps.frost.activities.LoginActivity'}
SUCCESS
SUCCESS
Login SUCCESS
DISCONNECT UIAUTOMATOR2 SUCCESS
 *** Login SUCCESS ****
