--------- beginning of main
--------- beginning of system
03-26 15:34:19.680  4804  4804 W System.err: java.io.FileNotFoundException: /jacoco.exec (Read-only file system)
03-26 15:34:19.680  4804  4804 W System.err: 	at java.io.FileOutputStream.open(Native Method)
03-26 15:34:19.680  4804  4804 W System.err: 	at java.io.FileOutputStream.<init>(FileOutputStream.java:221)
03-26 15:34:19.680  4804  4804 W System.err: 	at org.jacoco.agent.rt.internal_8ff85ea.output.FileOutput.openFile(FileOutput.java:67)
03-26 15:34:19.680  4804  4804 W System.err: 	at org.jacoco.agent.rt.internal_8ff85ea.output.FileOutput.startup(FileOutput.java:49)
03-26 15:34:19.680  4804  4804 W System.err: 	at org.jacoco.agent.rt.internal_8ff85ea.Agent.startup(Agent.java:122)
03-26 15:34:19.680  4804  4804 W System.err: 	at org.jacoco.agent.rt.internal_8ff85ea.Agent.getInstance(Agent.java:50)
03-26 15:34:19.680  4804  4804 W System.err: 	at org.jacoco.agent.rt.internal_8ff85ea.Offline.<clinit>(Offline.java:31)
03-26 15:34:19.680  4804  4804 W System.err: 	at org.jacoco.agent.rt.internal_8ff85ea.Offline.getProbes(Offline.java:51)
03-26 15:34:19.680  4804  4804 W System.err: 	at com.amaze.filemanager.utils.application.AppConfig.$jacocoInit(AppConfig.java)
03-26 15:34:19.680  4804  4804 W System.err: 	at com.amaze.filemanager.utils.application.AppConfig.<clinit>(AppConfig.java)
03-26 15:34:19.680  4804  4804 W System.err: 	at java.lang.Class.newInstance(Native Method)
03-26 15:34:19.680  4804  4804 W System.err: 	at android.app.Instrumentation.newApplication(Instrumentation.java:1007)
03-26 15:34:19.680  4804  4804 W System.err: 	at android.app.Instrumentation.newApplication(Instrumentation.java:992)
03-26 15:34:19.680  4804  4804 W System.err: 	at android.app.LoadedApk.makeApplication(LoadedApk.java:796)
03-26 15:34:19.680  4804  4804 W System.err: 	at android.app.ActivityThread.handleBindApplication(ActivityThread.java:5377)
03-26 15:34:19.680  4804  4804 W System.err: 	at android.app.ActivityThread.-wrap2(ActivityThread.java)
03-26 15:34:19.680  4804  4804 W System.err: 	at android.app.ActivityThread$H.handleMessage(ActivityThread.java:1545)
03-26 15:34:19.680  4804  4804 W System.err: 	at android.os.Handler.dispatchMessage(Handler.java:102)
03-26 15:34:19.680  4804  4804 W System.err: 	at android.os.Looper.loop(Looper.java:154)
03-26 15:34:19.680  4804  4804 W System.err: 	at android.app.ActivityThread.main(ActivityThread.java:6119)
03-26 15:34:19.680  4804  4804 W System.err: 	at java.lang.reflect.Method.invoke(Native Method)
03-26 15:34:19.680  4804  4804 W System.err: 	at com.android.internal.os.ZygoteInit$MethodAndArgsCaller.run(ZygoteInit.java:886)
03-26 15:34:19.680  4804  4804 W System.err: 	at com.android.internal.os.ZygoteInit.main(ZygoteInit.java:776)
--------- beginning of crash
03-26 15:35:04.865  4804  4804 E AndroidRuntime: FATAL EXCEPTION: main
03-26 15:35:04.865  4804  4804 E AndroidRuntime: Process: com.amaze.filemanager.debug, PID: 4804
03-26 15:35:04.865  4804  4804 E AndroidRuntime: java.lang.StringIndexOutOfBoundsException: length=1; regionStart=0; regionLength=-1
03-26 15:35:04.865  4804  4804 E AndroidRuntime: 	at java.lang.String.substring(String.java:1931)
03-26 15:35:04.865  4804  4804 E AndroidRuntime: 	at com.amaze.filemanager.utils.files.FileUtils.getPathsInPath(FileUtils.java:733)
03-26 15:35:04.865  4804  4804 E AndroidRuntime: 	at com.amaze.filemanager.ui.views.appbar.BottomBar.showButtons(BottomBar.java:204)
03-26 15:35:04.865  4804  4804 E AndroidRuntime: 	at com.amaze.filemanager.ui.views.appbar.BottomBar.updatePath(BottomBar.java:475)
03-26 15:35:04.865  4804  4804 E AndroidRuntime: 	at com.amaze.filemanager.fragments.TabFragment.updatepaths(TabFragment.java:222)
03-26 15:35:04.865  4804  4804 E AndroidRuntime: 	at com.amaze.filemanager.activities.MainActivity.updatePaths(MainActivity.java:1237)
03-26 15:35:04.865  4804  4804 E AndroidRuntime: 	at com.amaze.filemanager.fragments.MainFragment.reloadListElements(MainFragment.java:1148)
03-26 15:35:04.865  4804  4804 E AndroidRuntime: 	at com.amaze.filemanager.fragments.MainFragment.setListElements(MainFragment.java:1071)
03-26 15:35:04.865  4804  4804 E AndroidRuntime: 	at com.amaze.filemanager.fragments.MainFragment.lambda$loadlist$3$MainFragment(MainFragment.java:1029)
03-26 15:35:04.865  4804  4804 E AndroidRuntime: 	at com.amaze.filemanager.fragments.-$$Lambda$MainFragment$5iCPYPa3nmIESNLXGobBukohEfc.onAsyncTaskFinished(lambda)
03-26 15:35:04.865  4804  4804 E AndroidRuntime: 	at com.amaze.filemanager.asynchronous.asynctasks.LoadFilesListTask.onPostExecute(LoadFilesListTask.java:224)
03-26 15:35:04.865  4804  4804 E AndroidRuntime: 	at com.amaze.filemanager.asynchronous.asynctasks.LoadFilesListTask.onPostExecute(LoadFilesListTask.java:63)
03-26 15:35:04.865  4804  4804 E AndroidRuntime: 	at android.os.AsyncTask.finish(AsyncTask.java:667)
03-26 15:35:04.865  4804  4804 E AndroidRuntime: 	at android.os.AsyncTask.-wrap1(AsyncTask.java)
03-26 15:35:04.865  4804  4804 E AndroidRuntime: 	at android.os.AsyncTask$InternalHandler.handleMessage(AsyncTask.java:684)
03-26 15:35:04.865  4804  4804 E AndroidRuntime: 	at android.os.Handler.dispatchMessage(Handler.java:102)
03-26 15:35:04.865  4804  4804 E AndroidRuntime: 	at android.os.Looper.loop(Looper.java:154)
03-26 15:35:04.865  4804  4804 E AndroidRuntime: 	at android.app.ActivityThread.main(ActivityThread.java:6119)
03-26 15:35:04.865  4804  4804 E AndroidRuntime: 	at java.lang.reflect.Method.invoke(Native Method)
03-26 15:35:04.865  4804  4804 E AndroidRuntime: 	at com.android.internal.os.ZygoteInit$MethodAndArgsCaller.run(ZygoteInit.java:886)
03-26 15:35:04.865  4804  4804 E AndroidRuntime: 	at com.android.internal.os.ZygoteInit.main(ZygoteInit.java:776)
03-26 15:35:24.401  5462  5462 W System.err: java.io.FileNotFoundException: /jacoco.exec (Read-only file system)
03-26 15:35:24.402  5462  5462 W System.err: 	at java.io.FileOutputStream.open(Native Method)
03-26 15:35:24.402  5462  5462 W System.err: 	at java.io.FileOutputStream.<init>(FileOutputStream.java:221)
03-26 15:35:24.402  5462  5462 W System.err: 	at org.jacoco.agent.rt.internal_8ff85ea.output.FileOutput.openFile(FileOutput.java:67)
03-26 15:35:24.402  5462  5462 W System.err: 	at org.jacoco.agent.rt.internal_8ff85ea.output.FileOutput.startup(FileOutput.java:49)
03-26 15:35:24.402  5462  5462 W System.err: 	at org.jacoco.agent.rt.internal_8ff85ea.Agent.startup(Agent.java:122)
03-26 15:35:24.402  5462  5462 W System.err: 	at org.jacoco.agent.rt.internal_8ff85ea.Agent.getInstance(Agent.java:50)
03-26 15:35:24.402  5462  5462 W System.err: 	at org.jacoco.agent.rt.internal_8ff85ea.Offline.<clinit>(Offline.java:31)
03-26 15:35:24.402  5462  5462 W System.err: 	at org.jacoco.agent.rt.internal_8ff85ea.Offline.getProbes(Offline.java:51)
03-26 15:35:24.402  5462  5462 W System.err: 	at com.amaze.filemanager.utils.application.AppConfig.$jacocoInit(AppConfig.java)
03-26 15:35:24.402  5462  5462 W System.err: 	at com.amaze.filemanager.utils.application.AppConfig.<clinit>(AppConfig.java)
03-26 15:35:24.402  5462  5462 W System.err: 	at java.lang.Class.newInstance(Native Method)
03-26 15:35:24.402  5462  5462 W System.err: 	at android.app.Instrumentation.newApplication(Instrumentation.java:1007)
03-26 15:35:24.402  5462  5462 W System.err: 	at android.app.Instrumentation.newApplication(Instrumentation.java:992)
03-26 15:35:24.402  5462  5462 W System.err: 	at android.app.LoadedApk.makeApplication(LoadedApk.java:796)
03-26 15:35:24.402  5462  5462 W System.err: 	at android.app.ActivityThread.handleBindApplication(ActivityThread.java:5377)
03-26 15:35:24.402  5462  5462 W System.err: 	at android.app.ActivityThread.-wrap2(ActivityThread.java)
03-26 15:35:24.402  5462  5462 W System.err: 	at android.app.ActivityThread$H.handleMessage(ActivityThread.java:1545)
03-26 15:35:24.402  5462  5462 W System.err: 	at android.os.Handler.dispatchMessage(Handler.java:102)
03-26 15:35:24.402  5462  5462 W System.err: 	at android.os.Looper.loop(Looper.java:154)
03-26 15:35:24.402  5462  5462 W System.err: 	at android.app.ActivityThread.main(ActivityThread.java:6119)
03-26 15:35:24.402  5462  5462 W System.err: 	at java.lang.reflect.Method.invoke(Native Method)
03-26 15:35:24.402  5462  5462 W System.err: 	at com.android.internal.os.ZygoteInit$MethodAndArgsCaller.run(ZygoteInit.java:886)
03-26 15:35:24.402  5462  5462 W System.err: 	at com.android.internal.os.ZygoteInit.main(ZygoteInit.java:776)
03-26 15:35:46.528  5462  5462 E AndroidRuntime: FATAL EXCEPTION: main
03-26 15:35:46.528  5462  5462 E AndroidRuntime: Process: com.amaze.filemanager.debug, PID: 5462
03-26 15:35:46.528  5462  5462 E AndroidRuntime: java.lang.NullPointerException: Attempt to invoke virtual method 'void android.view.View.setVisibility(int)' on a null object reference
03-26 15:35:46.528  5462  5462 E AndroidRuntime: 	at com.amaze.filemanager.ui.dialogs.GeneralDialogCreation.showPropertiesDialog(GeneralDialogCreation.java:419)
03-26 15:35:46.528  5462  5462 E AndroidRuntime: 	at com.amaze.filemanager.ui.dialogs.GeneralDialogCreation.showPropertiesDialogForStorage(GeneralDialogCreation.java:368)
03-26 15:35:46.528  5462  5462 E AndroidRuntime: 	at com.amaze.filemanager.ui.views.drawer.Drawer.onNavigationItemActionClick(Drawer.java:612)
03-26 15:35:46.528  5462  5462 E AndroidRuntime: 	at com.amaze.filemanager.ui.views.drawer.Drawer.lambda$addNewItem$5$Drawer(Drawer.java:494)
03-26 15:35:46.528  5462  5462 E AndroidRuntime: 	at com.amaze.filemanager.ui.views.drawer.-$$Lambda$Drawer$TyDDeLc-_x13qNEdHDAqZC9YtAQ.onClick(lambda)
03-26 15:35:46.528  5462  5462 E AndroidRuntime: 	at android.view.View.performClick(View.java:5637)
03-26 15:35:46.528  5462  5462 E AndroidRuntime: 	at android.view.View.onKeyUp(View.java:10661)
03-26 15:35:46.528  5462  5462 E AndroidRuntime: 	at android.view.KeyEvent.dispatch(KeyEvent.java:2712)
03-26 15:35:46.528  5462  5462 E AndroidRuntime: 	at android.view.View.dispatchKeyEvent(View.java:9960)
03-26 15:35:46.528  5462  5462 E AndroidRuntime: 	at android.view.ViewGroup.dispatchKeyEvent(ViewGroup.java:1630)
03-26 15:35:46.528  5462  5462 E AndroidRuntime: 	at android.view.ViewGroup.dispatchKeyEvent(ViewGroup.java:1630)
03-26 15:35:46.528  5462  5462 E AndroidRuntime: 	at android.view.ViewGroup.dispatchKeyEvent(ViewGroup.java:1630)
03-26 15:35:46.528  5462  5462 E AndroidRuntime: 	at android.view.ViewGroup.dispatchKeyEvent(ViewGroup.java:1630)
03-26 15:35:46.528  5462  5462 E AndroidRuntime: 	at android.view.ViewGroup.dispatchKeyEvent(ViewGroup.java:1630)
03-26 15:35:46.528  5462  5462 E AndroidRuntime: 	at android.view.ViewGroup.dispatchKeyEvent(ViewGroup.java:1630)
03-26 15:35:46.528  5462  5462 E AndroidRuntime: 	at android.view.ViewGroup.dispatchKeyEvent(ViewGroup.java:1630)
03-26 15:35:46.528  5462  5462 E AndroidRuntime: 	at android.view.ViewGroup.dispatchKeyEvent(ViewGroup.java:1630)
03-26 15:35:46.528  5462  5462 E AndroidRuntime: 	at android.view.ViewGroup.dispatchKeyEvent(ViewGroup.java:1630)
03-26 15:35:46.528  5462  5462 E AndroidRuntime: 	at android.view.ViewGroup.dispatchKeyEvent(ViewGroup.java:1630)
03-26 15:35:46.528  5462  5462 E AndroidRuntime: 	at com.android.internal.policy.DecorView.superDispatchKeyEvent(DecorView.java:405)
03-26 15:35:46.528  5462  5462 E AndroidRuntime: 	at com.android.internal.policy.PhoneWindow.superDispatchKeyEvent(PhoneWindow.java:1798)
03-26 15:35:46.528  5462  5462 E AndroidRuntime: 	at androidx.core.view.KeyEventDispatcher.activitySuperDispatchKeyEventPre28(KeyEventDispatcher.java:130)
03-26 15:35:46.528  5462  5462 E AndroidRuntime: 	at androidx.core.view.KeyEventDispatcher.dispatchKeyEvent(KeyEventDispatcher.java:87)
03-26 15:35:46.528  5462  5462 E AndroidRuntime: 	at androidx.core.app.ComponentActivity.dispatchKeyEvent(ComponentActivity.java:133)
03-26 15:35:46.528  5462  5462 E AndroidRuntime: 	at androidx.appcompat.app.AppCompatActivity.dispatchKeyEvent(AppCompatActivity.java:558)
03-26 15:35:46.528  5462  5462 E AndroidRuntime: 	at androidx.appcompat.view.WindowCallbackWrapper.dispatchKeyEvent(WindowCallbackWrapper.java:59)
03-26 15:35:46.528  5462  5462 E AndroidRuntime: 	at androidx.appcompat.app.AppCompatDelegateImpl$AppCompatWindowCallback.dispatchKeyEvent(AppCompatDelegateImpl.java:2814)
03-26 15:35:46.528  5462  5462 E AndroidRuntime: 	at androidx.appcompat.view.WindowCallbackWrapper.dispatchKeyEvent(WindowCallbackWrapper.java:59)
03-26 15:35:46.528  5462  5462 E AndroidRuntime: 	at com.android.internal.policy.DecorView.dispatchKeyEvent(DecorView.java:319)
03-26 15:35:46.528  5462  5462 E AndroidRuntime: 	at android.view.ViewRootImpl$ViewPostImeInputStage.processKeyEvent(ViewRootImpl.java:4331)
03-26 15:35:46.528  5462  5462 E AndroidRuntime: 	at android.view.ViewRootImpl$ViewPostImeInputStage.onProcess(ViewRootImpl.java:4302)
03-26 15:35:46.528  5462  5462 E AndroidRuntime: 	at android.view.ViewRootImpl$InputStage.deliver(ViewRootImpl.java:3853)
03-26 15:35:46.528  5462  5462 E AndroidRuntime: 	at android.view.ViewRootImpl$InputStage.onDeliverToNext(ViewRootImpl.java:3906)
03-26 15:35:46.528  5462  5462 E AndroidRuntime: 	at android.view.ViewRootImpl$InputStage.forward(ViewRootImpl.java:3872)
03-26 15:35:46.528  5462  5462 E AndroidRuntime: 	at android.view.ViewRootImpl$AsyncInputStage.forward(ViewRootImpl.java:3999)
03-26 15:35:46.528  5462  5462 E AndroidRuntime: 	at android.view.ViewRootImpl$InputStage.apply(ViewRootImpl.java:3880)
03-26 15:35:46.528  5462  5462 E AndroidRuntime: 	at android.view.ViewRootImpl$AsyncInputStage.apply(ViewRootImpl.java:4056)
03-26 15:35:46.528  5462  5462 E AndroidRuntime: 	at android.view.ViewRootImpl$InputStage.deliver(ViewRootImpl.java:3853)
03-26 15:35:46.528  5462  5462 E AndroidRuntime: 	at android.view.ViewRootImpl$InputStage.onDeliverToNext(ViewRootImpl.java:3906)
03-26 15:35:46.528  5462  5462 E AndroidRuntime: 	at android.view.ViewRootImpl$InputStage.forward(ViewRootImpl.java:3872)
03-26 15:35:46.528  5462  5462 E AndroidRuntime: 	at android.view.ViewRootImpl$InputStage.apply(ViewRootImpl.java:3880)
03-26 15:35:46.528  5462  5462 E AndroidRuntime: 	at android.view.ViewRootImpl$InputStage.deliver(ViewRootImpl.java:3853)
03-26 15:35:46.528  5462  5462 E AndroidRuntime: 	at android.view.ViewRootImpl$InputStage.onDeliverToNext(ViewRootImpl.java:3906)
03-26 15:35:46.528  5462  5462 E AndroidRuntime: 	at android.view.ViewRootImpl$InputStage.forward(ViewRootImpl.java:3872)
03-26 15:35:46.528  5462  5462 E AndroidRuntime: 	at android.view.ViewRootImpl$AsyncInputStage.forward(ViewRootImpl.java:4032)
03-26 15:35:46.528  5462  5462 E AndroidRuntime: 	at android.view.ViewRootImpl$ImeInputStage.onFinishedInputEvent(ViewRootImpl.java:4193)
03-26 15:35:46.528  5462  5462 E AndroidRuntime: 	at android.view.inputmethod.InputMethodManager$PendingEvent.run(InputMethodManager.java:2400)
03-26 15:35:46.528  5462  5462 E AndroidRuntime: 	at android.view.inputmethod.InputMethodManager.invokeFinishedInputEventCallback(InputMethodManager.java:1964)
03-26 15:35:46.528  5462  5462 E AndroidRuntime: 	at android.view.inputmethod.InputMethodManager.finishedInputEvent(InputMethodManager.java:1955)
03-26 15:35:46.528  5462  5462 E AndroidRuntime: 	at android.view.inputmethod.InputMethodManager$ImeInputEventSender.onInputEventFinished(InputMethodManager.java:2377)
03-26 15:35:46.528  5462  5462 E AndroidRuntime: 	at android.view.InputEventSender.dispatchInputEventFinished(InputEventSender.java:141)
03-26 15:35:46.528  5462  5462 E AndroidRuntime: 	at android.os.MessageQueue.nativePollOnce(Native Method)
03-26 15:35:46.528  5462  5462 E AndroidRuntime: 	at android.os.MessageQueue.next(MessageQueue.java:323)
03-26 15:35:46.528  5462  5462 E AndroidRuntime: 	at android.os.Looper.loop(Looper.java:136)
03-26 15:35:46.528  5462  5462 E AndroidRuntime: 	at android.app.ActivityThread.main(ActivityThread.java:6119)
03-26 15:35:46.528  5462  5462 E AndroidRuntime: 	at java.lang.reflect.Method.invoke(Native Method)
03-26 15:35:46.528  5462  5462 E AndroidRuntime: 	at com.android.internal.os.ZygoteInit$MethodAndArgsCaller.run(ZygoteInit.java:886)
03-26 15:35:46.528  5462  5462 E AndroidRuntime: 	at com.android.internal.os.ZygoteInit.main(ZygoteInit.java:776)
03-26 15:36:06.862  6080  6080 W System.err: java.io.FileNotFoundException: /jacoco.exec (Read-only file system)
03-26 15:36:06.862  6080  6080 W System.err: 	at java.io.FileOutputStream.open(Native Method)
03-26 15:36:06.862  6080  6080 W System.err: 	at java.io.FileOutputStream.<init>(FileOutputStream.java:221)
03-26 15:36:06.862  6080  6080 W System.err: 	at org.jacoco.agent.rt.internal_8ff85ea.output.FileOutput.openFile(FileOutput.java:67)
03-26 15:36:06.862  6080  6080 W System.err: 	at org.jacoco.agent.rt.internal_8ff85ea.output.FileOutput.startup(FileOutput.java:49)
03-26 15:36:06.862  6080  6080 W System.err: 	at org.jacoco.agent.rt.internal_8ff85ea.Agent.startup(Agent.java:122)
03-26 15:36:06.862  6080  6080 W System.err: 	at org.jacoco.agent.rt.internal_8ff85ea.Agent.getInstance(Agent.java:50)
03-26 15:36:06.862  6080  6080 W System.err: 	at org.jacoco.agent.rt.internal_8ff85ea.Offline.<clinit>(Offline.java:31)
03-26 15:36:06.862  6080  6080 W System.err: 	at org.jacoco.agent.rt.internal_8ff85ea.Offline.getProbes(Offline.java:51)
03-26 15:36:06.862  6080  6080 W System.err: 	at com.amaze.filemanager.utils.application.AppConfig.$jacocoInit(AppConfig.java)
03-26 15:36:06.862  6080  6080 W System.err: 	at com.amaze.filemanager.utils.application.AppConfig.<clinit>(AppConfig.java)
03-26 15:36:06.862  6080  6080 W System.err: 	at java.lang.Class.newInstance(Native Method)
03-26 15:36:06.862  6080  6080 W System.err: 	at android.app.Instrumentation.newApplication(Instrumentation.java:1007)
03-26 15:36:06.862  6080  6080 W System.err: 	at android.app.Instrumentation.newApplication(Instrumentation.java:992)
03-26 15:36:06.862  6080  6080 W System.err: 	at android.app.LoadedApk.makeApplication(LoadedApk.java:796)
03-26 15:36:06.862  6080  6080 W System.err: 	at android.app.ActivityThread.handleBindApplication(ActivityThread.java:5377)
03-26 15:36:06.862  6080  6080 W System.err: 	at android.app.ActivityThread.-wrap2(ActivityThread.java)
03-26 15:36:06.862  6080  6080 W System.err: 	at android.app.ActivityThread$H.handleMessage(ActivityThread.java:1545)
03-26 15:36:06.862  6080  6080 W System.err: 	at android.os.Handler.dispatchMessage(Handler.java:102)
03-26 15:36:06.862  6080  6080 W System.err: 	at android.os.Looper.loop(Looper.java:154)
03-26 15:36:06.862  6080  6080 W System.err: 	at android.app.ActivityThread.main(ActivityThread.java:6119)
03-26 15:36:06.862  6080  6080 W System.err: 	at java.lang.reflect.Method.invoke(Native Method)
03-26 15:36:06.862  6080  6080 W System.err: 	at com.android.internal.os.ZygoteInit$MethodAndArgsCaller.run(ZygoteInit.java:886)
03-26 15:36:06.862  6080  6080 W System.err: 	at com.android.internal.os.ZygoteInit.main(ZygoteInit.java:776)
03-26 15:37:16.969  6080  6080 E AndroidRuntime: FATAL EXCEPTION: main
03-26 15:37:16.969  6080  6080 E AndroidRuntime: Process: com.amaze.filemanager.debug, PID: 6080
03-26 15:37:16.969  6080  6080 E AndroidRuntime: java.lang.ClassCastException: android.widget.HeaderViewListAdapter cannot be cast to androidx.appcompat.view.menu.MenuAdapter
03-26 15:37:16.969  6080  6080 E AndroidRuntime: 	at androidx.appcompat.widget.MenuPopupWindow$MenuDropDownListView.onKeyDown(MenuPopupWindow.java:181)
03-26 15:37:16.969  6080  6080 E AndroidRuntime: 	at android.view.KeyEvent.dispatch(KeyEvent.java:2688)
03-26 15:37:16.969  6080  6080 E AndroidRuntime: 	at android.view.View.dispatchKeyEvent(View.java:9960)
03-26 15:37:16.969  6080  6080 E AndroidRuntime: 	at android.view.ViewGroup.dispatchKeyEvent(ViewGroup.java:1625)
03-26 15:37:16.969  6080  6080 E AndroidRuntime: 	at android.widget.ListView.dispatchKeyEvent(ListView.java:2249)
03-26 15:37:16.969  6080  6080 E AndroidRuntime: 	at android.view.ViewGroup.dispatchKeyEvent(ViewGroup.java:1630)
03-26 15:37:16.969  6080  6080 E AndroidRuntime: 	at android.view.ViewGroup.dispatchKeyEvent(ViewGroup.java:1630)
03-26 15:37:16.969  6080  6080 E AndroidRuntime: 	at android.widget.PopupWindow$PopupDecorView.dispatchKeyEvent(PopupWindow.java:2266)
03-26 15:37:16.969  6080  6080 E AndroidRuntime: 	at android.view.ViewRootImpl$ViewPostImeInputStage.processKeyEvent(ViewRootImpl.java:4331)
03-26 15:37:16.969  6080  6080 E AndroidRuntime: 	at android.view.ViewRootImpl$ViewPostImeInputStage.onProcess(ViewRootImpl.java:4302)
03-26 15:37:16.969  6080  6080 E AndroidRuntime: 	at android.view.ViewRootImpl$InputStage.deliver(ViewRootImpl.java:3853)
03-26 15:37:16.969  6080  6080 E AndroidRuntime: 	at android.view.ViewRootImpl$InputStage.onDeliverToNext(ViewRootImpl.java:3906)
03-26 15:37:16.969  6080  6080 E AndroidRuntime: 	at android.view.ViewRootImpl$InputStage.forward(ViewRootImpl.java:3872)
03-26 15:37:16.969  6080  6080 E AndroidRuntime: 	at android.view.ViewRootImpl$AsyncInputStage.forward(ViewRootImpl.java:3999)
03-26 15:37:16.969  6080  6080 E AndroidRuntime: 	at android.view.ViewRootImpl$InputStage.apply(ViewRootImpl.java:3880)
03-26 15:37:16.969  6080  6080 E AndroidRuntime: 	at android.view.ViewRootImpl$AsyncInputStage.apply(ViewRootImpl.java:4056)
03-26 15:37:16.969  6080  6080 E AndroidRuntime: 	at android.view.ViewRootImpl$InputStage.deliver(ViewRootImpl.java:3853)
03-26 15:37:16.969  6080  6080 E AndroidRuntime: 	at android.view.ViewRootImpl$InputStage.onDeliverToNext(ViewRootImpl.java:3906)
03-26 15:37:16.969  6080  6080 E AndroidRuntime: 	at android.view.ViewRootImpl$InputStage.forward(ViewRootImpl.java:3872)
03-26 15:37:16.969  6080  6080 E AndroidRuntime: 	at android.view.ViewRootImpl$InputStage.apply(ViewRootImpl.java:3880)
03-26 15:37:16.969  6080  6080 E AndroidRuntime: 	at android.view.ViewRootImpl$InputStage.deliver(ViewRootImpl.java:3853)
03-26 15:37:16.969  6080  6080 E AndroidRuntime: 	at android.view.ViewRootImpl$InputStage.onDeliverToNext(ViewRootImpl.java:3906)
03-26 15:37:16.969  6080  6080 E AndroidRuntime: 	at android.view.ViewRootImpl$InputStage.forward(ViewRootImpl.java:3872)
03-26 15:37:16.969  6080  6080 E AndroidRuntime: 	at android.view.ViewRootImpl$AsyncInputStage.forward(ViewRootImpl.java:3999)
03-26 15:37:16.969  6080  6080 E AndroidRuntime: 	at android.view.ViewRootImpl$InputStage.apply(ViewRootImpl.java:3880)
03-26 15:37:16.969  6080  6080 E AndroidRuntime: 	at android.view.ViewRootImpl$AsyncInputStage.apply(ViewRootImpl.java:4056)
03-26 15:37:16.969  6080  6080 E AndroidRuntime: 	at android.view.ViewRootImpl$InputStage.deliver(ViewRootImpl.java:3853)
03-26 15:37:16.969  6080  6080 E AndroidRuntime: 	at android.view.ViewRootImpl$InputStage.onDeliverToNext(ViewRootImpl.java:3906)
03-26 15:37:16.969  6080  6080 E AndroidRuntime: 	at android.view.ViewRootImpl$InputStage.forward(ViewRootImpl.java:3872)
03-26 15:37:16.969  6080  6080 E AndroidRuntime: 	at android.view.ViewRootImpl$InputStage.apply(ViewRootImpl.java:3880)
03-26 15:37:16.969  6080  6080 E AndroidRuntime: 	at android.view.ViewRootImpl$InputStage.deliver(ViewRootImpl.java:3853)
03-26 15:37:16.969  6080  6080 E AndroidRuntime: 	at android.view.ViewRootImpl$InputStage.onDeliverToNext(ViewRootImpl.java:3906)
03-26 15:37:16.969  6080  6080 E AndroidRuntime: 	at android.view.ViewRootImpl$InputStage.forward(ViewRootImpl.java:3872)
03-26 15:37:16.969  6080  6080 E AndroidRuntime: 	at android.view.ViewRootImpl$AsyncInputStage.forward(ViewRootImpl.java:3999)
03-26 15:37:16.969  6080  6080 E AndroidRuntime: 	at android.view.ViewRootImpl$InputStage.apply(ViewRootImpl.java:3880)
03-26 15:37:16.969  6080  6080 E AndroidRuntime: 	at android.view.ViewRootImpl$AsyncInputStage.apply(ViewRootImpl.java:4056)
03-26 15:37:16.969  6080  6080 E AndroidRuntime: 	at android.view.ViewRootImpl$InputStage.deliver(ViewRootImpl.java:3853)
03-26 15:37:16.969  6080  6080 E AndroidRuntime: 	at android.view.ViewRootImpl.deliverInputEvent(ViewRootImpl.java:6246)
03-26 15:37:16.969  6080  6080 E AndroidRuntime: 	at android.view.ViewRootImpl.doProcessInputEvents(ViewRootImpl.java:6220)
03-26 15:37:16.969  6080  6080 E AndroidRuntime: 	at android.view.ViewRootImpl.enqueueInputEvent(ViewRootImpl.java:6181)
03-26 15:37:16.969  6080  6080 E AndroidRuntime: 	at android.view.ViewRootImpl$WindowInputEventReceiver.onInputEvent(ViewRootImpl.java:6349)
03-26 15:37:16.969  6080  6080 E AndroidRuntime: 	at android.view.InputEventReceiver.dispatchInputEvent(InputEventReceiver.java:185)
03-26 15:37:16.969  6080  6080 E AndroidRuntime: 	at android.os.MessageQueue.nativePollOnce(Native Method)
03-26 15:37:16.969  6080  6080 E AndroidRuntime: 	at android.os.MessageQueue.next(MessageQueue.java:323)
03-26 15:37:16.969  6080  6080 E AndroidRuntime: 	at android.os.Looper.loop(Looper.java:136)
03-26 15:37:16.969  6080  6080 E AndroidRuntime: 	at android.app.ActivityThread.main(ActivityThread.java:6119)
03-26 15:37:16.969  6080  6080 E AndroidRuntime: 	at java.lang.reflect.Method.invoke(Native Method)
03-26 15:37:16.969  6080  6080 E AndroidRuntime: 	at com.android.internal.os.ZygoteInit$MethodAndArgsCaller.run(ZygoteInit.java:886)
03-26 15:37:16.969  6080  6080 E AndroidRuntime: 	at com.android.internal.os.ZygoteInit.main(ZygoteInit.java:776)
03-26 15:37:54.616  6850  6850 W System.err: java.io.FileNotFoundException: /jacoco.exec (Read-only file system)
03-26 15:37:54.616  6850  6850 W System.err: 	at java.io.FileOutputStream.open(Native Method)
03-26 15:37:54.616  6850  6850 W System.err: 	at java.io.FileOutputStream.<init>(FileOutputStream.java:221)
03-26 15:37:54.616  6850  6850 W System.err: 	at org.jacoco.agent.rt.internal_8ff85ea.output.FileOutput.openFile(FileOutput.java:67)
03-26 15:37:54.616  6850  6850 W System.err: 	at org.jacoco.agent.rt.internal_8ff85ea.output.FileOutput.startup(FileOutput.java:49)
03-26 15:37:54.616  6850  6850 W System.err: 	at org.jacoco.agent.rt.internal_8ff85ea.Agent.startup(Agent.java:122)
03-26 15:37:54.616  6850  6850 W System.err: 	at org.jacoco.agent.rt.internal_8ff85ea.Agent.getInstance(Agent.java:50)
03-26 15:37:54.616  6850  6850 W System.err: 	at org.jacoco.agent.rt.internal_8ff85ea.Offline.<clinit>(Offline.java:31)
03-26 15:37:54.616  6850  6850 W System.err: 	at org.jacoco.agent.rt.internal_8ff85ea.Offline.getProbes(Offline.java:51)
03-26 15:37:54.616  6850  6850 W System.err: 	at com.amaze.filemanager.utils.application.AppConfig.$jacocoInit(AppConfig.java)
03-26 15:37:54.616  6850  6850 W System.err: 	at com.amaze.filemanager.utils.application.AppConfig.<clinit>(AppConfig.java)
03-26 15:37:54.616  6850  6850 W System.err: 	at java.lang.Class.newInstance(Native Method)
03-26 15:37:54.616  6850  6850 W System.err: 	at android.app.Instrumentation.newApplication(Instrumentation.java:1007)
03-26 15:37:54.616  6850  6850 W System.err: 	at android.app.Instrumentation.newApplication(Instrumentation.java:992)
03-26 15:37:54.616  6850  6850 W System.err: 	at android.app.LoadedApk.makeApplication(LoadedApk.java:796)
03-26 15:37:54.616  6850  6850 W System.err: 	at android.app.ActivityThread.handleBindApplication(ActivityThread.java:5377)
03-26 15:37:54.616  6850  6850 W System.err: 	at android.app.ActivityThread.-wrap2(ActivityThread.java)
03-26 15:37:54.616  6850  6850 W System.err: 	at android.app.ActivityThread$H.handleMessage(ActivityThread.java:1545)
03-26 15:37:54.616  6850  6850 W System.err: 	at android.os.Handler.dispatchMessage(Handler.java:102)
03-26 15:37:54.616  6850  6850 W System.err: 	at android.os.Looper.loop(Looper.java:154)
03-26 15:37:54.616  6850  6850 W System.err: 	at android.app.ActivityThread.main(ActivityThread.java:6119)
03-26 15:37:54.616  6850  6850 W System.err: 	at java.lang.reflect.Method.invoke(Native Method)
03-26 15:37:54.616  6850  6850 W System.err: 	at com.android.internal.os.ZygoteInit$MethodAndArgsCaller.run(ZygoteInit.java:886)
03-26 15:37:54.616  6850  6850 W System.err: 	at com.android.internal.os.ZygoteInit.main(ZygoteInit.java:776)
03-26 15:38:06.673  6850  6850 E AndroidRuntime: FATAL EXCEPTION: main
03-26 15:38:06.673  6850  6850 E AndroidRuntime: Process: com.amaze.filemanager.debug, PID: 6850
03-26 15:38:06.673  6850  6850 E AndroidRuntime: java.lang.StringIndexOutOfBoundsException: length=1; regionStart=0; regionLength=-1
03-26 15:38:06.673  6850  6850 E AndroidRuntime: 	at java.lang.String.substring(String.java:1931)
03-26 15:38:06.673  6850  6850 E AndroidRuntime: 	at com.amaze.filemanager.utils.files.FileUtils.getPathsInPath(FileUtils.java:733)
03-26 15:38:06.673  6850  6850 E AndroidRuntime: 	at com.amaze.filemanager.ui.views.appbar.BottomBar.showButtons(BottomBar.java:204)
03-26 15:38:06.673  6850  6850 E AndroidRuntime: 	at com.amaze.filemanager.ui.views.appbar.BottomBar.updatePath(BottomBar.java:475)
03-26 15:38:06.673  6850  6850 E AndroidRuntime: 	at com.amaze.filemanager.fragments.TabFragment.updatepaths(TabFragment.java:222)
03-26 15:38:06.673  6850  6850 E AndroidRuntime: 	at com.amaze.filemanager.activities.MainActivity.updatePaths(MainActivity.java:1237)
03-26 15:38:06.673  6850  6850 E AndroidRuntime: 	at com.amaze.filemanager.fragments.MainFragment.reloadListElements(MainFragment.java:1148)
03-26 15:38:06.673  6850  6850 E AndroidRuntime: 	at com.amaze.filemanager.fragments.MainFragment.setListElements(MainFragment.java:1071)
03-26 15:38:06.673  6850  6850 E AndroidRuntime: 	at com.amaze.filemanager.fragments.MainFragment.lambda$loadlist$3$MainFragment(MainFragment.java:1029)
03-26 15:38:06.673  6850  6850 E AndroidRuntime: 	at com.amaze.filemanager.fragments.-$$Lambda$MainFragment$5iCPYPa3nmIESNLXGobBukohEfc.onAsyncTaskFinished(lambda)
03-26 15:38:06.673  6850  6850 E AndroidRuntime: 	at com.amaze.filemanager.asynchronous.asynctasks.LoadFilesListTask.onPostExecute(LoadFilesListTask.java:224)
03-26 15:38:06.673  6850  6850 E AndroidRuntime: 	at com.amaze.filemanager.asynchronous.asynctasks.LoadFilesListTask.onPostExecute(LoadFilesListTask.java:63)
03-26 15:38:06.673  6850  6850 E AndroidRuntime: 	at android.os.AsyncTask.finish(AsyncTask.java:667)
03-26 15:38:06.673  6850  6850 E AndroidRuntime: 	at android.os.AsyncTask.-wrap1(AsyncTask.java)
03-26 15:38:06.673  6850  6850 E AndroidRuntime: 	at android.os.AsyncTask$InternalHandler.handleMessage(AsyncTask.java:684)
03-26 15:38:06.673  6850  6850 E AndroidRuntime: 	at android.os.Handler.dispatchMessage(Handler.java:102)
03-26 15:38:06.673  6850  6850 E AndroidRuntime: 	at android.os.Looper.loop(Looper.java:154)
03-26 15:38:06.673  6850  6850 E AndroidRuntime: 	at android.app.ActivityThread.main(ActivityThread.java:6119)
03-26 15:38:06.673  6850  6850 E AndroidRuntime: 	at java.lang.reflect.Method.invoke(Native Method)
03-26 15:38:06.673  6850  6850 E AndroidRuntime: 	at com.android.internal.os.ZygoteInit$MethodAndArgsCaller.run(ZygoteInit.java:886)
03-26 15:38:06.673  6850  6850 E AndroidRuntime: 	at com.android.internal.os.ZygoteInit.main(ZygoteInit.java:776)
03-26 15:38:36.021  7448  7448 W System.err: java.io.FileNotFoundException: /jacoco.exec (Read-only file system)
03-26 15:38:36.021  7448  7448 W System.err: 	at java.io.FileOutputStream.open(Native Method)
03-26 15:38:36.021  7448  7448 W System.err: 	at java.io.FileOutputStream.<init>(FileOutputStream.java:221)
03-26 15:38:36.021  7448  7448 W System.err: 	at org.jacoco.agent.rt.internal_8ff85ea.output.FileOutput.openFile(FileOutput.java:67)
03-26 15:38:36.021  7448  7448 W System.err: 	at org.jacoco.agent.rt.internal_8ff85ea.output.FileOutput.startup(FileOutput.java:49)
03-26 15:38:36.021  7448  7448 W System.err: 	at org.jacoco.agent.rt.internal_8ff85ea.Agent.startup(Agent.java:122)
03-26 15:38:36.021  7448  7448 W System.err: 	at org.jacoco.agent.rt.internal_8ff85ea.Agent.getInstance(Agent.java:50)
03-26 15:38:36.021  7448  7448 W System.err: 	at org.jacoco.agent.rt.internal_8ff85ea.Offline.<clinit>(Offline.java:31)
03-26 15:38:36.021  7448  7448 W System.err: 	at org.jacoco.agent.rt.internal_8ff85ea.Offline.getProbes(Offline.java:51)
03-26 15:38:36.021  7448  7448 W System.err: 	at com.amaze.filemanager.utils.application.AppConfig.$jacocoInit(AppConfig.java)
03-26 15:38:36.021  7448  7448 W System.err: 	at com.amaze.filemanager.utils.application.AppConfig.<clinit>(AppConfig.java)
03-26 15:38:36.021  7448  7448 W System.err: 	at java.lang.Class.newInstance(Native Method)
03-26 15:38:36.021  7448  7448 W System.err: 	at android.app.Instrumentation.newApplication(Instrumentation.java:1007)
03-26 15:38:36.021  7448  7448 W System.err: 	at android.app.Instrumentation.newApplication(Instrumentation.java:992)
03-26 15:38:36.021  7448  7448 W System.err: 	at android.app.LoadedApk.makeApplication(LoadedApk.java:796)
03-26 15:38:36.021  7448  7448 W System.err: 	at android.app.ActivityThread.handleBindApplication(ActivityThread.java:5377)
03-26 15:38:36.021  7448  7448 W System.err: 	at android.app.ActivityThread.-wrap2(ActivityThread.java)
03-26 15:38:36.021  7448  7448 W System.err: 	at android.app.ActivityThread$H.handleMessage(ActivityThread.java:1545)
03-26 15:38:36.021  7448  7448 W System.err: 	at android.os.Handler.dispatchMessage(Handler.java:102)
03-26 15:38:36.021  7448  7448 W System.err: 	at android.os.Looper.loop(Looper.java:154)
03-26 15:38:36.021  7448  7448 W System.err: 	at android.app.ActivityThread.main(ActivityThread.java:6119)
03-26 15:38:36.021  7448  7448 W System.err: 	at java.lang.reflect.Method.invoke(Native Method)
03-26 15:38:36.021  7448  7448 W System.err: 	at com.android.internal.os.ZygoteInit$MethodAndArgsCaller.run(ZygoteInit.java:886)
03-26 15:38:36.021  7448  7448 W System.err: 	at com.android.internal.os.ZygoteInit.main(ZygoteInit.java:776)
