--------- beginning of main
--------- beginning of system
--------- beginning of crash
03-26 15:43:04.651  1725  1739 W System.err: java.lang.IllegalArgumentException: Given thread 5062 does not exist
03-26 15:43:04.651  1725  1739 W System.err: 	at android.os.Process.setThreadPriority(Native Method)
03-26 15:43:04.651  1725  1739 W System.err: 	at com.android.server.am.ActivityManagerService.applyOomAdjLocked(ActivityManagerService.java:20514)
03-26 15:43:04.651  1725  1739 W System.err: 	at com.android.server.am.ActivityManagerService.updateOomAdjLocked(ActivityManagerService.java:21013)
03-26 15:43:04.651  1725  1739 W System.err: 	at com.android.server.am.ActivityManagerService.trimApplications(ActivityManagerService.java:21389)
03-26 15:43:04.651  1725  1739 W System.err: 	at com.android.server.am.ActivityStackSupervisor.activityIdleInternalLocked(ActivityStackSupervisor.java:1746)
03-26 15:43:04.651  1725  1739 W System.err: 	at com.android.server.am.ActivityStackSupervisor$ActivityStackSupervisorHandler.activityIdleInternal(ActivityStackSupervisor.java:3868)
03-26 15:43:04.651  1725  1739 W System.err: 	at com.android.server.am.ActivityStackSupervisor$ActivityStackSupervisorHandler.handleMessage(ActivityStackSupervisor.java:3907)
03-26 15:43:04.651  1725  1739 W System.err: 	at android.os.Handler.dispatchMessage(Handler.java:102)
03-26 15:43:04.651  1725  1739 W System.err: 	at android.os.Looper.loop(Looper.java:154)
03-26 15:43:04.651  1725  1739 W System.err: 	at android.os.HandlerThread.run(HandlerThread.java:61)
03-26 15:43:04.651  1725  1739 W System.err: 	at com.android.server.ServiceThread.run(ServiceThread.java:46)
03-26 15:43:24.649  6441  6441 W System.err: java.io.FileNotFoundException: /jacoco.exec (Read-only file system)
03-26 15:43:24.649  6441  6441 W System.err: 	at java.io.FileOutputStream.open(Native Method)
03-26 15:43:24.649  6441  6441 W System.err: 	at java.io.FileOutputStream.<init>(FileOutputStream.java:221)
03-26 15:43:24.649  6441  6441 W System.err: 	at org.jacoco.agent.rt.internal_8ff85ea.output.FileOutput.openFile(FileOutput.java:67)
03-26 15:43:24.649  6441  6441 W System.err: 	at org.jacoco.agent.rt.internal_8ff85ea.output.FileOutput.startup(FileOutput.java:49)
03-26 15:43:24.651  6441  6441 W System.err: 	at org.jacoco.agent.rt.internal_8ff85ea.Agent.startup(Agent.java:122)
03-26 15:43:24.651  6441  6441 W System.err: 	at org.jacoco.agent.rt.internal_8ff85ea.Agent.getInstance(Agent.java:50)
03-26 15:43:24.651  6441  6441 W System.err: 	at org.jacoco.agent.rt.internal_8ff85ea.Offline.<clinit>(Offline.java:31)
03-26 15:43:24.651  6441  6441 W System.err: 	at org.jacoco.agent.rt.internal_8ff85ea.Offline.getProbes(Offline.java:51)
03-26 15:43:24.651  6441  6441 W System.err: 	at com.pitchedapps.frost.FrostApp.$jacocoInit(FrostApp.kt)
03-26 15:43:24.651  6441  6441 W System.err: 	at com.pitchedapps.frost.FrostApp.<init>(FrostApp.kt)
03-26 15:43:24.651  6441  6441 W System.err: 	at java.lang.Class.newInstance(Native Method)
03-26 15:43:24.651  6441  6441 W System.err: 	at android.app.Instrumentation.newApplication(Instrumentation.java:1007)
03-26 15:43:24.651  6441  6441 W System.err: 	at android.app.Instrumentation.newApplication(Instrumentation.java:992)
03-26 15:43:24.651  6441  6441 W System.err: 	at android.app.LoadedApk.makeApplication(LoadedApk.java:796)
03-26 15:43:24.651  6441  6441 W System.err: 	at android.app.ActivityThread.handleBindApplication(ActivityThread.java:5377)
03-26 15:43:24.651  6441  6441 W System.err: 	at android.app.ActivityThread.-wrap2(ActivityThread.java)
03-26 15:43:24.651  6441  6441 W System.err: 	at android.app.ActivityThread$H.handleMessage(ActivityThread.java:1545)
03-26 15:43:24.651  6441  6441 W System.err: 	at android.os.Handler.dispatchMessage(Handler.java:102)
03-26 15:43:24.651  6441  6441 W System.err: 	at android.os.Looper.loop(Looper.java:154)
03-26 15:43:24.651  6441  6441 W System.err: 	at android.app.ActivityThread.main(ActivityThread.java:6119)
03-26 15:43:24.651  6441  6441 W System.err: 	at java.lang.reflect.Method.invoke(Native Method)
03-26 15:43:24.651  6441  6441 W System.err: 	at com.android.internal.os.ZygoteInit$MethodAndArgsCaller.run(ZygoteInit.java:886)
03-26 15:43:24.651  6441  6441 W System.err: 	at com.android.internal.os.ZygoteInit.main(ZygoteInit.java:776)
