--------- beginning of main
--------- beginning of system
03-26 18:44:12.627  4633  4633 W System.err: java.io.FileNotFoundException: /jacoco.exec (Read-only file system)
03-26 18:44:12.627  4633  4633 W System.err: 	at java.io.FileOutputStream.open(Native Method)
03-26 18:44:12.627  4633  4633 W System.err: 	at java.io.FileOutputStream.<init>(FileOutputStream.java:221)
03-26 18:44:12.627  4633  4633 W System.err: 	at org.jacoco.agent.rt.internal_8ff85ea.output.FileOutput.openFile(FileOutput.java:67)
03-26 18:44:12.627  4633  4633 W System.err: 	at org.jacoco.agent.rt.internal_8ff85ea.output.FileOutput.startup(FileOutput.java:49)
03-26 18:44:12.627  4633  4633 W System.err: 	at org.jacoco.agent.rt.internal_8ff85ea.Agent.startup(Agent.java:122)
03-26 18:44:12.627  4633  4633 W System.err: 	at org.jacoco.agent.rt.internal_8ff85ea.Agent.getInstance(Agent.java:50)
03-26 18:44:12.627  4633  4633 W System.err: 	at org.jacoco.agent.rt.internal_8ff85ea.Offline.<clinit>(Offline.java:31)
03-26 18:44:12.627  4633  4633 W System.err: 	at org.jacoco.agent.rt.internal_8ff85ea.Offline.getProbes(Offline.java:51)
03-26 18:44:12.627  4633  4633 W System.err: 	at com.amaze.filemanager.utils.application.AppConfig.$jacocoInit(AppConfig.java)
03-26 18:44:12.627  4633  4633 W System.err: 	at com.amaze.filemanager.utils.application.AppConfig.<clinit>(AppConfig.java)
03-26 18:44:12.627  4633  4633 W System.err: 	at java.lang.Class.newInstance(Native Method)
03-26 18:44:12.627  4633  4633 W System.err: 	at android.app.Instrumentation.newApplication(Instrumentation.java:1007)
03-26 18:44:12.627  4633  4633 W System.err: 	at android.app.Instrumentation.newApplication(Instrumentation.java:992)
03-26 18:44:12.627  4633  4633 W System.err: 	at android.app.LoadedApk.makeApplication(LoadedApk.java:796)
03-26 18:44:12.627  4633  4633 W System.err: 	at android.app.ActivityThread.handleBindApplication(ActivityThread.java:5377)
03-26 18:44:12.627  4633  4633 W System.err: 	at android.app.ActivityThread.-wrap2(ActivityThread.java)
03-26 18:44:12.627  4633  4633 W System.err: 	at android.app.ActivityThread$H.handleMessage(ActivityThread.java:1545)
03-26 18:44:12.627  4633  4633 W System.err: 	at android.os.Handler.dispatchMessage(Handler.java:102)
03-26 18:44:12.627  4633  4633 W System.err: 	at android.os.Looper.loop(Looper.java:154)
03-26 18:44:12.627  4633  4633 W System.err: 	at android.app.ActivityThread.main(ActivityThread.java:6119)
03-26 18:44:12.627  4633  4633 W System.err: 	at java.lang.reflect.Method.invoke(Native Method)
03-26 18:44:12.627  4633  4633 W System.err: 	at com.android.internal.os.ZygoteInit$MethodAndArgsCaller.run(ZygoteInit.java:886)
03-26 18:44:12.627  4633  4633 W System.err: 	at com.android.internal.os.ZygoteInit.main(ZygoteInit.java:776)
--------- beginning of crash
03-26 18:47:03.971  4633  4633 E AndroidRuntime: FATAL EXCEPTION: main
03-26 18:47:03.971  4633  4633 E AndroidRuntime: Process: com.amaze.filemanager.debug, PID: 4633
03-26 18:47:03.971  4633  4633 E AndroidRuntime: java.lang.NullPointerException: Attempt to invoke virtual method 'void android.view.View.setVisibility(int)' on a null object reference
03-26 18:47:03.971  4633  4633 E AndroidRuntime: 	at com.amaze.filemanager.ui.dialogs.GeneralDialogCreation.showPropertiesDialog(GeneralDialogCreation.java:419)
03-26 18:47:03.971  4633  4633 E AndroidRuntime: 	at com.amaze.filemanager.ui.dialogs.GeneralDialogCreation.showPropertiesDialogForStorage(GeneralDialogCreation.java:368)
03-26 18:47:03.971  4633  4633 E AndroidRuntime: 	at com.amaze.filemanager.ui.views.drawer.Drawer.onNavigationItemActionClick(Drawer.java:612)
03-26 18:47:03.971  4633  4633 E AndroidRuntime: 	at com.amaze.filemanager.ui.views.drawer.Drawer.lambda$addNewItem$5$Drawer(Drawer.java:494)
03-26 18:47:03.971  4633  4633 E AndroidRuntime: 	at com.amaze.filemanager.ui.views.drawer.-$$Lambda$Drawer$TyDDeLc-_x13qNEdHDAqZC9YtAQ.onClick(lambda)
03-26 18:47:03.971  4633  4633 E AndroidRuntime: 	at android.view.View.performClick(View.java:5637)
03-26 18:47:03.971  4633  4633 E AndroidRuntime: 	at android.view.View$PerformClick.run(View.java:22429)
03-26 18:47:03.971  4633  4633 E AndroidRuntime: 	at android.os.Handler.handleCallback(Handler.java:751)
03-26 18:47:03.971  4633  4633 E AndroidRuntime: 	at android.os.Handler.dispatchMessage(Handler.java:95)
03-26 18:47:03.971  4633  4633 E AndroidRuntime: 	at android.os.Looper.loop(Looper.java:154)
03-26 18:47:03.971  4633  4633 E AndroidRuntime: 	at android.app.ActivityThread.main(ActivityThread.java:6119)
03-26 18:47:03.971  4633  4633 E AndroidRuntime: 	at java.lang.reflect.Method.invoke(Native Method)
03-26 18:47:03.971  4633  4633 E AndroidRuntime: 	at com.android.internal.os.ZygoteInit$MethodAndArgsCaller.run(ZygoteInit.java:886)
03-26 18:47:03.971  4633  4633 E AndroidRuntime: 	at com.android.internal.os.ZygoteInit.main(ZygoteInit.java:776)
03-26 18:47:23.289  5563  5563 W System.err: java.io.FileNotFoundException: /jacoco.exec (Read-only file system)
03-26 18:47:23.290  5563  5563 W System.err: 	at java.io.FileOutputStream.open(Native Method)
03-26 18:47:23.290  5563  5563 W System.err: 	at java.io.FileOutputStream.<init>(FileOutputStream.java:221)
03-26 18:47:23.290  5563  5563 W System.err: 	at org.jacoco.agent.rt.internal_8ff85ea.output.FileOutput.openFile(FileOutput.java:67)
03-26 18:47:23.290  5563  5563 W System.err: 	at org.jacoco.agent.rt.internal_8ff85ea.output.FileOutput.startup(FileOutput.java:49)
03-26 18:47:23.290  5563  5563 W System.err: 	at org.jacoco.agent.rt.internal_8ff85ea.Agent.startup(Agent.java:122)
03-26 18:47:23.290  5563  5563 W System.err: 	at org.jacoco.agent.rt.internal_8ff85ea.Agent.getInstance(Agent.java:50)
03-26 18:47:23.290  5563  5563 W System.err: 	at org.jacoco.agent.rt.internal_8ff85ea.Offline.<clinit>(Offline.java:31)
03-26 18:47:23.290  5563  5563 W System.err: 	at org.jacoco.agent.rt.internal_8ff85ea.Offline.getProbes(Offline.java:51)
03-26 18:47:23.290  5563  5563 W System.err: 	at com.amaze.filemanager.utils.application.AppConfig.$jacocoInit(AppConfig.java)
03-26 18:47:23.290  5563  5563 W System.err: 	at com.amaze.filemanager.utils.application.AppConfig.<clinit>(AppConfig.java)
03-26 18:47:23.290  5563  5563 W System.err: 	at java.lang.Class.newInstance(Native Method)
03-26 18:47:23.290  5563  5563 W System.err: 	at android.app.Instrumentation.newApplication(Instrumentation.java:1007)
03-26 18:47:23.290  5563  5563 W System.err: 	at android.app.Instrumentation.newApplication(Instrumentation.java:992)
03-26 18:47:23.290  5563  5563 W System.err: 	at android.app.LoadedApk.makeApplication(LoadedApk.java:796)
03-26 18:47:23.290  5563  5563 W System.err: 	at android.app.ActivityThread.handleBindApplication(ActivityThread.java:5377)
03-26 18:47:23.290  5563  5563 W System.err: 	at android.app.ActivityThread.-wrap2(ActivityThread.java)
03-26 18:47:23.290  5563  5563 W System.err: 	at android.app.ActivityThread$H.handleMessage(ActivityThread.java:1545)
03-26 18:47:23.290  5563  5563 W System.err: 	at android.os.Handler.dispatchMessage(Handler.java:102)
03-26 18:47:23.290  5563  5563 W System.err: 	at android.os.Looper.loop(Looper.java:154)
03-26 18:47:23.290  5563  5563 W System.err: 	at android.app.ActivityThread.main(ActivityThread.java:6119)
03-26 18:47:23.290  5563  5563 W System.err: 	at java.lang.reflect.Method.invoke(Native Method)
03-26 18:47:23.290  5563  5563 W System.err: 	at com.android.internal.os.ZygoteInit$MethodAndArgsCaller.run(ZygoteInit.java:886)
03-26 18:47:23.290  5563  5563 W System.err: 	at com.android.internal.os.ZygoteInit.main(ZygoteInit.java:776)
