[W 220326 20:07:10 __init__:218] [pid:17450] atx-agent has something wrong, auto recovering
[D 220326 20:07:10 __init__:322] [pid:17450] [emulator-5560] device emulator-5560 is online
[I 220326 20:07:10 init:156] uiautomator2 version: 2.16.14
[D 220326 20:07:10 init:167] Shell: ('/data/local/tmp/atx-agent', 'server', '--stop')
[I 220326 20:07:10 init:346] Install atx-agent 0.10.0
[D 220326 20:07:10 init:59] Use cached assets: /home/zoooe/.uiautomator2/cache/atx-agent_0.10.0_linux_386.tar.gz-1f8cdf3239/atx-agent_0.10.0_linux_386.tar.gz
[D 220326 20:07:10 init:238] Push to /data/local/tmp/atx-agent:0755
[D 220326 20:07:10 init:167] Shell: ('/data/local/tmp/atx-agent', 'server', '--nouia', '-d', '--addr', '127.0.0.1:7912')
[I 220326 20:07:10 init:350] Check atx-agent version
[D 220326 20:07:10 init:359] Forward: local:tcp:59813 -> remote:tcp:7912
[D 220326 20:07:11 init:359] Forward: local:tcp:59813 -> remote:tcp:7912
[D 220326 20:07:11 init:362] atx-agent version 0.10.0
[D 220326 20:07:11 init:365] device wlan ip: 192.168.232.2
[D 220326 20:07:21 __init__:661] [pid:17450] [emulator-5560] kill process(ps): uiautomator
[D 220326 20:07:22 __init__:392] [pid:17450] [emulator-5560] Install app-uiautomator.apk
[D 220326 20:07:22 __init__:392] [pid:17450] [emulator-5560] Install app-uiautomator-test.apk
[D 220326 20:07:23 __init__:683] [pid:17450] [emulator-5560] uiautomator-v2 is starting ... left: 40.0s
[D 220326 20:07:24 __init__:683] [pid:17450] [emulator-5560] uiautomator-v2 is starting ... left: 39.0s
[D 220326 20:07:25 __init__:683] [pid:17450] [emulator-5560] uiautomator-v2 is starting ... left: 38.0s
[D 220326 20:07:26 __init__:683] [pid:17450] [emulator-5560] uiautomator-v2 is starting ... left: 37.0s
[D 220326 20:07:27 __init__:683] [pid:17450] [emulator-5560] uiautomator-v2 is starting ... left: 35.9s
[D 220326 20:07:28 __init__:683] [pid:17450] [emulator-5560] uiautomator-v2 is starting ... left: 34.9s
[D 220326 20:07:29 __init__:683] [pid:17450] [emulator-5560] uiautomator-v2 is starting ... left: 33.9s
[D 220326 20:07:29 __init__:696] [pid:17450] [emulator-5560] show float window
[D 220326 20:07:30 __init__:683] [pid:17450] [emulator-5560] uiautomator-v2 is starting ... left: 32.7s
[D 220326 20:07:31 __init__:683] [pid:17450] [emulator-5560] uiautomator-v2 is starting ... left: 31.7s
[D 220326 20:07:32 __init__:683] [pid:17450] [emulator-5560] uiautomator-v2 is starting ... left: 30.7s
[D 220326 20:07:33 __init__:683] [pid:17450] [emulator-5560] uiautomator-v2 is starting ... left: 29.7s
[D 220326 20:07:34 __init__:683] [pid:17450] [emulator-5560] uiautomator-v2 is starting ... left: 28.7s
[D 220326 20:07:35 __init__:683] [pid:17450] [emulator-5560] uiautomator-v2 is starting ... left: 27.7s
[D 220326 20:07:36 __init__:683] [pid:17450] [emulator-5560] uiautomator-v2 is starting ... left: 26.7s
[I 220326 20:07:36 __init__:643] [pid:17450] [emulator-5560] uiautomator back to normal
{'package': 'com.pitchedapps.frost.debug', 'activity': 'com.pitchedapps.frost.activities.LoginActivity'}
SUCCESS
SUCCESS
Login SUCCESS
DISCONNECT UIAUTOMATOR2 SUCCESS
 *** Login SUCCESS ****
