--------- beginning of main
--------- beginning of system
03-26 18:32:34.847  4957  4957 W System.err: java.io.FileNotFoundException: /jacoco.exec (Read-only file system)
03-26 18:32:34.847  4957  4957 W System.err: 	at java.io.FileOutputStream.open(Native Method)
03-26 18:32:34.847  4957  4957 W System.err: 	at java.io.FileOutputStream.<init>(FileOutputStream.java:221)
03-26 18:32:34.847  4957  4957 W System.err: 	at org.jacoco.agent.rt.internal_8ff85ea.output.FileOutput.openFile(FileOutput.java:67)
03-26 18:32:34.847  4957  4957 W System.err: 	at org.jacoco.agent.rt.internal_8ff85ea.output.FileOutput.startup(FileOutput.java:49)
03-26 18:32:34.847  4957  4957 W System.err: 	at org.jacoco.agent.rt.internal_8ff85ea.Agent.startup(Agent.java:122)
03-26 18:32:34.847  4957  4957 W System.err: 	at org.jacoco.agent.rt.internal_8ff85ea.Agent.getInstance(Agent.java:50)
03-26 18:32:34.847  4957  4957 W System.err: 	at org.jacoco.agent.rt.internal_8ff85ea.Offline.<clinit>(Offline.java:31)
03-26 18:32:34.847  4957  4957 W System.err: 	at org.jacoco.agent.rt.internal_8ff85ea.Offline.getProbes(Offline.java:51)
03-26 18:32:34.847  4957  4957 W System.err: 	at de.k3b.android.androFotoFinder.AndroFotoFinderApp.$jacocoInit(AndroFotoFinderApp.java)
03-26 18:32:34.847  4957  4957 W System.err: 	at de.k3b.android.androFotoFinder.AndroFotoFinderApp.<init>(AndroFotoFinderApp.java)
03-26 18:32:34.847  4957  4957 W System.err: 	at java.lang.Class.newInstance(Native Method)
03-26 18:32:34.847  4957  4957 W System.err: 	at android.app.Instrumentation.newApplication(Instrumentation.java:1007)
03-26 18:32:34.847  4957  4957 W System.err: 	at android.app.Instrumentation.newApplication(Instrumentation.java:992)
03-26 18:32:34.847  4957  4957 W System.err: 	at android.app.LoadedApk.makeApplication(LoadedApk.java:796)
03-26 18:32:34.847  4957  4957 W System.err: 	at android.app.ActivityThread.handleBindApplication(ActivityThread.java:5377)
03-26 18:32:34.847  4957  4957 W System.err: 	at android.app.ActivityThread.-wrap2(ActivityThread.java)
03-26 18:32:34.847  4957  4957 W System.err: 	at android.app.ActivityThread$H.handleMessage(ActivityThread.java:1545)
03-26 18:32:34.847  4957  4957 W System.err: 	at android.os.Handler.dispatchMessage(Handler.java:102)
03-26 18:32:34.847  4957  4957 W System.err: 	at android.os.Looper.loop(Looper.java:154)
03-26 18:32:34.847  4957  4957 W System.err: 	at android.app.ActivityThread.main(ActivityThread.java:6119)
03-26 18:32:34.847  4957  4957 W System.err: 	at java.lang.reflect.Method.invoke(Native Method)
03-26 18:32:34.847  4957  4957 W System.err: 	at com.android.internal.os.ZygoteInit$MethodAndArgsCaller.run(ZygoteInit.java:886)
03-26 18:32:34.847  4957  4957 W System.err: 	at com.android.internal.os.ZygoteInit.main(ZygoteInit.java:776)
--------- beginning of crash
03-26 18:33:02.265  4957  4957 E AndroidRuntime: FATAL EXCEPTION: main
03-26 18:33:02.265  4957  4957 E AndroidRuntime: Process: de.k3b.android.androFotoFinder, PID: 4957
03-26 18:33:02.265  4957  4957 E AndroidRuntime: java.lang.RuntimeException: Unable to start activity ComponentInfo{de.k3b.android.androFotoFinder/de.k3b.android.androFotoFinder.SettingsActivity}: android.view.InflateException: Binary XML file line #49: Error inflating class de.k3b.android.widgets.EditTextPreferenceWithSummary
03-26 18:33:02.265  4957  4957 E AndroidRuntime: 	at android.app.ActivityThread.performLaunchActivity(ActivityThread.java:2665)
03-26 18:33:02.265  4957  4957 E AndroidRuntime: 	at android.app.ActivityThread.handleLaunchActivity(ActivityThread.java:2726)
03-26 18:33:02.265  4957  4957 E AndroidRuntime: 	at android.app.ActivityThread.-wrap12(ActivityThread.java)
03-26 18:33:02.265  4957  4957 E AndroidRuntime: 	at android.app.ActivityThread$H.handleMessage(ActivityThread.java:1477)
03-26 18:33:02.265  4957  4957 E AndroidRuntime: 	at android.os.Handler.dispatchMessage(Handler.java:102)
03-26 18:33:02.265  4957  4957 E AndroidRuntime: 	at android.os.Looper.loop(Looper.java:154)
03-26 18:33:02.265  4957  4957 E AndroidRuntime: 	at android.app.ActivityThread.main(ActivityThread.java:6119)
03-26 18:33:02.265  4957  4957 E AndroidRuntime: 	at java.lang.reflect.Method.invoke(Native Method)
03-26 18:33:02.265  4957  4957 E AndroidRuntime: 	at com.android.internal.os.ZygoteInit$MethodAndArgsCaller.run(ZygoteInit.java:886)
03-26 18:33:02.265  4957  4957 E AndroidRuntime: 	at com.android.internal.os.ZygoteInit.main(ZygoteInit.java:776)
03-26 18:33:02.265  4957  4957 E AndroidRuntime: Caused by: android.view.InflateException: Binary XML file line #49: Error inflating class de.k3b.android.widgets.EditTextPreferenceWithSummary
03-26 18:33:02.265  4957  4957 E AndroidRuntime: 	at android.preference.GenericInflater.createItemFromTag(GenericInflater.java:443)
03-26 18:33:02.265  4957  4957 E AndroidRuntime: 	at android.preference.GenericInflater.rInflate(GenericInflater.java:483)
03-26 18:33:02.265  4957  4957 E AndroidRuntime: 	at android.preference.GenericInflater.rInflate(GenericInflater.java:495)
03-26 18:33:02.265  4957  4957 E AndroidRuntime: 	at android.preference.GenericInflater.inflate(GenericInflater.java:327)
03-26 18:33:02.265  4957  4957 E AndroidRuntime: 	at android.preference.GenericInflater.inflate(GenericInflater.java:264)
03-26 18:33:02.265  4957  4957 E AndroidRuntime: 	at android.preference.PreferenceManager.inflateFromResource(PreferenceManager.java:280)
03-26 18:33:02.265  4957  4957 E AndroidRuntime: 	at android.preference.PreferenceActivity.addPreferencesFromResource(PreferenceActivity.java:1521)
03-26 18:33:02.265  4957  4957 E AndroidRuntime: 	at de.k3b.android.androFotoFinder.SettingsActivity.onCreate(SettingsActivity.java:78)
03-26 18:33:02.265  4957  4957 E AndroidRuntime: 	at android.app.Activity.performCreate(Activity.java:6679)
03-26 18:33:02.265  4957  4957 E AndroidRuntime: 	at android.app.Instrumentation.callActivityOnCreate(Instrumentation.java:1118)
03-26 18:33:02.265  4957  4957 E AndroidRuntime: 	at android.app.ActivityThread.performLaunchActivity(ActivityThread.java:2618)
03-26 18:33:02.265  4957  4957 E AndroidRuntime: 	... 9 more
03-26 18:33:02.265  4957  4957 E AndroidRuntime: Caused by: java.lang.ClassNotFoundException: Didn't find class "de.k3b.android.widgets.EditTextPreferenceWithSummary" on path: DexPathList[[zip file "/data/app/de.k3b.android.androFotoFinder-1/base.apk"],nativeLibraryDirectories=[/data/app/de.k3b.android.androFotoFinder-1/lib/x86, /system/lib, /vendor/lib]]
03-26 18:33:02.265  4957  4957 E AndroidRuntime: 	at dalvik.system.BaseDexClassLoader.findClass(BaseDexClassLoader.java:56)
03-26 18:33:02.265  4957  4957 E AndroidRuntime: 	at java.lang.ClassLoader.loadClass(ClassLoader.java:380)
03-26 18:33:02.265  4957  4957 E AndroidRuntime: 	at java.lang.ClassLoader.loadClass(ClassLoader.java:312)
03-26 18:33:02.265  4957  4957 E AndroidRuntime: 	at android.preference.GenericInflater.createItem(GenericInflater.java:376)
03-26 18:33:02.265  4957  4957 E AndroidRuntime: 	at android.preference.GenericInflater.createItemFromTag(GenericInflater.java:432)
03-26 18:33:02.265  4957  4957 E AndroidRuntime: 	... 19 more
03-26 18:33:49.652  5755  5755 W System.err: java.io.FileNotFoundException: /jacoco.exec (Read-only file system)
03-26 18:33:49.652  5755  5755 W System.err: 	at java.io.FileOutputStream.open(Native Method)
03-26 18:33:49.653  5755  5755 W System.err: 	at java.io.FileOutputStream.<init>(FileOutputStream.java:221)
03-26 18:33:49.653  5755  5755 W System.err: 	at org.jacoco.agent.rt.internal_8ff85ea.output.FileOutput.openFile(FileOutput.java:67)
03-26 18:33:49.653  5755  5755 W System.err: 	at org.jacoco.agent.rt.internal_8ff85ea.output.FileOutput.startup(FileOutput.java:49)
03-26 18:33:49.653  5755  5755 W System.err: 	at org.jacoco.agent.rt.internal_8ff85ea.Agent.startup(Agent.java:122)
03-26 18:33:49.653  5755  5755 W System.err: 	at org.jacoco.agent.rt.internal_8ff85ea.Agent.getInstance(Agent.java:50)
03-26 18:33:49.653  5755  5755 W System.err: 	at org.jacoco.agent.rt.internal_8ff85ea.Offline.<clinit>(Offline.java:31)
03-26 18:33:49.653  5755  5755 W System.err: 	at org.jacoco.agent.rt.internal_8ff85ea.Offline.getProbes(Offline.java:51)
03-26 18:33:49.653  5755  5755 W System.err: 	at de.k3b.android.androFotoFinder.AndroFotoFinderApp.$jacocoInit(AndroFotoFinderApp.java)
03-26 18:33:49.653  5755  5755 W System.err: 	at de.k3b.android.androFotoFinder.AndroFotoFinderApp.<init>(AndroFotoFinderApp.java)
03-26 18:33:49.653  5755  5755 W System.err: 	at java.lang.Class.newInstance(Native Method)
03-26 18:33:49.653  5755  5755 W System.err: 	at android.app.Instrumentation.newApplication(Instrumentation.java:1007)
03-26 18:33:49.653  5755  5755 W System.err: 	at android.app.Instrumentation.newApplication(Instrumentation.java:992)
03-26 18:33:49.654  5755  5755 W System.err: 	at android.app.LoadedApk.makeApplication(LoadedApk.java:796)
03-26 18:33:49.654  5755  5755 W System.err: 	at android.app.ActivityThread.handleBindApplication(ActivityThread.java:5377)
03-26 18:33:49.654  5755  5755 W System.err: 	at android.app.ActivityThread.-wrap2(ActivityThread.java)
03-26 18:33:49.654  5755  5755 W System.err: 	at android.app.ActivityThread$H.handleMessage(ActivityThread.java:1545)
03-26 18:33:49.654  5755  5755 W System.err: 	at android.os.Handler.dispatchMessage(Handler.java:102)
03-26 18:33:49.654  5755  5755 W System.err: 	at android.os.Looper.loop(Looper.java:154)
03-26 18:33:49.654  5755  5755 W System.err: 	at android.app.ActivityThread.main(ActivityThread.java:6119)
03-26 18:33:49.654  5755  5755 W System.err: 	at java.lang.reflect.Method.invoke(Native Method)
03-26 18:33:49.654  5755  5755 W System.err: 	at com.android.internal.os.ZygoteInit$MethodAndArgsCaller.run(ZygoteInit.java:886)
03-26 18:33:49.654  5755  5755 W System.err: 	at com.android.internal.os.ZygoteInit.main(ZygoteInit.java:776)
03-26 18:33:59.504  5755  5755 E AndroidRuntime: FATAL EXCEPTION: main
03-26 18:33:59.504  5755  5755 E AndroidRuntime: Process: de.k3b.android.androFotoFinder, PID: 5755
03-26 18:33:59.504  5755  5755 E AndroidRuntime: java.lang.RuntimeException: Unable to start activity ComponentInfo{de.k3b.android.androFotoFinder/de.k3b.android.androFotoFinder.SettingsActivity}: android.view.InflateException: Binary XML file line #49: Error inflating class de.k3b.android.widgets.EditTextPreferenceWithSummary
03-26 18:33:59.504  5755  5755 E AndroidRuntime: 	at android.app.ActivityThread.performLaunchActivity(ActivityThread.java:2665)
03-26 18:33:59.504  5755  5755 E AndroidRuntime: 	at android.app.ActivityThread.handleLaunchActivity(ActivityThread.java:2726)
03-26 18:33:59.504  5755  5755 E AndroidRuntime: 	at android.app.ActivityThread.-wrap12(ActivityThread.java)
03-26 18:33:59.504  5755  5755 E AndroidRuntime: 	at android.app.ActivityThread$H.handleMessage(ActivityThread.java:1477)
03-26 18:33:59.504  5755  5755 E AndroidRuntime: 	at android.os.Handler.dispatchMessage(Handler.java:102)
03-26 18:33:59.504  5755  5755 E AndroidRuntime: 	at android.os.Looper.loop(Looper.java:154)
03-26 18:33:59.504  5755  5755 E AndroidRuntime: 	at android.app.ActivityThread.main(ActivityThread.java:6119)
03-26 18:33:59.504  5755  5755 E AndroidRuntime: 	at java.lang.reflect.Method.invoke(Native Method)
03-26 18:33:59.504  5755  5755 E AndroidRuntime: 	at com.android.internal.os.ZygoteInit$MethodAndArgsCaller.run(ZygoteInit.java:886)
03-26 18:33:59.504  5755  5755 E AndroidRuntime: 	at com.android.internal.os.ZygoteInit.main(ZygoteInit.java:776)
03-26 18:33:59.504  5755  5755 E AndroidRuntime: Caused by: android.view.InflateException: Binary XML file line #49: Error inflating class de.k3b.android.widgets.EditTextPreferenceWithSummary
03-26 18:33:59.504  5755  5755 E AndroidRuntime: 	at android.preference.GenericInflater.createItemFromTag(GenericInflater.java:443)
03-26 18:33:59.504  5755  5755 E AndroidRuntime: 	at android.preference.GenericInflater.rInflate(GenericInflater.java:483)
03-26 18:33:59.504  5755  5755 E AndroidRuntime: 	at android.preference.GenericInflater.rInflate(GenericInflater.java:495)
03-26 18:33:59.504  5755  5755 E AndroidRuntime: 	at android.preference.GenericInflater.inflate(GenericInflater.java:327)
03-26 18:33:59.504  5755  5755 E AndroidRuntime: 	at android.preference.GenericInflater.inflate(GenericInflater.java:264)
03-26 18:33:59.504  5755  5755 E AndroidRuntime: 	at android.preference.PreferenceManager.inflateFromResource(PreferenceManager.java:280)
03-26 18:33:59.504  5755  5755 E AndroidRuntime: 	at android.preference.PreferenceActivity.addPreferencesFromResource(PreferenceActivity.java:1521)
03-26 18:33:59.504  5755  5755 E AndroidRuntime: 	at de.k3b.android.androFotoFinder.SettingsActivity.onCreate(SettingsActivity.java:78)
03-26 18:33:59.504  5755  5755 E AndroidRuntime: 	at android.app.Activity.performCreate(Activity.java:6679)
03-26 18:33:59.504  5755  5755 E AndroidRuntime: 	at android.app.Instrumentation.callActivityOnCreate(Instrumentation.java:1118)
03-26 18:33:59.504  5755  5755 E AndroidRuntime: 	at android.app.ActivityThread.performLaunchActivity(ActivityThread.java:2618)
03-26 18:33:59.504  5755  5755 E AndroidRuntime: 	... 9 more
03-26 18:33:59.504  5755  5755 E AndroidRuntime: Caused by: java.lang.ClassNotFoundException: Didn't find class "de.k3b.android.widgets.EditTextPreferenceWithSummary" on path: DexPathList[[zip file "/data/app/de.k3b.android.androFotoFinder-1/base.apk"],nativeLibraryDirectories=[/data/app/de.k3b.android.androFotoFinder-1/lib/x86, /system/lib, /vendor/lib]]
03-26 18:33:59.504  5755  5755 E AndroidRuntime: 	at dalvik.system.BaseDexClassLoader.findClass(BaseDexClassLoader.java:56)
03-26 18:33:59.504  5755  5755 E AndroidRuntime: 	at java.lang.ClassLoader.loadClass(ClassLoader.java:380)
03-26 18:33:59.504  5755  5755 E AndroidRuntime: 	at java.lang.ClassLoader.loadClass(ClassLoader.java:312)
03-26 18:33:59.504  5755  5755 E AndroidRuntime: 	at android.preference.GenericInflater.createItem(GenericInflater.java:376)
03-26 18:33:59.504  5755  5755 E AndroidRuntime: 	at android.preference.GenericInflater.createItemFromTag(GenericInflater.java:432)
03-26 18:33:59.504  5755  5755 E AndroidRuntime: 	... 19 more
03-26 18:34:49.760  6469  6469 W System.err: java.io.FileNotFoundException: /jacoco.exec (Read-only file system)
03-26 18:34:49.760  6469  6469 W System.err: 	at java.io.FileOutputStream.open(Native Method)
03-26 18:34:49.760  6469  6469 W System.err: 	at java.io.FileOutputStream.<init>(FileOutputStream.java:221)
03-26 18:34:49.760  6469  6469 W System.err: 	at org.jacoco.agent.rt.internal_8ff85ea.output.FileOutput.openFile(FileOutput.java:67)
03-26 18:34:49.760  6469  6469 W System.err: 	at org.jacoco.agent.rt.internal_8ff85ea.output.FileOutput.startup(FileOutput.java:49)
03-26 18:34:49.761  6469  6469 W System.err: 	at org.jacoco.agent.rt.internal_8ff85ea.Agent.startup(Agent.java:122)
03-26 18:34:49.761  6469  6469 W System.err: 	at org.jacoco.agent.rt.internal_8ff85ea.Agent.getInstance(Agent.java:50)
03-26 18:34:49.761  6469  6469 W System.err: 	at org.jacoco.agent.rt.internal_8ff85ea.Offline.<clinit>(Offline.java:31)
03-26 18:34:49.761  6469  6469 W System.err: 	at org.jacoco.agent.rt.internal_8ff85ea.Offline.getProbes(Offline.java:51)
03-26 18:34:49.761  6469  6469 W System.err: 	at de.k3b.android.androFotoFinder.AndroFotoFinderApp.$jacocoInit(AndroFotoFinderApp.java)
03-26 18:34:49.761  6469  6469 W System.err: 	at de.k3b.android.androFotoFinder.AndroFotoFinderApp.<init>(AndroFotoFinderApp.java)
03-26 18:34:49.761  6469  6469 W System.err: 	at java.lang.Class.newInstance(Native Method)
03-26 18:34:49.761  6469  6469 W System.err: 	at android.app.Instrumentation.newApplication(Instrumentation.java:1007)
03-26 18:34:49.761  6469  6469 W System.err: 	at android.app.Instrumentation.newApplication(Instrumentation.java:992)
03-26 18:34:49.761  6469  6469 W System.err: 	at android.app.LoadedApk.makeApplication(LoadedApk.java:796)
03-26 18:34:49.761  6469  6469 W System.err: 	at android.app.ActivityThread.handleBindApplication(ActivityThread.java:5377)
03-26 18:34:49.761  6469  6469 W System.err: 	at android.app.ActivityThread.-wrap2(ActivityThread.java)
03-26 18:34:49.761  6469  6469 W System.err: 	at android.app.ActivityThread$H.handleMessage(ActivityThread.java:1545)
03-26 18:34:49.761  6469  6469 W System.err: 	at android.os.Handler.dispatchMessage(Handler.java:102)
03-26 18:34:49.761  6469  6469 W System.err: 	at android.os.Looper.loop(Looper.java:154)
03-26 18:34:49.761  6469  6469 W System.err: 	at android.app.ActivityThread.main(ActivityThread.java:6119)
03-26 18:34:49.761  6469  6469 W System.err: 	at java.lang.reflect.Method.invoke(Native Method)
03-26 18:34:49.761  6469  6469 W System.err: 	at com.android.internal.os.ZygoteInit$MethodAndArgsCaller.run(ZygoteInit.java:886)
03-26 18:34:49.761  6469  6469 W System.err: 	at com.android.internal.os.ZygoteInit.main(ZygoteInit.java:776)
03-26 18:34:51.916  6469  6469 E AndroidRuntime: FATAL EXCEPTION: main
03-26 18:34:51.916  6469  6469 E AndroidRuntime: Process: de.k3b.android.androFotoFinder, PID: 6469
03-26 18:34:51.916  6469  6469 E AndroidRuntime: java.lang.RuntimeException: Unable to start activity ComponentInfo{de.k3b.android.androFotoFinder/de.k3b.android.androFotoFinder.SettingsActivity}: android.view.InflateException: Binary XML file line #49: Error inflating class de.k3b.android.widgets.EditTextPreferenceWithSummary
03-26 18:34:51.916  6469  6469 E AndroidRuntime: 	at android.app.ActivityThread.performLaunchActivity(ActivityThread.java:2665)
03-26 18:34:51.916  6469  6469 E AndroidRuntime: 	at android.app.ActivityThread.handleLaunchActivity(ActivityThread.java:2726)
03-26 18:34:51.916  6469  6469 E AndroidRuntime: 	at android.app.ActivityThread.-wrap12(ActivityThread.java)
03-26 18:34:51.916  6469  6469 E AndroidRuntime: 	at android.app.ActivityThread$H.handleMessage(ActivityThread.java:1477)
03-26 18:34:51.916  6469  6469 E AndroidRuntime: 	at android.os.Handler.dispatchMessage(Handler.java:102)
03-26 18:34:51.916  6469  6469 E AndroidRuntime: 	at android.os.Looper.loop(Looper.java:154)
03-26 18:34:51.916  6469  6469 E AndroidRuntime: 	at android.app.ActivityThread.main(ActivityThread.java:6119)
03-26 18:34:51.916  6469  6469 E AndroidRuntime: 	at java.lang.reflect.Method.invoke(Native Method)
03-26 18:34:51.916  6469  6469 E AndroidRuntime: 	at com.android.internal.os.ZygoteInit$MethodAndArgsCaller.run(ZygoteInit.java:886)
03-26 18:34:51.916  6469  6469 E AndroidRuntime: 	at com.android.internal.os.ZygoteInit.main(ZygoteInit.java:776)
03-26 18:34:51.916  6469  6469 E AndroidRuntime: Caused by: android.view.InflateException: Binary XML file line #49: Error inflating class de.k3b.android.widgets.EditTextPreferenceWithSummary
03-26 18:34:51.916  6469  6469 E AndroidRuntime: 	at android.preference.GenericInflater.createItemFromTag(GenericInflater.java:443)
03-26 18:34:51.916  6469  6469 E AndroidRuntime: 	at android.preference.GenericInflater.rInflate(GenericInflater.java:483)
03-26 18:34:51.916  6469  6469 E AndroidRuntime: 	at android.preference.GenericInflater.rInflate(GenericInflater.java:495)
03-26 18:34:51.916  6469  6469 E AndroidRuntime: 	at android.preference.GenericInflater.inflate(GenericInflater.java:327)
03-26 18:34:51.916  6469  6469 E AndroidRuntime: 	at android.preference.GenericInflater.inflate(GenericInflater.java:264)
03-26 18:34:51.916  6469  6469 E AndroidRuntime: 	at android.preference.PreferenceManager.inflateFromResource(PreferenceManager.java:280)
03-26 18:34:51.916  6469  6469 E AndroidRuntime: 	at android.preference.PreferenceActivity.addPreferencesFromResource(PreferenceActivity.java:1521)
03-26 18:34:51.916  6469  6469 E AndroidRuntime: 	at de.k3b.android.androFotoFinder.SettingsActivity.onCreate(SettingsActivity.java:78)
03-26 18:34:51.916  6469  6469 E AndroidRuntime: 	at android.app.Activity.performCreate(Activity.java:6679)
03-26 18:34:51.916  6469  6469 E AndroidRuntime: 	at android.app.Instrumentation.callActivityOnCreate(Instrumentation.java:1118)
03-26 18:34:51.916  6469  6469 E AndroidRuntime: 	at android.app.ActivityThread.performLaunchActivity(ActivityThread.java:2618)
03-26 18:34:51.916  6469  6469 E AndroidRuntime: 	... 9 more
03-26 18:34:51.916  6469  6469 E AndroidRuntime: Caused by: java.lang.ClassNotFoundException: Didn't find class "de.k3b.android.widgets.EditTextPreferenceWithSummary" on path: DexPathList[[zip file "/data/app/de.k3b.android.androFotoFinder-1/base.apk"],nativeLibraryDirectories=[/data/app/de.k3b.android.androFotoFinder-1/lib/x86, /system/lib, /vendor/lib]]
03-26 18:34:51.916  6469  6469 E AndroidRuntime: 	at dalvik.system.BaseDexClassLoader.findClass(BaseDexClassLoader.java:56)
03-26 18:34:51.916  6469  6469 E AndroidRuntime: 	at java.lang.ClassLoader.loadClass(ClassLoader.java:380)
03-26 18:34:51.916  6469  6469 E AndroidRuntime: 	at java.lang.ClassLoader.loadClass(ClassLoader.java:312)
03-26 18:34:51.916  6469  6469 E AndroidRuntime: 	at android.preference.GenericInflater.createItem(GenericInflater.java:376)
03-26 18:34:51.916  6469  6469 E AndroidRuntime: 	at android.preference.GenericInflater.createItemFromTag(GenericInflater.java:432)
03-26 18:34:51.916  6469  6469 E AndroidRuntime: 	... 19 more
03-26 18:35:08.080  7056  7056 W System.err: java.io.FileNotFoundException: /jacoco.exec (Read-only file system)
03-26 18:35:08.080  7056  7056 W System.err: 	at java.io.FileOutputStream.open(Native Method)
03-26 18:35:08.080  7056  7056 W System.err: 	at java.io.FileOutputStream.<init>(FileOutputStream.java:221)
03-26 18:35:08.080  7056  7056 W System.err: 	at org.jacoco.agent.rt.internal_8ff85ea.output.FileOutput.openFile(FileOutput.java:67)
03-26 18:35:08.080  7056  7056 W System.err: 	at org.jacoco.agent.rt.internal_8ff85ea.output.FileOutput.startup(FileOutput.java:49)
03-26 18:35:08.080  7056  7056 W System.err: 	at org.jacoco.agent.rt.internal_8ff85ea.Agent.startup(Agent.java:122)
03-26 18:35:08.080  7056  7056 W System.err: 	at org.jacoco.agent.rt.internal_8ff85ea.Agent.getInstance(Agent.java:50)
03-26 18:35:08.080  7056  7056 W System.err: 	at org.jacoco.agent.rt.internal_8ff85ea.Offline.<clinit>(Offline.java:31)
03-26 18:35:08.080  7056  7056 W System.err: 	at org.jacoco.agent.rt.internal_8ff85ea.Offline.getProbes(Offline.java:51)
03-26 18:35:08.080  7056  7056 W System.err: 	at de.k3b.android.androFotoFinder.AndroFotoFinderApp.$jacocoInit(AndroFotoFinderApp.java)
03-26 18:35:08.080  7056  7056 W System.err: 	at de.k3b.android.androFotoFinder.AndroFotoFinderApp.<init>(AndroFotoFinderApp.java)
03-26 18:35:08.080  7056  7056 W System.err: 	at java.lang.Class.newInstance(Native Method)
03-26 18:35:08.080  7056  7056 W System.err: 	at android.app.Instrumentation.newApplication(Instrumentation.java:1007)
03-26 18:35:08.080  7056  7056 W System.err: 	at android.app.Instrumentation.newApplication(Instrumentation.java:992)
03-26 18:35:08.080  7056  7056 W System.err: 	at android.app.LoadedApk.makeApplication(LoadedApk.java:796)
03-26 18:35:08.080  7056  7056 W System.err: 	at android.app.ActivityThread.handleBindApplication(ActivityThread.java:5377)
03-26 18:35:08.080  7056  7056 W System.err: 	at android.app.ActivityThread.-wrap2(ActivityThread.java)
03-26 18:35:08.080  7056  7056 W System.err: 	at android.app.ActivityThread$H.handleMessage(ActivityThread.java:1545)
03-26 18:35:08.081  7056  7056 W System.err: 	at android.os.Handler.dispatchMessage(Handler.java:102)
03-26 18:35:08.081  7056  7056 W System.err: 	at android.os.Looper.loop(Looper.java:154)
03-26 18:35:08.081  7056  7056 W System.err: 	at android.app.ActivityThread.main(ActivityThread.java:6119)
03-26 18:35:08.081  7056  7056 W System.err: 	at java.lang.reflect.Method.invoke(Native Method)
03-26 18:35:08.081  7056  7056 W System.err: 	at com.android.internal.os.ZygoteInit$MethodAndArgsCaller.run(ZygoteInit.java:886)
03-26 18:35:08.081  7056  7056 W System.err: 	at com.android.internal.os.ZygoteInit.main(ZygoteInit.java:776)
03-26 18:39:43.673  2558  7354 W System.err: com.google.android.apps.gsa.shared.exception.GsaIOException: Error code: 458758 | Error code: 393238 | Buffer overflow, no available space.
03-26 18:39:43.673  2558  7354 W System.err: 	at com.google.android.apps.gsa.speech.d.c.d.read(SourceFile:112)
03-26 18:39:43.673  2558  7354 W System.err: Caused by: com.google.android.apps.gsa.shared.exception.GsaIOException: Error code: 393238 | Buffer overflow, no available space.
03-26 18:39:43.673  2558  7354 W System.err: 	at com.google.android.apps.gsa.speech.audio.Tee.g(SourceFile:2531)
03-26 18:39:43.673  2558  7354 W System.err: 	at com.google.android.apps.gsa.speech.audio.ap.read(SourceFile:555)
03-26 18:39:43.673  2558  7354 W System.err: 	at java.io.InputStream.read(InputStream.java:101)
03-26 18:39:43.673  2558  7354 W System.err: 	at com.google.android.apps.gsa.speech.audio.al.run(SourceFile:362)
03-26 18:39:43.673  2558  7354 W System.err: 	at com.google.android.apps.gsa.speech.audio.ak$1.run(SourceFile:471)
03-26 18:39:43.673  2558  7354 W System.err: 	at java.util.concurrent.Executors$RunnableAdapter.call(Executors.java:428)
03-26 18:39:43.673  2558  7354 W System.err: 	at java.util.concurrent.FutureTask.run(FutureTask.java:237)
03-26 18:39:43.673  2558  7354 W System.err: 	at com.google.android.apps.gsa.shared.util.concurrent.a.ak.run(SourceFile:66)
03-26 18:39:43.673  2558  7354 W System.err: 	at com.google.android.apps.gsa.shared.util.concurrent.a.ax.run(SourceFile:139)
03-26 18:39:43.673  2558  7354 W System.err: 	at com.google.android.apps.gsa.shared.util.concurrent.a.ax.run(SourceFile:139)
03-26 18:39:43.673  2558  7354 W System.err: 	at java.util.concurrent.ThreadPoolExecutor.runWorker(ThreadPoolExecutor.java:1133)
03-26 18:39:43.673  2558  7354 W System.err: 	at java.util.concurrent.ThreadPoolExecutor$Worker.run(ThreadPoolExecutor.java:607)
03-26 18:39:43.673  2558  7354 W System.err: 	at java.lang.Thread.run(Thread.java:761)
03-26 18:39:43.673  2558  7354 W System.err: 	at com.google.android.apps.gsa.shared.util.concurrent.a.ad$1.run(SourceFile:85)
03-26 18:40:54.103  7056  7056 E AndroidRuntime: FATAL EXCEPTION: main
03-26 18:40:54.103  7056  7056 E AndroidRuntime: Process: de.k3b.android.androFotoFinder, PID: 7056
03-26 18:40:54.103  7056  7056 E AndroidRuntime: java.lang.RuntimeException: Unable to start activity ComponentInfo{de.k3b.android.androFotoFinder/de.k3b.android.androFotoFinder.SettingsActivity}: android.view.InflateException: Binary XML file line #49: Error inflating class de.k3b.android.widgets.EditTextPreferenceWithSummary
03-26 18:40:54.103  7056  7056 E AndroidRuntime: 	at android.app.ActivityThread.performLaunchActivity(ActivityThread.java:2665)
03-26 18:40:54.103  7056  7056 E AndroidRuntime: 	at android.app.ActivityThread.handleLaunchActivity(ActivityThread.java:2726)
03-26 18:40:54.103  7056  7056 E AndroidRuntime: 	at android.app.ActivityThread.-wrap12(ActivityThread.java)
03-26 18:40:54.103  7056  7056 E AndroidRuntime: 	at android.app.ActivityThread$H.handleMessage(ActivityThread.java:1477)
03-26 18:40:54.103  7056  7056 E AndroidRuntime: 	at android.os.Handler.dispatchMessage(Handler.java:102)
03-26 18:40:54.103  7056  7056 E AndroidRuntime: 	at android.os.Looper.loop(Looper.java:154)
03-26 18:40:54.103  7056  7056 E AndroidRuntime: 	at android.app.ActivityThread.main(ActivityThread.java:6119)
03-26 18:40:54.103  7056  7056 E AndroidRuntime: 	at java.lang.reflect.Method.invoke(Native Method)
03-26 18:40:54.103  7056  7056 E AndroidRuntime: 	at com.android.internal.os.ZygoteInit$MethodAndArgsCaller.run(ZygoteInit.java:886)
03-26 18:40:54.103  7056  7056 E AndroidRuntime: 	at com.android.internal.os.ZygoteInit.main(ZygoteInit.java:776)
03-26 18:40:54.103  7056  7056 E AndroidRuntime: Caused by: android.view.InflateException: Binary XML file line #49: Error inflating class de.k3b.android.widgets.EditTextPreferenceWithSummary
03-26 18:40:54.103  7056  7056 E AndroidRuntime: 	at android.preference.GenericInflater.createItemFromTag(GenericInflater.java:443)
03-26 18:40:54.103  7056  7056 E AndroidRuntime: 	at android.preference.GenericInflater.rInflate(GenericInflater.java:483)
03-26 18:40:54.103  7056  7056 E AndroidRuntime: 	at android.preference.GenericInflater.rInflate(GenericInflater.java:495)
03-26 18:40:54.103  7056  7056 E AndroidRuntime: 	at android.preference.GenericInflater.inflate(GenericInflater.java:327)
03-26 18:40:54.103  7056  7056 E AndroidRuntime: 	at android.preference.GenericInflater.inflate(GenericInflater.java:264)
03-26 18:40:54.103  7056  7056 E AndroidRuntime: 	at android.preference.PreferenceManager.inflateFromResource(PreferenceManager.java:280)
03-26 18:40:54.103  7056  7056 E AndroidRuntime: 	at android.preference.PreferenceActivity.addPreferencesFromResource(PreferenceActivity.java:1521)
03-26 18:40:54.103  7056  7056 E AndroidRuntime: 	at de.k3b.android.androFotoFinder.SettingsActivity.onCreate(SettingsActivity.java:78)
03-26 18:40:54.103  7056  7056 E AndroidRuntime: 	at android.app.Activity.performCreate(Activity.java:6679)
03-26 18:40:54.103  7056  7056 E AndroidRuntime: 	at android.app.Instrumentation.callActivityOnCreate(Instrumentation.java:1118)
03-26 18:40:54.103  7056  7056 E AndroidRuntime: 	at android.app.ActivityThread.performLaunchActivity(ActivityThread.java:2618)
03-26 18:40:54.103  7056  7056 E AndroidRuntime: 	... 9 more
03-26 18:40:54.103  7056  7056 E AndroidRuntime: Caused by: java.lang.ClassNotFoundException: Didn't find class "de.k3b.android.widgets.EditTextPreferenceWithSummary" on path: DexPathList[[zip file "/data/app/de.k3b.android.androFotoFinder-1/base.apk"],nativeLibraryDirectories=[/data/app/de.k3b.android.androFotoFinder-1/lib/x86, /system/lib, /vendor/lib]]
03-26 18:40:54.103  7056  7056 E AndroidRuntime: 	at dalvik.system.BaseDexClassLoader.findClass(BaseDexClassLoader.java:56)
03-26 18:40:54.103  7056  7056 E AndroidRuntime: 	at java.lang.ClassLoader.loadClass(ClassLoader.java:380)
03-26 18:40:54.103  7056  7056 E AndroidRuntime: 	at java.lang.ClassLoader.loadClass(ClassLoader.java:312)
03-26 18:40:54.103  7056  7056 E AndroidRuntime: 	at android.preference.GenericInflater.createItem(GenericInflater.java:376)
03-26 18:40:54.103  7056  7056 E AndroidRuntime: 	at android.preference.GenericInflater.createItemFromTag(GenericInflater.java:432)
03-26 18:40:54.103  7056  7056 E AndroidRuntime: 	... 19 more
03-26 18:41:38.898  7929  7929 W System.err: java.io.FileNotFoundException: /jacoco.exec (Read-only file system)
03-26 18:41:38.898  7929  7929 W System.err: 	at java.io.FileOutputStream.open(Native Method)
03-26 18:41:38.898  7929  7929 W System.err: 	at java.io.FileOutputStream.<init>(FileOutputStream.java:221)
03-26 18:41:38.898  7929  7929 W System.err: 	at org.jacoco.agent.rt.internal_8ff85ea.output.FileOutput.openFile(FileOutput.java:67)
03-26 18:41:38.898  7929  7929 W System.err: 	at org.jacoco.agent.rt.internal_8ff85ea.output.FileOutput.startup(FileOutput.java:49)
03-26 18:41:38.898  7929  7929 W System.err: 	at org.jacoco.agent.rt.internal_8ff85ea.Agent.startup(Agent.java:122)
03-26 18:41:38.898  7929  7929 W System.err: 	at org.jacoco.agent.rt.internal_8ff85ea.Agent.getInstance(Agent.java:50)
03-26 18:41:38.898  7929  7929 W System.err: 	at org.jacoco.agent.rt.internal_8ff85ea.Offline.<clinit>(Offline.java:31)
03-26 18:41:38.898  7929  7929 W System.err: 	at org.jacoco.agent.rt.internal_8ff85ea.Offline.getProbes(Offline.java:51)
03-26 18:41:38.898  7929  7929 W System.err: 	at de.k3b.android.androFotoFinder.AndroFotoFinderApp.$jacocoInit(AndroFotoFinderApp.java)
03-26 18:41:38.898  7929  7929 W System.err: 	at de.k3b.android.androFotoFinder.AndroFotoFinderApp.<init>(AndroFotoFinderApp.java)
03-26 18:41:38.898  7929  7929 W System.err: 	at java.lang.Class.newInstance(Native Method)
03-26 18:41:38.898  7929  7929 W System.err: 	at android.app.Instrumentation.newApplication(Instrumentation.java:1007)
03-26 18:41:38.898  7929  7929 W System.err: 	at android.app.Instrumentation.newApplication(Instrumentation.java:992)
03-26 18:41:38.898  7929  7929 W System.err: 	at android.app.LoadedApk.makeApplication(LoadedApk.java:796)
03-26 18:41:38.898  7929  7929 W System.err: 	at android.app.ActivityThread.handleBindApplication(ActivityThread.java:5377)
03-26 18:41:38.898  7929  7929 W System.err: 	at android.app.ActivityThread.-wrap2(ActivityThread.java)
03-26 18:41:38.898  7929  7929 W System.err: 	at android.app.ActivityThread$H.handleMessage(ActivityThread.java:1545)
03-26 18:41:38.898  7929  7929 W System.err: 	at android.os.Handler.dispatchMessage(Handler.java:102)
03-26 18:41:38.898  7929  7929 W System.err: 	at android.os.Looper.loop(Looper.java:154)
03-26 18:41:38.898  7929  7929 W System.err: 	at android.app.ActivityThread.main(ActivityThread.java:6119)
03-26 18:41:38.898  7929  7929 W System.err: 	at java.lang.reflect.Method.invoke(Native Method)
03-26 18:41:38.898  7929  7929 W System.err: 	at com.android.internal.os.ZygoteInit$MethodAndArgsCaller.run(ZygoteInit.java:886)
03-26 18:41:38.898  7929  7929 W System.err: 	at com.android.internal.os.ZygoteInit.main(ZygoteInit.java:776)
