--------- beginning of main
--------- beginning of system
--------- beginning of crash
03-26 15:42:34.816  3561  3561 E AndroidRuntime: FATAL EXCEPTION: main
03-26 15:42:34.816  3561  3561 E AndroidRuntime: Process: com.ichi2.anki, PID: 3561
03-26 15:42:34.816  3561  3561 E AndroidRuntime: java.lang.NullPointerException: Attempt to invoke virtual method 'boolean android.support.v7.widget.SearchView.isIconified()' on a null object reference
03-26 15:42:34.816  3561  3561 E AndroidRuntime: 	at com.ichi2.anki.CardBrowser$20.onPostExecute(CardBrowser.java:1364)
03-26 15:42:34.816  3561  3561 E AndroidRuntime: 	at com.ichi2.async.DeckTask$TaskListener.onPostExecute(DeckTask.java:1521)
03-26 15:42:34.816  3561  3561 E AndroidRuntime: 	at com.ichi2.async.DeckTask.onPostExecute(DeckTask.java:376)
03-26 15:42:34.816  3561  3561 E AndroidRuntime: 	at com.ichi2.async.DeckTask.onPostExecute(DeckTask.java:69)
03-26 15:42:34.816  3561  3561 E AndroidRuntime: 	at android.os.AsyncTask.finish(AsyncTask.java:667)
03-26 15:42:34.816  3561  3561 E AndroidRuntime: 	at android.os.AsyncTask.-wrap1(AsyncTask.java)
03-26 15:42:34.816  3561  3561 E AndroidRuntime: 	at android.os.AsyncTask$InternalHandler.handleMessage(AsyncTask.java:684)
03-26 15:42:34.816  3561  3561 E AndroidRuntime: 	at android.os.Handler.dispatchMessage(Handler.java:102)
03-26 15:42:34.816  3561  3561 E AndroidRuntime: 	at android.os.Looper.loop(Looper.java:154)
03-26 15:42:34.816  3561  3561 E AndroidRuntime: 	at android.app.ActivityThread.main(ActivityThread.java:6119)
03-26 15:42:34.816  3561  3561 E AndroidRuntime: 	at java.lang.reflect.Method.invoke(Native Method)
03-26 15:42:34.816  3561  3561 E AndroidRuntime: 	at com.android.internal.os.ZygoteInit$MethodAndArgsCaller.run(ZygoteInit.java:886)
03-26 15:42:34.816  3561  3561 E AndroidRuntime: 	at com.android.internal.os.ZygoteInit.main(ZygoteInit.java:776)
03-26 15:42:59.587  4713  4713 W System.err: java.io.FileNotFoundException: /jacoco.exec (Read-only file system)
03-26 15:42:59.589  4713  4713 W System.err: 	at java.io.FileOutputStream.open(Native Method)
03-26 15:42:59.589  4713  4713 W System.err: 	at java.io.FileOutputStream.<init>(FileOutputStream.java:221)
03-26 15:42:59.589  4713  4713 W System.err: 	at org.jacoco.agent.rt.internal_8ff85ea.output.FileOutput.openFile(FileOutput.java:67)
03-26 15:42:59.590  4713  4713 W System.err: 	at org.jacoco.agent.rt.internal_8ff85ea.output.FileOutput.startup(FileOutput.java:49)
03-26 15:42:59.590  4713  4713 W System.err: 	at org.jacoco.agent.rt.internal_8ff85ea.Agent.startup(Agent.java:122)
03-26 15:42:59.590  4713  4713 W System.err: 	at org.jacoco.agent.rt.internal_8ff85ea.Agent.getInstance(Agent.java:50)
03-26 15:42:59.590  4713  4713 W System.err: 	at org.jacoco.agent.rt.internal_8ff85ea.Offline.<clinit>(Offline.java:31)
03-26 15:42:59.590  4713  4713 W System.err: 	at org.jacoco.agent.rt.internal_8ff85ea.Offline.getProbes(Offline.java:51)
03-26 15:42:59.590  4713  4713 W System.err: 	at com.ichi2.anki.AnkiDroidApp.$jacocoInit(AnkiDroidApp.java)
03-26 15:42:59.590  4713  4713 W System.err: 	at com.ichi2.anki.AnkiDroidApp.<clinit>(AnkiDroidApp.java)
03-26 15:42:59.590  4713  4713 W System.err: 	at java.lang.Class.newInstance(Native Method)
03-26 15:42:59.590  4713  4713 W System.err: 	at android.app.Instrumentation.newApplication(Instrumentation.java:1007)
03-26 15:42:59.590  4713  4713 W System.err: 	at android.app.Instrumentation.newApplication(Instrumentation.java:992)
03-26 15:42:59.590  4713  4713 W System.err: 	at android.app.LoadedApk.makeApplication(LoadedApk.java:796)
03-26 15:42:59.590  4713  4713 W System.err: 	at android.app.ActivityThread.handleBindApplication(ActivityThread.java:5377)
03-26 15:42:59.590  4713  4713 W System.err: 	at android.app.ActivityThread.-wrap2(ActivityThread.java)
03-26 15:42:59.590  4713  4713 W System.err: 	at android.app.ActivityThread$H.handleMessage(ActivityThread.java:1545)
03-26 15:42:59.590  4713  4713 W System.err: 	at android.os.Handler.dispatchMessage(Handler.java:102)
03-26 15:42:59.590  4713  4713 W System.err: 	at android.os.Looper.loop(Looper.java:154)
03-26 15:42:59.590  4713  4713 W System.err: 	at android.app.ActivityThread.main(ActivityThread.java:6119)
03-26 15:42:59.590  4713  4713 W System.err: 	at java.lang.reflect.Method.invoke(Native Method)
03-26 15:42:59.590  4713  4713 W System.err: 	at com.android.internal.os.ZygoteInit$MethodAndArgsCaller.run(ZygoteInit.java:886)
03-26 15:42:59.590  4713  4713 W System.err: 	at com.android.internal.os.ZygoteInit.main(ZygoteInit.java:776)
03-26 15:43:42.784  4713  4713 E AndroidRuntime: FATAL EXCEPTION: main
03-26 15:43:42.784  4713  4713 E AndroidRuntime: Process: com.ichi2.anki, PID: 4713
03-26 15:43:42.784  4713  4713 E AndroidRuntime: java.lang.NullPointerException: Attempt to invoke virtual method 'boolean android.support.v7.widget.SearchView.isIconified()' on a null object reference
03-26 15:43:42.784  4713  4713 E AndroidRuntime: 	at com.ichi2.anki.CardBrowser$20.onPostExecute(CardBrowser.java:1364)
03-26 15:43:42.784  4713  4713 E AndroidRuntime: 	at com.ichi2.async.DeckTask$TaskListener.onPostExecute(DeckTask.java:1521)
03-26 15:43:42.784  4713  4713 E AndroidRuntime: 	at com.ichi2.async.DeckTask.onPostExecute(DeckTask.java:376)
03-26 15:43:42.784  4713  4713 E AndroidRuntime: 	at com.ichi2.async.DeckTask.onPostExecute(DeckTask.java:69)
03-26 15:43:42.784  4713  4713 E AndroidRuntime: 	at android.os.AsyncTask.finish(AsyncTask.java:667)
03-26 15:43:42.784  4713  4713 E AndroidRuntime: 	at android.os.AsyncTask.-wrap1(AsyncTask.java)
03-26 15:43:42.784  4713  4713 E AndroidRuntime: 	at android.os.AsyncTask$InternalHandler.handleMessage(AsyncTask.java:684)
03-26 15:43:42.784  4713  4713 E AndroidRuntime: 	at android.os.Handler.dispatchMessage(Handler.java:102)
03-26 15:43:42.784  4713  4713 E AndroidRuntime: 	at android.os.Looper.loop(Looper.java:154)
03-26 15:43:42.784  4713  4713 E AndroidRuntime: 	at android.app.ActivityThread.main(ActivityThread.java:6119)
03-26 15:43:42.784  4713  4713 E AndroidRuntime: 	at java.lang.reflect.Method.invoke(Native Method)
03-26 15:43:42.784  4713  4713 E AndroidRuntime: 	at com.android.internal.os.ZygoteInit$MethodAndArgsCaller.run(ZygoteInit.java:886)
03-26 15:43:42.784  4713  4713 E AndroidRuntime: 	at com.android.internal.os.ZygoteInit.main(ZygoteInit.java:776)
03-26 15:44:03.615  5372  5372 W System.err: java.io.FileNotFoundException: /jacoco.exec (Read-only file system)
03-26 15:44:03.616  5372  5372 W System.err: 	at java.io.FileOutputStream.open(Native Method)
03-26 15:44:03.616  5372  5372 W System.err: 	at java.io.FileOutputStream.<init>(FileOutputStream.java:221)
03-26 15:44:03.616  5372  5372 W System.err: 	at org.jacoco.agent.rt.internal_8ff85ea.output.FileOutput.openFile(FileOutput.java:67)
03-26 15:44:03.616  5372  5372 W System.err: 	at org.jacoco.agent.rt.internal_8ff85ea.output.FileOutput.startup(FileOutput.java:49)
03-26 15:44:03.616  5372  5372 W System.err: 	at org.jacoco.agent.rt.internal_8ff85ea.Agent.startup(Agent.java:122)
03-26 15:44:03.616  5372  5372 W System.err: 	at org.jacoco.agent.rt.internal_8ff85ea.Agent.getInstance(Agent.java:50)
03-26 15:44:03.616  5372  5372 W System.err: 	at org.jacoco.agent.rt.internal_8ff85ea.Offline.<clinit>(Offline.java:31)
03-26 15:44:03.616  5372  5372 W System.err: 	at org.jacoco.agent.rt.internal_8ff85ea.Offline.getProbes(Offline.java:51)
03-26 15:44:03.616  5372  5372 W System.err: 	at com.ichi2.anki.AnkiDroidApp.$jacocoInit(AnkiDroidApp.java)
03-26 15:44:03.616  5372  5372 W System.err: 	at com.ichi2.anki.AnkiDroidApp.<clinit>(AnkiDroidApp.java)
03-26 15:44:03.616  5372  5372 W System.err: 	at java.lang.Class.newInstance(Native Method)
03-26 15:44:03.616  5372  5372 W System.err: 	at android.app.Instrumentation.newApplication(Instrumentation.java:1007)
03-26 15:44:03.616  5372  5372 W System.err: 	at android.app.Instrumentation.newApplication(Instrumentation.java:992)
03-26 15:44:03.616  5372  5372 W System.err: 	at android.app.LoadedApk.makeApplication(LoadedApk.java:796)
03-26 15:44:03.616  5372  5372 W System.err: 	at android.app.ActivityThread.handleBindApplication(ActivityThread.java:5377)
03-26 15:44:03.616  5372  5372 W System.err: 	at android.app.ActivityThread.-wrap2(ActivityThread.java)
03-26 15:44:03.616  5372  5372 W System.err: 	at android.app.ActivityThread$H.handleMessage(ActivityThread.java:1545)
03-26 15:44:03.616  5372  5372 W System.err: 	at android.os.Handler.dispatchMessage(Handler.java:102)
03-26 15:44:03.616  5372  5372 W System.err: 	at android.os.Looper.loop(Looper.java:154)
03-26 15:44:03.616  5372  5372 W System.err: 	at android.app.ActivityThread.main(ActivityThread.java:6119)
03-26 15:44:03.616  5372  5372 W System.err: 	at java.lang.reflect.Method.invoke(Native Method)
03-26 15:44:03.616  5372  5372 W System.err: 	at com.android.internal.os.ZygoteInit$MethodAndArgsCaller.run(ZygoteInit.java:886)
03-26 15:44:03.616  5372  5372 W System.err: 	at com.android.internal.os.ZygoteInit.main(ZygoteInit.java:776)
03-26 15:47:13.455  5372  5372 E AndroidRuntime: FATAL EXCEPTION: main
03-26 15:47:13.455  5372  5372 E AndroidRuntime: Process: com.ichi2.anki, PID: 5372
03-26 15:47:13.455  5372  5372 E AndroidRuntime: android.content.ActivityNotFoundException: No Activity found to handle Intent { act=android.intent.action.VIEW dat=market://details?id=com.ichi2.anki }
03-26 15:47:13.455  5372  5372 E AndroidRuntime: 	at android.app.Instrumentation.checkStartActivityResult(Instrumentation.java:1809)
03-26 15:47:13.455  5372  5372 E AndroidRuntime: 	at android.app.Instrumentation.execStartActivity(Instrumentation.java:1523)
03-26 15:47:13.455  5372  5372 E AndroidRuntime: 	at android.app.Activity.startActivityForResult(Activity.java:4225)
03-26 15:47:13.455  5372  5372 E AndroidRuntime: 	at android.support.v4.app.BaseFragmentActivityApi16.startActivityForResult(BaseFragmentActivityApi16.java:54)
03-26 15:47:13.455  5372  5372 E AndroidRuntime: 	at android.support.v4.app.FragmentActivity.startActivityForResult(FragmentActivity.java:68)
03-26 15:47:13.455  5372  5372 E AndroidRuntime: 	at android.app.Activity.startActivityForResult(Activity.java:4183)
03-26 15:47:13.455  5372  5372 E AndroidRuntime: 	at android.support.v4.app.FragmentActivity.startActivityForResult(FragmentActivity.java:751)
03-26 15:47:13.455  5372  5372 E AndroidRuntime: 	at com.ichi2.anki.AnkiActivity.startActivityForResult(AnkiActivity.java:172)
03-26 15:47:13.455  5372  5372 E AndroidRuntime: 	at android.app.Activity.startActivity(Activity.java:4522)
03-26 15:47:13.455  5372  5372 E AndroidRuntime: 	at android.app.Activity.startActivity(Activity.java:4490)
03-26 15:47:13.455  5372  5372 E AndroidRuntime: 	at com.ichi2.anki.AnkiActivity.startActivity(AnkiActivity.java:151)
03-26 15:47:13.455  5372  5372 E AndroidRuntime: 	at com.ichi2.anki.Info$2.onClick(Info.java:96)
03-26 15:47:13.455  5372  5372 E AndroidRuntime: 	at android.view.View.performClick(View.java:5637)
03-26 15:47:13.455  5372  5372 E AndroidRuntime: 	at android.view.View.onKeyUp(View.java:10661)
03-26 15:47:13.455  5372  5372 E AndroidRuntime: 	at android.widget.TextView.onKeyUp(TextView.java:6382)
03-26 15:47:13.455  5372  5372 E AndroidRuntime: 	at android.view.KeyEvent.dispatch(KeyEvent.java:2712)
03-26 15:47:13.455  5372  5372 E AndroidRuntime: 	at android.view.View.dispatchKeyEvent(View.java:9960)
03-26 15:47:13.455  5372  5372 E AndroidRuntime: 	at android.view.ViewGroup.dispatchKeyEvent(ViewGroup.java:1630)
03-26 15:47:13.455  5372  5372 E AndroidRuntime: 	at android.view.ViewGroup.dispatchKeyEvent(ViewGroup.java:1630)
03-26 15:47:13.455  5372  5372 E AndroidRuntime: 	at android.view.ViewGroup.dispatchKeyEvent(ViewGroup.java:1630)
03-26 15:47:13.455  5372  5372 E AndroidRuntime: 	at android.view.ViewGroup.dispatchKeyEvent(ViewGroup.java:1630)
03-26 15:47:13.455  5372  5372 E AndroidRuntime: 	at android.view.ViewGroup.dispatchKeyEvent(ViewGroup.java:1630)
03-26 15:47:13.455  5372  5372 E AndroidRuntime: 	at android.view.ViewGroup.dispatchKeyEvent(ViewGroup.java:1630)
03-26 15:47:13.455  5372  5372 E AndroidRuntime: 	at android.view.ViewGroup.dispatchKeyEvent(ViewGroup.java:1630)
03-26 15:47:13.455  5372  5372 E AndroidRuntime: 	at android.view.ViewGroup.dispatchKeyEvent(ViewGroup.java:1630)
03-26 15:47:13.455  5372  5372 E AndroidRuntime: 	at com.android.internal.policy.DecorView.superDispatchKeyEvent(DecorView.java:405)
03-26 15:47:13.455  5372  5372 E AndroidRuntime: 	at com.android.internal.policy.PhoneWindow.superDispatchKeyEvent(PhoneWindow.java:1798)
03-26 15:47:13.455  5372  5372 E AndroidRuntime: 	at android.app.Activity.dispatchKeyEvent(Activity.java:3021)
03-26 15:47:13.455  5372  5372 E AndroidRuntime: 	at android.support.v7.app.AppCompatActivity.dispatchKeyEvent(AppCompatActivity.java:534)
03-26 15:47:13.455  5372  5372 E AndroidRuntime: 	at android.support.v7.view.WindowCallbackWrapper.dispatchKeyEvent(WindowCallbackWrapper.java:58)
03-26 15:47:13.455  5372  5372 E AndroidRuntime: 	at android.support.v7.app.AppCompatDelegateImplBase$AppCompatWindowCallbackBase.dispatchKeyEvent(AppCompatDelegateImplBase.java:316)
03-26 15:47:13.455  5372  5372 E AndroidRuntime: 	at android.support.v7.view.WindowCallbackWrapper.dispatchKeyEvent(WindowCallbackWrapper.java:58)
03-26 15:47:13.455  5372  5372 E AndroidRuntime: 	at com.android.internal.policy.DecorView.dispatchKeyEvent(DecorView.java:319)
03-26 15:47:13.455  5372  5372 E AndroidRuntime: 	at android.view.ViewRootImpl$ViewPostImeInputStage.processKeyEvent(ViewRootImpl.java:4331)
03-26 15:47:13.455  5372  5372 E AndroidRuntime: 	at android.view.ViewRootImpl$ViewPostImeInputStage.onProcess(ViewRootImpl.java:4302)
03-26 15:47:13.455  5372  5372 E AndroidRuntime: 	at android.view.ViewRootImpl$InputStage.deliver(ViewRootImpl.java:3853)
03-26 15:47:13.455  5372  5372 E AndroidRuntime: 	at android.view.ViewRootImpl$InputStage.onDeliverToNext(ViewRootImpl.java:3906)
03-26 15:47:13.455  5372  5372 E AndroidRuntime: 	at android.view.ViewRootImpl$InputStage.forward(ViewRootImpl.java:3872)
03-26 15:47:13.455  5372  5372 E AndroidRuntime: 	at android.view.ViewRootImpl$AsyncInputStage.forward(ViewRootImpl.java:3999)
03-26 15:47:13.455  5372  5372 E AndroidRuntime: 	at android.view.ViewRootImpl$InputStage.apply(ViewRootImpl.java:3880)
03-26 15:47:13.455  5372  5372 E AndroidRuntime: 	at android.view.ViewRootImpl$AsyncInputStage.apply(ViewRootImpl.java:4056)
03-26 15:47:13.455  5372  5372 E AndroidRuntime: 	at android.view.ViewRootImpl$InputStage.deliver(ViewRootImpl.java:3853)
03-26 15:47:13.455  5372  5372 E AndroidRuntime: 	at android.view.ViewRootImpl$InputStage.onDeliverToNext(ViewRootImpl.java:3906)
03-26 15:47:13.455  5372  5372 E AndroidRuntime: 	at android.view.ViewRootImpl$InputStage.forward(ViewRootImpl.java:3872)
03-26 15:47:13.455  5372  5372 E AndroidRuntime: 	at android.view.ViewRootImpl$InputStage.apply(ViewRootImpl.java:3880)
03-26 15:47:13.455  5372  5372 E AndroidRuntime: 	at android.view.ViewRootImpl$InputStage.deliver(ViewRootImpl.java:3853)
03-26 15:47:13.455  5372  5372 E AndroidRuntime: 	at android.view.ViewRootImpl$InputStage.onDeliverToNext(ViewRootImpl.java:3906)
03-26 15:47:13.455  5372  5372 E AndroidRuntime: 	at android.view.ViewRootImpl$InputStage.forward(ViewRootImpl.java:3872)
03-26 15:47:13.455  5372  5372 E AndroidRuntime: 	at android.view.ViewRootImpl$AsyncInputStage.forward(ViewRootImpl.java:4032)
03-26 15:47:13.455  5372  5372 E AndroidRuntime: 	at android.view.ViewRootImpl$ImeInputStage.onFinishedInputEvent(ViewRootImpl.java:4193)
03-26 15:47:13.455  5372  5372 E AndroidRuntime: 	at android.view.inputmethod.InputMethodManager$PendingEvent.run(InputMethodManager.java:2400)
03-26 15:47:13.455  5372  5372 E AndroidRuntime: 	at android.view.inputmethod.InputMethodManager.invokeFinishedInputEventCallback(InputMethodManager.java:1964)
03-26 15:47:13.455  5372  5372 E AndroidRuntime: 	at android.view.inputmethod.InputMethodManager.finishedInputEvent(InputMethodManager.java:1955)
03-26 15:47:13.455  5372  5372 E AndroidRuntime: 	at android.view.inputmethod.InputMethodManager$ImeInputEventSender.onInputEventFinished(InputMethodManager.java:2377)
03-26 15:47:13.455  5372  5372 E AndroidRuntime: 	at android.view.InputEventSender.dispatchInputEventFinished(InputEventSender.java:141)
03-26 15:47:13.455  5372  5372 E AndroidRuntime: 	at android.os.MessageQueue.nativePollOnce(Native Method)
03-26 15:47:13.455  5372  5372 E AndroidRuntime: 	at android.os.MessageQueue.next(MessageQueue.java:323)
03-26 15:47:13.455  5372  5372 E AndroidRuntime: 	at android.os.Looper.loop(Looper.java:136)
03-26 15:47:13.455  5372  5372 E AndroidRuntime: 	at android.app.ActivityThread.main(ActivityThread.java:6119)
03-26 15:47:13.455  5372  5372 E AndroidRuntime: 	at java.lang.reflect.Method.invoke(Native Method)
03-26 15:47:13.455  5372  5372 E AndroidRuntime: 	at com.android.internal.os.ZygoteInit$MethodAndArgsCaller.run(ZygoteInit.java:886)
03-26 15:47:13.455  5372  5372 E AndroidRuntime: 	at com.android.internal.os.ZygoteInit.main(ZygoteInit.java:776)
03-26 15:47:56.797  6094  6094 W System.err: java.io.FileNotFoundException: /jacoco.exec (Read-only file system)
03-26 15:47:56.798  6094  6094 W System.err: 	at java.io.FileOutputStream.open(Native Method)
03-26 15:47:56.798  6094  6094 W System.err: 	at java.io.FileOutputStream.<init>(FileOutputStream.java:221)
03-26 15:47:56.798  6094  6094 W System.err: 	at org.jacoco.agent.rt.internal_8ff85ea.output.FileOutput.openFile(FileOutput.java:67)
03-26 15:47:56.798  6094  6094 W System.err: 	at org.jacoco.agent.rt.internal_8ff85ea.output.FileOutput.startup(FileOutput.java:49)
03-26 15:47:56.798  6094  6094 W System.err: 	at org.jacoco.agent.rt.internal_8ff85ea.Agent.startup(Agent.java:122)
03-26 15:47:56.798  6094  6094 W System.err: 	at org.jacoco.agent.rt.internal_8ff85ea.Agent.getInstance(Agent.java:50)
03-26 15:47:56.798  6094  6094 W System.err: 	at org.jacoco.agent.rt.internal_8ff85ea.Offline.<clinit>(Offline.java:31)
03-26 15:47:56.798  6094  6094 W System.err: 	at org.jacoco.agent.rt.internal_8ff85ea.Offline.getProbes(Offline.java:51)
03-26 15:47:56.798  6094  6094 W System.err: 	at com.ichi2.anki.AnkiDroidApp.$jacocoInit(AnkiDroidApp.java)
03-26 15:47:56.798  6094  6094 W System.err: 	at com.ichi2.anki.AnkiDroidApp.<clinit>(AnkiDroidApp.java)
03-26 15:47:56.798  6094  6094 W System.err: 	at java.lang.Class.newInstance(Native Method)
03-26 15:47:56.798  6094  6094 W System.err: 	at android.app.Instrumentation.newApplication(Instrumentation.java:1007)
03-26 15:47:56.798  6094  6094 W System.err: 	at android.app.Instrumentation.newApplication(Instrumentation.java:992)
03-26 15:47:56.798  6094  6094 W System.err: 	at android.app.LoadedApk.makeApplication(LoadedApk.java:796)
03-26 15:47:56.798  6094  6094 W System.err: 	at android.app.ActivityThread.handleBindApplication(ActivityThread.java:5377)
03-26 15:47:56.798  6094  6094 W System.err: 	at android.app.ActivityThread.-wrap2(ActivityThread.java)
03-26 15:47:56.798  6094  6094 W System.err: 	at android.app.ActivityThread$H.handleMessage(ActivityThread.java:1545)
03-26 15:47:56.798  6094  6094 W System.err: 	at android.os.Handler.dispatchMessage(Handler.java:102)
03-26 15:47:56.798  6094  6094 W System.err: 	at android.os.Looper.loop(Looper.java:154)
03-26 15:47:56.798  6094  6094 W System.err: 	at android.app.ActivityThread.main(ActivityThread.java:6119)
03-26 15:47:56.798  6094  6094 W System.err: 	at java.lang.reflect.Method.invoke(Native Method)
03-26 15:47:56.798  6094  6094 W System.err: 	at com.android.internal.os.ZygoteInit$MethodAndArgsCaller.run(ZygoteInit.java:886)
03-26 15:47:56.798  6094  6094 W System.err: 	at com.android.internal.os.ZygoteInit.main(ZygoteInit.java:776)
03-26 15:51:20.728  6094  6094 E AndroidRuntime: FATAL EXCEPTION: main
03-26 15:51:20.728  6094  6094 E AndroidRuntime: Process: com.ichi2.anki, PID: 6094
03-26 15:51:20.728  6094  6094 E AndroidRuntime: java.lang.RuntimeException: This is a test crash
03-26 15:51:20.728  6094  6094 E AndroidRuntime: 	at com.ichi2.anki.Preferences.lambda$initSubscreen$7(Preferences.java:293)
03-26 15:51:20.728  6094  6094 E AndroidRuntime: 	at com.ichi2.anki.-$$Lambda$Preferences$fwDFvlTcNhpAcEMN_bOWEVP90Y4.onPreferenceClick(lambda)
03-26 15:51:20.728  6094  6094 E AndroidRuntime: 	at android.preference.Preference.performClick(Preference.java:996)
03-26 15:51:20.728  6094  6094 E AndroidRuntime: 	at android.preference.PreferenceScreen.onItemClick(PreferenceScreen.java:249)
03-26 15:51:20.728  6094  6094 E AndroidRuntime: 	at android.widget.AdapterView.performItemClick(AdapterView.java:310)
03-26 15:51:20.728  6094  6094 E AndroidRuntime: 	at android.widget.AbsListView.performItemClick(AbsListView.java:1156)
03-26 15:51:20.728  6094  6094 E AndroidRuntime: 	at android.widget.AbsListView$PerformClick.run(AbsListView.java:3121)
03-26 15:51:20.728  6094  6094 E AndroidRuntime: 	at android.widget.AbsListView$3.run(AbsListView.java:4036)
03-26 15:51:20.728  6094  6094 E AndroidRuntime: 	at android.os.Handler.handleCallback(Handler.java:751)
03-26 15:51:20.728  6094  6094 E AndroidRuntime: 	at android.os.Handler.dispatchMessage(Handler.java:95)
03-26 15:51:20.728  6094  6094 E AndroidRuntime: 	at android.os.Looper.loop(Looper.java:154)
03-26 15:51:20.728  6094  6094 E AndroidRuntime: 	at android.app.ActivityThread.main(ActivityThread.java:6119)
03-26 15:51:20.728  6094  6094 E AndroidRuntime: 	at java.lang.reflect.Method.invoke(Native Method)
03-26 15:51:20.728  6094  6094 E AndroidRuntime: 	at com.android.internal.os.ZygoteInit$MethodAndArgsCaller.run(ZygoteInit.java:886)
03-26 15:51:20.728  6094  6094 E AndroidRuntime: 	at com.android.internal.os.ZygoteInit.main(ZygoteInit.java:776)
03-26 15:52:05.274  6920  6920 W System.err: java.io.FileNotFoundException: /jacoco.exec (Read-only file system)
03-26 15:52:05.274  6920  6920 W System.err: 	at java.io.FileOutputStream.open(Native Method)
03-26 15:52:05.274  6920  6920 W System.err: 	at java.io.FileOutputStream.<init>(FileOutputStream.java:221)
03-26 15:52:05.274  6920  6920 W System.err: 	at org.jacoco.agent.rt.internal_8ff85ea.output.FileOutput.openFile(FileOutput.java:67)
03-26 15:52:05.274  6920  6920 W System.err: 	at org.jacoco.agent.rt.internal_8ff85ea.output.FileOutput.startup(FileOutput.java:49)
03-26 15:52:05.274  6920  6920 W System.err: 	at org.jacoco.agent.rt.internal_8ff85ea.Agent.startup(Agent.java:122)
03-26 15:52:05.274  6920  6920 W System.err: 	at org.jacoco.agent.rt.internal_8ff85ea.Agent.getInstance(Agent.java:50)
03-26 15:52:05.274  6920  6920 W System.err: 	at org.jacoco.agent.rt.internal_8ff85ea.Offline.<clinit>(Offline.java:31)
03-26 15:52:05.274  6920  6920 W System.err: 	at org.jacoco.agent.rt.internal_8ff85ea.Offline.getProbes(Offline.java:51)
03-26 15:52:05.274  6920  6920 W System.err: 	at com.ichi2.anki.AnkiDroidApp.$jacocoInit(AnkiDroidApp.java)
03-26 15:52:05.274  6920  6920 W System.err: 	at com.ichi2.anki.AnkiDroidApp.<clinit>(AnkiDroidApp.java)
03-26 15:52:05.274  6920  6920 W System.err: 	at java.lang.Class.newInstance(Native Method)
03-26 15:52:05.274  6920  6920 W System.err: 	at android.app.Instrumentation.newApplication(Instrumentation.java:1007)
03-26 15:52:05.274  6920  6920 W System.err: 	at android.app.Instrumentation.newApplication(Instrumentation.java:992)
03-26 15:52:05.274  6920  6920 W System.err: 	at android.app.LoadedApk.makeApplication(LoadedApk.java:796)
03-26 15:52:05.274  6920  6920 W System.err: 	at android.app.ActivityThread.handleBindApplication(ActivityThread.java:5377)
03-26 15:52:05.274  6920  6920 W System.err: 	at android.app.ActivityThread.-wrap2(ActivityThread.java)
03-26 15:52:05.274  6920  6920 W System.err: 	at android.app.ActivityThread$H.handleMessage(ActivityThread.java:1545)
03-26 15:52:05.274  6920  6920 W System.err: 	at android.os.Handler.dispatchMessage(Handler.java:102)
03-26 15:52:05.274  6920  6920 W System.err: 	at android.os.Looper.loop(Looper.java:154)
03-26 15:52:05.274  6920  6920 W System.err: 	at android.app.ActivityThread.main(ActivityThread.java:6119)
03-26 15:52:05.274  6920  6920 W System.err: 	at java.lang.reflect.Method.invoke(Native Method)
03-26 15:52:05.274  6920  6920 W System.err: 	at com.android.internal.os.ZygoteInit$MethodAndArgsCaller.run(ZygoteInit.java:886)
03-26 15:52:05.274  6920  6920 W System.err: 	at com.android.internal.os.ZygoteInit.main(ZygoteInit.java:776)
03-26 15:54:11.607  6920  6920 E AndroidRuntime: FATAL EXCEPTION: main
03-26 15:54:11.607  6920  6920 E AndroidRuntime: Process: com.ichi2.anki, PID: 6920
03-26 15:54:11.607  6920  6920 E AndroidRuntime: java.lang.NullPointerException: Attempt to invoke virtual method 'boolean android.support.v7.widget.SearchView.isIconified()' on a null object reference
03-26 15:54:11.607  6920  6920 E AndroidRuntime: 	at com.ichi2.anki.CardBrowser$20.onPostExecute(CardBrowser.java:1364)
03-26 15:54:11.607  6920  6920 E AndroidRuntime: 	at com.ichi2.async.DeckTask$TaskListener.onPostExecute(DeckTask.java:1521)
03-26 15:54:11.607  6920  6920 E AndroidRuntime: 	at com.ichi2.async.DeckTask.onPostExecute(DeckTask.java:376)
03-26 15:54:11.607  6920  6920 E AndroidRuntime: 	at com.ichi2.async.DeckTask.onPostExecute(DeckTask.java:69)
03-26 15:54:11.607  6920  6920 E AndroidRuntime: 	at android.os.AsyncTask.finish(AsyncTask.java:667)
03-26 15:54:11.607  6920  6920 E AndroidRuntime: 	at android.os.AsyncTask.-wrap1(AsyncTask.java)
03-26 15:54:11.607  6920  6920 E AndroidRuntime: 	at android.os.AsyncTask$InternalHandler.handleMessage(AsyncTask.java:684)
03-26 15:54:11.607  6920  6920 E AndroidRuntime: 	at android.os.Handler.dispatchMessage(Handler.java:102)
03-26 15:54:11.607  6920  6920 E AndroidRuntime: 	at android.os.Looper.loop(Looper.java:154)
03-26 15:54:11.607  6920  6920 E AndroidRuntime: 	at android.app.ActivityThread.main(ActivityThread.java:6119)
03-26 15:54:11.607  6920  6920 E AndroidRuntime: 	at java.lang.reflect.Method.invoke(Native Method)
03-26 15:54:11.607  6920  6920 E AndroidRuntime: 	at com.android.internal.os.ZygoteInit$MethodAndArgsCaller.run(ZygoteInit.java:886)
03-26 15:54:11.607  6920  6920 E AndroidRuntime: 	at com.android.internal.os.ZygoteInit.main(ZygoteInit.java:776)
03-26 15:54:52.504  7601  7601 W System.err: java.io.FileNotFoundException: /jacoco.exec (Read-only file system)
03-26 15:54:52.504  7601  7601 W System.err: 	at java.io.FileOutputStream.open(Native Method)
03-26 15:54:52.504  7601  7601 W System.err: 	at java.io.FileOutputStream.<init>(FileOutputStream.java:221)
03-26 15:54:52.504  7601  7601 W System.err: 	at org.jacoco.agent.rt.internal_8ff85ea.output.FileOutput.openFile(FileOutput.java:67)
03-26 15:54:52.504  7601  7601 W System.err: 	at org.jacoco.agent.rt.internal_8ff85ea.output.FileOutput.startup(FileOutput.java:49)
03-26 15:54:52.504  7601  7601 W System.err: 	at org.jacoco.agent.rt.internal_8ff85ea.Agent.startup(Agent.java:122)
03-26 15:54:52.504  7601  7601 W System.err: 	at org.jacoco.agent.rt.internal_8ff85ea.Agent.getInstance(Agent.java:50)
03-26 15:54:52.504  7601  7601 W System.err: 	at org.jacoco.agent.rt.internal_8ff85ea.Offline.<clinit>(Offline.java:31)
03-26 15:54:52.504  7601  7601 W System.err: 	at org.jacoco.agent.rt.internal_8ff85ea.Offline.getProbes(Offline.java:51)
03-26 15:54:52.504  7601  7601 W System.err: 	at com.ichi2.anki.AnkiDroidApp.$jacocoInit(AnkiDroidApp.java)
03-26 15:54:52.504  7601  7601 W System.err: 	at com.ichi2.anki.AnkiDroidApp.<clinit>(AnkiDroidApp.java)
03-26 15:54:52.504  7601  7601 W System.err: 	at java.lang.Class.newInstance(Native Method)
03-26 15:54:52.504  7601  7601 W System.err: 	at android.app.Instrumentation.newApplication(Instrumentation.java:1007)
03-26 15:54:52.504  7601  7601 W System.err: 	at android.app.Instrumentation.newApplication(Instrumentation.java:992)
03-26 15:54:52.504  7601  7601 W System.err: 	at android.app.LoadedApk.makeApplication(LoadedApk.java:796)
03-26 15:54:52.504  7601  7601 W System.err: 	at android.app.ActivityThread.handleBindApplication(ActivityThread.java:5377)
03-26 15:54:52.504  7601  7601 W System.err: 	at android.app.ActivityThread.-wrap2(ActivityThread.java)
03-26 15:54:52.504  7601  7601 W System.err: 	at android.app.ActivityThread$H.handleMessage(ActivityThread.java:1545)
03-26 15:54:52.504  7601  7601 W System.err: 	at android.os.Handler.dispatchMessage(Handler.java:102)
03-26 15:54:52.504  7601  7601 W System.err: 	at android.os.Looper.loop(Looper.java:154)
03-26 15:54:52.504  7601  7601 W System.err: 	at android.app.ActivityThread.main(ActivityThread.java:6119)
03-26 15:54:52.504  7601  7601 W System.err: 	at java.lang.reflect.Method.invoke(Native Method)
03-26 15:54:52.504  7601  7601 W System.err: 	at com.android.internal.os.ZygoteInit$MethodAndArgsCaller.run(ZygoteInit.java:886)
03-26 15:54:52.504  7601  7601 W System.err: 	at com.android.internal.os.ZygoteInit.main(ZygoteInit.java:776)
03-26 15:55:19.139  7601  7601 E AndroidRuntime: FATAL EXCEPTION: main
03-26 15:55:19.139  7601  7601 E AndroidRuntime: Process: com.ichi2.anki, PID: 7601
03-26 15:55:19.139  7601  7601 E AndroidRuntime: java.lang.NullPointerException: Attempt to invoke virtual method 'boolean android.support.v7.widget.SearchView.isIconified()' on a null object reference
03-26 15:55:19.139  7601  7601 E AndroidRuntime: 	at com.ichi2.anki.CardBrowser$20.onPostExecute(CardBrowser.java:1364)
03-26 15:55:19.139  7601  7601 E AndroidRuntime: 	at com.ichi2.async.DeckTask$TaskListener.onPostExecute(DeckTask.java:1521)
03-26 15:55:19.139  7601  7601 E AndroidRuntime: 	at com.ichi2.async.DeckTask.onPostExecute(DeckTask.java:376)
03-26 15:55:19.139  7601  7601 E AndroidRuntime: 	at com.ichi2.async.DeckTask.onPostExecute(DeckTask.java:69)
03-26 15:55:19.139  7601  7601 E AndroidRuntime: 	at android.os.AsyncTask.finish(AsyncTask.java:667)
03-26 15:55:19.139  7601  7601 E AndroidRuntime: 	at android.os.AsyncTask.-wrap1(AsyncTask.java)
03-26 15:55:19.139  7601  7601 E AndroidRuntime: 	at android.os.AsyncTask$InternalHandler.handleMessage(AsyncTask.java:684)
03-26 15:55:19.139  7601  7601 E AndroidRuntime: 	at android.os.Handler.dispatchMessage(Handler.java:102)
03-26 15:55:19.139  7601  7601 E AndroidRuntime: 	at android.os.Looper.loop(Looper.java:154)
03-26 15:55:19.139  7601  7601 E AndroidRuntime: 	at android.app.ActivityThread.main(ActivityThread.java:6119)
03-26 15:55:19.139  7601  7601 E AndroidRuntime: 	at java.lang.reflect.Method.invoke(Native Method)
03-26 15:55:19.139  7601  7601 E AndroidRuntime: 	at com.android.internal.os.ZygoteInit$MethodAndArgsCaller.run(ZygoteInit.java:886)
03-26 15:55:19.139  7601  7601 E AndroidRuntime: 	at com.android.internal.os.ZygoteInit.main(ZygoteInit.java:776)
03-26 15:55:42.406  8245  8245 W System.err: java.io.FileNotFoundException: /jacoco.exec (Read-only file system)
03-26 15:55:42.406  8245  8245 W System.err: 	at java.io.FileOutputStream.open(Native Method)
03-26 15:55:42.406  8245  8245 W System.err: 	at java.io.FileOutputStream.<init>(FileOutputStream.java:221)
03-26 15:55:42.406  8245  8245 W System.err: 	at org.jacoco.agent.rt.internal_8ff85ea.output.FileOutput.openFile(FileOutput.java:67)
03-26 15:55:42.406  8245  8245 W System.err: 	at org.jacoco.agent.rt.internal_8ff85ea.output.FileOutput.startup(FileOutput.java:49)
03-26 15:55:42.406  8245  8245 W System.err: 	at org.jacoco.agent.rt.internal_8ff85ea.Agent.startup(Agent.java:122)
03-26 15:55:42.406  8245  8245 W System.err: 	at org.jacoco.agent.rt.internal_8ff85ea.Agent.getInstance(Agent.java:50)
03-26 15:55:42.406  8245  8245 W System.err: 	at org.jacoco.agent.rt.internal_8ff85ea.Offline.<clinit>(Offline.java:31)
03-26 15:55:42.406  8245  8245 W System.err: 	at org.jacoco.agent.rt.internal_8ff85ea.Offline.getProbes(Offline.java:51)
03-26 15:55:42.406  8245  8245 W System.err: 	at com.ichi2.anki.AnkiDroidApp.$jacocoInit(AnkiDroidApp.java)
03-26 15:55:42.406  8245  8245 W System.err: 	at com.ichi2.anki.AnkiDroidApp.<clinit>(AnkiDroidApp.java)
03-26 15:55:42.406  8245  8245 W System.err: 	at java.lang.Class.newInstance(Native Method)
03-26 15:55:42.406  8245  8245 W System.err: 	at android.app.Instrumentation.newApplication(Instrumentation.java:1007)
03-26 15:55:42.406  8245  8245 W System.err: 	at android.app.Instrumentation.newApplication(Instrumentation.java:992)
03-26 15:55:42.406  8245  8245 W System.err: 	at android.app.LoadedApk.makeApplication(LoadedApk.java:796)
03-26 15:55:42.406  8245  8245 W System.err: 	at android.app.ActivityThread.handleBindApplication(ActivityThread.java:5377)
03-26 15:55:42.406  8245  8245 W System.err: 	at android.app.ActivityThread.-wrap2(ActivityThread.java)
03-26 15:55:42.406  8245  8245 W System.err: 	at android.app.ActivityThread$H.handleMessage(ActivityThread.java:1545)
03-26 15:55:42.406  8245  8245 W System.err: 	at android.os.Handler.dispatchMessage(Handler.java:102)
03-26 15:55:42.406  8245  8245 W System.err: 	at android.os.Looper.loop(Looper.java:154)
03-26 15:55:42.406  8245  8245 W System.err: 	at android.app.ActivityThread.main(ActivityThread.java:6119)
03-26 15:55:42.406  8245  8245 W System.err: 	at java.lang.reflect.Method.invoke(Native Method)
03-26 15:55:42.406  8245  8245 W System.err: 	at com.android.internal.os.ZygoteInit$MethodAndArgsCaller.run(ZygoteInit.java:886)
03-26 15:55:42.406  8245  8245 W System.err: 	at com.android.internal.os.ZygoteInit.main(ZygoteInit.java:776)
03-26 15:55:57.538  8245  8245 E AndroidRuntime: FATAL EXCEPTION: main
03-26 15:55:57.538  8245  8245 E AndroidRuntime: Process: com.ichi2.anki, PID: 8245
03-26 15:55:57.538  8245  8245 E AndroidRuntime: java.lang.NullPointerException: Attempt to invoke virtual method 'boolean android.support.v7.widget.SearchView.isIconified()' on a null object reference
03-26 15:55:57.538  8245  8245 E AndroidRuntime: 	at com.ichi2.anki.CardBrowser$20.onPostExecute(CardBrowser.java:1364)
03-26 15:55:57.538  8245  8245 E AndroidRuntime: 	at com.ichi2.async.DeckTask$TaskListener.onPostExecute(DeckTask.java:1521)
03-26 15:55:57.538  8245  8245 E AndroidRuntime: 	at com.ichi2.async.DeckTask.onPostExecute(DeckTask.java:376)
03-26 15:55:57.538  8245  8245 E AndroidRuntime: 	at com.ichi2.async.DeckTask.onPostExecute(DeckTask.java:69)
03-26 15:55:57.538  8245  8245 E AndroidRuntime: 	at android.os.AsyncTask.finish(AsyncTask.java:667)
03-26 15:55:57.538  8245  8245 E AndroidRuntime: 	at android.os.AsyncTask.-wrap1(AsyncTask.java)
03-26 15:55:57.538  8245  8245 E AndroidRuntime: 	at android.os.AsyncTask$InternalHandler.handleMessage(AsyncTask.java:684)
03-26 15:55:57.538  8245  8245 E AndroidRuntime: 	at android.os.Handler.dispatchMessage(Handler.java:102)
03-26 15:55:57.538  8245  8245 E AndroidRuntime: 	at android.os.Looper.loop(Looper.java:154)
03-26 15:55:57.538  8245  8245 E AndroidRuntime: 	at android.app.ActivityThread.main(ActivityThread.java:6119)
03-26 15:55:57.538  8245  8245 E AndroidRuntime: 	at java.lang.reflect.Method.invoke(Native Method)
03-26 15:55:57.538  8245  8245 E AndroidRuntime: 	at com.android.internal.os.ZygoteInit$MethodAndArgsCaller.run(ZygoteInit.java:886)
03-26 15:55:57.538  8245  8245 E AndroidRuntime: 	at com.android.internal.os.ZygoteInit.main(ZygoteInit.java:776)
03-26 15:56:31.549  8925  8925 W System.err: java.io.FileNotFoundException: /jacoco.exec (Read-only file system)
03-26 15:56:31.549  8925  8925 W System.err: 	at java.io.FileOutputStream.open(Native Method)
03-26 15:56:31.549  8925  8925 W System.err: 	at java.io.FileOutputStream.<init>(FileOutputStream.java:221)
03-26 15:56:31.549  8925  8925 W System.err: 	at org.jacoco.agent.rt.internal_8ff85ea.output.FileOutput.openFile(FileOutput.java:67)
03-26 15:56:31.549  8925  8925 W System.err: 	at org.jacoco.agent.rt.internal_8ff85ea.output.FileOutput.startup(FileOutput.java:49)
03-26 15:56:31.549  8925  8925 W System.err: 	at org.jacoco.agent.rt.internal_8ff85ea.Agent.startup(Agent.java:122)
03-26 15:56:31.549  8925  8925 W System.err: 	at org.jacoco.agent.rt.internal_8ff85ea.Agent.getInstance(Agent.java:50)
03-26 15:56:31.549  8925  8925 W System.err: 	at org.jacoco.agent.rt.internal_8ff85ea.Offline.<clinit>(Offline.java:31)
03-26 15:56:31.549  8925  8925 W System.err: 	at org.jacoco.agent.rt.internal_8ff85ea.Offline.getProbes(Offline.java:51)
03-26 15:56:31.549  8925  8925 W System.err: 	at com.ichi2.anki.AnkiDroidApp.$jacocoInit(AnkiDroidApp.java)
03-26 15:56:31.549  8925  8925 W System.err: 	at com.ichi2.anki.AnkiDroidApp.<clinit>(AnkiDroidApp.java)
03-26 15:56:31.549  8925  8925 W System.err: 	at java.lang.Class.newInstance(Native Method)
03-26 15:56:31.549  8925  8925 W System.err: 	at android.app.Instrumentation.newApplication(Instrumentation.java:1007)
03-26 15:56:31.549  8925  8925 W System.err: 	at android.app.Instrumentation.newApplication(Instrumentation.java:992)
03-26 15:56:31.549  8925  8925 W System.err: 	at android.app.LoadedApk.makeApplication(LoadedApk.java:796)
03-26 15:56:31.549  8925  8925 W System.err: 	at android.app.ActivityThread.handleBindApplication(ActivityThread.java:5377)
03-26 15:56:31.549  8925  8925 W System.err: 	at android.app.ActivityThread.-wrap2(ActivityThread.java)
03-26 15:56:31.549  8925  8925 W System.err: 	at android.app.ActivityThread$H.handleMessage(ActivityThread.java:1545)
03-26 15:56:31.549  8925  8925 W System.err: 	at android.os.Handler.dispatchMessage(Handler.java:102)
03-26 15:56:31.549  8925  8925 W System.err: 	at android.os.Looper.loop(Looper.java:154)
03-26 15:56:31.549  8925  8925 W System.err: 	at android.app.ActivityThread.main(ActivityThread.java:6119)
03-26 15:56:31.549  8925  8925 W System.err: 	at java.lang.reflect.Method.invoke(Native Method)
03-26 15:56:31.549  8925  8925 W System.err: 	at com.android.internal.os.ZygoteInit$MethodAndArgsCaller.run(ZygoteInit.java:886)
03-26 15:56:31.549  8925  8925 W System.err: 	at com.android.internal.os.ZygoteInit.main(ZygoteInit.java:776)
03-26 16:29:29.173  8925  8925 E AndroidRuntime: FATAL EXCEPTION: main
03-26 16:29:29.173  8925  8925 E AndroidRuntime: Process: com.ichi2.anki, PID: 8925
03-26 16:29:29.173  8925  8925 E AndroidRuntime: java.lang.NullPointerException: Attempt to invoke virtual method 'boolean android.support.v7.widget.SearchView.isIconified()' on a null object reference
03-26 16:29:29.173  8925  8925 E AndroidRuntime: 	at com.ichi2.anki.CardBrowser$20.onPostExecute(CardBrowser.java:1364)
03-26 16:29:29.173  8925  8925 E AndroidRuntime: 	at com.ichi2.async.DeckTask$TaskListener.onPostExecute(DeckTask.java:1521)
03-26 16:29:29.173  8925  8925 E AndroidRuntime: 	at com.ichi2.async.DeckTask.onPostExecute(DeckTask.java:376)
03-26 16:29:29.173  8925  8925 E AndroidRuntime: 	at com.ichi2.async.DeckTask.onPostExecute(DeckTask.java:69)
03-26 16:29:29.173  8925  8925 E AndroidRuntime: 	at android.os.AsyncTask.finish(AsyncTask.java:667)
03-26 16:29:29.173  8925  8925 E AndroidRuntime: 	at android.os.AsyncTask.-wrap1(AsyncTask.java)
03-26 16:29:29.173  8925  8925 E AndroidRuntime: 	at android.os.AsyncTask$InternalHandler.handleMessage(AsyncTask.java:684)
03-26 16:29:29.173  8925  8925 E AndroidRuntime: 	at android.os.Handler.dispatchMessage(Handler.java:102)
03-26 16:29:29.173  8925  8925 E AndroidRuntime: 	at android.os.Looper.loop(Looper.java:154)
03-26 16:29:29.173  8925  8925 E AndroidRuntime: 	at android.app.ActivityThread.main(ActivityThread.java:6119)
03-26 16:29:29.173  8925  8925 E AndroidRuntime: 	at java.lang.reflect.Method.invoke(Native Method)
03-26 16:29:29.173  8925  8925 E AndroidRuntime: 	at com.android.internal.os.ZygoteInit$MethodAndArgsCaller.run(ZygoteInit.java:886)
03-26 16:29:29.173  8925  8925 E AndroidRuntime: 	at com.android.internal.os.ZygoteInit.main(ZygoteInit.java:776)
03-26 16:29:43.841  9908  9908 W System.err: java.io.FileNotFoundException: /jacoco.exec (Read-only file system)
03-26 16:29:43.850  9908  9908 W System.err: 	at java.io.FileOutputStream.open(Native Method)
03-26 16:29:43.850  9908  9908 W System.err: 	at java.io.FileOutputStream.<init>(FileOutputStream.java:221)
03-26 16:29:43.850  9908  9908 W System.err: 	at org.jacoco.agent.rt.internal_8ff85ea.output.FileOutput.openFile(FileOutput.java:67)
03-26 16:29:43.850  9908  9908 W System.err: 	at org.jacoco.agent.rt.internal_8ff85ea.output.FileOutput.startup(FileOutput.java:49)
03-26 16:29:43.850  9908  9908 W System.err: 	at org.jacoco.agent.rt.internal_8ff85ea.Agent.startup(Agent.java:122)
03-26 16:29:43.850  9908  9908 W System.err: 	at org.jacoco.agent.rt.internal_8ff85ea.Agent.getInstance(Agent.java:50)
03-26 16:29:43.850  9908  9908 W System.err: 	at org.jacoco.agent.rt.internal_8ff85ea.Offline.<clinit>(Offline.java:31)
03-26 16:29:43.850  9908  9908 W System.err: 	at org.jacoco.agent.rt.internal_8ff85ea.Offline.getProbes(Offline.java:51)
03-26 16:29:43.850  9908  9908 W System.err: 	at com.ichi2.anki.AnkiDroidApp.$jacocoInit(AnkiDroidApp.java)
03-26 16:29:43.850  9908  9908 W System.err: 	at com.ichi2.anki.AnkiDroidApp.<clinit>(AnkiDroidApp.java)
03-26 16:29:43.850  9908  9908 W System.err: 	at java.lang.Class.newInstance(Native Method)
03-26 16:29:43.850  9908  9908 W System.err: 	at android.app.Instrumentation.newApplication(Instrumentation.java:1007)
03-26 16:29:43.850  9908  9908 W System.err: 	at android.app.Instrumentation.newApplication(Instrumentation.java:992)
03-26 16:29:43.850  9908  9908 W System.err: 	at android.app.LoadedApk.makeApplication(LoadedApk.java:796)
03-26 16:29:43.850  9908  9908 W System.err: 	at android.app.ActivityThread.handleBindApplication(ActivityThread.java:5377)
03-26 16:29:43.850  9908  9908 W System.err: 	at android.app.ActivityThread.-wrap2(ActivityThread.java)
03-26 16:29:43.850  9908  9908 W System.err: 	at android.app.ActivityThread$H.handleMessage(ActivityThread.java:1545)
03-26 16:29:43.850  9908  9908 W System.err: 	at android.os.Handler.dispatchMessage(Handler.java:102)
03-26 16:29:43.850  9908  9908 W System.err: 	at android.os.Looper.loop(Looper.java:154)
03-26 16:29:43.850  9908  9908 W System.err: 	at android.app.ActivityThread.main(ActivityThread.java:6119)
03-26 16:29:43.850  9908  9908 W System.err: 	at java.lang.reflect.Method.invoke(Native Method)
03-26 16:29:43.850  9908  9908 W System.err: 	at com.android.internal.os.ZygoteInit$MethodAndArgsCaller.run(ZygoteInit.java:886)
03-26 16:29:43.850  9908  9908 W System.err: 	at com.android.internal.os.ZygoteInit.main(ZygoteInit.java:776)
03-26 16:32:26.093  9908  9908 E AndroidRuntime: FATAL EXCEPTION: main
03-26 16:32:26.093  9908  9908 E AndroidRuntime: Process: com.ichi2.anki, PID: 9908
03-26 16:32:26.093  9908  9908 E AndroidRuntime: java.lang.NullPointerException: Attempt to invoke virtual method 'boolean android.support.v7.widget.SearchView.isIconified()' on a null object reference
03-26 16:32:26.093  9908  9908 E AndroidRuntime: 	at com.ichi2.anki.CardBrowser$20.onPostExecute(CardBrowser.java:1364)
03-26 16:32:26.093  9908  9908 E AndroidRuntime: 	at com.ichi2.async.DeckTask$TaskListener.onPostExecute(DeckTask.java:1521)
03-26 16:32:26.093  9908  9908 E AndroidRuntime: 	at com.ichi2.async.DeckTask.onPostExecute(DeckTask.java:376)
03-26 16:32:26.093  9908  9908 E AndroidRuntime: 	at com.ichi2.async.DeckTask.onPostExecute(DeckTask.java:69)
03-26 16:32:26.093  9908  9908 E AndroidRuntime: 	at android.os.AsyncTask.finish(AsyncTask.java:667)
03-26 16:32:26.093  9908  9908 E AndroidRuntime: 	at android.os.AsyncTask.-wrap1(AsyncTask.java)
03-26 16:32:26.093  9908  9908 E AndroidRuntime: 	at android.os.AsyncTask$InternalHandler.handleMessage(AsyncTask.java:684)
03-26 16:32:26.093  9908  9908 E AndroidRuntime: 	at android.os.Handler.dispatchMessage(Handler.java:102)
03-26 16:32:26.093  9908  9908 E AndroidRuntime: 	at android.os.Looper.loop(Looper.java:154)
03-26 16:32:26.093  9908  9908 E AndroidRuntime: 	at android.app.ActivityThread.main(ActivityThread.java:6119)
03-26 16:32:26.093  9908  9908 E AndroidRuntime: 	at java.lang.reflect.Method.invoke(Native Method)
03-26 16:32:26.093  9908  9908 E AndroidRuntime: 	at com.android.internal.os.ZygoteInit$MethodAndArgsCaller.run(ZygoteInit.java:886)
03-26 16:32:26.093  9908  9908 E AndroidRuntime: 	at com.android.internal.os.ZygoteInit.main(ZygoteInit.java:776)
03-26 16:33:04.501 10675 10675 W System.err: java.io.FileNotFoundException: /jacoco.exec (Read-only file system)
03-26 16:33:04.502 10675 10675 W System.err: 	at java.io.FileOutputStream.open(Native Method)
03-26 16:33:04.502 10675 10675 W System.err: 	at java.io.FileOutputStream.<init>(FileOutputStream.java:221)
03-26 16:33:04.502 10675 10675 W System.err: 	at org.jacoco.agent.rt.internal_8ff85ea.output.FileOutput.openFile(FileOutput.java:67)
03-26 16:33:04.502 10675 10675 W System.err: 	at org.jacoco.agent.rt.internal_8ff85ea.output.FileOutput.startup(FileOutput.java:49)
03-26 16:33:04.502 10675 10675 W System.err: 	at org.jacoco.agent.rt.internal_8ff85ea.Agent.startup(Agent.java:122)
03-26 16:33:04.502 10675 10675 W System.err: 	at org.jacoco.agent.rt.internal_8ff85ea.Agent.getInstance(Agent.java:50)
03-26 16:33:04.502 10675 10675 W System.err: 	at org.jacoco.agent.rt.internal_8ff85ea.Offline.<clinit>(Offline.java:31)
03-26 16:33:04.502 10675 10675 W System.err: 	at org.jacoco.agent.rt.internal_8ff85ea.Offline.getProbes(Offline.java:51)
03-26 16:33:04.502 10675 10675 W System.err: 	at com.ichi2.anki.AnkiDroidApp.$jacocoInit(AnkiDroidApp.java)
03-26 16:33:04.502 10675 10675 W System.err: 	at com.ichi2.anki.AnkiDroidApp.<clinit>(AnkiDroidApp.java)
03-26 16:33:04.502 10675 10675 W System.err: 	at java.lang.Class.newInstance(Native Method)
03-26 16:33:04.502 10675 10675 W System.err: 	at android.app.Instrumentation.newApplication(Instrumentation.java:1007)
03-26 16:33:04.502 10675 10675 W System.err: 	at android.app.Instrumentation.newApplication(Instrumentation.java:992)
03-26 16:33:04.502 10675 10675 W System.err: 	at android.app.LoadedApk.makeApplication(LoadedApk.java:796)
03-26 16:33:04.502 10675 10675 W System.err: 	at android.app.ActivityThread.handleBindApplication(ActivityThread.java:5377)
03-26 16:33:04.502 10675 10675 W System.err: 	at android.app.ActivityThread.-wrap2(ActivityThread.java)
03-26 16:33:04.502 10675 10675 W System.err: 	at android.app.ActivityThread$H.handleMessage(ActivityThread.java:1545)
03-26 16:33:04.502 10675 10675 W System.err: 	at android.os.Handler.dispatchMessage(Handler.java:102)
03-26 16:33:04.502 10675 10675 W System.err: 	at android.os.Looper.loop(Looper.java:154)
03-26 16:33:04.502 10675 10675 W System.err: 	at android.app.ActivityThread.main(ActivityThread.java:6119)
03-26 16:33:04.502 10675 10675 W System.err: 	at java.lang.reflect.Method.invoke(Native Method)
03-26 16:33:04.502 10675 10675 W System.err: 	at com.android.internal.os.ZygoteInit$MethodAndArgsCaller.run(ZygoteInit.java:886)
03-26 16:33:04.502 10675 10675 W System.err: 	at com.android.internal.os.ZygoteInit.main(ZygoteInit.java:776)
03-26 16:33:18.572 10675 10675 E AndroidRuntime: FATAL EXCEPTION: main
03-26 16:33:18.572 10675 10675 E AndroidRuntime: Process: com.ichi2.anki, PID: 10675
03-26 16:33:18.572 10675 10675 E AndroidRuntime: java.lang.NullPointerException: Attempt to invoke virtual method 'boolean android.support.v7.widget.SearchView.isIconified()' on a null object reference
03-26 16:33:18.572 10675 10675 E AndroidRuntime: 	at com.ichi2.anki.CardBrowser$20.onPostExecute(CardBrowser.java:1364)
03-26 16:33:18.572 10675 10675 E AndroidRuntime: 	at com.ichi2.async.DeckTask$TaskListener.onPostExecute(DeckTask.java:1521)
03-26 16:33:18.572 10675 10675 E AndroidRuntime: 	at com.ichi2.async.DeckTask.onPostExecute(DeckTask.java:376)
03-26 16:33:18.572 10675 10675 E AndroidRuntime: 	at com.ichi2.async.DeckTask.onPostExecute(DeckTask.java:69)
03-26 16:33:18.572 10675 10675 E AndroidRuntime: 	at android.os.AsyncTask.finish(AsyncTask.java:667)
03-26 16:33:18.572 10675 10675 E AndroidRuntime: 	at android.os.AsyncTask.-wrap1(AsyncTask.java)
03-26 16:33:18.572 10675 10675 E AndroidRuntime: 	at android.os.AsyncTask$InternalHandler.handleMessage(AsyncTask.java:684)
03-26 16:33:18.572 10675 10675 E AndroidRuntime: 	at android.os.Handler.dispatchMessage(Handler.java:102)
03-26 16:33:18.572 10675 10675 E AndroidRuntime: 	at android.os.Looper.loop(Looper.java:154)
03-26 16:33:18.572 10675 10675 E AndroidRuntime: 	at android.app.ActivityThread.main(ActivityThread.java:6119)
03-26 16:33:18.572 10675 10675 E AndroidRuntime: 	at java.lang.reflect.Method.invoke(Native Method)
03-26 16:33:18.572 10675 10675 E AndroidRuntime: 	at com.android.internal.os.ZygoteInit$MethodAndArgsCaller.run(ZygoteInit.java:886)
03-26 16:33:18.572 10675 10675 E AndroidRuntime: 	at com.android.internal.os.ZygoteInit.main(ZygoteInit.java:776)
03-26 16:33:36.724 11274 11274 W System.err: java.io.FileNotFoundException: /jacoco.exec (Read-only file system)
03-26 16:33:36.725 11274 11274 W System.err: 	at java.io.FileOutputStream.open(Native Method)
03-26 16:33:36.725 11274 11274 W System.err: 	at java.io.FileOutputStream.<init>(FileOutputStream.java:221)
03-26 16:33:36.725 11274 11274 W System.err: 	at org.jacoco.agent.rt.internal_8ff85ea.output.FileOutput.openFile(FileOutput.java:67)
03-26 16:33:36.725 11274 11274 W System.err: 	at org.jacoco.agent.rt.internal_8ff85ea.output.FileOutput.startup(FileOutput.java:49)
03-26 16:33:36.725 11274 11274 W System.err: 	at org.jacoco.agent.rt.internal_8ff85ea.Agent.startup(Agent.java:122)
03-26 16:33:36.725 11274 11274 W System.err: 	at org.jacoco.agent.rt.internal_8ff85ea.Agent.getInstance(Agent.java:50)
03-26 16:33:36.725 11274 11274 W System.err: 	at org.jacoco.agent.rt.internal_8ff85ea.Offline.<clinit>(Offline.java:31)
03-26 16:33:36.725 11274 11274 W System.err: 	at org.jacoco.agent.rt.internal_8ff85ea.Offline.getProbes(Offline.java:51)
03-26 16:33:36.725 11274 11274 W System.err: 	at com.ichi2.anki.AnkiDroidApp.$jacocoInit(AnkiDroidApp.java)
03-26 16:33:36.725 11274 11274 W System.err: 	at com.ichi2.anki.AnkiDroidApp.<clinit>(AnkiDroidApp.java)
03-26 16:33:36.725 11274 11274 W System.err: 	at java.lang.Class.newInstance(Native Method)
03-26 16:33:36.725 11274 11274 W System.err: 	at android.app.Instrumentation.newApplication(Instrumentation.java:1007)
03-26 16:33:36.725 11274 11274 W System.err: 	at android.app.Instrumentation.newApplication(Instrumentation.java:992)
03-26 16:33:36.725 11274 11274 W System.err: 	at android.app.LoadedApk.makeApplication(LoadedApk.java:796)
03-26 16:33:36.725 11274 11274 W System.err: 	at android.app.ActivityThread.handleBindApplication(ActivityThread.java:5377)
03-26 16:33:36.725 11274 11274 W System.err: 	at android.app.ActivityThread.-wrap2(ActivityThread.java)
03-26 16:33:36.725 11274 11274 W System.err: 	at android.app.ActivityThread$H.handleMessage(ActivityThread.java:1545)
03-26 16:33:36.725 11274 11274 W System.err: 	at android.os.Handler.dispatchMessage(Handler.java:102)
03-26 16:33:36.725 11274 11274 W System.err: 	at android.os.Looper.loop(Looper.java:154)
03-26 16:33:36.725 11274 11274 W System.err: 	at android.app.ActivityThread.main(ActivityThread.java:6119)
03-26 16:33:36.725 11274 11274 W System.err: 	at java.lang.reflect.Method.invoke(Native Method)
03-26 16:33:36.725 11274 11274 W System.err: 	at com.android.internal.os.ZygoteInit$MethodAndArgsCaller.run(ZygoteInit.java:886)
03-26 16:33:36.725 11274 11274 W System.err: 	at com.android.internal.os.ZygoteInit.main(ZygoteInit.java:776)
03-26 16:34:10.881 11274 11274 E AndroidRuntime: FATAL EXCEPTION: main
03-26 16:34:10.881 11274 11274 E AndroidRuntime: Process: com.ichi2.anki, PID: 11274
03-26 16:34:10.881 11274 11274 E AndroidRuntime: java.lang.NullPointerException: Attempt to invoke virtual method 'boolean android.support.v7.widget.SearchView.isIconified()' on a null object reference
03-26 16:34:10.881 11274 11274 E AndroidRuntime: 	at com.ichi2.anki.CardBrowser$20.onPostExecute(CardBrowser.java:1364)
03-26 16:34:10.881 11274 11274 E AndroidRuntime: 	at com.ichi2.async.DeckTask$TaskListener.onPostExecute(DeckTask.java:1521)
03-26 16:34:10.881 11274 11274 E AndroidRuntime: 	at com.ichi2.async.DeckTask.onPostExecute(DeckTask.java:376)
03-26 16:34:10.881 11274 11274 E AndroidRuntime: 	at com.ichi2.async.DeckTask.onPostExecute(DeckTask.java:69)
03-26 16:34:10.881 11274 11274 E AndroidRuntime: 	at android.os.AsyncTask.finish(AsyncTask.java:667)
03-26 16:34:10.881 11274 11274 E AndroidRuntime: 	at android.os.AsyncTask.-wrap1(AsyncTask.java)
03-26 16:34:10.881 11274 11274 E AndroidRuntime: 	at android.os.AsyncTask$InternalHandler.handleMessage(AsyncTask.java:684)
03-26 16:34:10.881 11274 11274 E AndroidRuntime: 	at android.os.Handler.dispatchMessage(Handler.java:102)
03-26 16:34:10.881 11274 11274 E AndroidRuntime: 	at android.os.Looper.loop(Looper.java:154)
03-26 16:34:10.881 11274 11274 E AndroidRuntime: 	at android.app.ActivityThread.main(ActivityThread.java:6119)
03-26 16:34:10.881 11274 11274 E AndroidRuntime: 	at java.lang.reflect.Method.invoke(Native Method)
03-26 16:34:10.881 11274 11274 E AndroidRuntime: 	at com.android.internal.os.ZygoteInit$MethodAndArgsCaller.run(ZygoteInit.java:886)
03-26 16:34:10.881 11274 11274 E AndroidRuntime: 	at com.android.internal.os.ZygoteInit.main(ZygoteInit.java:776)
03-26 16:34:44.531 11899 11899 W System.err: java.io.FileNotFoundException: /jacoco.exec (Read-only file system)
03-26 16:34:44.531 11899 11899 W System.err: 	at java.io.FileOutputStream.open(Native Method)
03-26 16:34:44.531 11899 11899 W System.err: 	at java.io.FileOutputStream.<init>(FileOutputStream.java:221)
03-26 16:34:44.531 11899 11899 W System.err: 	at org.jacoco.agent.rt.internal_8ff85ea.output.FileOutput.openFile(FileOutput.java:67)
03-26 16:34:44.531 11899 11899 W System.err: 	at org.jacoco.agent.rt.internal_8ff85ea.output.FileOutput.startup(FileOutput.java:49)
03-26 16:34:44.531 11899 11899 W System.err: 	at org.jacoco.agent.rt.internal_8ff85ea.Agent.startup(Agent.java:122)
03-26 16:34:44.531 11899 11899 W System.err: 	at org.jacoco.agent.rt.internal_8ff85ea.Agent.getInstance(Agent.java:50)
03-26 16:34:44.531 11899 11899 W System.err: 	at org.jacoco.agent.rt.internal_8ff85ea.Offline.<clinit>(Offline.java:31)
03-26 16:34:44.531 11899 11899 W System.err: 	at org.jacoco.agent.rt.internal_8ff85ea.Offline.getProbes(Offline.java:51)
03-26 16:34:44.531 11899 11899 W System.err: 	at com.ichi2.anki.AnkiDroidApp.$jacocoInit(AnkiDroidApp.java)
03-26 16:34:44.531 11899 11899 W System.err: 	at com.ichi2.anki.AnkiDroidApp.<clinit>(AnkiDroidApp.java)
03-26 16:34:44.531 11899 11899 W System.err: 	at java.lang.Class.newInstance(Native Method)
03-26 16:34:44.531 11899 11899 W System.err: 	at android.app.Instrumentation.newApplication(Instrumentation.java:1007)
03-26 16:34:44.531 11899 11899 W System.err: 	at android.app.Instrumentation.newApplication(Instrumentation.java:992)
03-26 16:34:44.531 11899 11899 W System.err: 	at android.app.LoadedApk.makeApplication(LoadedApk.java:796)
03-26 16:34:44.531 11899 11899 W System.err: 	at android.app.ActivityThread.handleBindApplication(ActivityThread.java:5377)
03-26 16:34:44.531 11899 11899 W System.err: 	at android.app.ActivityThread.-wrap2(ActivityThread.java)
03-26 16:34:44.531 11899 11899 W System.err: 	at android.app.ActivityThread$H.handleMessage(ActivityThread.java:1545)
03-26 16:34:44.531 11899 11899 W System.err: 	at android.os.Handler.dispatchMessage(Handler.java:102)
03-26 16:34:44.531 11899 11899 W System.err: 	at android.os.Looper.loop(Looper.java:154)
03-26 16:34:44.531 11899 11899 W System.err: 	at android.app.ActivityThread.main(ActivityThread.java:6119)
03-26 16:34:44.531 11899 11899 W System.err: 	at java.lang.reflect.Method.invoke(Native Method)
03-26 16:34:44.531 11899 11899 W System.err: 	at com.android.internal.os.ZygoteInit$MethodAndArgsCaller.run(ZygoteInit.java:886)
03-26 16:34:44.531 11899 11899 W System.err: 	at com.android.internal.os.ZygoteInit.main(ZygoteInit.java:776)
03-26 16:35:43.546 11899 11899 E AndroidRuntime: FATAL EXCEPTION: main
03-26 16:35:43.546 11899 11899 E AndroidRuntime: Process: com.ichi2.anki, PID: 11899
03-26 16:35:43.546 11899 11899 E AndroidRuntime: java.lang.NullPointerException: Attempt to invoke virtual method 'boolean android.support.v7.widget.SearchView.isIconified()' on a null object reference
03-26 16:35:43.546 11899 11899 E AndroidRuntime: 	at com.ichi2.anki.CardBrowser$20.onPostExecute(CardBrowser.java:1364)
03-26 16:35:43.546 11899 11899 E AndroidRuntime: 	at com.ichi2.async.DeckTask$TaskListener.onPostExecute(DeckTask.java:1521)
03-26 16:35:43.546 11899 11899 E AndroidRuntime: 	at com.ichi2.async.DeckTask.onPostExecute(DeckTask.java:376)
03-26 16:35:43.546 11899 11899 E AndroidRuntime: 	at com.ichi2.async.DeckTask.onPostExecute(DeckTask.java:69)
03-26 16:35:43.546 11899 11899 E AndroidRuntime: 	at android.os.AsyncTask.finish(AsyncTask.java:667)
03-26 16:35:43.546 11899 11899 E AndroidRuntime: 	at android.os.AsyncTask.-wrap1(AsyncTask.java)
03-26 16:35:43.546 11899 11899 E AndroidRuntime: 	at android.os.AsyncTask$InternalHandler.handleMessage(AsyncTask.java:684)
03-26 16:35:43.546 11899 11899 E AndroidRuntime: 	at android.os.Handler.dispatchMessage(Handler.java:102)
03-26 16:35:43.546 11899 11899 E AndroidRuntime: 	at android.os.Looper.loop(Looper.java:154)
03-26 16:35:43.546 11899 11899 E AndroidRuntime: 	at android.app.ActivityThread.main(ActivityThread.java:6119)
03-26 16:35:43.546 11899 11899 E AndroidRuntime: 	at java.lang.reflect.Method.invoke(Native Method)
03-26 16:35:43.546 11899 11899 E AndroidRuntime: 	at com.android.internal.os.ZygoteInit$MethodAndArgsCaller.run(ZygoteInit.java:886)
03-26 16:35:43.546 11899 11899 E AndroidRuntime: 	at com.android.internal.os.ZygoteInit.main(ZygoteInit.java:776)
03-26 16:36:15.292 12501 12501 W System.err: java.io.FileNotFoundException: /jacoco.exec (Read-only file system)
03-26 16:36:15.292 12501 12501 W System.err: 	at java.io.FileOutputStream.open(Native Method)
03-26 16:36:15.292 12501 12501 W System.err: 	at java.io.FileOutputStream.<init>(FileOutputStream.java:221)
03-26 16:36:15.292 12501 12501 W System.err: 	at org.jacoco.agent.rt.internal_8ff85ea.output.FileOutput.openFile(FileOutput.java:67)
03-26 16:36:15.292 12501 12501 W System.err: 	at org.jacoco.agent.rt.internal_8ff85ea.output.FileOutput.startup(FileOutput.java:49)
03-26 16:36:15.292 12501 12501 W System.err: 	at org.jacoco.agent.rt.internal_8ff85ea.Agent.startup(Agent.java:122)
03-26 16:36:15.292 12501 12501 W System.err: 	at org.jacoco.agent.rt.internal_8ff85ea.Agent.getInstance(Agent.java:50)
03-26 16:36:15.292 12501 12501 W System.err: 	at org.jacoco.agent.rt.internal_8ff85ea.Offline.<clinit>(Offline.java:31)
03-26 16:36:15.292 12501 12501 W System.err: 	at org.jacoco.agent.rt.internal_8ff85ea.Offline.getProbes(Offline.java:51)
03-26 16:36:15.292 12501 12501 W System.err: 	at com.ichi2.anki.AnkiDroidApp.$jacocoInit(AnkiDroidApp.java)
03-26 16:36:15.292 12501 12501 W System.err: 	at com.ichi2.anki.AnkiDroidApp.<clinit>(AnkiDroidApp.java)
03-26 16:36:15.292 12501 12501 W System.err: 	at java.lang.Class.newInstance(Native Method)
03-26 16:36:15.292 12501 12501 W System.err: 	at android.app.Instrumentation.newApplication(Instrumentation.java:1007)
03-26 16:36:15.292 12501 12501 W System.err: 	at android.app.Instrumentation.newApplication(Instrumentation.java:992)
03-26 16:36:15.292 12501 12501 W System.err: 	at android.app.LoadedApk.makeApplication(LoadedApk.java:796)
03-26 16:36:15.292 12501 12501 W System.err: 	at android.app.ActivityThread.handleBindApplication(ActivityThread.java:5377)
03-26 16:36:15.292 12501 12501 W System.err: 	at android.app.ActivityThread.-wrap2(ActivityThread.java)
03-26 16:36:15.292 12501 12501 W System.err: 	at android.app.ActivityThread$H.handleMessage(ActivityThread.java:1545)
03-26 16:36:15.292 12501 12501 W System.err: 	at android.os.Handler.dispatchMessage(Handler.java:102)
03-26 16:36:15.292 12501 12501 W System.err: 	at android.os.Looper.loop(Looper.java:154)
03-26 16:36:15.292 12501 12501 W System.err: 	at android.app.ActivityThread.main(ActivityThread.java:6119)
03-26 16:36:15.292 12501 12501 W System.err: 	at java.lang.reflect.Method.invoke(Native Method)
03-26 16:36:15.292 12501 12501 W System.err: 	at com.android.internal.os.ZygoteInit$MethodAndArgsCaller.run(ZygoteInit.java:886)
03-26 16:36:15.292 12501 12501 W System.err: 	at com.android.internal.os.ZygoteInit.main(ZygoteInit.java:776)
03-26 16:36:57.008 12501 12501 E AndroidRuntime: FATAL EXCEPTION: main
03-26 16:36:57.008 12501 12501 E AndroidRuntime: Process: com.ichi2.anki, PID: 12501
03-26 16:36:57.008 12501 12501 E AndroidRuntime: java.lang.NullPointerException: Attempt to invoke virtual method 'boolean android.support.v7.widget.SearchView.isIconified()' on a null object reference
03-26 16:36:57.008 12501 12501 E AndroidRuntime: 	at com.ichi2.anki.CardBrowser$20.onPostExecute(CardBrowser.java:1364)
03-26 16:36:57.008 12501 12501 E AndroidRuntime: 	at com.ichi2.async.DeckTask$TaskListener.onPostExecute(DeckTask.java:1521)
03-26 16:36:57.008 12501 12501 E AndroidRuntime: 	at com.ichi2.async.DeckTask.onPostExecute(DeckTask.java:376)
03-26 16:36:57.008 12501 12501 E AndroidRuntime: 	at com.ichi2.async.DeckTask.onPostExecute(DeckTask.java:69)
03-26 16:36:57.008 12501 12501 E AndroidRuntime: 	at android.os.AsyncTask.finish(AsyncTask.java:667)
03-26 16:36:57.008 12501 12501 E AndroidRuntime: 	at android.os.AsyncTask.-wrap1(AsyncTask.java)
03-26 16:36:57.008 12501 12501 E AndroidRuntime: 	at android.os.AsyncTask$InternalHandler.handleMessage(AsyncTask.java:684)
03-26 16:36:57.008 12501 12501 E AndroidRuntime: 	at android.os.Handler.dispatchMessage(Handler.java:102)
03-26 16:36:57.008 12501 12501 E AndroidRuntime: 	at android.os.Looper.loop(Looper.java:154)
03-26 16:36:57.008 12501 12501 E AndroidRuntime: 	at android.app.ActivityThread.main(ActivityThread.java:6119)
03-26 16:36:57.008 12501 12501 E AndroidRuntime: 	at java.lang.reflect.Method.invoke(Native Method)
03-26 16:36:57.008 12501 12501 E AndroidRuntime: 	at com.android.internal.os.ZygoteInit$MethodAndArgsCaller.run(ZygoteInit.java:886)
03-26 16:36:57.008 12501 12501 E AndroidRuntime: 	at com.android.internal.os.ZygoteInit.main(ZygoteInit.java:776)
03-26 16:37:16.437 13095 13095 W System.err: java.io.FileNotFoundException: /jacoco.exec (Read-only file system)
03-26 16:37:16.437 13095 13095 W System.err: 	at java.io.FileOutputStream.open(Native Method)
03-26 16:37:16.437 13095 13095 W System.err: 	at java.io.FileOutputStream.<init>(FileOutputStream.java:221)
03-26 16:37:16.437 13095 13095 W System.err: 	at org.jacoco.agent.rt.internal_8ff85ea.output.FileOutput.openFile(FileOutput.java:67)
03-26 16:37:16.437 13095 13095 W System.err: 	at org.jacoco.agent.rt.internal_8ff85ea.output.FileOutput.startup(FileOutput.java:49)
03-26 16:37:16.437 13095 13095 W System.err: 	at org.jacoco.agent.rt.internal_8ff85ea.Agent.startup(Agent.java:122)
03-26 16:37:16.437 13095 13095 W System.err: 	at org.jacoco.agent.rt.internal_8ff85ea.Agent.getInstance(Agent.java:50)
03-26 16:37:16.437 13095 13095 W System.err: 	at org.jacoco.agent.rt.internal_8ff85ea.Offline.<clinit>(Offline.java:31)
03-26 16:37:16.437 13095 13095 W System.err: 	at org.jacoco.agent.rt.internal_8ff85ea.Offline.getProbes(Offline.java:51)
03-26 16:37:16.437 13095 13095 W System.err: 	at com.ichi2.anki.AnkiDroidApp.$jacocoInit(AnkiDroidApp.java)
03-26 16:37:16.437 13095 13095 W System.err: 	at com.ichi2.anki.AnkiDroidApp.<clinit>(AnkiDroidApp.java)
03-26 16:37:16.437 13095 13095 W System.err: 	at java.lang.Class.newInstance(Native Method)
03-26 16:37:16.437 13095 13095 W System.err: 	at android.app.Instrumentation.newApplication(Instrumentation.java:1007)
03-26 16:37:16.437 13095 13095 W System.err: 	at android.app.Instrumentation.newApplication(Instrumentation.java:992)
03-26 16:37:16.437 13095 13095 W System.err: 	at android.app.LoadedApk.makeApplication(LoadedApk.java:796)
03-26 16:37:16.437 13095 13095 W System.err: 	at android.app.ActivityThread.handleBindApplication(ActivityThread.java:5377)
03-26 16:37:16.437 13095 13095 W System.err: 	at android.app.ActivityThread.-wrap2(ActivityThread.java)
03-26 16:37:16.437 13095 13095 W System.err: 	at android.app.ActivityThread$H.handleMessage(ActivityThread.java:1545)
03-26 16:37:16.437 13095 13095 W System.err: 	at android.os.Handler.dispatchMessage(Handler.java:102)
03-26 16:37:16.437 13095 13095 W System.err: 	at android.os.Looper.loop(Looper.java:154)
03-26 16:37:16.437 13095 13095 W System.err: 	at android.app.ActivityThread.main(ActivityThread.java:6119)
03-26 16:37:16.437 13095 13095 W System.err: 	at java.lang.reflect.Method.invoke(Native Method)
03-26 16:37:16.437 13095 13095 W System.err: 	at com.android.internal.os.ZygoteInit$MethodAndArgsCaller.run(ZygoteInit.java:886)
03-26 16:37:16.437 13095 13095 W System.err: 	at com.android.internal.os.ZygoteInit.main(ZygoteInit.java:776)
03-26 16:37:31.039 13095 13095 E AndroidRuntime: FATAL EXCEPTION: main
03-26 16:37:31.039 13095 13095 E AndroidRuntime: Process: com.ichi2.anki, PID: 13095
03-26 16:37:31.039 13095 13095 E AndroidRuntime: java.lang.NullPointerException: Attempt to invoke virtual method 'boolean android.support.v7.widget.SearchView.isIconified()' on a null object reference
03-26 16:37:31.039 13095 13095 E AndroidRuntime: 	at com.ichi2.anki.CardBrowser$20.onPostExecute(CardBrowser.java:1364)
03-26 16:37:31.039 13095 13095 E AndroidRuntime: 	at com.ichi2.async.DeckTask$TaskListener.onPostExecute(DeckTask.java:1521)
03-26 16:37:31.039 13095 13095 E AndroidRuntime: 	at com.ichi2.async.DeckTask.onPostExecute(DeckTask.java:376)
03-26 16:37:31.039 13095 13095 E AndroidRuntime: 	at com.ichi2.async.DeckTask.onPostExecute(DeckTask.java:69)
03-26 16:37:31.039 13095 13095 E AndroidRuntime: 	at android.os.AsyncTask.finish(AsyncTask.java:667)
03-26 16:37:31.039 13095 13095 E AndroidRuntime: 	at android.os.AsyncTask.-wrap1(AsyncTask.java)
03-26 16:37:31.039 13095 13095 E AndroidRuntime: 	at android.os.AsyncTask$InternalHandler.handleMessage(AsyncTask.java:684)
03-26 16:37:31.039 13095 13095 E AndroidRuntime: 	at android.os.Handler.dispatchMessage(Handler.java:102)
03-26 16:37:31.039 13095 13095 E AndroidRuntime: 	at android.os.Looper.loop(Looper.java:154)
03-26 16:37:31.039 13095 13095 E AndroidRuntime: 	at android.app.ActivityThread.main(ActivityThread.java:6119)
03-26 16:37:31.039 13095 13095 E AndroidRuntime: 	at java.lang.reflect.Method.invoke(Native Method)
03-26 16:37:31.039 13095 13095 E AndroidRuntime: 	at com.android.internal.os.ZygoteInit$MethodAndArgsCaller.run(ZygoteInit.java:886)
03-26 16:37:31.039 13095 13095 E AndroidRuntime: 	at com.android.internal.os.ZygoteInit.main(ZygoteInit.java:776)
03-26 16:37:54.309 13693 13693 W System.err: java.io.FileNotFoundException: /jacoco.exec (Read-only file system)
03-26 16:37:54.309 13693 13693 W System.err: 	at java.io.FileOutputStream.open(Native Method)
03-26 16:37:54.309 13693 13693 W System.err: 	at java.io.FileOutputStream.<init>(FileOutputStream.java:221)
03-26 16:37:54.309 13693 13693 W System.err: 	at org.jacoco.agent.rt.internal_8ff85ea.output.FileOutput.openFile(FileOutput.java:67)
03-26 16:37:54.309 13693 13693 W System.err: 	at org.jacoco.agent.rt.internal_8ff85ea.output.FileOutput.startup(FileOutput.java:49)
03-26 16:37:54.309 13693 13693 W System.err: 	at org.jacoco.agent.rt.internal_8ff85ea.Agent.startup(Agent.java:122)
03-26 16:37:54.309 13693 13693 W System.err: 	at org.jacoco.agent.rt.internal_8ff85ea.Agent.getInstance(Agent.java:50)
03-26 16:37:54.309 13693 13693 W System.err: 	at org.jacoco.agent.rt.internal_8ff85ea.Offline.<clinit>(Offline.java:31)
03-26 16:37:54.309 13693 13693 W System.err: 	at org.jacoco.agent.rt.internal_8ff85ea.Offline.getProbes(Offline.java:51)
03-26 16:37:54.309 13693 13693 W System.err: 	at com.ichi2.anki.AnkiDroidApp.$jacocoInit(AnkiDroidApp.java)
03-26 16:37:54.309 13693 13693 W System.err: 	at com.ichi2.anki.AnkiDroidApp.<clinit>(AnkiDroidApp.java)
03-26 16:37:54.309 13693 13693 W System.err: 	at java.lang.Class.newInstance(Native Method)
03-26 16:37:54.309 13693 13693 W System.err: 	at android.app.Instrumentation.newApplication(Instrumentation.java:1007)
03-26 16:37:54.309 13693 13693 W System.err: 	at android.app.Instrumentation.newApplication(Instrumentation.java:992)
03-26 16:37:54.309 13693 13693 W System.err: 	at android.app.LoadedApk.makeApplication(LoadedApk.java:796)
03-26 16:37:54.309 13693 13693 W System.err: 	at android.app.ActivityThread.handleBindApplication(ActivityThread.java:5377)
03-26 16:37:54.309 13693 13693 W System.err: 	at android.app.ActivityThread.-wrap2(ActivityThread.java)
03-26 16:37:54.309 13693 13693 W System.err: 	at android.app.ActivityThread$H.handleMessage(ActivityThread.java:1545)
03-26 16:37:54.310 13693 13693 W System.err: 	at android.os.Handler.dispatchMessage(Handler.java:102)
03-26 16:37:54.310 13693 13693 W System.err: 	at android.os.Looper.loop(Looper.java:154)
03-26 16:37:54.310 13693 13693 W System.err: 	at android.app.ActivityThread.main(ActivityThread.java:6119)
03-26 16:37:54.310 13693 13693 W System.err: 	at java.lang.reflect.Method.invoke(Native Method)
03-26 16:37:54.310 13693 13693 W System.err: 	at com.android.internal.os.ZygoteInit$MethodAndArgsCaller.run(ZygoteInit.java:886)
03-26 16:37:54.310 13693 13693 W System.err: 	at com.android.internal.os.ZygoteInit.main(ZygoteInit.java:776)
03-26 16:38:34.893 13693 13693 E AndroidRuntime: FATAL EXCEPTION: main
03-26 16:38:34.893 13693 13693 E AndroidRuntime: Process: com.ichi2.anki, PID: 13693
03-26 16:38:34.893 13693 13693 E AndroidRuntime: java.lang.NullPointerException: Attempt to invoke virtual method 'boolean android.support.v7.widget.SearchView.isIconified()' on a null object reference
03-26 16:38:34.893 13693 13693 E AndroidRuntime: 	at com.ichi2.anki.CardBrowser$20.onPostExecute(CardBrowser.java:1364)
03-26 16:38:34.893 13693 13693 E AndroidRuntime: 	at com.ichi2.async.DeckTask$TaskListener.onPostExecute(DeckTask.java:1521)
03-26 16:38:34.893 13693 13693 E AndroidRuntime: 	at com.ichi2.async.DeckTask.onPostExecute(DeckTask.java:376)
03-26 16:38:34.893 13693 13693 E AndroidRuntime: 	at com.ichi2.async.DeckTask.onPostExecute(DeckTask.java:69)
03-26 16:38:34.893 13693 13693 E AndroidRuntime: 	at android.os.AsyncTask.finish(AsyncTask.java:667)
03-26 16:38:34.893 13693 13693 E AndroidRuntime: 	at android.os.AsyncTask.-wrap1(AsyncTask.java)
03-26 16:38:34.893 13693 13693 E AndroidRuntime: 	at android.os.AsyncTask$InternalHandler.handleMessage(AsyncTask.java:684)
03-26 16:38:34.893 13693 13693 E AndroidRuntime: 	at android.os.Handler.dispatchMessage(Handler.java:102)
03-26 16:38:34.893 13693 13693 E AndroidRuntime: 	at android.os.Looper.loop(Looper.java:154)
03-26 16:38:34.893 13693 13693 E AndroidRuntime: 	at android.app.ActivityThread.main(ActivityThread.java:6119)
03-26 16:38:34.893 13693 13693 E AndroidRuntime: 	at java.lang.reflect.Method.invoke(Native Method)
03-26 16:38:34.893 13693 13693 E AndroidRuntime: 	at com.android.internal.os.ZygoteInit$MethodAndArgsCaller.run(ZygoteInit.java:886)
03-26 16:38:34.893 13693 13693 E AndroidRuntime: 	at com.android.internal.os.ZygoteInit.main(ZygoteInit.java:776)
03-26 16:38:53.146 14287 14287 W System.err: java.io.FileNotFoundException: /jacoco.exec (Read-only file system)
03-26 16:38:53.146 14287 14287 W System.err: 	at java.io.FileOutputStream.open(Native Method)
03-26 16:38:53.146 14287 14287 W System.err: 	at java.io.FileOutputStream.<init>(FileOutputStream.java:221)
03-26 16:38:53.146 14287 14287 W System.err: 	at org.jacoco.agent.rt.internal_8ff85ea.output.FileOutput.openFile(FileOutput.java:67)
03-26 16:38:53.146 14287 14287 W System.err: 	at org.jacoco.agent.rt.internal_8ff85ea.output.FileOutput.startup(FileOutput.java:49)
03-26 16:38:53.146 14287 14287 W System.err: 	at org.jacoco.agent.rt.internal_8ff85ea.Agent.startup(Agent.java:122)
03-26 16:38:53.146 14287 14287 W System.err: 	at org.jacoco.agent.rt.internal_8ff85ea.Agent.getInstance(Agent.java:50)
03-26 16:38:53.146 14287 14287 W System.err: 	at org.jacoco.agent.rt.internal_8ff85ea.Offline.<clinit>(Offline.java:31)
03-26 16:38:53.146 14287 14287 W System.err: 	at org.jacoco.agent.rt.internal_8ff85ea.Offline.getProbes(Offline.java:51)
03-26 16:38:53.146 14287 14287 W System.err: 	at com.ichi2.anki.AnkiDroidApp.$jacocoInit(AnkiDroidApp.java)
03-26 16:38:53.146 14287 14287 W System.err: 	at com.ichi2.anki.AnkiDroidApp.<clinit>(AnkiDroidApp.java)
03-26 16:38:53.146 14287 14287 W System.err: 	at java.lang.Class.newInstance(Native Method)
03-26 16:38:53.146 14287 14287 W System.err: 	at android.app.Instrumentation.newApplication(Instrumentation.java:1007)
03-26 16:38:53.146 14287 14287 W System.err: 	at android.app.Instrumentation.newApplication(Instrumentation.java:992)
03-26 16:38:53.146 14287 14287 W System.err: 	at android.app.LoadedApk.makeApplication(LoadedApk.java:796)
03-26 16:38:53.146 14287 14287 W System.err: 	at android.app.ActivityThread.handleBindApplication(ActivityThread.java:5377)
03-26 16:38:53.146 14287 14287 W System.err: 	at android.app.ActivityThread.-wrap2(ActivityThread.java)
03-26 16:38:53.146 14287 14287 W System.err: 	at android.app.ActivityThread$H.handleMessage(ActivityThread.java:1545)
03-26 16:38:53.146 14287 14287 W System.err: 	at android.os.Handler.dispatchMessage(Handler.java:102)
03-26 16:38:53.146 14287 14287 W System.err: 	at android.os.Looper.loop(Looper.java:154)
03-26 16:38:53.146 14287 14287 W System.err: 	at android.app.ActivityThread.main(ActivityThread.java:6119)
03-26 16:38:53.146 14287 14287 W System.err: 	at java.lang.reflect.Method.invoke(Native Method)
03-26 16:38:53.146 14287 14287 W System.err: 	at com.android.internal.os.ZygoteInit$MethodAndArgsCaller.run(ZygoteInit.java:886)
03-26 16:38:53.146 14287 14287 W System.err: 	at com.android.internal.os.ZygoteInit.main(ZygoteInit.java:776)
