--------- beginning of main
--------- beginning of system
03-26 16:41:41.908  3754  3754 W System.err: java.io.FileNotFoundException: /jacoco.exec (Read-only file system)
03-26 16:41:41.908  3754  3754 W System.err: 	at java.io.FileOutputStream.open(Native Method)
03-26 16:41:41.908  3754  3754 W System.err: 	at java.io.FileOutputStream.<init>(FileOutputStream.java:221)
03-26 16:41:41.908  3754  3754 W System.err: 	at org.jacoco.agent.rt.internal_8ff85ea.output.FileOutput.openFile(FileOutput.java:67)
03-26 16:41:41.908  3754  3754 W System.err: 	at org.jacoco.agent.rt.internal_8ff85ea.output.FileOutput.startup(FileOutput.java:49)
03-26 16:41:41.908  3754  3754 W System.err: 	at org.jacoco.agent.rt.internal_8ff85ea.Agent.startup(Agent.java:122)
03-26 16:41:41.909  3754  3754 W System.err: 	at org.jacoco.agent.rt.internal_8ff85ea.Agent.getInstance(Agent.java:50)
03-26 16:41:41.909  3754  3754 W System.err: 	at org.jacoco.agent.rt.internal_8ff85ea.Offline.<clinit>(Offline.java:31)
03-26 16:41:41.909  3754  3754 W System.err: 	at org.jacoco.agent.rt.internal_8ff85ea.Offline.getProbes(Offline.java:51)
03-26 16:41:41.909  3754  3754 W System.err: 	at com.ichi2.anki.AnkiDroidApp.$jacocoInit(AnkiDroidApp.java)
03-26 16:41:41.909  3754  3754 W System.err: 	at com.ichi2.anki.AnkiDroidApp.<clinit>(AnkiDroidApp.java)
03-26 16:41:41.909  3754  3754 W System.err: 	at java.lang.Class.newInstance(Native Method)
03-26 16:41:41.909  3754  3754 W System.err: 	at android.app.Instrumentation.newApplication(Instrumentation.java:1007)
03-26 16:41:41.909  3754  3754 W System.err: 	at android.app.Instrumentation.newApplication(Instrumentation.java:992)
03-26 16:41:41.909  3754  3754 W System.err: 	at android.app.LoadedApk.makeApplication(LoadedApk.java:796)
03-26 16:41:41.909  3754  3754 W System.err: 	at android.app.ActivityThread.handleBindApplication(ActivityThread.java:5377)
03-26 16:41:41.909  3754  3754 W System.err: 	at android.app.ActivityThread.-wrap2(ActivityThread.java)
03-26 16:41:41.909  3754  3754 W System.err: 	at android.app.ActivityThread$H.handleMessage(ActivityThread.java:1545)
03-26 16:41:41.909  3754  3754 W System.err: 	at android.os.Handler.dispatchMessage(Handler.java:102)
03-26 16:41:41.909  3754  3754 W System.err: 	at android.os.Looper.loop(Looper.java:154)
03-26 16:41:41.909  3754  3754 W System.err: 	at android.app.ActivityThread.main(ActivityThread.java:6119)
03-26 16:41:41.909  3754  3754 W System.err: 	at java.lang.reflect.Method.invoke(Native Method)
03-26 16:41:41.909  3754  3754 W System.err: 	at com.android.internal.os.ZygoteInit$MethodAndArgsCaller.run(ZygoteInit.java:886)
03-26 16:41:41.909  3754  3754 W System.err: 	at com.android.internal.os.ZygoteInit.main(ZygoteInit.java:776)
--------- beginning of crash
03-26 16:53:07.595  3754  3754 E AndroidRuntime: FATAL EXCEPTION: main
03-26 16:53:07.595  3754  3754 E AndroidRuntime: Process: com.ichi2.anki, PID: 3754
03-26 16:53:07.595  3754  3754 E AndroidRuntime: java.lang.NullPointerException: Attempt to invoke virtual method 'boolean android.support.v7.widget.SearchView.isIconified()' on a null object reference
03-26 16:53:07.595  3754  3754 E AndroidRuntime: 	at com.ichi2.anki.CardBrowser$20.onPostExecute(CardBrowser.java:1364)
03-26 16:53:07.595  3754  3754 E AndroidRuntime: 	at com.ichi2.async.DeckTask$TaskListener.onPostExecute(DeckTask.java:1521)
03-26 16:53:07.595  3754  3754 E AndroidRuntime: 	at com.ichi2.async.DeckTask.onPostExecute(DeckTask.java:376)
03-26 16:53:07.595  3754  3754 E AndroidRuntime: 	at com.ichi2.async.DeckTask.onPostExecute(DeckTask.java:69)
03-26 16:53:07.595  3754  3754 E AndroidRuntime: 	at android.os.AsyncTask.finish(AsyncTask.java:667)
03-26 16:53:07.595  3754  3754 E AndroidRuntime: 	at android.os.AsyncTask.-wrap1(AsyncTask.java)
03-26 16:53:07.595  3754  3754 E AndroidRuntime: 	at android.os.AsyncTask$InternalHandler.handleMessage(AsyncTask.java:684)
03-26 16:53:07.595  3754  3754 E AndroidRuntime: 	at android.os.Handler.dispatchMessage(Handler.java:102)
03-26 16:53:07.595  3754  3754 E AndroidRuntime: 	at android.os.Looper.loop(Looper.java:154)
03-26 16:53:07.595  3754  3754 E AndroidRuntime: 	at android.app.ActivityThread.main(ActivityThread.java:6119)
03-26 16:53:07.595  3754  3754 E AndroidRuntime: 	at java.lang.reflect.Method.invoke(Native Method)
03-26 16:53:07.595  3754  3754 E AndroidRuntime: 	at com.android.internal.os.ZygoteInit$MethodAndArgsCaller.run(ZygoteInit.java:886)
03-26 16:53:07.595  3754  3754 E AndroidRuntime: 	at com.android.internal.os.ZygoteInit.main(ZygoteInit.java:776)
03-26 16:53:25.681  4975  4975 W System.err: java.io.FileNotFoundException: /jacoco.exec (Read-only file system)
03-26 16:53:25.682  4975  4975 W System.err: 	at java.io.FileOutputStream.open(Native Method)
03-26 16:53:25.682  4975  4975 W System.err: 	at java.io.FileOutputStream.<init>(FileOutputStream.java:221)
03-26 16:53:25.682  4975  4975 W System.err: 	at org.jacoco.agent.rt.internal_8ff85ea.output.FileOutput.openFile(FileOutput.java:67)
03-26 16:53:25.682  4975  4975 W System.err: 	at org.jacoco.agent.rt.internal_8ff85ea.output.FileOutput.startup(FileOutput.java:49)
03-26 16:53:25.682  4975  4975 W System.err: 	at org.jacoco.agent.rt.internal_8ff85ea.Agent.startup(Agent.java:122)
03-26 16:53:25.682  4975  4975 W System.err: 	at org.jacoco.agent.rt.internal_8ff85ea.Agent.getInstance(Agent.java:50)
03-26 16:53:25.682  4975  4975 W System.err: 	at org.jacoco.agent.rt.internal_8ff85ea.Offline.<clinit>(Offline.java:31)
03-26 16:53:25.682  4975  4975 W System.err: 	at org.jacoco.agent.rt.internal_8ff85ea.Offline.getProbes(Offline.java:51)
03-26 16:53:25.682  4975  4975 W System.err: 	at com.ichi2.anki.AnkiDroidApp.$jacocoInit(AnkiDroidApp.java)
03-26 16:53:25.682  4975  4975 W System.err: 	at com.ichi2.anki.AnkiDroidApp.<clinit>(AnkiDroidApp.java)
03-26 16:53:25.682  4975  4975 W System.err: 	at java.lang.Class.newInstance(Native Method)
03-26 16:53:25.682  4975  4975 W System.err: 	at android.app.Instrumentation.newApplication(Instrumentation.java:1007)
03-26 16:53:25.682  4975  4975 W System.err: 	at android.app.Instrumentation.newApplication(Instrumentation.java:992)
03-26 16:53:25.682  4975  4975 W System.err: 	at android.app.LoadedApk.makeApplication(LoadedApk.java:796)
03-26 16:53:25.682  4975  4975 W System.err: 	at android.app.ActivityThread.handleBindApplication(ActivityThread.java:5377)
03-26 16:53:25.682  4975  4975 W System.err: 	at android.app.ActivityThread.-wrap2(ActivityThread.java)
03-26 16:53:25.682  4975  4975 W System.err: 	at android.app.ActivityThread$H.handleMessage(ActivityThread.java:1545)
03-26 16:53:25.682  4975  4975 W System.err: 	at android.os.Handler.dispatchMessage(Handler.java:102)
03-26 16:53:25.682  4975  4975 W System.err: 	at android.os.Looper.loop(Looper.java:154)
03-26 16:53:25.682  4975  4975 W System.err: 	at android.app.ActivityThread.main(ActivityThread.java:6119)
03-26 16:53:25.682  4975  4975 W System.err: 	at java.lang.reflect.Method.invoke(Native Method)
03-26 16:53:25.682  4975  4975 W System.err: 	at com.android.internal.os.ZygoteInit$MethodAndArgsCaller.run(ZygoteInit.java:886)
03-26 16:53:25.682  4975  4975 W System.err: 	at com.android.internal.os.ZygoteInit.main(ZygoteInit.java:776)
03-26 16:56:51.402  4975  5087 E AndroidRuntime: FATAL EXCEPTION: AsyncTask #6
03-26 16:56:51.402  4975  5087 E AndroidRuntime: Process: com.ichi2.anki, PID: 4975
03-26 16:56:51.402  4975  5087 E AndroidRuntime: java.lang.RuntimeException: An error occurred while executing doInBackground()
03-26 16:56:51.402  4975  5087 E AndroidRuntime: 	at android.os.AsyncTask$3.done(AsyncTask.java:325)
03-26 16:56:51.402  4975  5087 E AndroidRuntime: 	at java.util.concurrent.FutureTask.finishCompletion(FutureTask.java:354)
03-26 16:56:51.402  4975  5087 E AndroidRuntime: 	at java.util.concurrent.FutureTask.setException(FutureTask.java:223)
03-26 16:56:51.402  4975  5087 E AndroidRuntime: 	at java.util.concurrent.FutureTask.run(FutureTask.java:242)
03-26 16:56:51.402  4975  5087 E AndroidRuntime: 	at android.os.AsyncTask$SerialExecutor$1.run(AsyncTask.java:243)
03-26 16:56:51.402  4975  5087 E AndroidRuntime: 	at java.util.concurrent.ThreadPoolExecutor.runWorker(ThreadPoolExecutor.java:1133)
03-26 16:56:51.402  4975  5087 E AndroidRuntime: 	at java.util.concurrent.ThreadPoolExecutor$Worker.run(ThreadPoolExecutor.java:607)
03-26 16:56:51.402  4975  5087 E AndroidRuntime: 	at java.lang.Thread.run(Thread.java:761)
03-26 16:56:51.402  4975  5087 E AndroidRuntime: Caused by: java.lang.RuntimeException: org.json.JSONException: Index 11 out of range [0..2)
03-26 16:56:51.402  4975  5087 E AndroidRuntime: 	at com.ichi2.libanki.Card.template(Card.java:342)
03-26 16:56:51.402  4975  5087 E AndroidRuntime: 	at com.ichi2.libanki.Card._getQA(Card.java:290)
03-26 16:56:51.402  4975  5087 E AndroidRuntime: 	at com.ichi2.anki.CardBrowser.updateSearchItemQA(CardBrowser.java:1134)
03-26 16:56:51.402  4975  5087 E AndroidRuntime: 	at com.ichi2.async.DeckTask.doInBackgroundSearchCards(DeckTask.java:818)
03-26 16:56:51.402  4975  5087 E AndroidRuntime: 	at com.ichi2.async.DeckTask.doInBackground(DeckTask.java:262)
03-26 16:56:51.402  4975  5087 E AndroidRuntime: 	at com.ichi2.async.DeckTask.doInBackground(DeckTask.java:69)
03-26 16:56:51.402  4975  5087 E AndroidRuntime: 	at android.os.AsyncTask$2.call(AsyncTask.java:305)
03-26 16:56:51.402  4975  5087 E AndroidRuntime: 	at java.util.concurrent.FutureTask.run(FutureTask.java:237)
03-26 16:56:51.402  4975  5087 E AndroidRuntime: 	... 4 more
03-26 16:56:51.402  4975  5087 E AndroidRuntime: Caused by: org.json.JSONException: Index 11 out of range [0..2)
03-26 16:56:51.402  4975  5087 E AndroidRuntime: 	at org.json.JSONArray.get(JSONArray.java:293)
03-26 16:56:51.402  4975  5087 E AndroidRuntime: 	at org.json.JSONArray.getJSONObject(JSONArray.java:521)
03-26 16:56:51.402  4975  5087 E AndroidRuntime: 	at com.ichi2.libanki.Card.template(Card.java:337)
03-26 16:56:51.402  4975  5087 E AndroidRuntime: 	... 11 more
03-26 16:57:07.479  5664  5664 W System.err: java.io.FileNotFoundException: /jacoco.exec (Read-only file system)
03-26 16:57:07.480  5664  5664 W System.err: 	at java.io.FileOutputStream.open(Native Method)
03-26 16:57:07.480  5664  5664 W System.err: 	at java.io.FileOutputStream.<init>(FileOutputStream.java:221)
03-26 16:57:07.480  5664  5664 W System.err: 	at org.jacoco.agent.rt.internal_8ff85ea.output.FileOutput.openFile(FileOutput.java:67)
03-26 16:57:07.480  5664  5664 W System.err: 	at org.jacoco.agent.rt.internal_8ff85ea.output.FileOutput.startup(FileOutput.java:49)
03-26 16:57:07.480  5664  5664 W System.err: 	at org.jacoco.agent.rt.internal_8ff85ea.Agent.startup(Agent.java:122)
03-26 16:57:07.480  5664  5664 W System.err: 	at org.jacoco.agent.rt.internal_8ff85ea.Agent.getInstance(Agent.java:50)
03-26 16:57:07.480  5664  5664 W System.err: 	at org.jacoco.agent.rt.internal_8ff85ea.Offline.<clinit>(Offline.java:31)
03-26 16:57:07.480  5664  5664 W System.err: 	at org.jacoco.agent.rt.internal_8ff85ea.Offline.getProbes(Offline.java:51)
03-26 16:57:07.480  5664  5664 W System.err: 	at com.ichi2.anki.AnkiDroidApp.$jacocoInit(AnkiDroidApp.java)
03-26 16:57:07.480  5664  5664 W System.err: 	at com.ichi2.anki.AnkiDroidApp.<clinit>(AnkiDroidApp.java)
03-26 16:57:07.480  5664  5664 W System.err: 	at java.lang.Class.newInstance(Native Method)
03-26 16:57:07.480  5664  5664 W System.err: 	at android.app.Instrumentation.newApplication(Instrumentation.java:1007)
03-26 16:57:07.480  5664  5664 W System.err: 	at android.app.Instrumentation.newApplication(Instrumentation.java:992)
03-26 16:57:07.480  5664  5664 W System.err: 	at android.app.LoadedApk.makeApplication(LoadedApk.java:796)
03-26 16:57:07.480  5664  5664 W System.err: 	at android.app.ActivityThread.handleBindApplication(ActivityThread.java:5377)
03-26 16:57:07.480  5664  5664 W System.err: 	at android.app.ActivityThread.-wrap2(ActivityThread.java)
03-26 16:57:07.480  5664  5664 W System.err: 	at android.app.ActivityThread$H.handleMessage(ActivityThread.java:1545)
03-26 16:57:07.480  5664  5664 W System.err: 	at android.os.Handler.dispatchMessage(Handler.java:102)
03-26 16:57:07.480  5664  5664 W System.err: 	at android.os.Looper.loop(Looper.java:154)
03-26 16:57:07.480  5664  5664 W System.err: 	at android.app.ActivityThread.main(ActivityThread.java:6119)
03-26 16:57:07.480  5664  5664 W System.err: 	at java.lang.reflect.Method.invoke(Native Method)
03-26 16:57:07.480  5664  5664 W System.err: 	at com.android.internal.os.ZygoteInit$MethodAndArgsCaller.run(ZygoteInit.java:886)
03-26 16:57:07.480  5664  5664 W System.err: 	at com.android.internal.os.ZygoteInit.main(ZygoteInit.java:776)
03-26 16:59:43.545  5664  5664 E AndroidRuntime: FATAL EXCEPTION: main
03-26 16:59:43.545  5664  5664 E AndroidRuntime: Process: com.ichi2.anki, PID: 5664
03-26 16:59:43.545  5664  5664 E AndroidRuntime: java.lang.RuntimeException: This is a test crash
03-26 16:59:43.545  5664  5664 E AndroidRuntime: 	at com.ichi2.anki.Preferences.lambda$initSubscreen$7(Preferences.java:293)
03-26 16:59:43.545  5664  5664 E AndroidRuntime: 	at com.ichi2.anki.-$$Lambda$Preferences$fwDFvlTcNhpAcEMN_bOWEVP90Y4.onPreferenceClick(lambda)
03-26 16:59:43.545  5664  5664 E AndroidRuntime: 	at android.preference.Preference.performClick(Preference.java:996)
03-26 16:59:43.545  5664  5664 E AndroidRuntime: 	at android.preference.PreferenceScreen.onItemClick(PreferenceScreen.java:249)
03-26 16:59:43.545  5664  5664 E AndroidRuntime: 	at android.widget.AdapterView.performItemClick(AdapterView.java:310)
03-26 16:59:43.545  5664  5664 E AndroidRuntime: 	at android.widget.AbsListView.performItemClick(AbsListView.java:1156)
03-26 16:59:43.545  5664  5664 E AndroidRuntime: 	at android.widget.AbsListView$PerformClick.run(AbsListView.java:3121)
03-26 16:59:43.545  5664  5664 E AndroidRuntime: 	at android.widget.AbsListView$3.run(AbsListView.java:4036)
03-26 16:59:43.545  5664  5664 E AndroidRuntime: 	at android.os.Handler.handleCallback(Handler.java:751)
03-26 16:59:43.545  5664  5664 E AndroidRuntime: 	at android.os.Handler.dispatchMessage(Handler.java:95)
03-26 16:59:43.545  5664  5664 E AndroidRuntime: 	at android.os.Looper.loop(Looper.java:154)
03-26 16:59:43.545  5664  5664 E AndroidRuntime: 	at android.app.ActivityThread.main(ActivityThread.java:6119)
03-26 16:59:43.545  5664  5664 E AndroidRuntime: 	at java.lang.reflect.Method.invoke(Native Method)
03-26 16:59:43.545  5664  5664 E AndroidRuntime: 	at com.android.internal.os.ZygoteInit$MethodAndArgsCaller.run(ZygoteInit.java:886)
03-26 16:59:43.545  5664  5664 E AndroidRuntime: 	at com.android.internal.os.ZygoteInit.main(ZygoteInit.java:776)
03-26 17:00:27.648  6309  6309 W System.err: java.io.FileNotFoundException: /jacoco.exec (Read-only file system)
03-26 17:00:27.648  6309  6309 W System.err: 	at java.io.FileOutputStream.open(Native Method)
03-26 17:00:27.648  6309  6309 W System.err: 	at java.io.FileOutputStream.<init>(FileOutputStream.java:221)
03-26 17:00:27.648  6309  6309 W System.err: 	at org.jacoco.agent.rt.internal_8ff85ea.output.FileOutput.openFile(FileOutput.java:67)
03-26 17:00:27.648  6309  6309 W System.err: 	at org.jacoco.agent.rt.internal_8ff85ea.output.FileOutput.startup(FileOutput.java:49)
03-26 17:00:27.648  6309  6309 W System.err: 	at org.jacoco.agent.rt.internal_8ff85ea.Agent.startup(Agent.java:122)
03-26 17:00:27.648  6309  6309 W System.err: 	at org.jacoco.agent.rt.internal_8ff85ea.Agent.getInstance(Agent.java:50)
03-26 17:00:27.648  6309  6309 W System.err: 	at org.jacoco.agent.rt.internal_8ff85ea.Offline.<clinit>(Offline.java:31)
03-26 17:00:27.648  6309  6309 W System.err: 	at org.jacoco.agent.rt.internal_8ff85ea.Offline.getProbes(Offline.java:51)
03-26 17:00:27.648  6309  6309 W System.err: 	at com.ichi2.anki.AnkiDroidApp.$jacocoInit(AnkiDroidApp.java)
03-26 17:00:27.648  6309  6309 W System.err: 	at com.ichi2.anki.AnkiDroidApp.<clinit>(AnkiDroidApp.java)
03-26 17:00:27.648  6309  6309 W System.err: 	at java.lang.Class.newInstance(Native Method)
03-26 17:00:27.648  6309  6309 W System.err: 	at android.app.Instrumentation.newApplication(Instrumentation.java:1007)
03-26 17:00:27.648  6309  6309 W System.err: 	at android.app.Instrumentation.newApplication(Instrumentation.java:992)
03-26 17:00:27.648  6309  6309 W System.err: 	at android.app.LoadedApk.makeApplication(LoadedApk.java:796)
03-26 17:00:27.648  6309  6309 W System.err: 	at android.app.ActivityThread.handleBindApplication(ActivityThread.java:5377)
03-26 17:00:27.648  6309  6309 W System.err: 	at android.app.ActivityThread.-wrap2(ActivityThread.java)
03-26 17:00:27.648  6309  6309 W System.err: 	at android.app.ActivityThread$H.handleMessage(ActivityThread.java:1545)
03-26 17:00:27.648  6309  6309 W System.err: 	at android.os.Handler.dispatchMessage(Handler.java:102)
03-26 17:00:27.648  6309  6309 W System.err: 	at android.os.Looper.loop(Looper.java:154)
03-26 17:00:27.648  6309  6309 W System.err: 	at android.app.ActivityThread.main(ActivityThread.java:6119)
03-26 17:00:27.648  6309  6309 W System.err: 	at java.lang.reflect.Method.invoke(Native Method)
03-26 17:00:27.648  6309  6309 W System.err: 	at com.android.internal.os.ZygoteInit$MethodAndArgsCaller.run(ZygoteInit.java:886)
03-26 17:00:27.648  6309  6309 W System.err: 	at com.android.internal.os.ZygoteInit.main(ZygoteInit.java:776)
03-26 17:22:09.496  6309  6309 E AndroidRuntime: FATAL EXCEPTION: main
03-26 17:22:09.496  6309  6309 E AndroidRuntime: Process: com.ichi2.anki, PID: 6309
03-26 17:22:09.496  6309  6309 E AndroidRuntime: java.lang.ClassCastException: android.widget.HeaderViewListAdapter cannot be cast to android.support.v7.view.menu.MenuAdapter
03-26 17:22:09.496  6309  6309 E AndroidRuntime: 	at android.support.v7.widget.MenuPopupWindow$MenuDropDownListView.onKeyDown(MenuPopupWindow.java:174)
03-26 17:22:09.496  6309  6309 E AndroidRuntime: 	at android.view.KeyEvent.dispatch(KeyEvent.java:2688)
03-26 17:22:09.496  6309  6309 E AndroidRuntime: 	at android.view.View.dispatchKeyEvent(View.java:9960)
03-26 17:22:09.496  6309  6309 E AndroidRuntime: 	at android.view.ViewGroup.dispatchKeyEvent(ViewGroup.java:1625)
03-26 17:22:09.496  6309  6309 E AndroidRuntime: 	at android.widget.ListView.dispatchKeyEvent(ListView.java:2249)
03-26 17:22:09.496  6309  6309 E AndroidRuntime: 	at android.view.ViewGroup.dispatchKeyEvent(ViewGroup.java:1630)
03-26 17:22:09.496  6309  6309 E AndroidRuntime: 	at android.view.ViewGroup.dispatchKeyEvent(ViewGroup.java:1630)
03-26 17:22:09.496  6309  6309 E AndroidRuntime: 	at android.widget.PopupWindow$PopupDecorView.dispatchKeyEvent(PopupWindow.java:2266)
03-26 17:22:09.496  6309  6309 E AndroidRuntime: 	at android.view.ViewRootImpl$ViewPostImeInputStage.processKeyEvent(ViewRootImpl.java:4331)
03-26 17:22:09.496  6309  6309 E AndroidRuntime: 	at android.view.ViewRootImpl$ViewPostImeInputStage.onProcess(ViewRootImpl.java:4302)
03-26 17:22:09.496  6309  6309 E AndroidRuntime: 	at android.view.ViewRootImpl$InputStage.deliver(ViewRootImpl.java:3853)
03-26 17:22:09.496  6309  6309 E AndroidRuntime: 	at android.view.ViewRootImpl$InputStage.onDeliverToNext(ViewRootImpl.java:3906)
03-26 17:22:09.496  6309  6309 E AndroidRuntime: 	at android.view.ViewRootImpl$InputStage.forward(ViewRootImpl.java:3872)
03-26 17:22:09.496  6309  6309 E AndroidRuntime: 	at android.view.ViewRootImpl$AsyncInputStage.forward(ViewRootImpl.java:3999)
03-26 17:22:09.496  6309  6309 E AndroidRuntime: 	at android.view.ViewRootImpl$InputStage.apply(ViewRootImpl.java:3880)
03-26 17:22:09.496  6309  6309 E AndroidRuntime: 	at android.view.ViewRootImpl$AsyncInputStage.apply(ViewRootImpl.java:4056)
03-26 17:22:09.496  6309  6309 E AndroidRuntime: 	at android.view.ViewRootImpl$InputStage.deliver(ViewRootImpl.java:3853)
03-26 17:22:09.496  6309  6309 E AndroidRuntime: 	at android.view.ViewRootImpl$InputStage.onDeliverToNext(ViewRootImpl.java:3906)
03-26 17:22:09.496  6309  6309 E AndroidRuntime: 	at android.view.ViewRootImpl$InputStage.forward(ViewRootImpl.java:3872)
03-26 17:22:09.496  6309  6309 E AndroidRuntime: 	at android.view.ViewRootImpl$InputStage.apply(ViewRootImpl.java:3880)
03-26 17:22:09.496  6309  6309 E AndroidRuntime: 	at android.view.ViewRootImpl$InputStage.deliver(ViewRootImpl.java:3853)
03-26 17:22:09.496  6309  6309 E AndroidRuntime: 	at android.view.ViewRootImpl$InputStage.onDeliverToNext(ViewRootImpl.java:3906)
03-26 17:22:09.496  6309  6309 E AndroidRuntime: 	at android.view.ViewRootImpl$InputStage.forward(ViewRootImpl.java:3872)
03-26 17:22:09.496  6309  6309 E AndroidRuntime: 	at android.view.ViewRootImpl$AsyncInputStage.forward(ViewRootImpl.java:3999)
03-26 17:22:09.496  6309  6309 E AndroidRuntime: 	at android.view.ViewRootImpl$InputStage.apply(ViewRootImpl.java:3880)
03-26 17:22:09.496  6309  6309 E AndroidRuntime: 	at android.view.ViewRootImpl$AsyncInputStage.apply(ViewRootImpl.java:4056)
03-26 17:22:09.496  6309  6309 E AndroidRuntime: 	at android.view.ViewRootImpl$InputStage.deliver(ViewRootImpl.java:3853)
03-26 17:22:09.496  6309  6309 E AndroidRuntime: 	at android.view.ViewRootImpl$InputStage.onDeliverToNext(ViewRootImpl.java:3906)
03-26 17:22:09.496  6309  6309 E AndroidRuntime: 	at android.view.ViewRootImpl$InputStage.forward(ViewRootImpl.java:3872)
03-26 17:22:09.496  6309  6309 E AndroidRuntime: 	at android.view.ViewRootImpl$InputStage.apply(ViewRootImpl.java:3880)
03-26 17:22:09.496  6309  6309 E AndroidRuntime: 	at android.view.ViewRootImpl$InputStage.deliver(ViewRootImpl.java:3853)
03-26 17:22:09.496  6309  6309 E AndroidRuntime: 	at android.view.ViewRootImpl$InputStage.onDeliverToNext(ViewRootImpl.java:3906)
03-26 17:22:09.496  6309  6309 E AndroidRuntime: 	at android.view.ViewRootImpl$InputStage.forward(ViewRootImpl.java:3872)
03-26 17:22:09.496  6309  6309 E AndroidRuntime: 	at android.view.ViewRootImpl$AsyncInputStage.forward(ViewRootImpl.java:3999)
03-26 17:22:09.496  6309  6309 E AndroidRuntime: 	at android.view.ViewRootImpl$InputStage.apply(ViewRootImpl.java:3880)
03-26 17:22:09.496  6309  6309 E AndroidRuntime: 	at android.view.ViewRootImpl$AsyncInputStage.apply(ViewRootImpl.java:4056)
03-26 17:22:09.496  6309  6309 E AndroidRuntime: 	at android.view.ViewRootImpl$InputStage.deliver(ViewRootImpl.java:3853)
03-26 17:22:09.496  6309  6309 E AndroidRuntime: 	at android.view.ViewRootImpl.deliverInputEvent(ViewRootImpl.java:6246)
03-26 17:22:09.496  6309  6309 E AndroidRuntime: 	at android.view.ViewRootImpl.doProcessInputEvents(ViewRootImpl.java:6220)
03-26 17:22:09.496  6309  6309 E AndroidRuntime: 	at android.view.ViewRootImpl.enqueueInputEvent(ViewRootImpl.java:6181)
03-26 17:22:09.496  6309  6309 E AndroidRuntime: 	at android.view.ViewRootImpl$WindowInputEventReceiver.onInputEvent(ViewRootImpl.java:6349)
03-26 17:22:09.496  6309  6309 E AndroidRuntime: 	at android.view.InputEventReceiver.dispatchInputEvent(InputEventReceiver.java:185)
03-26 17:22:09.496  6309  6309 E AndroidRuntime: 	at android.os.MessageQueue.nativePollOnce(Native Method)
03-26 17:22:09.496  6309  6309 E AndroidRuntime: 	at android.os.MessageQueue.next(MessageQueue.java:323)
03-26 17:22:09.496  6309  6309 E AndroidRuntime: 	at android.os.Looper.loop(Looper.java:136)
03-26 17:22:09.496  6309  6309 E AndroidRuntime: 	at android.app.ActivityThread.main(ActivityThread.java:6119)
03-26 17:22:09.496  6309  6309 E AndroidRuntime: 	at java.lang.reflect.Method.invoke(Native Method)
03-26 17:22:09.496  6309  6309 E AndroidRuntime: 	at com.android.internal.os.ZygoteInit$MethodAndArgsCaller.run(ZygoteInit.java:886)
03-26 17:22:09.496  6309  6309 E AndroidRuntime: 	at com.android.internal.os.ZygoteInit.main(ZygoteInit.java:776)
03-26 17:22:47.042  7282  7282 W System.err: java.io.FileNotFoundException: /jacoco.exec (Read-only file system)
03-26 17:22:47.042  7282  7282 W System.err: 	at java.io.FileOutputStream.open(Native Method)
03-26 17:22:47.042  7282  7282 W System.err: 	at java.io.FileOutputStream.<init>(FileOutputStream.java:221)
03-26 17:22:47.042  7282  7282 W System.err: 	at org.jacoco.agent.rt.internal_8ff85ea.output.FileOutput.openFile(FileOutput.java:67)
03-26 17:22:47.042  7282  7282 W System.err: 	at org.jacoco.agent.rt.internal_8ff85ea.output.FileOutput.startup(FileOutput.java:49)
03-26 17:22:47.042  7282  7282 W System.err: 	at org.jacoco.agent.rt.internal_8ff85ea.Agent.startup(Agent.java:122)
03-26 17:22:47.042  7282  7282 W System.err: 	at org.jacoco.agent.rt.internal_8ff85ea.Agent.getInstance(Agent.java:50)
03-26 17:22:47.042  7282  7282 W System.err: 	at org.jacoco.agent.rt.internal_8ff85ea.Offline.<clinit>(Offline.java:31)
03-26 17:22:47.042  7282  7282 W System.err: 	at org.jacoco.agent.rt.internal_8ff85ea.Offline.getProbes(Offline.java:51)
03-26 17:22:47.042  7282  7282 W System.err: 	at com.ichi2.anki.AnkiDroidApp.$jacocoInit(AnkiDroidApp.java)
03-26 17:22:47.043  7282  7282 W System.err: 	at com.ichi2.anki.AnkiDroidApp.<clinit>(AnkiDroidApp.java)
03-26 17:22:47.043  7282  7282 W System.err: 	at java.lang.Class.newInstance(Native Method)
03-26 17:22:47.043  7282  7282 W System.err: 	at android.app.Instrumentation.newApplication(Instrumentation.java:1007)
03-26 17:22:47.043  7282  7282 W System.err: 	at android.app.Instrumentation.newApplication(Instrumentation.java:992)
03-26 17:22:47.043  7282  7282 W System.err: 	at android.app.LoadedApk.makeApplication(LoadedApk.java:796)
03-26 17:22:47.043  7282  7282 W System.err: 	at android.app.ActivityThread.handleBindApplication(ActivityThread.java:5377)
03-26 17:22:47.043  7282  7282 W System.err: 	at android.app.ActivityThread.-wrap2(ActivityThread.java)
03-26 17:22:47.043  7282  7282 W System.err: 	at android.app.ActivityThread$H.handleMessage(ActivityThread.java:1545)
03-26 17:22:47.043  7282  7282 W System.err: 	at android.os.Handler.dispatchMessage(Handler.java:102)
03-26 17:22:47.043  7282  7282 W System.err: 	at android.os.Looper.loop(Looper.java:154)
03-26 17:22:47.043  7282  7282 W System.err: 	at android.app.ActivityThread.main(ActivityThread.java:6119)
03-26 17:22:47.043  7282  7282 W System.err: 	at java.lang.reflect.Method.invoke(Native Method)
03-26 17:22:47.043  7282  7282 W System.err: 	at com.android.internal.os.ZygoteInit$MethodAndArgsCaller.run(ZygoteInit.java:886)
03-26 17:22:47.043  7282  7282 W System.err: 	at com.android.internal.os.ZygoteInit.main(ZygoteInit.java:776)
03-26 17:24:04.693  7282  7282 E AndroidRuntime: FATAL EXCEPTION: main
03-26 17:24:04.693  7282  7282 E AndroidRuntime: Process: com.ichi2.anki, PID: 7282
03-26 17:24:04.693  7282  7282 E AndroidRuntime: java.lang.ClassCastException: android.widget.HeaderViewListAdapter cannot be cast to android.support.v7.view.menu.MenuAdapter
03-26 17:24:04.693  7282  7282 E AndroidRuntime: 	at android.support.v7.widget.MenuPopupWindow$MenuDropDownListView.onKeyDown(MenuPopupWindow.java:174)
03-26 17:24:04.693  7282  7282 E AndroidRuntime: 	at android.view.KeyEvent.dispatch(KeyEvent.java:2688)
03-26 17:24:04.693  7282  7282 E AndroidRuntime: 	at android.view.View.dispatchKeyEvent(View.java:9960)
03-26 17:24:04.693  7282  7282 E AndroidRuntime: 	at android.view.ViewGroup.dispatchKeyEvent(ViewGroup.java:1625)
03-26 17:24:04.693  7282  7282 E AndroidRuntime: 	at android.widget.ListView.dispatchKeyEvent(ListView.java:2249)
03-26 17:24:04.693  7282  7282 E AndroidRuntime: 	at android.view.ViewGroup.dispatchKeyEvent(ViewGroup.java:1630)
03-26 17:24:04.693  7282  7282 E AndroidRuntime: 	at android.view.ViewGroup.dispatchKeyEvent(ViewGroup.java:1630)
03-26 17:24:04.693  7282  7282 E AndroidRuntime: 	at android.widget.PopupWindow$PopupDecorView.dispatchKeyEvent(PopupWindow.java:2266)
03-26 17:24:04.693  7282  7282 E AndroidRuntime: 	at android.view.ViewRootImpl$ViewPostImeInputStage.processKeyEvent(ViewRootImpl.java:4331)
03-26 17:24:04.693  7282  7282 E AndroidRuntime: 	at android.view.ViewRootImpl$ViewPostImeInputStage.onProcess(ViewRootImpl.java:4302)
03-26 17:24:04.693  7282  7282 E AndroidRuntime: 	at android.view.ViewRootImpl$InputStage.deliver(ViewRootImpl.java:3853)
03-26 17:24:04.693  7282  7282 E AndroidRuntime: 	at android.view.ViewRootImpl$InputStage.onDeliverToNext(ViewRootImpl.java:3906)
03-26 17:24:04.693  7282  7282 E AndroidRuntime: 	at android.view.ViewRootImpl$InputStage.forward(ViewRootImpl.java:3872)
03-26 17:24:04.693  7282  7282 E AndroidRuntime: 	at android.view.ViewRootImpl$AsyncInputStage.forward(ViewRootImpl.java:3999)
03-26 17:24:04.693  7282  7282 E AndroidRuntime: 	at android.view.ViewRootImpl$InputStage.apply(ViewRootImpl.java:3880)
03-26 17:24:04.693  7282  7282 E AndroidRuntime: 	at android.view.ViewRootImpl$AsyncInputStage.apply(ViewRootImpl.java:4056)
03-26 17:24:04.693  7282  7282 E AndroidRuntime: 	at android.view.ViewRootImpl$InputStage.deliver(ViewRootImpl.java:3853)
03-26 17:24:04.693  7282  7282 E AndroidRuntime: 	at android.view.ViewRootImpl$InputStage.onDeliverToNext(ViewRootImpl.java:3906)
03-26 17:24:04.693  7282  7282 E AndroidRuntime: 	at android.view.ViewRootImpl$InputStage.forward(ViewRootImpl.java:3872)
03-26 17:24:04.693  7282  7282 E AndroidRuntime: 	at android.view.ViewRootImpl$InputStage.apply(ViewRootImpl.java:3880)
03-26 17:24:04.693  7282  7282 E AndroidRuntime: 	at android.view.ViewRootImpl$InputStage.deliver(ViewRootImpl.java:3853)
03-26 17:24:04.693  7282  7282 E AndroidRuntime: 	at android.view.ViewRootImpl$InputStage.onDeliverToNext(ViewRootImpl.java:3906)
03-26 17:24:04.693  7282  7282 E AndroidRuntime: 	at android.view.ViewRootImpl$InputStage.forward(ViewRootImpl.java:3872)
03-26 17:24:04.693  7282  7282 E AndroidRuntime: 	at android.view.ViewRootImpl$AsyncInputStage.forward(ViewRootImpl.java:3999)
03-26 17:24:04.693  7282  7282 E AndroidRuntime: 	at android.view.ViewRootImpl$InputStage.apply(ViewRootImpl.java:3880)
03-26 17:24:04.693  7282  7282 E AndroidRuntime: 	at android.view.ViewRootImpl$AsyncInputStage.apply(ViewRootImpl.java:4056)
03-26 17:24:04.693  7282  7282 E AndroidRuntime: 	at android.view.ViewRootImpl$InputStage.deliver(ViewRootImpl.java:3853)
03-26 17:24:04.693  7282  7282 E AndroidRuntime: 	at android.view.ViewRootImpl$InputStage.onDeliverToNext(ViewRootImpl.java:3906)
03-26 17:24:04.693  7282  7282 E AndroidRuntime: 	at android.view.ViewRootImpl$InputStage.forward(ViewRootImpl.java:3872)
03-26 17:24:04.693  7282  7282 E AndroidRuntime: 	at android.view.ViewRootImpl$InputStage.apply(ViewRootImpl.java:3880)
03-26 17:24:04.693  7282  7282 E AndroidRuntime: 	at android.view.ViewRootImpl$InputStage.deliver(ViewRootImpl.java:3853)
03-26 17:24:04.693  7282  7282 E AndroidRuntime: 	at android.view.ViewRootImpl$InputStage.onDeliverToNext(ViewRootImpl.java:3906)
03-26 17:24:04.693  7282  7282 E AndroidRuntime: 	at android.view.ViewRootImpl$InputStage.forward(ViewRootImpl.java:3872)
03-26 17:24:04.693  7282  7282 E AndroidRuntime: 	at android.view.ViewRootImpl$AsyncInputStage.forward(ViewRootImpl.java:3999)
03-26 17:24:04.693  7282  7282 E AndroidRuntime: 	at android.view.ViewRootImpl$InputStage.apply(ViewRootImpl.java:3880)
03-26 17:24:04.693  7282  7282 E AndroidRuntime: 	at android.view.ViewRootImpl$AsyncInputStage.apply(ViewRootImpl.java:4056)
03-26 17:24:04.693  7282  7282 E AndroidRuntime: 	at android.view.ViewRootImpl$InputStage.deliver(ViewRootImpl.java:3853)
03-26 17:24:04.693  7282  7282 E AndroidRuntime: 	at android.view.ViewRootImpl.deliverInputEvent(ViewRootImpl.java:6246)
03-26 17:24:04.693  7282  7282 E AndroidRuntime: 	at android.view.ViewRootImpl.doProcessInputEvents(ViewRootImpl.java:6220)
03-26 17:24:04.693  7282  7282 E AndroidRuntime: 	at android.view.ViewRootImpl.enqueueInputEvent(ViewRootImpl.java:6181)
03-26 17:24:04.693  7282  7282 E AndroidRuntime: 	at android.view.ViewRootImpl$WindowInputEventReceiver.onInputEvent(ViewRootImpl.java:6349)
03-26 17:24:04.693  7282  7282 E AndroidRuntime: 	at android.view.InputEventReceiver.dispatchInputEvent(InputEventReceiver.java:185)
03-26 17:24:04.693  7282  7282 E AndroidRuntime: 	at android.os.MessageQueue.nativePollOnce(Native Method)
03-26 17:24:04.693  7282  7282 E AndroidRuntime: 	at android.os.MessageQueue.next(MessageQueue.java:323)
03-26 17:24:04.693  7282  7282 E AndroidRuntime: 	at android.os.Looper.loop(Looper.java:136)
03-26 17:24:04.693  7282  7282 E AndroidRuntime: 	at android.app.ActivityThread.main(ActivityThread.java:6119)
03-26 17:24:04.693  7282  7282 E AndroidRuntime: 	at java.lang.reflect.Method.invoke(Native Method)
03-26 17:24:04.693  7282  7282 E AndroidRuntime: 	at com.android.internal.os.ZygoteInit$MethodAndArgsCaller.run(ZygoteInit.java:886)
03-26 17:24:04.693  7282  7282 E AndroidRuntime: 	at com.android.internal.os.ZygoteInit.main(ZygoteInit.java:776)
03-26 17:24:46.008  7898  7898 W System.err: java.io.FileNotFoundException: /jacoco.exec (Read-only file system)
03-26 17:24:46.008  7898  7898 W System.err: 	at java.io.FileOutputStream.open(Native Method)
03-26 17:24:46.008  7898  7898 W System.err: 	at java.io.FileOutputStream.<init>(FileOutputStream.java:221)
03-26 17:24:46.008  7898  7898 W System.err: 	at org.jacoco.agent.rt.internal_8ff85ea.output.FileOutput.openFile(FileOutput.java:67)
03-26 17:24:46.008  7898  7898 W System.err: 	at org.jacoco.agent.rt.internal_8ff85ea.output.FileOutput.startup(FileOutput.java:49)
03-26 17:24:46.008  7898  7898 W System.err: 	at org.jacoco.agent.rt.internal_8ff85ea.Agent.startup(Agent.java:122)
03-26 17:24:46.008  7898  7898 W System.err: 	at org.jacoco.agent.rt.internal_8ff85ea.Agent.getInstance(Agent.java:50)
03-26 17:24:46.008  7898  7898 W System.err: 	at org.jacoco.agent.rt.internal_8ff85ea.Offline.<clinit>(Offline.java:31)
03-26 17:24:46.008  7898  7898 W System.err: 	at org.jacoco.agent.rt.internal_8ff85ea.Offline.getProbes(Offline.java:51)
03-26 17:24:46.008  7898  7898 W System.err: 	at com.ichi2.anki.AnkiDroidApp.$jacocoInit(AnkiDroidApp.java)
03-26 17:24:46.008  7898  7898 W System.err: 	at com.ichi2.anki.AnkiDroidApp.<clinit>(AnkiDroidApp.java)
03-26 17:24:46.008  7898  7898 W System.err: 	at java.lang.Class.newInstance(Native Method)
03-26 17:24:46.008  7898  7898 W System.err: 	at android.app.Instrumentation.newApplication(Instrumentation.java:1007)
03-26 17:24:46.008  7898  7898 W System.err: 	at android.app.Instrumentation.newApplication(Instrumentation.java:992)
03-26 17:24:46.008  7898  7898 W System.err: 	at android.app.LoadedApk.makeApplication(LoadedApk.java:796)
03-26 17:24:46.008  7898  7898 W System.err: 	at android.app.ActivityThread.handleBindApplication(ActivityThread.java:5377)
03-26 17:24:46.008  7898  7898 W System.err: 	at android.app.ActivityThread.-wrap2(ActivityThread.java)
03-26 17:24:46.008  7898  7898 W System.err: 	at android.app.ActivityThread$H.handleMessage(ActivityThread.java:1545)
03-26 17:24:46.008  7898  7898 W System.err: 	at android.os.Handler.dispatchMessage(Handler.java:102)
03-26 17:24:46.008  7898  7898 W System.err: 	at android.os.Looper.loop(Looper.java:154)
03-26 17:24:46.008  7898  7898 W System.err: 	at android.app.ActivityThread.main(ActivityThread.java:6119)
03-26 17:24:46.008  7898  7898 W System.err: 	at java.lang.reflect.Method.invoke(Native Method)
03-26 17:24:46.008  7898  7898 W System.err: 	at com.android.internal.os.ZygoteInit$MethodAndArgsCaller.run(ZygoteInit.java:886)
03-26 17:24:46.008  7898  7898 W System.err: 	at com.android.internal.os.ZygoteInit.main(ZygoteInit.java:776)
