:Monkey: seed=1648455408945 count=1000000
:AllowPackage: com.ichi2.anki
:IncludeCategory: android.intent.category.LAUNCHER
:IncludeCategory: android.intent.category.MONKEY
// Event percentages:
//   0: 15.0%
//   1: 10.0%
//   2: 2.0%
//   3: 15.0%
//   4: -0.0%
//   5: -0.0%
//   6: 25.0%
//   7: 15.0%
//   8: 2.0%
//   9: 2.0%
//   10: 1.0%
//   11: 13.0%
:Switch: #Intent;action=android.intent.action.MAIN;category=android.intent.category.LAUNCHER;launchFlags=0x10200000;component=com.ichi2.anki/.IntentHandler;end
    // Allowing start of Intent { act=android.intent.action.MAIN cat=[android.intent.category.LAUNCHER] cmp=com.ichi2.anki/.IntentHandler } in package com.ichi2.anki
:Sending Trackball (ACTION_MOVE): 0:(0.0,-5.0)
    // Allowing start of Intent { act=android.intent.action.MAIN cat=[android.intent.category.LAUNCHER] cmp=com.ichi2.anki/.DeckPicker } in package com.ichi2.anki
    // activityResuming(com.ichi2.anki)
:Sending Trackball (ACTION_UP): 0:(0.0,0.0)
:Sending Touch (ACTION_DOWN): 0:(73.0,1193.0)
:Sending Touch (ACTION_UP): 0:(71.86908,1192.766)
:Sending Touch (ACTION_DOWN): 0:(677.0,696.0)
:Sending Touch (ACTION_UP): 0:(675.41394,702.59204)
:Sending Touch (ACTION_DOWN): 0:(1110.0,97.0)
:Sending Touch (ACTION_UP): 0:(1092.423,98.286285)
:Sending Touch (ACTION_DOWN): 0:(60.0,886.0)
:Sending Touch (ACTION_UP): 0:(39.40872,824.92957)
:Sending Touch (ACTION_DOWN): 0:(1100.0,335.0)
:Sending Touch (ACTION_UP): 0:(1119.5779,261.80542)
:Sending Trackball (ACTION_MOVE): 0:(0.0,2.0)
    // Rejecting start of Intent { act=android.intent.action.CALL_BUTTON cmp=com.google.android.dialer/com.google.android.apps.dialer.extensions.GoogleDialtactsActivity } in package com.google.android.dialer
:Sending Touch (ACTION_DOWN): 0:(1014.0,1064.0)
:Sending Touch (ACTION_UP): 0:(1009.8953,1058.1218)
:Switch: #Intent;action=android.intent.action.MAIN;category=android.intent.category.LAUNCHER;launchFlags=0x10200000;component=com.ichi2.anki/.IntentHandler;end
    // Allowing start of Intent { act=android.intent.action.MAIN cat=[android.intent.category.LAUNCHER] cmp=com.ichi2.anki/.IntentHandler } in package com.ichi2.anki
:Sending Touch (ACTION_DOWN): 0:(2.0,1607.0)
:Sending Touch (ACTION_UP): 0:(6.577348,1610.3224)
:Sending Touch (ACTION_DOWN): 0:(674.0,1416.0)
    //[calendar_time:2022-03-26 19:31:40.365  system_uptime:108010]
    // Sending event #100
:Sending Touch (ACTION_UP): 0:(617.6441,1514.7345)
:Sending Trackball (ACTION_MOVE): 0:(2.0,3.0)
    // Allowing start of Intent { cmp=com.ichi2.anki/.NoteEditor } in package com.ichi2.anki
:Sending Touch (ACTION_DOWN): 0:(178.0,1603.0)
:Sending Touch (ACTION_UP): 0:(198.24527,1604.3116)
:Sending Touch (ACTION_DOWN): 0:(1150.0,36.0)
:Sending Touch (ACTION_UP): 0:(1147.011,27.621456)
:Sending Trackball (ACTION_MOVE): 0:(-1.0,-4.0)
:Sending Touch (ACTION_DOWN): 0:(1114.0,1101.0)
:Sending Touch (ACTION_UP): 0:(1126.9032,1097.2173)
:Sending Touch (ACTION_DOWN): 0:(1168.0,278.0)
:Sending Touch (ACTION_UP): 0:(1175.935,289.3377)
:Sending Touch (ACTION_DOWN): 0:(1078.0,1416.0)
:Sending Touch (ACTION_UP): 0:(1085.3645,1418.3114)
:Sending Touch (ACTION_DOWN): 0:(738.0,779.0)
:Sending Touch (ACTION_UP): 0:(733.2748,758.9835)
:Sending Touch (ACTION_DOWN): 0:(644.0,1077.0)
:Sending Touch (ACTION_UP): 0:(681.7599,1207.8185)
:Sending Touch (ACTION_DOWN): 0:(620.0,1252.0)
:Sending Touch (ACTION_UP): 0:(660.79285,1323.6414)
:Sending Trackball (ACTION_MOVE): 0:(0.0,-4.0)
:Sending Touch (ACTION_DOWN): 0:(496.0,1740.0)
:Sending Touch (ACTION_UP): 0:(473.7886,1727.2449)
:Sending Touch (ACTION_DOWN): 0:(1069.0,519.0)
    //[calendar_time:2022-03-26 19:31:44.937  system_uptime:112581]
    // Sending event #200
:Sending Touch (ACTION_UP): 0:(1065.6733,518.732)
:Sending Trackball (ACTION_MOVE): 0:(-2.0,-3.0)
:Sending Touch (ACTION_DOWN): 0:(267.0,1329.0)
:Sending Touch (ACTION_UP): 0:(267.65796,1350.6658)
:Sending Touch (ACTION_DOWN): 0:(1113.0,1570.0)
:Sending Touch (ACTION_UP): 0:(1113.5621,1578.1523)
:Sending Trackball (ACTION_MOVE): 0:(4.0,-2.0)
:Sending Touch (ACTION_DOWN): 0:(1043.0,78.0)
:Sending Touch (ACTION_UP): 0:(1043.3414,74.47204)
:Sending Touch (ACTION_DOWN): 0:(515.0,1338.0)
:Sending Touch (ACTION_UP): 0:(506.5076,1340.3927)
:Sending Trackball (ACTION_MOVE): 0:(3.0,-4.0)
:Switch: #Intent;action=android.intent.action.MAIN;category=android.intent.category.LAUNCHER;launchFlags=0x10200000;component=com.ichi2.anki/.IntentHandler;end
    // Allowing start of Intent { act=android.intent.action.MAIN cat=[android.intent.category.LAUNCHER] cmp=com.ichi2.anki/.IntentHandler } in package com.ichi2.anki
:Sending Touch (ACTION_DOWN): 0:(751.0,1460.0)
:Sending Touch (ACTION_UP): 0:(770.0056,1460.8246)
:Sending Touch (ACTION_DOWN): 0:(579.0,486.0)
:Sending Touch (ACTION_UP): 0:(448.70767,492.25522)
:Sending Trackball (ACTION_MOVE): 0:(2.0,2.0)
:Sending Trackball (ACTION_MOVE): 0:(3.0,2.0)
:Sending Touch (ACTION_DOWN): 0:(364.0,1122.0)
:Sending Touch (ACTION_UP): 0:(353.22107,1125.2068)
:Sending Trackball (ACTION_MOVE): 0:(-5.0,3.0)
    //[calendar_time:2022-03-26 19:31:48.689  system_uptime:116333]
    // Sending event #300
:Sending Trackball (ACTION_MOVE): 0:(-2.0,1.0)
:Sending Touch (ACTION_DOWN): 0:(83.0,7.0)
:Sending Touch (ACTION_UP): 0:(74.76594,5.7052298)
:Sending Trackball (ACTION_MOVE): 0:(-3.0,-2.0)
:Sending Trackball (ACTION_MOVE): 0:(-1.0,-5.0)
:Sending Touch (ACTION_DOWN): 0:(326.0,921.0)
:Sending Touch (ACTION_UP): 0:(302.23068,891.88336)
:Sending Touch (ACTION_DOWN): 0:(258.0,396.0)
:Sending Touch (ACTION_UP): 0:(267.58783,398.80948)
:Sending Touch (ACTION_DOWN): 0:(1014.0,989.0)
:Sending Touch (ACTION_UP): 0:(1014.1959,988.2868)
:Sending Trackball (ACTION_MOVE): 0:(-4.0,4.0)
    // activityResuming(com.ichi2.anki)
    // Rejecting start of Intent { act=android.intent.action.VIEW dat=https://ankiweb.net/... pkg=com.android.chrome cmp=com.android.chrome/com.google.android.apps.chrome.IntentDispatcher } in package com.android.chrome
:Sending Touch (ACTION_DOWN): 0:(535.0,1073.0)
:Sending Touch (ACTION_UP): 0:(509.54172,1065.2997)
:Sending Touch (ACTION_DOWN): 0:(628.0,1626.0)
:Sending Touch (ACTION_UP): 0:(621.46326,1623.6497)
    //[calendar_time:2022-03-26 19:31:54.066  system_uptime:121710]
    // Sending event #400
:Sending Touch (ACTION_DOWN): 0:(520.0,362.0)
:Sending Touch (ACTION_UP): 0:(426.0997,366.43097)
:Sending Touch (ACTION_DOWN): 0:(406.0,1068.0)
:Sending Touch (ACTION_UP): 0:(420.5934,1075.058)
:Sending Touch (ACTION_DOWN): 0:(190.0,975.0)
:Sending Touch (ACTION_UP): 0:(199.99597,964.2513)
:Sending Touch (ACTION_DOWN): 0:(597.0,334.0)
:Sending Touch (ACTION_UP): 0:(602.90344,337.8211)
:Sending Trackball (ACTION_MOVE): 0:(-4.0,1.0)
    // Allowing start of Intent { cmp=com.ichi2.anki/.NoteEditor } in package com.ichi2.anki
:Sending Flip keyboardOpen=false
:Sending Touch (ACTION_DOWN): 0:(111.0,828.0)
:Sending Touch (ACTION_UP): 0:(103.579384,824.6598)
:Sending Touch (ACTION_DOWN): 0:(825.0,1597.0)
:Sending Touch (ACTION_UP): 0:(738.80475,1599.9443)
:Sending Touch (ACTION_DOWN): 0:(846.0,192.0)
:Sending Touch (ACTION_UP): 0:(852.3341,184.46715)
:Sending Touch (ACTION_DOWN): 0:(1124.0,891.0)
:Sending Touch (ACTION_UP): 0:(1157.5804,942.21265)
:Sending Trackball (ACTION_MOVE): 0:(2.0,-2.0)
:Sending Touch (ACTION_DOWN): 0:(307.0,925.0)
:Sending Touch (ACTION_UP): 0:(321.11703,883.8779)
:Sending Trackball (ACTION_MOVE): 0:(3.0,-1.0)
:Sending Touch (ACTION_DOWN): 0:(381.0,1349.0)
    //[calendar_time:2022-03-26 19:31:58.680  system_uptime:126324]
    // Sending event #500
:Sending Touch (ACTION_UP): 0:(429.77438,1368.7892)
:Sending Touch (ACTION_DOWN): 0:(577.0,1698.0)
:Sending Touch (ACTION_UP): 0:(569.7653,1689.7555)
:Sending Touch (ACTION_DOWN): 0:(514.0,1213.0)
:Sending Touch (ACTION_UP): 0:(508.33575,1296.9388)
:Sending Trackball (ACTION_MOVE): 0:(-5.0,2.0)
    // activityResuming(com.ichi2.anki)
:Sending Touch (ACTION_DOWN): 0:(528.0,1009.0)
:Sending Touch (ACTION_UP): 0:(523.7484,1001.41095)
:Sending Trackball (ACTION_MOVE): 0:(3.0,-5.0)
:Sending Touch (ACTION_DOWN): 0:(171.0,138.0)
:Sending Touch (ACTION_UP): 0:(162.7407,116.832954)
:Sending Touch (ACTION_DOWN): 0:(408.0,295.0)
:Sending Touch (ACTION_UP): 0:(420.2636,277.04364)
:Sending Touch (ACTION_DOWN): 0:(344.0,335.0)
:Sending Touch (ACTION_UP): 0:(339.32288,355.35764)
:Sending Touch (ACTION_DOWN): 0:(1197.0,1709.0)
:Sending Touch (ACTION_UP): 0:(1200.0,1713.4088)
:Sending Touch (ACTION_DOWN): 0:(840.0,1171.0)
:Sending Touch (ACTION_UP): 0:(838.4477,1159.3307)
:Sending Touch (ACTION_DOWN): 0:(878.0,954.0)
:Sending Touch (ACTION_UP): 0:(879.0462,949.9801)
:Sending Touch (ACTION_DOWN): 0:(1110.0,1778.0)
:Sending Touch (ACTION_UP): 0:(1106.1115,1794.1515)
:Sending Trackball (ACTION_MOVE): 0:(1.0,3.0)
    //[calendar_time:2022-03-26 19:32:04.254  system_uptime:131898]
    // Sending event #600
:Sending Touch (ACTION_DOWN): 0:(243.0,213.0)
:Sending Touch (ACTION_UP): 0:(268.51123,213.8148)
:Sending Touch (ACTION_DOWN): 0:(921.0,322.0)
:Sending Touch (ACTION_UP): 0:(928.38354,325.77478)
:Sending Touch (ACTION_DOWN): 0:(58.0,1677.0)
:Sending Touch (ACTION_UP): 0:(52.31657,1669.822)
:Sending Touch (ACTION_DOWN): 0:(436.0,1218.0)
:Sending Touch (ACTION_UP): 0:(446.8813,1266.1237)
:Sending Touch (ACTION_DOWN): 0:(262.0,1301.0)
:Sending Touch (ACTION_UP): 0:(234.45941,1354.7982)
:Sending Touch (ACTION_DOWN): 0:(377.0,1165.0)
:Sending Touch (ACTION_UP): 0:(375.2133,1163.3359)
    // Rejecting start of Intent { cmp=com.android.inputmethod.latin/.permissions.PermissionsActivity } in package com.android.inputmethod.latin
:Sending Touch (ACTION_DOWN): 0:(714.0,785.0)
:Sending Touch (ACTION_UP): 0:(847.0034,775.3728)
:Sending Trackball (ACTION_MOVE): 0:(3.0,0.0)
:Sending Flip keyboardOpen=true
:Sending Touch (ACTION_DOWN): 0:(239.0,963.0)
:Sending Touch (ACTION_UP): 0:(238.15776,952.8523)
    //[calendar_time:2022-03-26 19:32:10.603  system_uptime:138247]
    // Sending event #700
    // Rejecting start of Intent { act=android.intent.action.VIEW dat=https://docs.ankidroid.org/... pkg=com.android.chrome cmp=com.android.chrome/com.google.android.apps.chrome.IntentDispatcher } in package com.android.chrome
    //[calendar_time:2022-03-26 19:32:10.804  system_uptime:138448]
    // Sending event #700
:Sending Trackball (ACTION_MOVE): 0:(0.0,-2.0)
:Sending Touch (ACTION_DOWN): 0:(739.0,741.0)
:Sending Touch (ACTION_UP): 0:(723.4852,728.51105)
:Sending Trackball (ACTION_MOVE): 0:(-5.0,-4.0)
:Sending Touch (ACTION_DOWN): 0:(854.0,964.0)
:Sending Touch (ACTION_UP): 0:(841.8872,966.0846)
:Sending Touch (ACTION_DOWN): 0:(130.0,1527.0)
:Sending Touch (ACTION_UP): 0:(135.85277,1527.2866)
    // Rejecting start of Intent { act=android.intent.action.MAIN cat=[android.intent.category.LAUNCHER] cmp=com.google.android.apps.maps/com.google.android.maps.MapsActivity } in package com.google.android.apps.maps
:Sending Touch (ACTION_DOWN): 0:(1084.0,1113.0)
:Sending Touch (ACTION_UP): 0:(1055.9565,1149.9265)
    // Rejecting start of Intent { act=android.intent.action.CALL_BUTTON cmp=com.google.android.dialer/com.google.android.apps.dialer.extensions.GoogleDialtactsActivity } in package com.google.android.dialer
:Sending Touch (ACTION_DOWN): 0:(889.0,650.0)
:Sending Touch (ACTION_UP): 0:(876.91736,641.37994)
:Sending Touch (ACTION_DOWN): 0:(247.0,128.0)
:Sending Touch (ACTION_UP): 0:(247.03673,148.4435)
:Sending Trackball (ACTION_MOVE): 0:(-2.0,3.0)
:Sending Trackball (ACTION_UP): 0:(0.0,0.0)
:Sending Trackball (ACTION_MOVE): 0:(-1.0,2.0)
    //[calendar_time:2022-03-26 19:32:17.493  system_uptime:145137]
    // Sending event #800
:Sending Touch (ACTION_DOWN): 0:(145.0,1098.0)
:Sending Touch (ACTION_UP): 0:(141.86568,1085.1404)
:Sending Touch (ACTION_DOWN): 0:(312.0,1311.0)
:Sending Touch (ACTION_UP): 0:(317.23492,1267.1027)
:Sending Trackball (ACTION_MOVE): 0:(4.0,-1.0)
:Sending Trackball (ACTION_UP): 0:(0.0,0.0)
    // Rejecting start of Intent { act=android.intent.action.MAIN cat=[android.intent.category.LAUNCHER] cmp=com.google.android.apps.maps/com.google.android.maps.MapsActivity } in package com.google.android.apps.maps
:Sending Touch (ACTION_DOWN): 0:(988.0,589.0)
:Sending Touch (ACTION_UP): 0:(996.04266,589.4996)
:Sending Touch (ACTION_DOWN): 0:(959.0,7.0)
:Sending Touch (ACTION_UP): 0:(955.43414,19.2227)
:Sending Touch (ACTION_DOWN): 0:(78.0,40.0)
:Sending Touch (ACTION_UP): 0:(87.3485,0.0)
:Sending Trackball (ACTION_MOVE): 0:(0.0,-1.0)
:Sending Touch (ACTION_DOWN): 0:(126.0,1530.0)
:Sending Touch (ACTION_UP): 0:(112.87895,1524.703)
:Sending Touch (ACTION_DOWN): 0:(188.0,127.0)
:Sending Touch (ACTION_UP): 0:(213.12752,33.34402)
:Sending Trackball (ACTION_MOVE): 0:(2.0,-2.0)
:Sending Touch (ACTION_DOWN): 0:(358.0,1521.0)
:Sending Touch (ACTION_UP): 0:(363.34094,1514.8302)
:Sending Trackball (ACTION_MOVE): 0:(-3.0,4.0)
    //[calendar_time:2022-03-26 19:32:21.241  system_uptime:148885]
    // Sending event #900
:Switch: #Intent;action=android.intent.action.MAIN;category=android.intent.category.LAUNCHER;launchFlags=0x10200000;component=com.ichi2.anki/.IntentHandler;end
    // Allowing start of Intent { act=android.intent.action.MAIN cat=[android.intent.category.LAUNCHER] cmp=com.ichi2.anki/.IntentHandler } in package com.ichi2.anki
    // Allowing start of Intent { act=android.intent.action.MAIN cat=[android.intent.category.LAUNCHER] cmp=com.ichi2.anki/.DeckPicker } in package com.ichi2.anki
    // activityResuming(com.ichi2.anki)
:Sending Trackball (ACTION_MOVE): 0:(-1.0,4.0)
:Sending Touch (ACTION_DOWN): 0:(412.0,994.0)
:Sending Touch (ACTION_UP): 0:(371.20764,1013.19135)
:Sending Touch (ACTION_DOWN): 0:(700.0,232.0)
:Sending Touch (ACTION_UP): 0:(698.7444,241.98952)
:Sending Touch (ACTION_DOWN): 0:(663.0,830.0)
:Sending Touch (ACTION_UP): 0:(661.80023,833.0464)
:Sending Touch (ACTION_DOWN): 0:(86.0,183.0)
:Sending Touch (ACTION_UP): 0:(98.01252,201.47949)
:Sending Trackball (ACTION_MOVE): 0:(-1.0,-5.0)
:Sending Touch (ACTION_DOWN): 0:(971.0,1740.0)
:Sending Touch (ACTION_UP): 0:(971.72205,1735.038)
:Sending Trackball (ACTION_MOVE): 0:(-2.0,-1.0)
:Sending Trackball (ACTION_MOVE): 0:(0.0,-4.0)
:Sending Touch (ACTION_DOWN): 0:(1186.0,1288.0)
:Sending Touch (ACTION_UP): 0:(1185.9803,1286.3066)
:Sending Touch (ACTION_DOWN): 0:(358.0,271.0)
:Sending Touch (ACTION_UP): 0:(343.35495,180.94385)
    // Injection Failed
    //[calendar_time:2022-03-26 19:32:25.896  system_uptime:153540]
    // Sending event #1000
    //[calendar_time:2022-03-26 19:32:26.096  system_uptime:153740]
    // Sending event #1000
    // Rejecting start of Intent { act=android.intent.action.CALL_BUTTON cmp=com.google.android.dialer/com.google.android.apps.dialer.extensions.GoogleDialtactsActivity } in package com.google.android.dialer
:Sending Touch (ACTION_DOWN): 0:(972.0,581.0)
:Sending Touch (ACTION_UP): 0:(963.2531,575.7453)
:Sending Touch (ACTION_DOWN): 0:(810.0,732.0)
:Sending Touch (ACTION_UP): 0:(810.48444,731.39264)
:Sending Touch (ACTION_DOWN): 0:(708.0,413.0)
:Sending Touch (ACTION_UP): 0:(704.9921,422.06033)
:Sending Trackball (ACTION_MOVE): 0:(3.0,3.0)
:Sending Touch (ACTION_DOWN): 0:(568.0,932.0)
:Sending Touch (ACTION_UP): 0:(568.215,937.9292)
:Sending Trackball (ACTION_MOVE): 0:(-5.0,-3.0)
:Sending Touch (ACTION_DOWN): 0:(404.0,1800.0)
:Sending Touch (ACTION_UP): 0:(389.65442,1807.56)
:Sending Touch (ACTION_DOWN): 0:(1110.0,1594.0)
:Sending Touch (ACTION_UP): 0:(1127.4617,1591.1478)
:Sending Touch (ACTION_DOWN): 0:(586.0,1263.0)
:Sending Touch (ACTION_UP): 0:(592.93616,1250.1746)
:Sending Touch (ACTION_DOWN): 0:(704.0,1250.0)
:Sending Touch (ACTION_UP): 0:(618.3981,1273.7251)
:Sending Trackball (ACTION_MOVE): 0:(4.0,-3.0)
:Sending Touch (ACTION_DOWN): 0:(1159.0,661.0)
:Sending Touch (ACTION_UP): 0:(1159.4364,664.53284)
:Sending Touch (ACTION_DOWN): 0:(732.0,199.0)
    //[calendar_time:2022-03-26 19:32:30.637  system_uptime:158281]
    // Sending event #1100
:Sending Touch (ACTION_UP): 0:(725.8783,198.51723)
:Sending Touch (ACTION_DOWN): 0:(1039.0,1393.0)
:Sending Touch (ACTION_UP): 0:(1057.827,1405.5706)
:Sending Touch (ACTION_DOWN): 0:(751.0,180.0)
:Sending Touch (ACTION_UP): 0:(745.179,179.99968)
:Sending Touch (ACTION_DOWN): 0:(12.0,1368.0)
:Sending Touch (ACTION_UP): 0:(16.026525,1363.3429)
:Sending Trackball (ACTION_MOVE): 0:(2.0,-2.0)
:Sending Trackball (ACTION_UP): 0:(0.0,0.0)
:Sending Touch (ACTION_DOWN): 0:(335.0,1744.0)
:Sending Touch (ACTION_UP): 0:(320.15103,1671.6863)
:Sending Touch (ACTION_DOWN): 0:(397.0,456.0)
:Sending Touch (ACTION_UP): 0:(387.1585,456.3511)
:Sending Touch (ACTION_DOWN): 0:(855.0,394.0)
:Sending Touch (ACTION_UP): 0:(868.99677,364.05905)
:Sending Touch (ACTION_DOWN): 0:(1199.0,684.0)
:Sending Touch (ACTION_UP): 0:(1190.6604,684.5093)
:Sending Touch (ACTION_DOWN): 0:(322.0,1261.0)
:Sending Touch (ACTION_UP): 0:(329.55862,1246.3007)
:Sending Touch (ACTION_DOWN): 0:(624.0,639.0)
:Sending Touch (ACTION_UP): 0:(628.6987,654.3646)
:Sending Touch (ACTION_DOWN): 0:(476.0,1213.0)
:Sending Touch (ACTION_UP): 0:(480.44315,1204.8632)
:Sending Touch (ACTION_DOWN): 0:(966.0,486.0)
:Sending Touch (ACTION_UP): 0:(971.2369,469.41684)
:Sending Trackball (ACTION_MOVE): 0:(-5.0,-4.0)
    //[calendar_time:2022-03-26 19:32:37.788  system_uptime:165432]
    // Sending event #1200
:Sending Touch (ACTION_DOWN): 0:(349.0,486.0)
:Sending Touch (ACTION_UP): 0:(337.09116,435.6102)
:Sending Touch (ACTION_DOWN): 0:(1048.0,660.0)
:Sending Touch (ACTION_UP): 0:(1066.9445,720.90564)
:Switch: #Intent;action=android.intent.action.MAIN;category=android.intent.category.LAUNCHER;launchFlags=0x10200000;component=com.ichi2.anki/.IntentHandler;end
    // Allowing start of Intent { act=android.intent.action.MAIN cat=[android.intent.category.LAUNCHER] cmp=com.ichi2.anki/.IntentHandler } in package com.ichi2.anki
    // Allowing start of Intent { act=android.intent.action.MAIN cat=[android.intent.category.LAUNCHER] cmp=com.ichi2.anki/.DeckPicker } in package com.ichi2.anki
    // activityResuming(com.ichi2.anki)
:Sending Trackball (ACTION_MOVE): 0:(-1.0,1.0)
:Sending Touch (ACTION_DOWN): 0:(497.0,1384.0)
:Sending Touch (ACTION_UP): 0:(490.39914,1362.7711)
:Sending Touch (ACTION_DOWN): 0:(684.0,676.0)
:Sending Touch (ACTION_UP): 0:(697.24274,695.2402)
:Sending Touch (ACTION_DOWN): 0:(151.0,996.0)
:Sending Touch (ACTION_UP): 0:(209.16365,1036.4169)
:Sending Trackball (ACTION_MOVE): 0:(-1.0,-2.0)
:Sending Trackball (ACTION_UP): 0:(0.0,0.0)
:Sending Trackball (ACTION_MOVE): 0:(2.0,4.0)
:Sending Trackball (ACTION_MOVE): 0:(-1.0,-5.0)
:Sending Touch (ACTION_DOWN): 0:(708.0,1716.0)
:Sending Touch (ACTION_UP): 0:(688.55035,1698.2715)
    //[calendar_time:2022-03-26 19:32:41.535  system_uptime:169179]
    // Sending event #1300
:Sending Touch (ACTION_DOWN): 0:(792.0,1577.0)
:Sending Touch (ACTION_UP): 0:(782.90405,1575.0735)
:Sending Trackball (ACTION_MOVE): 0:(2.0,-3.0)
    // Rejecting start of Intent { act=android.intent.action.MAIN cat=[android.intent.category.LAUNCHER] cmp=com.google.android.gm/.ConversationListActivityGmail } in package com.google.android.gm
:Sending Touch (ACTION_DOWN): 0:(784.0,521.0)
:Sending Touch (ACTION_UP): 0:(764.32043,508.09717)
:Sending Touch (ACTION_DOWN): 0:(983.0,1486.0)
:Sending Touch (ACTION_UP): 0:(933.84155,1505.77)
:Sending Touch (ACTION_DOWN): 0:(638.0,1064.0)
:Sending Touch (ACTION_UP): 0:(639.0736,1112.6237)
:Sending Touch (ACTION_DOWN): 0:(869.0,982.0)
:Sending Touch (ACTION_UP): 0:(876.7943,991.28424)
:Sending Touch (ACTION_DOWN): 0:(443.0,1186.0)
:Sending Touch (ACTION_UP): 0:(445.94687,1177.0426)
    // Rejecting start of Intent { act=android.intent.action.CALL_BUTTON cmp=com.google.android.dialer/com.google.android.apps.dialer.extensions.GoogleDialtactsActivity } in package com.google.android.dialer
:Sending Trackball (ACTION_MOVE): 0:(2.0,1.0)
:Sending Touch (ACTION_DOWN): 0:(264.0,835.0)
:Sending Touch (ACTION_UP): 0:(259.1958,831.6651)
:Sending Trackball (ACTION_MOVE): 0:(0.0,-4.0)
:Sending Touch (ACTION_DOWN): 0:(483.0,1596.0)
:Sending Touch (ACTION_UP): 0:(482.81058,1595.2794)
:Sending Touch (ACTION_DOWN): 0:(138.0,537.0)
:Sending Touch (ACTION_UP): 0:(148.42625,549.9732)
:Sending Touch (ACTION_DOWN): 0:(569.0,1634.0)
:Sending Touch (ACTION_UP): 0:(582.26483,1632.7284)
    //[calendar_time:2022-03-26 19:32:47.314  system_uptime:174958]
    // Sending event #1400
    //[calendar_time:2022-03-26 19:32:47.515  system_uptime:175159]
    // Sending event #1400
    // Rejecting start of Intent { act=android.intent.action.CALL_BUTTON cmp=com.google.android.dialer/com.google.android.apps.dialer.extensions.GoogleDialtactsActivity } in package com.google.android.dialer
:Sending Touch (ACTION_DOWN): 0:(272.0,1675.0)
:Sending Touch (ACTION_UP): 0:(274.76184,1673.0474)
:Sending Touch (ACTION_DOWN): 0:(673.0,1434.0)
:Sending Touch (ACTION_UP): 0:(635.6228,1456.6401)
:Sending Touch (ACTION_DOWN): 0:(1146.0,906.0)
:Sending Touch (ACTION_UP): 0:(1102.7302,932.5863)
:Sending Touch (ACTION_DOWN): 0:(111.0,112.0)
:Sending Touch (ACTION_UP): 0:(115.26809,112.89739)
:Sending Touch (ACTION_DOWN): 0:(586.0,323.0)
:Sending Touch (ACTION_UP): 0:(610.9688,262.37903)
:Sending Trackball (ACTION_MOVE): 0:(3.0,-5.0)
:Sending Touch (ACTION_DOWN): 0:(965.0,575.0)
:Sending Touch (ACTION_UP): 0:(990.94525,683.0572)
:Sending Trackball (ACTION_MOVE): 0:(4.0,-3.0)
:Sending Touch (ACTION_DOWN): 0:(585.0,520.0)
    // Allowing start of Intent { cmp=com.ichi2.anki/.CardBrowser } in package com.ichi2.anki
:Sending Touch (ACTION_UP): 0:(581.75073,516.8861)
// CRASH: com.ichi2.anki (pid 4717)
// Short Msg: java.lang.NullPointerException
// Long Msg: java.lang.NullPointerException: Attempt to invoke virtual method 'boolean android.support.v7.widget.SearchView.isIconified()' on a null object reference
// Build Label: google/sdk_google_phone_x86/generic_x86:7.1.1/NYC/6695155:userdebug/test-keys
// Build Changelist: 6695155
// Build Time: 1595288234000
// java.lang.NullPointerException: Attempt to invoke virtual method 'boolean android.support.v7.widget.SearchView.isIconified()' on a null object reference
// 	at com.ichi2.anki.CardBrowser$20.onPostExecute(CardBrowser.java:1364)
// 	at com.ichi2.async.DeckTask$TaskListener.onPostExecute(DeckTask.java:1521)
// 	at com.ichi2.async.DeckTask.onPostExecute(DeckTask.java:376)
// 	at com.ichi2.async.DeckTask.onPostExecute(DeckTask.java:69)
// 	at android.os.AsyncTask.finish(AsyncTask.java:667)
// 	at android.os.AsyncTask.-wrap1(AsyncTask.java)
// 	at android.os.AsyncTask$InternalHandler.handleMessage(AsyncTask.java:684)
// 	at android.os.Handler.dispatchMessage(Handler.java:102)
// 	at android.os.Looper.loop(Looper.java:154)
// 	at android.app.ActivityThread.main(ActivityThread.java:6119)
// 	at java.lang.reflect.Method.invoke(Native Method)
// 	at com.android.internal.os.ZygoteInit$MethodAndArgsCaller.run(ZygoteInit.java:886)
// 	at com.android.internal.os.ZygoteInit.main(ZygoteInit.java:776)
// 
app_crashcom.ichi2.anki_2022-03-26_19_32_51.849_.txt:
// app_crashcom.ichi2.anki_2022-03-26_19_32_51.849_.txt status was 0
    // Allowing start of Intent { act=android.intent.action.MAIN cat=[android.intent.category.LAUNCHER] cmp=com.ichi2.anki/.IntentHandler } in package com.ichi2.anki
    // Allowing start of Intent { act=android.intent.action.MAIN cat=[android.intent.category.LAUNCHER] cmp=com.ichi2.anki/.DeckPicker } in package com.ichi2.anki
    // activityResuming(com.ichi2.anki)
:Sending Touch (ACTION_DOWN): 0:(304.0,1551.0)
    // Injection Failed
:Sending Touch (ACTION_UP): 0:(305.6613,1556.5953)
    // Injection Failed
:Sending Trackball (ACTION_MOVE): 0:(1.0,-3.0)
    //[calendar_time:2022-03-26 19:33:12.604  system_uptime:200248]
    // Sending event #1500
:Sending Touch (ACTION_DOWN): 0:(357.0,1809.0)
:Sending Touch (ACTION_UP): 0:(336.96805,1801.138)
:Sending Touch (ACTION_DOWN): 0:(476.0,692.0)
:Sending Touch (ACTION_UP): 0:(475.78366,702.74176)
:Sending Touch (ACTION_DOWN): 0:(631.0,389.0)
:Sending Touch (ACTION_UP): 0:(556.5324,428.44458)
:Sending Touch (ACTION_DOWN): 0:(833.0,1717.0)
:Sending Touch (ACTION_UP): 0:(817.9744,1703.9033)
:Sending Touch (ACTION_DOWN): 0:(945.0,141.0)
:Sending Touch (ACTION_UP): 0:(931.4601,137.9884)
:Sending Trackball (ACTION_MOVE): 0:(-1.0,2.0)
:Sending Flip keyboardOpen=false
    // Rejecting start of Intent { act=android.intent.action.CALL_BUTTON cmp=com.google.android.dialer/com.google.android.apps.dialer.extensions.GoogleDialtactsActivity } in package com.google.android.dialer
:Sending Trackball (ACTION_MOVE): 0:(4.0,-4.0)
:Sending Trackball (ACTION_MOVE): 0:(4.0,0.0)
    // Rejecting start of Intent { act=android.intent.action.CALL_BUTTON cmp=com.google.android.dialer/com.google.android.apps.dialer.extensions.GoogleDialtactsActivity } in package com.google.android.dialer
:Sending Touch (ACTION_DOWN): 0:(408.0,41.0)
:Sending Touch (ACTION_UP): 0:(401.16406,59.444424)
:Sending Trackball (ACTION_MOVE): 0:(-5.0,0.0)
:Sending Touch (ACTION_DOWN): 0:(1088.0,1220.0)
    //[calendar_time:2022-03-26 19:33:17.442  system_uptime:205086]
    // Sending event #1600
:Sending Touch (ACTION_UP): 0:(1113.0677,1264.5734)
:Sending Touch (ACTION_DOWN): 0:(951.0,418.0)
:Sending Touch (ACTION_UP): 0:(919.67584,436.26675)
:Sending Touch (ACTION_DOWN): 0:(5.0,44.0)
:Sending Touch (ACTION_UP): 0:(9.250001,32.239204)
:Sending Trackball (ACTION_MOVE): 0:(-5.0,0.0)
:Sending Touch (ACTION_DOWN): 0:(722.0,1023.0)
:Sending Touch (ACTION_UP): 0:(724.19965,1021.3465)
:Sending Touch (ACTION_DOWN): 0:(768.0,1297.0)
:Sending Touch (ACTION_UP): 0:(743.93195,1272.4316)
:Sending Touch (ACTION_DOWN): 0:(858.0,344.0)
:Sending Touch (ACTION_UP): 0:(872.7602,343.19513)
:Sending Trackball (ACTION_MOVE): 0:(1.0,1.0)
:Sending Trackball (ACTION_MOVE): 0:(1.0,4.0)
:Sending Touch (ACTION_DOWN): 0:(813.0,654.0)
:Sending Touch (ACTION_UP): 0:(812.8573,654.5449)
:Sending Touch (ACTION_DOWN): 0:(9.0,892.0)
:Sending Touch (ACTION_UP): 0:(14.680425,897.38293)
    //[calendar_time:2022-03-26 19:33:23.041  system_uptime:210685]
    // Sending event #1700
    //[calendar_time:2022-03-26 19:33:23.242  system_uptime:210886]
    // Sending event #1700
    // Rejecting start of Intent { act=android.intent.action.MAIN cat=[android.intent.category.HOME] cmp=com.google.android.apps.nexuslauncher/.NexusLauncherActivity } in package com.google.android.apps.nexuslauncher
:Sending Trackball (ACTION_MOVE): 0:(4.0,-4.0)
:Sending Trackball (ACTION_MOVE): 0:(-1.0,-2.0)
    // Rejecting start of Intent { act=android.intent.action.CALL_BUTTON cmp=com.google.android.dialer/com.google.android.apps.dialer.extensions.GoogleDialtactsActivity } in package com.google.android.dialer
:Switch: #Intent;action=android.intent.action.MAIN;category=android.intent.category.LAUNCHER;launchFlags=0x10200000;component=com.ichi2.anki/.IntentHandler;end
    // Allowing start of Intent { act=android.intent.action.MAIN cat=[android.intent.category.LAUNCHER] cmp=com.ichi2.anki/.IntentHandler } in package com.ichi2.anki
:Switch: #Intent;action=android.intent.action.MAIN;category=android.intent.category.LAUNCHER;launchFlags=0x10200000;component=com.ichi2.anki/.IntentHandler;end
    // Allowing start of Intent { act=android.intent.action.MAIN cat=[android.intent.category.LAUNCHER] cmp=com.ichi2.anki/.IntentHandler } in package com.ichi2.anki
:Sending Touch (ACTION_DOWN): 0:(1124.0,692.0)
:Sending Touch (ACTION_UP): 0:(1124.6992,697.5708)
:Sending Touch (ACTION_DOWN): 0:(813.0,938.0)
:Sending Touch (ACTION_UP): 0:(863.5518,908.61743)
:Sending Touch (ACTION_DOWN): 0:(464.0,695.0)
:Sending Touch (ACTION_UP): 0:(470.82678,663.71875)
:Sending Trackball (ACTION_MOVE): 0:(-4.0,-5.0)
:Sending Trackball (ACTION_MOVE): 0:(0.0,0.0)
:Sending Trackball (ACTION_MOVE): 0:(-2.0,2.0)
:Sending Trackball (ACTION_MOVE): 0:(-1.0,4.0)
    //[calendar_time:2022-03-26 19:33:27.000  system_uptime:214644]
    // Sending event #1800
:Sending Touch (ACTION_DOWN): 0:(230.0,1555.0)
:Sending Touch (ACTION_UP): 0:(241.01901,1547.4629)
:Sending Touch (ACTION_DOWN): 0:(1071.0,19.0)
:Sending Touch (ACTION_UP): 0:(1095.4835,20.551256)
:Sending Touch (ACTION_DOWN): 0:(874.0,751.0)
:Sending Touch (ACTION_UP): 0:(890.59875,755.11774)
:Sending Touch (ACTION_DOWN): 0:(129.0,894.0)
:Sending Touch (ACTION_UP): 0:(211.63731,793.21063)
:Sending Trackball (ACTION_MOVE): 0:(-4.0,-4.0)
:Sending Flip keyboardOpen=true
:Sending Trackball (ACTION_MOVE): 0:(-3.0,-5.0)
:Sending Touch (ACTION_DOWN): 0:(926.0,655.0)
:Sending Touch (ACTION_UP): 0:(943.3795,646.2425)
:Sending Touch (ACTION_DOWN): 0:(831.0,1412.0)
:Sending Touch (ACTION_UP): 0:(833.04114,1418.7035)
:Sending Trackball (ACTION_MOVE): 0:(-3.0,-2.0)
:Sending Touch (ACTION_DOWN): 0:(414.0,331.0)
:Sending Touch (ACTION_UP): 0:(432.19904,346.53885)
:Sending Touch (ACTION_DOWN): 0:(666.0,213.0)
:Sending Touch (ACTION_UP): 0:(649.09357,196.79681)
:Sending Trackball (ACTION_MOVE): 0:(-1.0,1.0)
    //[calendar_time:2022-03-26 19:33:32.665  system_uptime:220309]
    // Sending event #1900
:Sending Touch (ACTION_DOWN): 0:(605.0,523.0)
:Sending Touch (ACTION_UP): 0:(493.0428,433.97113)
:Sending Touch (ACTION_DOWN): 0:(138.0,1400.0)
:Sending Touch (ACTION_UP): 0:(136.45744,1388.3362)
:Sending Touch (ACTION_DOWN): 0:(147.0,1630.0)
:Sending Touch (ACTION_UP): 0:(148.84787,1630.0005)
:Sending Touch (ACTION_DOWN): 0:(292.0,1553.0)
:Sending Touch (ACTION_UP): 0:(292.81668,1536.5779)
:Sending Touch (ACTION_DOWN): 0:(917.0,1414.0)
:Sending Touch (ACTION_UP): 0:(885.82495,1403.2905)
:Sending Trackball (ACTION_MOVE): 0:(3.0,4.0)
:Sending Touch (ACTION_DOWN): 0:(674.0,1558.0)
:Sending Touch (ACTION_UP): 0:(657.3832,1548.8844)
:Sending Trackball (ACTION_MOVE): 0:(-1.0,-1.0)
:Sending Touch (ACTION_DOWN): 0:(259.0,1013.0)
:Sending Touch (ACTION_UP): 0:(276.47125,988.96454)
:Sending Touch (ACTION_DOWN): 0:(563.0,1058.0)
:Sending Touch (ACTION_UP): 0:(545.06476,1040.5272)
:Sending Touch (ACTION_DOWN): 0:(825.0,1346.0)
:Sending Touch (ACTION_UP): 0:(867.10425,1321.0288)
:Sending Trackball (ACTION_MOVE): 0:(0.0,1.0)
    // Rejecting start of Intent { act=android.intent.action.MAIN cat=[android.intent.category.HOME] cmp=com.google.android.apps.nexuslauncher/.NexusLauncherActivity } in package com.google.android.apps.nexuslauncher
:Sending Touch (ACTION_DOWN): 0:(1053.0,1399.0)
:Sending Touch (ACTION_UP): 0:(1041.5399,1412.3477)
:Switch: #Intent;action=android.intent.action.MAIN;category=android.intent.category.LAUNCHER;launchFlags=0x10200000;component=com.ichi2.anki/.IntentHandler;end
    // Allowing start of Intent { act=android.intent.action.MAIN cat=[android.intent.category.LAUNCHER] cmp=com.ichi2.anki/.IntentHandler } in package com.ichi2.anki
:Sending Trackball (ACTION_MOVE): 0:(0.0,-3.0)
    //[calendar_time:2022-03-26 19:33:36.801  system_uptime:224445]
    // Sending event #2000
:Sending Trackball (ACTION_UP): 0:(0.0,0.0)
:Sending Trackball (ACTION_MOVE): 0:(3.0,-4.0)
:Sending Trackball (ACTION_MOVE): 0:(-5.0,-2.0)
:Sending Touch (ACTION_DOWN): 0:(412.0,253.0)
:Sending Touch (ACTION_UP): 0:(415.48053,255.46548)
:Sending Touch (ACTION_DOWN): 0:(664.0,454.0)
:Sending Touch (ACTION_UP): 0:(642.6001,467.0463)
:Sending Touch (ACTION_DOWN): 0:(446.0,1504.0)
:Sending Touch (ACTION_UP): 0:(437.82758,1499.8923)
:Sending Touch (ACTION_DOWN): 0:(2.0,607.0)
:Sending Touch (ACTION_UP): 0:(1.7097523,624.08734)
:Sending Touch (ACTION_DOWN): 0:(320.0,18.0)
:Sending Touch (ACTION_UP): 0:(317.48636,21.762218)
:Sending Touch (ACTION_DOWN): 0:(684.0,1428.0)
:Sending Touch (ACTION_UP): 0:(673.7445,1449.1846)
:Sending Touch (ACTION_DOWN): 0:(1153.0,925.0)
:Sending Touch (ACTION_UP): 0:(1155.7985,925.8207)
:Sending Touch (ACTION_DOWN): 0:(1023.0,1286.0)
:Sending Touch (ACTION_UP): 0:(1014.096,1286.3508)
:Sending Touch (ACTION_DOWN): 0:(820.0,1037.0)
:Sending Touch (ACTION_UP): 0:(862.4351,1088.9049)
:Sending Touch (ACTION_DOWN): 0:(1112.0,724.0)
:Sending Touch (ACTION_UP): 0:(1134.221,724.00275)
:Sending Touch (ACTION_DOWN): 0:(762.0,1202.0)
:Sending Touch (ACTION_UP): 0:(762.2092,1202.8767)
:Sending Touch (ACTION_DOWN): 0:(1193.0,1558.0)
:Sending Touch (ACTION_UP): 0:(1200.0,1612.3849)
:Sending Touch (ACTION_DOWN): 0:(418.0,1810.0)
:Sending Touch (ACTION_UP): 0:(420.33823,1822.4965)
    //[calendar_time:2022-03-26 19:33:43.612  system_uptime:231256]
    // Sending event #2100
    //[calendar_time:2022-03-26 19:33:43.813  system_uptime:231457]
    // Sending event #2100
:Sending Touch (ACTION_DOWN): 0:(1153.0,1388.0)
:Sending Touch (ACTION_UP): 0:(1136.0851,1377.4342)
:Sending Trackball (ACTION_MOVE): 0:(2.0,-5.0)
:Sending Trackball (ACTION_MOVE): 0:(0.0,-4.0)
:Sending Touch (ACTION_DOWN): 0:(319.0,632.0)
:Sending Touch (ACTION_UP): 0:(322.41058,641.8197)
:Sending Touch (ACTION_DOWN): 0:(0.0,1792.0)
:Sending Touch (ACTION_UP): 0:(22.6894,1718.7611)
    // Rejecting start of Intent { act=android.intent.action.MAIN cat=[android.intent.category.HOME] cmp=com.google.android.apps.nexuslauncher/.NexusLauncherActivity } in package com.google.android.apps.nexuslauncher
:Sending Trackball (ACTION_MOVE): 0:(-5.0,0.0)
:Sending Touch (ACTION_DOWN): 0:(817.0,720.0)
:Sending Touch (ACTION_UP): 0:(870.3518,764.66125)
:Sending Touch (ACTION_DOWN): 0:(1139.0,18.0)
:Sending Touch (ACTION_UP): 0:(1134.382,17.613571)
:Sending Trackball (ACTION_MOVE): 0:(2.0,2.0)
:Sending Touch (ACTION_DOWN): 0:(604.0,401.0)
:Sending Touch (ACTION_UP): 0:(603.0077,401.1537)
:Switch: #Intent;action=android.intent.action.MAIN;category=android.intent.category.LAUNCHER;launchFlags=0x10200000;component=com.ichi2.anki/.IntentHandler;end
    // Allowing start of Intent { act=android.intent.action.MAIN cat=[android.intent.category.LAUNCHER] cmp=com.ichi2.anki/.IntentHandler } in package com.ichi2.anki
:Sending Touch (ACTION_DOWN): 0:(59.0,958.0)
:Sending Touch (ACTION_UP): 0:(57.307137,957.8425)
:Sending Trackball (ACTION_MOVE): 0:(1.0,-2.0)
    //[calendar_time:2022-03-26 19:33:48.408  system_uptime:236052]
    // Sending event #2200
:Sending Trackball (ACTION_MOVE): 0:(4.0,3.0)
:Sending Touch (ACTION_DOWN): 0:(513.0,392.0)
:Sending Touch (ACTION_UP): 0:(512.5208,407.766)
:Sending Touch (ACTION_DOWN): 0:(1102.0,1674.0)
    // Rejecting start of Intent { act=android.intent.action.VIEW dat=https://docs.ankidroid.org/... pkg=com.android.chrome cmp=com.android.chrome/com.google.android.apps.chrome.IntentDispatcher } in package com.android.chrome
:Sending Touch (ACTION_UP): 0:(1052.3176,1635.5171)
:Sending Trackball (ACTION_MOVE): 0:(-1.0,-4.0)
:Sending Touch (ACTION_DOWN): 0:(207.0,81.0)
:Sending Touch (ACTION_UP): 0:(215.79338,71.90707)
:Sending Touch (ACTION_DOWN): 0:(306.0,638.0)
:Sending Touch (ACTION_UP): 0:(288.40524,599.2393)
:Sending Touch (ACTION_DOWN): 0:(332.0,855.0)
:Sending Touch (ACTION_UP): 0:(322.63126,862.1093)
:Sending Touch (ACTION_DOWN): 0:(184.0,461.0)
:Sending Touch (ACTION_UP): 0:(168.11928,445.74014)
:Sending Flip keyboardOpen=false
:Sending Trackball (ACTION_MOVE): 0:(1.0,-3.0)
:Sending Touch (ACTION_DOWN): 0:(108.0,6.0)
:Sending Touch (ACTION_UP): 0:(96.54581,0.0)
:Sending Touch (ACTION_DOWN): 0:(59.0,834.0)
:Sending Touch (ACTION_UP): 0:(49.832848,819.8787)
:Sending Touch (ACTION_DOWN): 0:(250.0,1773.0)
:Sending Touch (ACTION_UP): 0:(236.49309,1764.3822)
:Sending Touch (ACTION_DOWN): 0:(58.0,1389.0)
:Sending Touch (ACTION_UP): 0:(48.72666,1393.5741)
:Sending Trackball (ACTION_MOVE): 0:(2.0,-2.0)
    //[calendar_time:2022-03-26 19:33:52.842  system_uptime:240486]
    // Sending event #2300
:Sending Touch (ACTION_DOWN): 0:(187.0,1392.0)
:Sending Touch (ACTION_UP): 0:(178.98334,1394.8152)
:Sending Touch (ACTION_DOWN): 0:(1066.0,1395.0)
:Sending Touch (ACTION_UP): 0:(1069.1907,1401.6234)
    // Rejecting start of Intent { act=android.intent.action.VIEW dat=https://ankiweb.net/... pkg=com.android.chrome cmp=com.android.chrome/com.google.android.apps.chrome.IntentDispatcher } in package com.android.chrome
:Sending Touch (ACTION_DOWN): 0:(1186.0,1811.0)
:Sending Touch (ACTION_UP): 0:(1157.7983,1726.5587)
:Sending Touch (ACTION_DOWN): 0:(481.0,1688.0)
:Sending Touch (ACTION_UP): 0:(473.75348,1687.9434)
:Sending Touch (ACTION_DOWN): 0:(309.0,793.0)
:Sending Touch (ACTION_UP): 0:(256.1093,805.4221)
:Sending Trackball (ACTION_MOVE): 0:(2.0,-2.0)
:Sending Touch (ACTION_DOWN): 0:(1083.0,1294.0)
:Sending Touch (ACTION_UP): 0:(1048.5618,1263.8507)
:Sending Trackball (ACTION_MOVE): 0:(4.0,-3.0)
:Sending Touch (ACTION_DOWN): 0:(1171.0,729.0)
:Sending Touch (ACTION_UP): 0:(1171.5897,728.5801)
:Sending Touch (ACTION_DOWN): 0:(14.0,189.0)
:Sending Touch (ACTION_UP): 0:(1.9700046,219.5185)
:Sending Trackball (ACTION_MOVE): 0:(2.0,2.0)
    //[calendar_time:2022-03-26 19:33:58.393  system_uptime:246037]
    // Sending event #2400
:Sending Trackball (ACTION_MOVE): 0:(-5.0,2.0)
:Sending Trackball (ACTION_MOVE): 0:(3.0,2.0)
:Sending Trackball (ACTION_MOVE): 0:(0.0,2.0)
:Sending Touch (ACTION_DOWN): 0:(991.0,1727.0)
:Sending Touch (ACTION_UP): 0:(942.58984,1762.9337)
:Sending Touch (ACTION_DOWN): 0:(401.0,442.0)
:Sending Touch (ACTION_UP): 0:(400.5895,424.06378)
:Sending Touch (ACTION_DOWN): 0:(663.0,1341.0)
:Sending Touch (ACTION_UP): 0:(755.63885,1352.7542)
:Sending Touch (ACTION_DOWN): 0:(26.0,709.0)
:Sending Touch (ACTION_UP): 0:(80.910614,754.828)
:Sending Touch (ACTION_DOWN): 0:(489.0,196.0)
:Sending Touch (ACTION_UP): 0:(467.1505,197.70125)
:Sending Trackball (ACTION_MOVE): 0:(3.0,2.0)
    //[calendar_time:2022-03-26 19:34:02.354  system_uptime:249998]
    // Sending event #2500
:Sending Touch (ACTION_DOWN): 0:(447.0,210.0)
:Sending Touch (ACTION_UP): 0:(491.21994,207.27206)
:Sending Touch (ACTION_DOWN): 0:(1177.0,799.0)
:Sending Touch (ACTION_UP): 0:(1177.7201,811.0675)
:Sending Touch (ACTION_DOWN): 0:(674.0,233.0)
:Sending Touch (ACTION_UP): 0:(666.331,177.57127)
:Sending Touch (ACTION_DOWN): 0:(194.0,1708.0)
:Sending Touch (ACTION_UP): 0:(192.8822,1711.344)
    // Rejecting start of Intent { act=android.intent.action.ASSIST cmp=com.google.android.googlequicksearchbox/.SearchActivity } in package com.google.android.googlequicksearchbox
:Sending Touch (ACTION_DOWN): 0:(858.0,1206.0)
:Sending Touch (ACTION_UP): 0:(859.5737,1206.8335)
:Sending Touch (ACTION_DOWN): 0:(612.0,656.0)
:Sending Touch (ACTION_UP): 0:(635.0446,662.0866)
    // Allowing start of Intent { cmp=com.ichi2.anki/.NoteEditor } in package com.ichi2.anki
    // Allowing start of Intent { cmp=com.ichi2.anki/.DeckPicker } in package com.ichi2.anki
    // activityResuming(com.ichi2.anki)
:Switch: #Intent;action=android.intent.action.MAIN;category=android.intent.category.LAUNCHER;launchFlags=0x10200000;component=com.ichi2.anki/.IntentHandler;end
    // Allowing start of Intent { act=android.intent.action.MAIN cat=[android.intent.category.LAUNCHER] cmp=com.ichi2.anki/.IntentHandler } in package com.ichi2.anki
:Sending Trackball (ACTION_MOVE): 0:(-1.0,3.0)
:Sending Touch (ACTION_DOWN): 0:(1118.0,1478.0)
:Sending Touch (ACTION_UP): 0:(1109.9258,1476.452)
:Sending Touch (ACTION_DOWN): 0:(1073.0,78.0)
:Sending Touch (ACTION_UP): 0:(1056.7047,167.04387)
:Sending Trackball (ACTION_MOVE): 0:(-1.0,-1.0)
:Sending Touch (ACTION_DOWN): 0:(671.0,1135.0)
:Sending Touch (ACTION_UP): 0:(661.9792,1126.9626)
:Sending Trackball (ACTION_MOVE): 0:(4.0,0.0)
    //[calendar_time:2022-03-26 19:34:08.354  system_uptime:255998]
    // Sending event #2600
:Sending Touch (ACTION_DOWN): 0:(200.0,668.0)
:Sending Touch (ACTION_UP): 0:(230.86632,665.12805)
:Sending Trackball (ACTION_MOVE): 0:(-5.0,-1.0)
:Sending Trackball (ACTION_MOVE): 0:(4.0,-5.0)
:Sending Trackball (ACTION_MOVE): 0:(3.0,-4.0)
:Sending Trackball (ACTION_MOVE): 0:(-1.0,3.0)
:Sending Touch (ACTION_DOWN): 0:(277.0,958.0)
:Sending Touch (ACTION_UP): 0:(322.92383,1007.81055)
:Sending Trackball (ACTION_MOVE): 0:(-5.0,4.0)
:Sending Trackball (ACTION_UP): 0:(0.0,0.0)
:Sending Touch (ACTION_DOWN): 0:(144.0,562.0)
:Sending Touch (ACTION_UP): 0:(143.20924,562.58234)
:Sending Touch (ACTION_DOWN): 0:(322.0,431.0)
:Sending Touch (ACTION_UP): 0:(279.19504,525.59973)
:Sending Flip keyboardOpen=true
:Sending Touch (ACTION_DOWN): 0:(497.0,1149.0)
:Sending Touch (ACTION_UP): 0:(551.72675,1129.5868)
    //[calendar_time:2022-03-26 19:34:11.145  system_uptime:258789]
    // Sending event #2700
:Sending Touch (ACTION_DOWN): 0:(194.0,968.0)
:Sending Touch (ACTION_UP): 0:(206.14906,981.0365)
:Sending Touch (ACTION_DOWN): 0:(706.0,253.0)
:Sending Touch (ACTION_UP): 0:(750.1963,206.75308)
:Sending Touch (ACTION_DOWN): 0:(376.0,941.0)
:Sending Touch (ACTION_UP): 0:(369.66708,939.99963)
:Sending Trackball (ACTION_MOVE): 0:(0.0,-5.0)
:Sending Touch (ACTION_DOWN): 0:(138.0,211.0)
:Sending Touch (ACTION_UP): 0:(134.67867,164.6007)
:Sending Touch (ACTION_DOWN): 0:(865.0,706.0)
:Sending Touch (ACTION_UP): 0:(870.14197,711.9598)
:Sending Touch (ACTION_DOWN): 0:(650.0,946.0)
:Sending Touch (ACTION_UP): 0:(648.9303,937.99176)
:Sending Touch (ACTION_DOWN): 0:(839.0,383.0)
:Sending Touch (ACTION_UP): 0:(891.4584,447.4017)
:Sending Touch (ACTION_DOWN): 0:(229.0,854.0)
:Sending Touch (ACTION_UP): 0:(221.11453,854.6301)
    // Rejecting start of Intent { act=android.intent.action.ASSIST cmp=com.google.android.googlequicksearchbox/.SearchActivity } in package com.google.android.googlequicksearchbox
:Sending Touch (ACTION_DOWN): 0:(1196.0,1479.0)
:Sending Touch (ACTION_UP): 0:(1180.427,1483.7072)
:Sending Touch (ACTION_DOWN): 0:(571.0,1223.0)
:Sending Touch (ACTION_UP): 0:(580.08374,1207.7644)
:Sending Touch (ACTION_DOWN): 0:(272.0,654.0)
:Sending Touch (ACTION_UP): 0:(276.41995,657.2986)
:Sending Touch (ACTION_DOWN): 0:(265.0,362.0)
:Sending Touch (ACTION_UP): 0:(219.30688,387.24512)
:Sending Touch (ACTION_DOWN): 0:(545.0,757.0)
:Sending Touch (ACTION_UP): 0:(566.9564,733.5831)
:Sending Touch (ACTION_DOWN): 0:(307.0,226.0)
:Sending Touch (ACTION_UP): 0:(307.33264,245.49713)
:Sending Touch (ACTION_DOWN): 0:(1068.0,253.0)
:Sending Touch (ACTION_UP): 0:(1065.0676,233.03305)
    //[calendar_time:2022-03-26 19:34:17.098  system_uptime:264742]
    // Sending event #2800
    //[calendar_time:2022-03-26 19:34:17.298  system_uptime:264942]
    // Sending event #2800
:Sending Touch (ACTION_DOWN): 0:(122.0,1284.0)
:Sending Touch (ACTION_UP): 0:(137.5249,1320.5352)
:Sending Touch (ACTION_DOWN): 0:(217.0,1581.0)
:Sending Touch (ACTION_UP): 0:(339.71866,1550.3617)
:Switch: #Intent;action=android.intent.action.MAIN;category=android.intent.category.LAUNCHER;launchFlags=0x10200000;component=com.ichi2.anki/.IntentHandler;end
    // Allowing start of Intent { act=android.intent.action.MAIN cat=[android.intent.category.LAUNCHER] cmp=com.ichi2.anki/.IntentHandler } in package com.ichi2.anki
:Sending Touch (ACTION_DOWN): 0:(739.0,1818.0)
:Sending Touch (ACTION_UP): 0:(696.6989,1727.8541)
:Sending Touch (ACTION_DOWN): 0:(59.0,1816.0)
:Sending Touch (ACTION_UP): 0:(57.081474,1820.146)
:Sending Touch (ACTION_DOWN): 0:(1178.0,443.0)
:Sending Touch (ACTION_UP): 0:(1178.9108,450.77228)
:Sending Touch (ACTION_DOWN): 0:(420.0,973.0)
:Sending Touch (ACTION_UP): 0:(417.13202,978.66345)
    // Allowing start of Intent { cmp=com.ichi2.anki/.CardBrowser } in package com.ichi2.anki
// CRASH: com.ichi2.anki (pid 5439)
// Short Msg: java.lang.NullPointerException
// Long Msg: java.lang.NullPointerException: Attempt to invoke virtual method 'boolean android.support.v7.widget.SearchView.isIconified()' on a null object reference
// Build Label: google/sdk_google_phone_x86/generic_x86:7.1.1/NYC/6695155:userdebug/test-keys
// Build Changelist: 6695155
// Build Time: 1595288234000
// java.lang.NullPointerException: Attempt to invoke virtual method 'boolean android.support.v7.widget.SearchView.isIconified()' on a null object reference
// 	at com.ichi2.anki.CardBrowser$20.onPostExecute(CardBrowser.java:1364)
// 	at com.ichi2.async.DeckTask$TaskListener.onPostExecute(DeckTask.java:1521)
// 	at com.ichi2.async.DeckTask.onPostExecute(DeckTask.java:376)
// 	at com.ichi2.async.DeckTask.onPostExecute(DeckTask.java:69)
// 	at android.os.AsyncTask.finish(AsyncTask.java:667)
// 	at android.os.AsyncTask.-wrap1(AsyncTask.java)
// 	at android.os.AsyncTask$InternalHandler.handleMessage(AsyncTask.java:684)
// 	at android.os.Handler.dispatchMessage(Handler.java:102)
// 	at android.os.Looper.loop(Looper.java:154)
// 	at android.app.ActivityThread.main(ActivityThread.java:6119)
// 	at java.lang.reflect.Method.invoke(Native Method)
// 	at com.android.internal.os.ZygoteInit$MethodAndArgsCaller.run(ZygoteInit.java:886)
// 	at com.android.internal.os.ZygoteInit.main(ZygoteInit.java:776)
// 
app_crashcom.ichi2.anki_2022-03-26_19_34_21.338_.txt:
// app_crashcom.ichi2.anki_2022-03-26_19_34_21.338_.txt status was 0
:Sending Touch (ACTION_DOWN): 0:(466.0,1212.0)
:Sending Touch (ACTION_UP): 0:(516.29517,1155.9161)
:Sending Trackball (ACTION_MOVE): 0:(1.0,-3.0)
    // Rejecting start of Intent { act=android.intent.action.MAIN cat=[android.intent.category.LAUNCHER] cmp=com.android.chrome/com.google.android.apps.chrome.Main } in package com.android.chrome
:Sending Trackball (ACTION_MOVE): 0:(3.0,-4.0)
    // Rejecting start of Intent { act=android.intent.action.MAIN cat=[android.intent.category.HOME] cmp=com.google.android.apps.nexuslauncher/.NexusLauncherActivity } in package com.google.android.apps.nexuslauncher
:Sending Trackball (ACTION_MOVE): 0:(1.0,-4.0)
    //[calendar_time:2022-03-26 19:34:41.963  system_uptime:289607]
    // Sending event #2900
:Sending Touch (ACTION_DOWN): 0:(159.0,162.0)
:Sending Touch (ACTION_UP): 0:(150.1197,168.71715)
:Sending Trackball (ACTION_MOVE): 0:(2.0,-4.0)
:Sending Touch (ACTION_DOWN): 0:(1059.0,1201.0)
:Sending Touch (ACTION_UP): 0:(1117.3833,1300.0692)
:Sending Touch (ACTION_DOWN): 0:(625.0,964.0)
:Sending Touch (ACTION_UP): 0:(627.6343,967.30817)
:Sending Touch (ACTION_DOWN): 0:(866.0,198.0)
:Sending Touch (ACTION_UP): 0:(873.02655,216.31941)
    // Rejecting start of Intent { act=android.intent.action.SHOW_BRIGHTNESS_DIALOG cmp=com.android.systemui/.settings.BrightnessDialog } in package com.android.systemui
:Sending Touch (ACTION_DOWN): 0:(283.0,1603.0)
:Sending Touch (ACTION_UP): 0:(156.09894,1598.962)
:Switch: #Intent;action=android.intent.action.MAIN;category=android.intent.category.LAUNCHER;launchFlags=0x10200000;component=com.ichi2.anki/.IntentHandler;end
    // Allowing start of Intent { act=android.intent.action.MAIN cat=[android.intent.category.LAUNCHER] cmp=com.ichi2.anki/.IntentHandler } in package com.ichi2.anki
    // Allowing start of Intent { act=android.intent.action.MAIN cat=[android.intent.category.LAUNCHER] cmp=com.ichi2.anki/.DeckPicker } in package com.ichi2.anki
    // activityResuming(com.ichi2.anki)
:Sending Touch (ACTION_DOWN): 0:(865.0,1058.0)
:Sending Touch (ACTION_UP): 0:(931.8689,1121.5691)
:Sending Touch (ACTION_DOWN): 0:(451.0,1123.0)
    //[calendar_time:2022-03-26 19:34:47.763  system_uptime:295407]
    // Sending event #3000
:Sending Touch (ACTION_UP): 0:(433.9132,1127.6063)
:Sending Touch (ACTION_DOWN): 0:(795.0,518.0)
:Sending Touch (ACTION_UP): 0:(815.809,487.5453)
:Sending Touch (ACTION_DOWN): 0:(748.0,973.0)
:Sending Touch (ACTION_UP): 0:(729.94476,980.0406)
:Sending Touch (ACTION_DOWN): 0:(957.0,1583.0)
:Sending Touch (ACTION_UP): 0:(950.6187,1578.2374)
:Sending Touch (ACTION_DOWN): 0:(894.0,296.0)
:Sending Touch (ACTION_UP): 0:(843.52563,291.8678)
:Sending Touch (ACTION_DOWN): 0:(1191.0,906.0)
:Sending Touch (ACTION_UP): 0:(1200.0,810.1037)
:Switch: #Intent;action=android.intent.action.MAIN;category=android.intent.category.LAUNCHER;launchFlags=0x10200000;component=com.ichi2.anki/.IntentHandler;end
    // Allowing start of Intent { act=android.intent.action.MAIN cat=[android.intent.category.LAUNCHER] cmp=com.ichi2.anki/.IntentHandler } in package com.ichi2.anki
:Sending Trackball (ACTION_MOVE): 0:(-4.0,-5.0)
:Sending Flip keyboardOpen=false
:Sending Touch (ACTION_DOWN): 0:(243.0,1465.0)
:Sending Touch (ACTION_UP): 0:(260.41516,1469.3271)
:Sending Touch (ACTION_DOWN): 0:(775.0,1017.0)
:Sending Touch (ACTION_UP): 0:(796.8945,954.94806)
:Sending Trackball (ACTION_MOVE): 0:(-5.0,-1.0)
:Sending Flip keyboardOpen=true
    // Rejecting start of Intent { act=android.intent.action.MAIN cat=[android.intent.category.HOME] cmp=com.google.android.apps.nexuslauncher/.NexusLauncherActivity } in package com.google.android.apps.nexuslauncher
:Sending Trackball (ACTION_MOVE): 0:(-2.0,4.0)
:Sending Trackball (ACTION_MOVE): 0:(3.0,1.0)
    //[calendar_time:2022-03-26 19:34:52.024  system_uptime:299668]
    // Sending event #3100
:Sending Trackball (ACTION_UP): 0:(0.0,0.0)
:Sending Touch (ACTION_DOWN): 0:(590.0,338.0)
:Sending Touch (ACTION_UP): 0:(655.8029,308.43576)
:Sending Touch (ACTION_DOWN): 0:(1111.0,463.0)
:Sending Touch (ACTION_UP): 0:(1115.5789,459.26486)
:Sending Touch (ACTION_DOWN): 0:(32.0,1489.0)
:Sending Touch (ACTION_UP): 0:(37.082253,1475.9568)
:Sending Trackball (ACTION_MOVE): 0:(-1.0,0.0)
:Sending Touch (ACTION_DOWN): 0:(43.0,1791.0)
:Sending Touch (ACTION_UP): 0:(0.0,1824.0)
:Sending Touch (ACTION_DOWN): 0:(508.0,449.0)
:Sending Touch (ACTION_UP): 0:(512.13007,435.17502)
:Switch: #Intent;action=android.intent.action.MAIN;category=android.intent.category.LAUNCHER;launchFlags=0x10200000;component=com.ichi2.anki/.IntentHandler;end
    // Allowing start of Intent { act=android.intent.action.MAIN cat=[android.intent.category.LAUNCHER] cmp=com.ichi2.anki/.IntentHandler } in package com.ichi2.anki
:Switch: #Intent;action=android.intent.action.MAIN;category=android.intent.category.LAUNCHER;launchFlags=0x10200000;component=com.ichi2.anki/.IntentHandler;end
    // Allowing start of Intent { act=android.intent.action.MAIN cat=[android.intent.category.LAUNCHER] cmp=com.ichi2.anki/.IntentHandler } in package com.ichi2.anki
:Sending Flip keyboardOpen=false
:Sending Touch (ACTION_DOWN): 0:(621.0,1060.0)
:Sending Touch (ACTION_UP): 0:(620.50116,1077.1945)
:Sending Touch (ACTION_DOWN): 0:(568.0,1094.0)
:Sending Touch (ACTION_UP): 0:(593.1406,1051.7151)
:Sending Touch (ACTION_DOWN): 0:(830.0,1420.0)
:Sending Touch (ACTION_UP): 0:(829.88855,1419.2283)
:Sending Touch (ACTION_DOWN): 0:(647.0,279.0)
:Sending Touch (ACTION_UP): 0:(652.69666,290.98746)
:Sending Touch (ACTION_DOWN): 0:(577.0,1165.0)
:Sending Touch (ACTION_UP): 0:(581.73553,1185.284)
:Sending Touch (ACTION_DOWN): 0:(762.0,967.0)
:Sending Touch (ACTION_UP): 0:(813.5909,1034.0105)
    //[calendar_time:2022-03-26 19:34:58.034  system_uptime:305678]
    // Sending event #3200
    //[calendar_time:2022-03-26 19:34:58.235  system_uptime:305879]
    // Sending event #3200
:Sending Touch (ACTION_DOWN): 0:(467.0,1081.0)
:Sending Touch (ACTION_UP): 0:(403.8832,1181.3099)
:Sending Touch (ACTION_DOWN): 0:(803.0,362.0)
:Sending Touch (ACTION_UP): 0:(806.91315,364.69574)
:Sending Touch (ACTION_DOWN): 0:(1171.0,738.0)
:Sending Touch (ACTION_UP): 0:(1163.6136,661.782)
:Sending Touch (ACTION_DOWN): 0:(790.0,942.0)
:Sending Touch (ACTION_UP): 0:(843.4426,867.87103)
:Sending Touch (ACTION_DOWN): 0:(636.0,1282.0)
:Sending Touch (ACTION_UP): 0:(629.3988,1281.0096)
:Sending Touch (ACTION_DOWN): 0:(983.0,1323.0)
:Sending Touch (ACTION_UP): 0:(970.3411,1292.9685)
:Sending Touch (ACTION_DOWN): 0:(516.0,718.0)
:Sending Touch (ACTION_UP): 0:(552.0519,649.5453)
:Switch: #Intent;action=android.intent.action.MAIN;category=android.intent.category.LAUNCHER;launchFlags=0x10200000;component=com.ichi2.anki/.IntentHandler;end
    // Allowing start of Intent { act=android.intent.action.MAIN cat=[android.intent.category.LAUNCHER] cmp=com.ichi2.anki/.IntentHandler } in package com.ichi2.anki
:Sending Trackball (ACTION_MOVE): 0:(4.0,-2.0)
    //[calendar_time:2022-03-26 19:35:03.799  system_uptime:311443]
    // Sending event #3300
    //[calendar_time:2022-03-26 19:35:03.999  system_uptime:311643]
    // Sending event #3300
:Sending Trackball (ACTION_MOVE): 0:(0.0,2.0)
:Sending Touch (ACTION_DOWN): 0:(147.0,660.0)
:Sending Touch (ACTION_UP): 0:(39.15305,566.4539)
    // Rejecting start of Intent { act=android.intent.action.VIEW dat=https://docs.ankidroid.org/... pkg=com.android.chrome cmp=com.android.chrome/com.google.android.apps.chrome.IntentDispatcher } in package com.android.chrome
:Sending Trackball (ACTION_MOVE): 0:(-2.0,3.0)
:Sending Touch (ACTION_DOWN): 0:(31.0,271.0)
:Sending Touch (ACTION_UP): 0:(28.075748,281.7302)
:Sending Touch (ACTION_DOWN): 0:(240.0,902.0)
:Sending Touch (ACTION_UP): 0:(244.33118,905.1078)
:Sending Touch (ACTION_DOWN): 0:(1055.0,173.0)
:Sending Touch (ACTION_UP): 0:(1051.8901,251.44739)
    // Rejecting start of Intent { act=android.intent.action.MAIN cat=[android.intent.category.HOME] cmp=com.google.android.apps.nexuslauncher/.NexusLauncherActivity } in package com.google.android.apps.nexuslauncher
:Sending Touch (ACTION_DOWN): 0:(1056.0,611.0)
:Sending Touch (ACTION_UP): 0:(1148.0071,612.38226)
:Sending Trackball (ACTION_MOVE): 0:(-1.0,4.0)
:Sending Trackball (ACTION_MOVE): 0:(4.0,4.0)
    //[calendar_time:2022-03-26 19:35:07.542  system_uptime:315186]
    // Sending event #3400
:Sending Trackball (ACTION_UP): 0:(0.0,0.0)
:Sending Touch (ACTION_DOWN): 0:(400.0,1219.0)
:Sending Touch (ACTION_UP): 0:(401.96246,1209.263)
    // Rejecting start of Intent { act=android.intent.action.MAIN cat=[android.intent.category.HOME] cmp=com.google.android.apps.nexuslauncher/.NexusLauncherActivity } in package com.google.android.apps.nexuslauncher
:Sending Touch (ACTION_DOWN): 0:(1195.0,1128.0)
:Sending Touch (ACTION_UP): 0:(1196.122,1132.1788)
:Sending Touch (ACTION_DOWN): 0:(476.0,44.0)
:Sending Touch (ACTION_UP): 0:(473.25497,42.512608)
:Sending Trackball (ACTION_MOVE): 0:(-1.0,2.0)
:Sending Touch (ACTION_DOWN): 0:(353.0,836.0)
:Sending Touch (ACTION_UP): 0:(353.7655,822.4217)
:Sending Touch (ACTION_DOWN): 0:(1033.0,140.0)
:Sending Touch (ACTION_UP): 0:(1133.8289,108.8157)
:Sending Touch (ACTION_DOWN): 0:(653.0,1629.0)
:Sending Touch (ACTION_UP): 0:(641.1083,1636.8962)
:Sending Touch (ACTION_DOWN): 0:(753.0,1569.0)
:Sending Touch (ACTION_UP): 0:(686.02045,1569.019)
:Sending Touch (ACTION_DOWN): 0:(598.0,1079.0)
:Sending Touch (ACTION_UP): 0:(585.0694,1035.7987)
:Sending Touch (ACTION_DOWN): 0:(805.0,1813.0)
:Sending Touch (ACTION_UP): 0:(799.8888,1804.8434)
    // Rejecting start of Intent { act=android.intent.action.MAIN cat=[android.intent.category.LAUNCHER] cmp=com.android.chrome/com.google.android.apps.chrome.Main } in package com.android.chrome
    // Rejecting start of Intent { act=android.intent.action.MAIN cat=[android.intent.category.LAUNCHER] cmp=com.google.android.apps.maps/com.google.android.maps.MapsActivity } in package com.google.android.apps.maps
:Sending Touch (ACTION_DOWN): 0:(849.0,888.0)
:Sending Touch (ACTION_UP): 0:(844.3332,892.2182)
:Sending Trackball (ACTION_MOVE): 0:(-2.0,3.0)
:Sending Trackball (ACTION_MOVE): 0:(-3.0,-1.0)
    //[calendar_time:2022-03-26 19:35:12.493  system_uptime:320137]
    // Sending event #3500
:Sending Touch (ACTION_DOWN): 0:(312.0,214.0)
:Sending Touch (ACTION_UP): 0:(299.36127,213.86981)
:Sending Trackball (ACTION_MOVE): 0:(0.0,-4.0)
:Sending Touch (ACTION_DOWN): 0:(532.0,745.0)
:Sending Touch (ACTION_UP): 0:(463.8866,787.2077)
:Sending Touch (ACTION_DOWN): 0:(679.0,585.0)
:Sending Touch (ACTION_UP): 0:(672.9448,578.1608)
    // Rejecting start of Intent { act=android.intent.action.MAIN cmp=com.google.android.googlequicksearchbox/com.google.android.apps.gsa.legacyui.VelvetActivity } in package com.google.android.googlequicksearchbox
:Sending Touch (ACTION_DOWN): 0:(301.0,626.0)
:Sending Touch (ACTION_UP): 0:(299.67352,619.0642)
:Sending Touch (ACTION_DOWN): 0:(871.0,1583.0)
:Sending Touch (ACTION_UP): 0:(874.4853,1567.4111)
:Sending Trackball (ACTION_MOVE): 0:(-2.0,-4.0)
:Sending Trackball (ACTION_MOVE): 0:(4.0,2.0)
:Sending Trackball (ACTION_UP): 0:(0.0,0.0)
:Sending Touch (ACTION_DOWN): 0:(739.0,767.0)
:Sending Touch (ACTION_UP): 0:(727.3322,773.1585)
:Sending Touch (ACTION_DOWN): 0:(497.0,684.0)
:Sending Touch (ACTION_UP): 0:(496.587,690.86505)
:Sending Touch (ACTION_DOWN): 0:(60.0,1289.0)
:Sending Touch (ACTION_UP): 0:(0.0,1336.0432)
:Sending Touch (ACTION_DOWN): 0:(1196.0,1736.0)
:Sending Touch (ACTION_UP): 0:(1200.0,1735.4277)
:Sending Touch (ACTION_DOWN): 0:(299.0,888.0)
:Sending Touch (ACTION_UP): 0:(291.8589,885.0016)
:Sending Touch (ACTION_DOWN): 0:(324.0,909.0)
:Sending Touch (ACTION_UP): 0:(323.65643,927.78156)
:Sending Touch (ACTION_DOWN): 0:(1089.0,1000.0)
:Sending Touch (ACTION_UP): 0:(1082.306,998.3046)
:Sending Trackball (ACTION_MOVE): 0:(0.0,0.0)
    //[calendar_time:2022-03-26 19:35:18.274  system_uptime:325918]
    // Sending event #3600
    // Rejecting start of Intent { cmp=com.android.systemui/.recents.RecentsActivity } in package com.android.systemui
:Sending Touch (ACTION_DOWN): 0:(1109.0,193.0)
:Sending Touch (ACTION_UP): 0:(1105.9347,211.75757)
:Sending Trackball (ACTION_MOVE): 0:(-4.0,-5.0)
:Sending Touch (ACTION_DOWN): 0:(1103.0,1258.0)
:Sending Touch (ACTION_UP): 0:(1172.0933,1339.6853)
:Sending Touch (ACTION_DOWN): 0:(420.0,29.0)
:Sending Touch (ACTION_UP): 0:(367.30215,172.64105)
:Sending Trackball (ACTION_MOVE): 0:(1.0,-2.0)
:Sending Touch (ACTION_DOWN): 0:(695.0,426.0)
:Sending Touch (ACTION_UP): 0:(691.4648,433.4584)
:Sending Trackball (ACTION_MOVE): 0:(3.0,3.0)
:Sending Trackball (ACTION_MOVE): 0:(-4.0,-3.0)
:Sending Touch (ACTION_DOWN): 0:(1141.0,525.0)
:Sending Touch (ACTION_UP): 0:(1139.035,548.3579)
    //[calendar_time:2022-03-26 19:35:22.224  system_uptime:329868]
    // Sending event #3700
:Sending Touch (ACTION_DOWN): 0:(624.0,842.0)
:Sending Touch (ACTION_UP): 0:(621.001,858.832)
:Sending Touch (ACTION_DOWN): 0:(1070.0,264.0)
:Sending Touch (ACTION_UP): 0:(1064.2185,252.28654)
:Sending Trackball (ACTION_MOVE): 0:(2.0,-5.0)
:Sending Trackball (ACTION_MOVE): 0:(-1.0,-5.0)
:Sending Touch (ACTION_DOWN): 0:(238.0,1245.0)
:Sending Touch (ACTION_UP): 0:(240.13591,1226.6085)
:Sending Trackball (ACTION_MOVE): 0:(-5.0,4.0)
:Sending Trackball (ACTION_UP): 0:(0.0,0.0)
:Switch: #Intent;action=android.intent.action.MAIN;category=android.intent.category.LAUNCHER;launchFlags=0x10200000;component=com.ichi2.anki/.IntentHandler;end
    // Allowing start of Intent { act=android.intent.action.MAIN cat=[android.intent.category.LAUNCHER] cmp=com.ichi2.anki/.IntentHandler } in package com.ichi2.anki
    // Allowing start of Intent { act=android.intent.action.MAIN cat=[android.intent.category.LAUNCHER] cmp=com.ichi2.anki/.DeckPicker } in package com.ichi2.anki
    // activityResuming(com.ichi2.anki)
:Sending Touch (ACTION_DOWN): 0:(382.0,272.0)
:Sending Touch (ACTION_UP): 0:(450.38507,266.46674)
:Switch: #Intent;action=android.intent.action.MAIN;category=android.intent.category.LAUNCHER;launchFlags=0x10200000;component=com.ichi2.anki/.IntentHandler;end
    // Allowing start of Intent { act=android.intent.action.MAIN cat=[android.intent.category.LAUNCHER] cmp=com.ichi2.anki/.IntentHandler } in package com.ichi2.anki
:Sending Flip keyboardOpen=true
    // Rejecting start of Intent { act=android.intent.action.MAIN cat=[android.intent.category.LAUNCHER] cmp=com.android.contacts/.activities.PeopleActivity } in package com.android.contacts
:Sending Touch (ACTION_DOWN): 0:(593.0,104.0)
:Sending Touch (ACTION_UP): 0:(582.4193,104.08799)
:Sending Trackball (ACTION_MOVE): 0:(2.0,-4.0)
:Sending Touch (ACTION_DOWN): 0:(152.0,1807.0)
:Sending Touch (ACTION_UP): 0:(205.25833,1815.1956)
    // Allowing start of Intent { cmp=com.ichi2.anki/.NoteEditor } in package com.ichi2.anki
    // activityResuming(com.ichi2.anki)
:Sending Trackball (ACTION_MOVE): 0:(-1.0,4.0)
    //[calendar_time:2022-03-26 19:35:27.216  system_uptime:334860]
    // Sending event #3800
:Switch: #Intent;action=android.intent.action.MAIN;category=android.intent.category.LAUNCHER;launchFlags=0x10200000;component=com.ichi2.anki/.IntentHandler;end
    // Allowing start of Intent { act=android.intent.action.MAIN cat=[android.intent.category.LAUNCHER] cmp=com.ichi2.anki/.IntentHandler } in package com.ichi2.anki
:Sending Trackball (ACTION_MOVE): 0:(-3.0,0.0)
:Sending Touch (ACTION_DOWN): 0:(1065.0,1451.0)
:Sending Touch (ACTION_UP): 0:(1086.0402,1472.6139)
:Sending Trackball (ACTION_MOVE): 0:(-2.0,0.0)
:Sending Touch (ACTION_DOWN): 0:(257.0,201.0)
:Sending Touch (ACTION_UP): 0:(265.66428,205.57019)
    // Rejecting start of Intent { act=android.intent.action.MAIN cat=[android.intent.category.HOME] cmp=com.google.android.apps.nexuslauncher/.NexusLauncherActivity } in package com.google.android.apps.nexuslauncher
:Sending Trackball (ACTION_MOVE): 0:(1.0,2.0)
:Sending Trackball (ACTION_MOVE): 0:(0.0,2.0)
:Sending Trackball (ACTION_MOVE): 0:(0.0,-2.0)
:Sending Trackball (ACTION_MOVE): 0:(2.0,2.0)
:Sending Touch (ACTION_DOWN): 0:(966.0,979.0)
:Sending Touch (ACTION_UP): 0:(960.1621,998.7214)
:Sending Touch (ACTION_DOWN): 0:(532.0,917.0)
:Sending Touch (ACTION_UP): 0:(547.7239,935.97363)
:Sending Touch (ACTION_DOWN): 0:(1141.0,295.0)
:Sending Touch (ACTION_UP): 0:(1141.6729,300.04117)
    // Rejecting start of Intent { act=android.intent.action.VIEW dat=https://docs.ankidroid.org/... pkg=com.android.chrome cmp=com.android.chrome/com.google.android.apps.chrome.IntentDispatcher } in package com.android.chrome
:Sending Touch (ACTION_DOWN): 0:(451.0,726.0)
    //[calendar_time:2022-03-26 19:35:31.204  system_uptime:338848]
    // Sending event #3900
:Sending Touch (ACTION_UP): 0:(552.912,738.28)
    // Injection Failed
:Sending Touch (ACTION_DOWN): 0:(101.0,634.0)
:Sending Touch (ACTION_UP): 0:(91.38614,621.0941)
:Sending Touch (ACTION_DOWN): 0:(362.0,140.0)
:Sending Touch (ACTION_UP): 0:(400.68323,186.43184)
:Sending Trackball (ACTION_MOVE): 0:(-5.0,2.0)
:Sending Trackball (ACTION_MOVE): 0:(1.0,-2.0)
:Sending Trackball (ACTION_UP): 0:(0.0,0.0)
:Switch: #Intent;action=android.intent.action.MAIN;category=android.intent.category.LAUNCHER;launchFlags=0x10200000;component=com.ichi2.anki/.IntentHandler;end
    // Allowing start of Intent { act=android.intent.action.MAIN cat=[android.intent.category.LAUNCHER] cmp=com.ichi2.anki/.IntentHandler } in package com.ichi2.anki
:Switch: #Intent;action=android.intent.action.MAIN;category=android.intent.category.LAUNCHER;launchFlags=0x10200000;component=com.ichi2.anki/.IntentHandler;end
    // Allowing start of Intent { act=android.intent.action.MAIN cat=[android.intent.category.LAUNCHER] cmp=com.ichi2.anki/.IntentHandler } in package com.ichi2.anki
:Sending Trackball (ACTION_MOVE): 0:(2.0,-4.0)
:Sending Touch (ACTION_DOWN): 0:(330.0,1569.0)
:Sending Touch (ACTION_UP): 0:(333.79242,1568.9901)
:Sending Touch (ACTION_DOWN): 0:(251.0,1503.0)
:Sending Touch (ACTION_UP): 0:(290.01895,1497.5239)
:Sending Touch (ACTION_DOWN): 0:(227.0,531.0)
:Sending Touch (ACTION_UP): 0:(211.40514,525.1895)
:Sending Trackball (ACTION_MOVE): 0:(3.0,3.0)
:Switch: #Intent;action=android.intent.action.MAIN;category=android.intent.category.LAUNCHER;launchFlags=0x10200000;component=com.ichi2.anki/.IntentHandler;end
    // Allowing start of Intent { act=android.intent.action.MAIN cat=[android.intent.category.LAUNCHER] cmp=com.ichi2.anki/.IntentHandler } in package com.ichi2.anki
:Sending Trackball (ACTION_MOVE): 0:(2.0,-1.0)
:Sending Touch (ACTION_DOWN): 0:(39.0,157.0)
:Sending Touch (ACTION_UP): 0:(29.497147,169.37508)
    //[calendar_time:2022-03-26 19:35:35.200  system_uptime:342844]
    // Sending event #4000
    //[calendar_time:2022-03-26 19:35:35.400  system_uptime:343044]
    // Sending event #4000
:Sending Touch (ACTION_DOWN): 0:(56.0,1032.0)
:Sending Touch (ACTION_UP): 0:(19.835577,977.0062)
:Sending Trackball (ACTION_MOVE): 0:(2.0,0.0)
:Sending Trackball (ACTION_MOVE): 0:(4.0,-1.0)
:Sending Trackball (ACTION_UP): 0:(0.0,0.0)
    // Allowing start of Intent { cmp=com.ichi2.anki/.NoteEditor } in package com.ichi2.anki
:Sending Touch (ACTION_DOWN): 0:(874.0,1202.0)
:Sending Touch (ACTION_UP): 0:(871.00446,1211.2189)
    // Rejecting start of Intent { cmp=com.android.inputmethod.latin/.permissions.PermissionsActivity } in package com.android.inputmethod.latin
:Sending Trackball (ACTION_MOVE): 0:(1.0,-5.0)
:Sending Touch (ACTION_DOWN): 0:(979.0,474.0)
:Sending Touch (ACTION_UP): 0:(1025.2793,309.2192)
:Sending Touch (ACTION_DOWN): 0:(598.0,675.0)
:Sending Touch (ACTION_UP): 0:(597.5416,671.1718)
:Sending Trackball (ACTION_MOVE): 0:(0.0,3.0)
:Sending Touch (ACTION_DOWN): 0:(1170.0,1611.0)
:Sending Touch (ACTION_UP): 0:(1198.6969,1630.7155)
:Sending Trackball (ACTION_MOVE): 0:(1.0,3.0)
:Sending Touch (ACTION_DOWN): 0:(559.0,74.0)
:Sending Touch (ACTION_UP): 0:(561.77057,72.51438)
    // activityResuming(com.ichi2.anki)
:Sending Touch (ACTION_DOWN): 0:(885.0,436.0)
:Sending Touch (ACTION_UP): 0:(883.66064,428.311)
    //[calendar_time:2022-03-26 19:35:38.350  system_uptime:345994]
    // Sending event #4100
    //[calendar_time:2022-03-26 19:35:38.551  system_uptime:346195]
    // Sending event #4100
:Sending Touch (ACTION_DOWN): 0:(755.0,1790.0)
:Sending Touch (ACTION_UP): 0:(776.49695,1756.3574)
:Sending Touch (ACTION_DOWN): 0:(301.0,434.0)
:Sending Touch (ACTION_UP): 0:(296.8934,433.9688)
:Sending Trackball (ACTION_MOVE): 0:(3.0,0.0)
:Sending Touch (ACTION_DOWN): 0:(374.0,664.0)
:Sending Touch (ACTION_UP): 0:(364.7114,678.8057)
    // Injection Failed
:Sending Touch (ACTION_DOWN): 0:(664.0,1441.0)
:Sending Touch (ACTION_UP): 0:(663.79364,1444.6946)
:Sending Flip keyboardOpen=false
:Sending Touch (ACTION_DOWN): 0:(899.0,726.0)
:Sending Touch (ACTION_UP): 0:(912.5563,698.9446)
:Sending Trackball (ACTION_MOVE): 0:(4.0,3.0)
:Sending Touch (ACTION_DOWN): 0:(744.0,1188.0)
:Sending Touch (ACTION_UP): 0:(749.79767,1185.768)
:Sending Trackball (ACTION_MOVE): 0:(2.0,3.0)
:Sending Touch (ACTION_DOWN): 0:(712.0,1018.0)
:Sending Touch (ACTION_UP): 0:(729.3282,1020.7408)
:Sending Touch (ACTION_DOWN): 0:(355.0,1791.0)
:Sending Touch (ACTION_UP): 0:(367.57977,1800.0721)
:Sending Touch (ACTION_DOWN): 0:(488.0,191.0)
    //[calendar_time:2022-03-26 19:35:43.765  system_uptime:351409]
    // Sending event #4200
:Sending Touch (ACTION_UP): 0:(541.89294,233.62029)
:Sending Trackball (ACTION_MOVE): 0:(4.0,-3.0)
:Sending Touch (ACTION_DOWN): 0:(671.0,673.0)
:Sending Touch (ACTION_UP): 0:(687.39325,605.4954)
:Sending Trackball (ACTION_MOVE): 0:(-3.0,-1.0)
:Sending Touch (ACTION_DOWN): 0:(976.0,993.0)
:Sending Touch (ACTION_UP): 0:(983.3036,1021.80145)
:Sending Touch (ACTION_DOWN): 0:(53.0,351.0)
:Sending Touch (ACTION_UP): 0:(64.100525,333.87082)
:Sending Touch (ACTION_DOWN): 0:(83.0,1601.0)
:Sending Touch (ACTION_UP): 0:(92.477554,1607.654)
:Sending Touch (ACTION_DOWN): 0:(26.0,844.0)
:Sending Touch (ACTION_UP): 0:(28.9436,851.4151)
:Sending Touch (ACTION_DOWN): 0:(606.0,1571.0)
:Sending Touch (ACTION_UP): 0:(583.12146,1576.9265)
:Sending Touch (ACTION_DOWN): 0:(1171.0,1623.0)
:Sending Touch (ACTION_UP): 0:(1154.9204,1625.4574)
:Sending Touch (ACTION_DOWN): 0:(773.0,262.0)
    //[calendar_time:2022-03-26 19:35:49.122  system_uptime:356766]
    // Sending event #4300
:Sending Touch (ACTION_UP): 0:(773.00073,269.9036)
:Sending Trackball (ACTION_MOVE): 0:(4.0,-5.0)
:Sending Trackball (ACTION_MOVE): 0:(-1.0,0.0)
:Sending Touch (ACTION_DOWN): 0:(45.0,1719.0)
:Sending Touch (ACTION_UP): 0:(78.82291,1617.6741)
:Sending Touch (ACTION_DOWN): 0:(1156.0,1155.0)
:Sending Touch (ACTION_UP): 0:(1156.2695,1145.4396)
:Sending Trackball (ACTION_MOVE): 0:(-4.0,-1.0)
:Sending Trackball (ACTION_UP): 0:(0.0,0.0)
:Sending Touch (ACTION_DOWN): 0:(1079.0,276.0)
:Sending Touch (ACTION_UP): 0:(1079.2906,275.89703)
:Sending Trackball (ACTION_MOVE): 0:(-2.0,0.0)
:Sending Touch (ACTION_DOWN): 0:(128.0,672.0)
:Sending Touch (ACTION_UP): 0:(120.40894,672.9402)
:Sending Trackball (ACTION_MOVE): 0:(0.0,4.0)
    //[calendar_time:2022-03-26 19:35:53.097  system_uptime:360741]
    // Sending event #4400
:Sending Touch (ACTION_DOWN): 0:(242.0,1796.0)
:Sending Touch (ACTION_UP): 0:(194.18037,1790.3569)
:Sending Trackball (ACTION_MOVE): 0:(0.0,1.0)
:Sending Touch (ACTION_DOWN): 0:(145.0,1371.0)
:Sending Touch (ACTION_UP): 0:(89.76674,1371.513)
:Sending Touch (ACTION_DOWN): 0:(682.0,807.0)
:Sending Touch (ACTION_UP): 0:(683.15125,827.0989)
:Sending Touch (ACTION_DOWN): 0:(1162.0,1051.0)
:Sending Touch (ACTION_UP): 0:(1162.0063,1109.2538)
:Sending Touch (ACTION_DOWN): 0:(315.0,1071.0)
:Sending Touch (ACTION_UP): 0:(313.48846,1065.6771)
:Sending Trackball (ACTION_MOVE): 0:(-5.0,-5.0)
:Sending Trackball (ACTION_MOVE): 0:(-3.0,-3.0)
:Sending Trackball (ACTION_MOVE): 0:(-2.0,4.0)
:Sending Trackball (ACTION_UP): 0:(0.0,0.0)
:Sending Trackball (ACTION_MOVE): 0:(-5.0,-3.0)
    //[calendar_time:2022-03-26 19:35:56.484  system_uptime:364128]
    // Sending event #4500
:Sending Trackball (ACTION_MOVE): 0:(-1.0,-2.0)
:Sending Trackball (ACTION_MOVE): 0:(-2.0,-3.0)
:Switch: #Intent;action=android.intent.action.MAIN;category=android.intent.category.LAUNCHER;launchFlags=0x10200000;component=com.ichi2.anki/.IntentHandler;end
    // Allowing start of Intent { act=android.intent.action.MAIN cat=[android.intent.category.LAUNCHER] cmp=com.ichi2.anki/.IntentHandler } in package com.ichi2.anki
:Sending Touch (ACTION_DOWN): 0:(462.0,1467.0)
:Sending Touch (ACTION_UP): 0:(459.14587,1456.97)
:Sending Touch (ACTION_DOWN): 0:(1187.0,140.0)
:Sending Touch (ACTION_UP): 0:(1180.9276,135.89786)
:Switch: #Intent;action=android.intent.action.MAIN;category=android.intent.category.LAUNCHER;launchFlags=0x10200000;component=com.ichi2.anki/.IntentHandler;end
    // Allowing start of Intent { act=android.intent.action.MAIN cat=[android.intent.category.LAUNCHER] cmp=com.ichi2.anki/.IntentHandler } in package com.ichi2.anki
:Sending Touch (ACTION_DOWN): 0:(758.0,51.0)
:Sending Touch (ACTION_UP): 0:(759.4995,54.669567)
:Sending Touch (ACTION_DOWN): 0:(348.0,535.0)
:Sending Touch (ACTION_UP): 0:(276.42035,493.09998)
:Sending Touch (ACTION_DOWN): 0:(630.0,274.0)
:Sending Touch (ACTION_UP): 0:(628.7168,298.11838)
:Sending Touch (ACTION_DOWN): 0:(1056.0,1474.0)
:Sending Touch (ACTION_UP): 0:(1057.7899,1474.3065)
:Sending Trackball (ACTION_MOVE): 0:(1.0,2.0)
:Sending Trackball (ACTION_UP): 0:(0.0,0.0)
:Sending Trackball (ACTION_MOVE): 0:(1.0,2.0)
:Sending Trackball (ACTION_MOVE): 0:(2.0,-3.0)
    //[calendar_time:2022-03-26 19:36:01.286  system_uptime:368930]
    // Sending event #4600
:Sending Trackball (ACTION_MOVE): 0:(3.0,0.0)
:Sending Touch (ACTION_DOWN): 0:(213.0,1350.0)
:Sending Touch (ACTION_UP): 0:(214.08423,1349.9475)
    // Allowing start of Intent { cmp=com.ichi2.anki/.Statistics } in package com.ichi2.anki
:Sending Touch (ACTION_DOWN): 0:(995.0,46.0)
:Sending Touch (ACTION_UP): 0:(996.2633,40.113827)
:Sending Trackball (ACTION_MOVE): 0:(0.0,-2.0)
:Sending Touch (ACTION_DOWN): 0:(1193.0,1704.0)
:Sending Touch (ACTION_UP): 0:(1150.3619,1681.3391)
:Sending Touch (ACTION_DOWN): 0:(565.0,310.0)
:Sending Touch (ACTION_UP): 0:(560.26025,322.78885)
:Sending Touch (ACTION_DOWN): 0:(987.0,1484.0)
:Sending Touch (ACTION_UP): 0:(991.772,1482.9364)
:Sending Touch (ACTION_DOWN): 0:(148.0,1704.0)
:Sending Touch (ACTION_UP): 0:(148.48326,1695.6619)
:Sending Touch (ACTION_DOWN): 0:(389.0,884.0)
:Sending Touch (ACTION_UP): 0:(397.70618,872.1247)
:Sending Touch (ACTION_DOWN): 0:(407.0,699.0)
:Sending Touch (ACTION_UP): 0:(407.29745,695.9159)
:Sending Touch (ACTION_DOWN): 0:(297.0,1566.0)
:Sending Touch (ACTION_UP): 0:(281.62817,1570.7177)
:Sending Trackball (ACTION_MOVE): 0:(-2.0,-5.0)
:Sending Touch (ACTION_DOWN): 0:(481.0,1253.0)
:Sending Touch (ACTION_UP): 0:(474.24292,1267.327)
:Sending Touch (ACTION_DOWN): 0:(276.0,1295.0)
:Sending Touch (ACTION_UP): 0:(281.1734,1285.5032)
:Sending Trackball (ACTION_MOVE): 0:(-1.0,1.0)
    //[calendar_time:2022-03-26 19:36:06.835  system_uptime:374479]
    // Sending event #4700
:Sending Trackball (ACTION_MOVE): 0:(4.0,0.0)
:Sending Trackball (ACTION_UP): 0:(0.0,0.0)
:Sending Trackball (ACTION_MOVE): 0:(4.0,1.0)
:Sending Trackball (ACTION_MOVE): 0:(2.0,-3.0)
:Sending Touch (ACTION_DOWN): 0:(851.0,1781.0)
:Sending Touch (ACTION_UP): 0:(871.2367,1788.6022)
:Sending Trackball (ACTION_MOVE): 0:(-3.0,-4.0)
:Sending Touch (ACTION_DOWN): 0:(1148.0,1305.0)
:Sending Touch (ACTION_UP): 0:(1154.3972,1303.414)
:Sending Trackball (ACTION_MOVE): 0:(-1.0,-1.0)
:Sending Flip keyboardOpen=true
:Sending Trackball (ACTION_MOVE): 0:(-4.0,4.0)
:Sending Touch (ACTION_DOWN): 0:(303.0,460.0)
:Sending Touch (ACTION_UP): 0:(289.56012,469.52072)
:Switch: #Intent;action=android.intent.action.MAIN;category=android.intent.category.LAUNCHER;launchFlags=0x10200000;component=com.ichi2.anki/.IntentHandler;end
    // Allowing start of Intent { act=android.intent.action.MAIN cat=[android.intent.category.LAUNCHER] cmp=com.ichi2.anki/.IntentHandler } in package com.ichi2.anki
:Sending Touch (ACTION_DOWN): 0:(42.0,1576.0)
    //[calendar_time:2022-03-26 19:36:10.294  system_uptime:377938]
    // Sending event #4800
:Sending Touch (ACTION_UP): 0:(85.75427,1544.3688)
:Sending Trackball (ACTION_MOVE): 0:(-2.0,-2.0)
:Sending Trackball (ACTION_UP): 0:(0.0,0.0)
:Sending Trackball (ACTION_MOVE): 0:(-1.0,0.0)
:Sending Touch (ACTION_DOWN): 0:(900.0,1424.0)
:Sending Touch (ACTION_UP): 0:(884.07355,1425.1921)
:Sending Touch (ACTION_DOWN): 0:(1095.0,1332.0)
:Sending Touch (ACTION_UP): 0:(1051.3665,1320.414)
:Sending Trackball (ACTION_MOVE): 0:(2.0,-5.0)
:Sending Touch (ACTION_DOWN): 0:(402.0,1008.0)
:Sending Touch (ACTION_UP): 0:(376.97495,1027.5118)
:Sending Trackball (ACTION_MOVE): 0:(1.0,-3.0)
:Sending Touch (ACTION_DOWN): 0:(992.0,383.0)
:Sending Touch (ACTION_UP): 0:(990.45056,364.9417)
    //[calendar_time:2022-03-26 19:36:15.490  system_uptime:383134]
    // Sending event #4900
    //[calendar_time:2022-03-26 19:36:15.690  system_uptime:383334]
    // Sending event #4900
:Sending Trackball (ACTION_MOVE): 0:(4.0,-4.0)
:Sending Touch (ACTION_DOWN): 0:(1017.0,1063.0)
:Sending Touch (ACTION_UP): 0:(933.9861,1151.0077)
:Sending Touch (ACTION_DOWN): 0:(1060.0,925.0)
:Sending Touch (ACTION_UP): 0:(1070.392,920.80005)
:Sending Touch (ACTION_DOWN): 0:(824.0,1271.0)
:Sending Touch (ACTION_UP): 0:(829.26196,1270.0394)
:Sending Trackball (ACTION_MOVE): 0:(2.0,3.0)
:Sending Touch (ACTION_DOWN): 0:(532.0,306.0)
:Sending Touch (ACTION_UP): 0:(536.0108,293.6816)
:Sending Touch (ACTION_DOWN): 0:(566.0,351.0)
:Sending Touch (ACTION_UP): 0:(566.57806,359.33298)
:Sending Touch (ACTION_DOWN): 0:(1034.0,502.0)
:Sending Touch (ACTION_UP): 0:(1093.8397,500.46222)
:Sending Touch (ACTION_DOWN): 0:(743.0,516.0)
:Sending Touch (ACTION_UP): 0:(789.47485,538.1874)
:Sending Touch (ACTION_DOWN): 0:(106.0,836.0)
:Sending Touch (ACTION_UP): 0:(109.18422,830.33234)
:Sending Touch (ACTION_DOWN): 0:(854.0,1543.0)
:Sending Touch (ACTION_UP): 0:(848.658,1563.1863)
    // activityResuming(com.ichi2.anki)
:Sending Touch (ACTION_DOWN): 0:(495.0,487.0)
:Sending Touch (ACTION_UP): 0:(486.22543,487.5347)
:Sending Touch (ACTION_DOWN): 0:(919.0,1083.0)
:Sending Touch (ACTION_UP): 0:(930.11774,1063.7737)
:Sending Touch (ACTION_DOWN): 0:(364.0,388.0)
    // Injection Failed
    // Injection Failed
    //[calendar_time:2022-03-26 19:36:20.845  system_uptime:388489]
    // Sending event #5000
:Sending Touch (ACTION_UP): 0:(239.03033,346.68155)
    // Injection Failed
:Sending Touch (ACTION_DOWN): 0:(353.0,944.0)
:Sending Touch (ACTION_UP): 0:(371.1305,956.50385)
:Sending Touch (ACTION_DOWN): 0:(108.0,354.0)
:Sending Touch (ACTION_UP): 0:(11.356172,301.96176)
:Sending Touch (ACTION_DOWN): 0:(992.0,364.0)
:Sending Touch (ACTION_UP): 0:(1173.8507,459.26303)
:Sending Trackball (ACTION_MOVE): 0:(-2.0,-3.0)
:Sending Trackball (ACTION_UP): 0:(0.0,0.0)
:Sending Touch (ACTION_DOWN): 0:(870.0,923.0)
:Sending Touch (ACTION_UP): 0:(887.2824,962.0145)
:Sending Touch (ACTION_DOWN): 0:(35.0,134.0)
:Sending Touch (ACTION_UP): 0:(11.582056,129.97513)
:Sending Trackball (ACTION_MOVE): 0:(-3.0,1.0)
:Sending Trackball (ACTION_MOVE): 0:(-1.0,0.0)
:Sending Trackball (ACTION_UP): 0:(0.0,0.0)
    // Allowing start of Intent { cmp=com.ichi2.anki/.Statistics } in package com.ichi2.anki
:Sending Touch (ACTION_DOWN): 0:(765.0,627.0)
    //[calendar_time:2022-03-26 19:36:24.968  system_uptime:392612]
    // Sending event #5100
:Sending Touch (ACTION_UP): 0:(690.6489,649.51984)
:Sending Trackball (ACTION_MOVE): 0:(0.0,4.0)
    // Rejecting start of Intent { act=android.intent.action.ASSIST cmp=com.google.android.googlequicksearchbox/.SearchActivity } in package com.google.android.googlequicksearchbox
:Sending Trackball (ACTION_MOVE): 0:(0.0,1.0)
:Sending Trackball (ACTION_MOVE): 0:(3.0,4.0)
:Sending Touch (ACTION_DOWN): 0:(863.0,982.0)
:Sending Touch (ACTION_UP): 0:(919.7746,998.91284)
:Sending Touch (ACTION_DOWN): 0:(83.0,336.0)
:Sending Touch (ACTION_UP): 0:(87.74353,344.70377)
:Sending Trackball (ACTION_MOVE): 0:(-2.0,-4.0)
:Sending Touch (ACTION_DOWN): 0:(634.0,447.0)
:Sending Touch (ACTION_UP): 0:(628.9845,447.0355)
:Sending Touch (ACTION_DOWN): 0:(683.0,344.0)
:Sending Touch (ACTION_UP): 0:(686.1046,346.78394)
:Sending Trackball (ACTION_MOVE): 0:(-3.0,-5.0)
:Sending Touch (ACTION_DOWN): 0:(217.0,1202.0)
:Sending Touch (ACTION_UP): 0:(227.81342,1208.2366)
:Sending Touch (ACTION_DOWN): 0:(27.0,963.0)
    //[calendar_time:2022-03-26 19:36:29.108  system_uptime:396752]
    // Sending event #5200
:Sending Touch (ACTION_UP): 0:(23.119633,956.57684)
:Sending Trackball (ACTION_MOVE): 0:(3.0,4.0)
:Sending Touch (ACTION_DOWN): 0:(1075.0,844.0)
:Sending Touch (ACTION_UP): 0:(1071.1405,852.6508)
:Switch: #Intent;action=android.intent.action.MAIN;category=android.intent.category.LAUNCHER;launchFlags=0x10200000;component=com.ichi2.anki/.IntentHandler;end
    // Allowing start of Intent { act=android.intent.action.MAIN cat=[android.intent.category.LAUNCHER] cmp=com.ichi2.anki/.IntentHandler } in package com.ichi2.anki
:Sending Touch (ACTION_DOWN): 0:(594.0,94.0)
:Sending Touch (ACTION_UP): 0:(593.8382,97.62913)
:Sending Touch (ACTION_DOWN): 0:(959.0,101.0)
:Sending Touch (ACTION_UP): 0:(953.1763,98.88678)
:Switch: #Intent;action=android.intent.action.MAIN;category=android.intent.category.LAUNCHER;launchFlags=0x10200000;component=com.ichi2.anki/.IntentHandler;end
    // Allowing start of Intent { act=android.intent.action.MAIN cat=[android.intent.category.LAUNCHER] cmp=com.ichi2.anki/.IntentHandler } in package com.ichi2.anki
:Sending Touch (ACTION_DOWN): 0:(686.0,1553.0)
:Sending Touch (ACTION_UP): 0:(675.7175,1558.8639)
:Sending Touch (ACTION_DOWN): 0:(1067.0,246.0)
:Sending Touch (ACTION_UP): 0:(1060.125,250.1369)
:Sending Trackball (ACTION_MOVE): 0:(-4.0,3.0)
:Sending Touch (ACTION_DOWN): 0:(537.0,15.0)
:Sending Touch (ACTION_UP): 0:(546.6026,0.0)
:Sending Trackball (ACTION_MOVE): 0:(0.0,-1.0)
    // Rejecting start of Intent { act=android.intent.action.MAIN cat=[android.intent.category.LAUNCHER] cmp=com.android.chrome/com.google.android.apps.chrome.Main } in package com.android.chrome
:Sending Touch (ACTION_DOWN): 0:(45.0,586.0)
:Sending Touch (ACTION_UP): 0:(23.372595,610.0478)
:Sending Touch (ACTION_DOWN): 0:(967.0,1271.0)
:Sending Touch (ACTION_UP): 0:(934.87805,1228.4723)
:Sending Touch (ACTION_DOWN): 0:(848.0,691.0)
:Sending Touch (ACTION_UP): 0:(829.8853,726.4647)
:Sending Touch (ACTION_DOWN): 0:(1011.0,5.0)
:Sending Touch (ACTION_UP): 0:(1011.9402,22.16382)
    //[calendar_time:2022-03-26 19:36:33.654  system_uptime:401298]
    // Sending event #5300
    //[calendar_time:2022-03-26 19:36:33.855  system_uptime:401499]
    // Sending event #5300
:Sending Touch (ACTION_DOWN): 0:(368.0,1367.0)
:Sending Touch (ACTION_UP): 0:(374.49948,1380.3523)
    // Rejecting start of Intent { act=android.intent.action.CALL_BUTTON cmp=com.google.android.dialer/com.google.android.apps.dialer.extensions.GoogleDialtactsActivity } in package com.google.android.dialer
:Sending Trackball (ACTION_MOVE): 0:(1.0,-2.0)
:Sending Touch (ACTION_DOWN): 0:(548.0,315.0)
:Sending Touch (ACTION_UP): 0:(453.20883,306.47824)
:Sending Trackball (ACTION_MOVE): 0:(-1.0,2.0)
:Sending Touch (ACTION_DOWN): 0:(559.0,783.0)
:Sending Touch (ACTION_UP): 0:(568.41046,791.0042)
:Sending Touch (ACTION_DOWN): 0:(737.0,1201.0)
:Sending Touch (ACTION_UP): 0:(828.1383,1267.6512)
:Sending Touch (ACTION_DOWN): 0:(634.0,250.0)
:Sending Touch (ACTION_UP): 0:(674.5226,215.82722)
:Sending Trackball (ACTION_MOVE): 0:(-3.0,3.0)
:Sending Touch (ACTION_DOWN): 0:(1000.0,856.0)
:Sending Touch (ACTION_UP): 0:(974.24963,833.7898)
:Sending Touch (ACTION_DOWN): 0:(755.0,1556.0)
    //[calendar_time:2022-03-26 19:36:38.433  system_uptime:406077]
    // Sending event #5400
:Sending Touch (ACTION_UP): 0:(760.8845,1600.0052)
:Sending Touch (ACTION_DOWN): 0:(703.0,1680.0)
:Sending Touch (ACTION_UP): 0:(701.19147,1680.658)
:Sending Touch (ACTION_DOWN): 0:(809.0,800.0)
:Sending Touch (ACTION_UP): 0:(826.67755,813.3146)
:Sending Touch (ACTION_DOWN): 0:(1137.0,23.0)
:Sending Touch (ACTION_UP): 0:(1194.9642,60.335796)
:Sending Touch (ACTION_DOWN): 0:(950.0,433.0)
:Sending Touch (ACTION_UP): 0:(953.994,429.13898)
:Sending Touch (ACTION_DOWN): 0:(617.0,1406.0)
:Sending Touch (ACTION_UP): 0:(642.9329,1492.2063)
:Sending Trackball (ACTION_MOVE): 0:(3.0,1.0)
:Sending Trackball (ACTION_MOVE): 0:(3.0,-2.0)
:Sending Flip keyboardOpen=false
:Sending Trackball (ACTION_MOVE): 0:(-4.0,-1.0)
:Sending Trackball (ACTION_UP): 0:(0.0,0.0)
:Sending Touch (ACTION_DOWN): 0:(976.0,1391.0)
:Sending Touch (ACTION_UP): 0:(958.2914,1393.2056)
:Sending Trackball (ACTION_MOVE): 0:(3.0,3.0)
:Sending Trackball (ACTION_MOVE): 0:(4.0,1.0)
    //[calendar_time:2022-03-26 19:36:42.017  system_uptime:409661]
    // Sending event #5500
    // Rejecting start of Intent { act=android.intent.action.VIEW dat=https://docs.ankidroid.org/... pkg=com.android.chrome cmp=com.android.chrome/com.google.android.apps.chrome.IntentDispatcher } in package com.android.chrome
:Sending Touch (ACTION_DOWN): 0:(693.0,79.0)
:Sending Touch (ACTION_UP): 0:(778.65295,0.26329136)
:Sending Touch (ACTION_DOWN): 0:(272.0,537.0)
:Sending Touch (ACTION_UP): 0:(285.9487,541.48505)
:Sending Touch (ACTION_DOWN): 0:(890.0,1160.0)
:Sending Touch (ACTION_UP): 0:(898.3996,1157.5436)
:Sending Touch (ACTION_DOWN): 0:(844.0,68.0)
:Sending Touch (ACTION_UP): 0:(852.98975,67.49916)
:Sending Touch (ACTION_DOWN): 0:(285.0,1655.0)
:Sending Touch (ACTION_UP): 0:(276.15512,1675.5345)
:Sending Touch (ACTION_DOWN): 0:(817.0,553.0)
:Sending Touch (ACTION_UP): 0:(815.0734,549.3648)
:Sending Touch (ACTION_DOWN): 0:(798.0,1655.0)
:Sending Touch (ACTION_UP): 0:(802.86444,1657.5718)
:Sending Trackball (ACTION_MOVE): 0:(3.0,0.0)
:Sending Trackball (ACTION_MOVE): 0:(0.0,2.0)
:Sending Trackball (ACTION_MOVE): 0:(3.0,4.0)
:Sending Trackball (ACTION_MOVE): 0:(2.0,0.0)
:Sending Touch (ACTION_DOWN): 0:(561.0,1732.0)
:Sending Touch (ACTION_UP): 0:(556.0739,1737.6263)
:Sending Touch (ACTION_DOWN): 0:(368.0,329.0)
:Sending Touch (ACTION_UP): 0:(322.2632,385.29562)
:Sending Touch (ACTION_DOWN): 0:(198.0,572.0)
    //[calendar_time:2022-03-26 19:36:45.379  system_uptime:413023]
    // Sending event #5600
:Sending Touch (ACTION_UP): 0:(193.23495,570.0996)
:Sending Flip keyboardOpen=true
:Sending Touch (ACTION_DOWN): 0:(953.0,203.0)
:Sending Touch (ACTION_UP): 0:(952.99945,224.25533)
    // Rejecting start of Intent { act=android.intent.action.MAIN cat=[android.intent.category.LAUNCHER] cmp=com.google.android.calendar/com.android.calendar.AllInOneActivity } in package com.google.android.calendar
:Sending Touch (ACTION_DOWN): 0:(881.0,568.0)
:Sending Touch (ACTION_UP): 0:(883.5614,569.33606)
:Sending Trackball (ACTION_MOVE): 0:(-5.0,-3.0)
:Sending Touch (ACTION_DOWN): 0:(159.0,1290.0)
:Sending Touch (ACTION_UP): 0:(208.45804,1416.1155)
:Sending Touch (ACTION_DOWN): 0:(310.0,1113.0)
:Sending Touch (ACTION_UP): 0:(324.43884,1118.15)
:Sending Touch (ACTION_DOWN): 0:(763.0,1037.0)
:Sending Touch (ACTION_UP): 0:(763.10974,1022.9769)
:Sending Touch (ACTION_DOWN): 0:(1060.0,456.0)
:Sending Touch (ACTION_UP): 0:(1081.5769,453.75665)
:Sending Touch (ACTION_DOWN): 0:(579.0,21.0)
:Sending Touch (ACTION_UP): 0:(562.0305,16.768087)
    // Rejecting start of Intent { act=android.intent.action.CALL_BUTTON cmp=com.google.android.dialer/com.google.android.apps.dialer.extensions.GoogleDialtactsActivity } in package com.google.android.dialer
:Sending Touch (ACTION_DOWN): 0:(572.0,1205.0)
:Sending Touch (ACTION_UP): 0:(587.23663,1210.5809)
:Sending Touch (ACTION_DOWN): 0:(758.0,1478.0)
:Sending Touch (ACTION_UP): 0:(798.61957,1487.9293)
:Switch: #Intent;action=android.intent.action.MAIN;category=android.intent.category.LAUNCHER;launchFlags=0x10200000;component=com.ichi2.anki/.IntentHandler;end
    // Allowing start of Intent { act=android.intent.action.MAIN cat=[android.intent.category.LAUNCHER] cmp=com.ichi2.anki/.IntentHandler } in package com.ichi2.anki
:Sending Touch (ACTION_DOWN): 0:(188.0,1551.0)
:Sending Touch (ACTION_UP): 0:(184.727,1543.9406)
:Sending Touch (ACTION_DOWN): 0:(27.0,1461.0)
:Sending Touch (ACTION_UP): 0:(13.631012,1472.3877)
:Sending Trackball (ACTION_MOVE): 0:(3.0,-2.0)
:Sending Trackball (ACTION_UP): 0:(0.0,0.0)
    //[calendar_time:2022-03-26 19:36:52.378  system_uptime:420022]
    // Sending event #5700
    //[calendar_time:2022-03-26 19:36:52.578  system_uptime:420222]
    // Sending event #5700
:Sending Touch (ACTION_DOWN): 0:(417.0,561.0)
:Sending Touch (ACTION_UP): 0:(419.8556,561.6638)
:Sending Touch (ACTION_DOWN): 0:(655.0,678.0)
:Sending Touch (ACTION_UP): 0:(661.61395,681.7283)
:Sending Touch (ACTION_DOWN): 0:(885.0,357.0)
:Sending Touch (ACTION_UP): 0:(768.3053,382.6588)
:Sending Touch (ACTION_DOWN): 0:(680.0,1374.0)
:Sending Touch (ACTION_UP): 0:(695.55225,1391.224)
:Sending Touch (ACTION_DOWN): 0:(679.0,1463.0)
:Sending Touch (ACTION_UP): 0:(672.5795,1479.9227)
:Sending Trackball (ACTION_MOVE): 0:(-3.0,1.0)
:Sending Trackball (ACTION_UP): 0:(0.0,0.0)
:Sending Touch (ACTION_DOWN): 0:(257.0,459.0)
:Sending Touch (ACTION_UP): 0:(272.61398,473.72995)
:Sending Touch (ACTION_DOWN): 0:(1009.0,18.0)
:Sending Touch (ACTION_UP): 0:(999.3276,30.813255)
    // Rejecting start of Intent { act=android.intent.action.MAIN cat=[android.intent.category.LAUNCHER] cmp=com.google.android.gm/.ConversationListActivityGmail } in package com.google.android.gm
:Sending Touch (ACTION_DOWN): 0:(606.0,1232.0)
:Sending Touch (ACTION_UP): 0:(575.38617,1130.7386)
:Sending Trackball (ACTION_MOVE): 0:(3.0,-2.0)
:Sending Trackball (ACTION_UP): 0:(0.0,0.0)
:Sending Touch (ACTION_DOWN): 0:(193.0,1656.0)
:Sending Touch (ACTION_UP): 0:(195.62846,1661.6536)
    //[calendar_time:2022-03-26 19:36:58.727  system_uptime:426371]
    // Sending event #5800
:Sending Touch (ACTION_DOWN): 0:(389.0,749.0)
:Sending Touch (ACTION_UP): 0:(332.47418,730.99945)
    // Allowing start of Intent { cmp=com.ichi2.anki/.DeckPicker } in package com.ichi2.anki
:Switch: #Intent;action=android.intent.action.MAIN;category=android.intent.category.LAUNCHER;launchFlags=0x10200000;component=com.ichi2.anki/.IntentHandler;end
    // Allowing start of Intent { act=android.intent.action.MAIN cat=[android.intent.category.LAUNCHER] cmp=com.ichi2.anki/.IntentHandler } in package com.ichi2.anki
:Sending Touch (ACTION_DOWN): 0:(1188.0,281.0)
:Sending Touch (ACTION_UP): 0:(1195.3359,290.47464)
:Sending Trackball (ACTION_MOVE): 0:(1.0,2.0)
:Sending Touch (ACTION_DOWN): 0:(57.0,1153.0)
:Sending Touch (ACTION_UP): 0:(57.17753,1152.74)
:Sending Touch (ACTION_DOWN): 0:(405.0,338.0)
:Sending Touch (ACTION_UP): 0:(373.89944,441.7714)
:Sending Touch (ACTION_DOWN): 0:(710.0,273.0)
:Sending Touch (ACTION_UP): 0:(785.8474,347.26974)
:Sending Touch (ACTION_DOWN): 0:(823.0,744.0)
:Sending Touch (ACTION_UP): 0:(805.7151,807.5037)
:Sending Touch (ACTION_DOWN): 0:(144.0,1538.0)
:Sending Touch (ACTION_UP): 0:(152.85051,1531.1985)
    // Rejecting start of Intent { act=android.intent.action.MAIN cat=[android.intent.category.LAUNCHER] cmp=com.google.android.apps.maps/com.google.android.maps.MapsActivity } in package com.google.android.apps.maps
:Sending Trackball (ACTION_MOVE): 0:(1.0,-4.0)
    //[calendar_time:2022-03-26 19:37:03.433  system_uptime:431077]
    // Sending event #5900
:Sending Trackball (ACTION_MOVE): 0:(-3.0,-2.0)
:Sending Trackball (ACTION_UP): 0:(0.0,0.0)
    // Rejecting start of Intent { act=android.intent.action.MAIN cat=[android.intent.category.LAUNCHER] cmp=com.google.android.apps.maps/com.google.android.maps.MapsActivity } in package com.google.android.apps.maps
:Sending Touch (ACTION_DOWN): 0:(810.0,226.0)
:Sending Touch (ACTION_UP): 0:(800.5877,226.60788)
:Sending Trackball (ACTION_MOVE): 0:(3.0,-5.0)
:Sending Touch (ACTION_DOWN): 0:(24.0,1820.0)
:Sending Touch (ACTION_UP): 0:(11.02866,1814.1726)
:Sending Trackball (ACTION_MOVE): 0:(3.0,-2.0)
    // Rejecting start of Intent { act=android.intent.action.MAIN cat=[android.intent.category.LAUNCHER] cmp=com.google.android.apps.maps/com.google.android.maps.MapsActivity } in package com.google.android.apps.maps
:Sending Touch (ACTION_DOWN): 0:(1123.0,1783.0)
:Sending Touch (ACTION_UP): 0:(1126.7877,1782.0237)
:Sending Touch (ACTION_DOWN): 0:(904.0,385.0)
:Sending Touch (ACTION_UP): 0:(902.9661,396.90765)
:Sending Touch (ACTION_DOWN): 0:(1038.0,986.0)
:Sending Touch (ACTION_UP): 0:(971.2871,870.18823)
:Sending Touch (ACTION_DOWN): 0:(759.0,8.0)
:Sending Touch (ACTION_UP): 0:(762.0019,6.8690233)
:Sending Trackball (ACTION_MOVE): 0:(-1.0,-3.0)
:Sending Trackball (ACTION_UP): 0:(0.0,0.0)
    // Rejecting start of Intent { act=android.intent.action.MAIN cat=[android.intent.category.LAUNCHER] cmp=com.google.android.apps.maps/com.google.android.maps.MapsActivity } in package com.google.android.apps.maps
:Sending Touch (ACTION_DOWN): 0:(351.0,1809.0)
:Sending Touch (ACTION_UP): 0:(354.53162,1816.6348)
    // Rejecting start of Intent { act=android.intent.action.MAIN cat=[android.intent.category.LAUNCHER] cmp=com.google.android.apps.messaging/.ui.ConversationListActivity } in package com.google.android.apps.messaging
    // Rejecting start of Intent { act=android.intent.action.MAIN cat=[android.intent.category.LAUNCHER] cmp=com.google.android.dialer/.extensions.GoogleDialtactsActivity } in package com.google.android.dialer
    // Rejecting start of Intent { act=android.intent.action.MAIN cat=[android.intent.category.LAUNCHER] cmp=com.google.android.dialer/.extensions.GoogleDialtactsActivity } in package com.google.android.dialer
:Sending Trackball (ACTION_MOVE): 0:(-1.0,2.0)
    //[calendar_time:2022-03-26 19:37:08.600  system_uptime:436244]
    // Sending event #6000
:Sending Touch (ACTION_DOWN): 0:(1011.0,1119.0)
:Sending Touch (ACTION_UP): 0:(989.72595,1121.5311)
:Sending Touch (ACTION_DOWN): 0:(870.0,1223.0)
:Sending Touch (ACTION_UP): 0:(903.1939,1177.1671)
:Sending Flip keyboardOpen=false
    // Rejecting start of Intent { act=android.intent.action.MAIN cat=[android.intent.category.LAUNCHER] cmp=com.google.android.apps.maps/com.google.android.maps.MapsActivity } in package com.google.android.apps.maps
:Sending Touch (ACTION_DOWN): 0:(1024.0,1778.0)
:Sending Touch (ACTION_UP): 0:(1007.8984,1776.0881)
:Sending Trackball (ACTION_MOVE): 0:(1.0,2.0)
:Sending Touch (ACTION_DOWN): 0:(864.0,1664.0)
:Sending Touch (ACTION_UP): 0:(864.4926,1668.773)
    // Rejecting start of Intent { act=android.intent.action.MAIN cat=[android.intent.category.LAUNCHER] cmp=com.android.chrome/com.google.android.apps.chrome.Main } in package com.android.chrome
:Sending Trackball (ACTION_MOVE): 0:(0.0,-3.0)
    // Rejecting start of Intent { act=android.intent.action.MAIN cat=[android.intent.category.LAUNCHER] cmp=com.google.android.apps.maps/com.google.android.maps.MapsActivity } in package com.google.android.apps.maps
:Sending Touch (ACTION_DOWN): 0:(368.0,1308.0)
:Sending Touch (ACTION_UP): 0:(365.88602,1310.4098)
:Sending Trackball (ACTION_MOVE): 0:(1.0,-2.0)
:Sending Trackball (ACTION_MOVE): 0:(-3.0,4.0)
:Sending Touch (ACTION_DOWN): 0:(620.0,826.0)
:Sending Touch (ACTION_UP): 0:(623.73474,826.72565)
:Sending Trackball (ACTION_MOVE): 0:(2.0,4.0)
    // Rejecting start of Intent { act=android.intent.action.MAIN cat=[android.intent.category.LAUNCHER] cmp=com.android.chrome/com.google.android.apps.chrome.Main } in package com.android.chrome
:Sending Touch (ACTION_DOWN): 0:(273.0,1553.0)
:Sending Touch (ACTION_UP): 0:(272.81424,1553.7313)
    //[calendar_time:2022-03-26 19:37:12.228  system_uptime:439872]
    // Sending event #6100
    //[calendar_time:2022-03-26 19:37:12.428  system_uptime:440072]
    // Sending event #6100
:Sending Touch (ACTION_DOWN): 0:(38.0,840.0)
:Sending Touch (ACTION_UP): 0:(41.61854,843.70294)
:Sending Touch (ACTION_DOWN): 0:(666.0,1424.0)
:Sending Touch (ACTION_UP): 0:(676.2393,1421.7214)
:Sending Trackball (ACTION_MOVE): 0:(4.0,0.0)
:Sending Touch (ACTION_DOWN): 0:(1095.0,1161.0)
:Sending Touch (ACTION_UP): 0:(1092.8765,1169.4292)
:Sending Touch (ACTION_DOWN): 0:(839.0,781.0)
:Sending Touch (ACTION_UP): 0:(840.4071,786.3606)
:Sending Touch (ACTION_DOWN): 0:(741.0,1760.0)
:Sending Touch (ACTION_UP): 0:(743.43744,1747.4368)
    // Rejecting start of Intent { act=android.intent.action.MAIN cat=[android.intent.category.LAUNCHER] cmp=com.android.chrome/com.google.android.apps.chrome.Main } in package com.android.chrome
:Sending Touch (ACTION_DOWN): 0:(477.0,1212.0)
:Sending Touch (ACTION_UP): 0:(504.87393,1228.5444)
:Sending Trackball (ACTION_MOVE): 0:(0.0,-3.0)
:Sending Touch (ACTION_DOWN): 0:(701.0,195.0)
:Sending Touch (ACTION_UP): 0:(720.3301,123.05158)
:Sending Touch (ACTION_DOWN): 0:(1159.0,1670.0)
:Sending Touch (ACTION_UP): 0:(1170.5092,1669.3741)
:Sending Trackball (ACTION_MOVE): 0:(-4.0,-3.0)
    // Rejecting start of Intent { act=android.intent.action.MAIN cat=[android.intent.category.LAUNCHER] cmp=com.google.android.apps.maps/com.google.android.maps.MapsActivity } in package com.google.android.apps.maps
:Sending Touch (ACTION_DOWN): 0:(734.0,1110.0)
:Sending Touch (ACTION_UP): 0:(764.4965,1090.71)
:Sending Trackball (ACTION_MOVE): 0:(-4.0,3.0)
:Sending Touch (ACTION_DOWN): 0:(666.0,1674.0)
:Sending Touch (ACTION_UP): 0:(677.77234,1678.6843)
    // Rejecting start of Intent { act=android.intent.action.MAIN cat=[android.intent.category.LAUNCHER] cmp=com.google.android.gm/.ConversationListActivityGmail } in package com.google.android.gm
:Sending Touch (ACTION_DOWN): 0:(554.0,392.0)
:Sending Touch (ACTION_UP): 0:(556.62006,390.9211)
:Sending Trackball (ACTION_MOVE): 0:(-4.0,0.0)
    //[calendar_time:2022-03-26 19:37:16.999  system_uptime:444643]
    // Sending event #6200
:Switch: #Intent;action=android.intent.action.MAIN;category=android.intent.category.LAUNCHER;launchFlags=0x10200000;component=com.ichi2.anki/.IntentHandler;end
    // Allowing start of Intent { act=android.intent.action.MAIN cat=[android.intent.category.LAUNCHER] cmp=com.ichi2.anki/.IntentHandler } in package com.ichi2.anki
    // Allowing start of Intent { act=android.intent.action.MAIN cat=[android.intent.category.LAUNCHER] cmp=com.ichi2.anki/.DeckPicker } in package com.ichi2.anki
    // activityResuming(com.ichi2.anki)
:Sending Touch (ACTION_DOWN): 0:(383.0,804.0)
:Sending Touch (ACTION_UP): 0:(364.88678,854.5867)
    // Rejecting start of Intent { act=android.intent.action.MAIN cat=[android.intent.category.HOME] cmp=com.google.android.apps.nexuslauncher/.NexusLauncherActivity } in package com.google.android.apps.nexuslauncher
:Sending Touch (ACTION_DOWN): 0:(1066.0,376.0)
:Sending Touch (ACTION_UP): 0:(1085.2145,333.00333)
:Sending Touch (ACTION_DOWN): 0:(217.0,1745.0)
:Sending Touch (ACTION_UP): 0:(230.6947,1753.5312)
:Sending Touch (ACTION_DOWN): 0:(1110.0,1449.0)
:Sending Touch (ACTION_UP): 0:(1081.6755,1492.3972)
:Sending Touch (ACTION_DOWN): 0:(256.0,1356.0)
:Sending Touch (ACTION_UP): 0:(262.8028,1367.3325)
:Sending Touch (ACTION_DOWN): 0:(346.0,388.0)
:Sending Touch (ACTION_UP): 0:(329.76007,370.17004)
:Sending Flip keyboardOpen=true
:Sending Touch (ACTION_DOWN): 0:(914.0,353.0)
:Sending Touch (ACTION_UP): 0:(900.14294,391.92435)
:Sending Touch (ACTION_DOWN): 0:(298.0,482.0)
:Sending Touch (ACTION_UP): 0:(307.4987,496.81476)
:Sending Trackball (ACTION_MOVE): 0:(2.0,-2.0)
:Sending Touch (ACTION_DOWN): 0:(306.0,1488.0)
:Sending Touch (ACTION_UP): 0:(403.65158,1495.0946)
:Sending Trackball (ACTION_MOVE): 0:(2.0,-1.0)
    //[calendar_time:2022-03-26 19:37:22.593  system_uptime:450237]
    // Sending event #6300
:Sending Touch (ACTION_DOWN): 0:(408.0,1108.0)
:Sending Touch (ACTION_UP): 0:(407.9949,1120.4332)
    // Rejecting start of Intent { act=android.intent.action.MAIN cat=[android.intent.category.LAUNCHER] cmp=com.android.chrome/com.google.android.apps.chrome.Main } in package com.android.chrome
:Sending Trackball (ACTION_MOVE): 0:(-3.0,0.0)
:Sending Touch (ACTION_DOWN): 0:(1172.0,257.0)
:Sending Touch (ACTION_UP): 0:(1161.0781,267.9993)
